2018-05-17 17:35:52,454 INFO == TURN 1 BEGIN ==
2018-05-17 17:35:52,455 INFO = Issue Orders phase begins
2018-05-17 17:35:58,189 INFO BLUE Colonist at tile (1, 8) with 100 HP was assigned the order 'Order: Build a Generator on tile (1, 9)'
2018-05-17 17:35:58,190 INFO = Move phase begins
2018-05-17 17:35:58,264 INFO = Build phase begins
2018-05-17 17:35:58,279 INFO Team.BLUE PieceType.GENERATOR was built on (1, 9). 
2018-05-17 17:35:58,280 INFO Team.BLUE team spent 1 resources.
2018-05-17 17:35:58,340 INFO = Combat phase begins
2018-05-17 17:35:58,414 INFO = Ranged phase begins
2018-05-17 17:35:58,489 INFO = Special phase begins
2018-05-17 17:35:58,566 INFO = Start Turn phase begins
2018-05-17 17:35:58,567 INFO == TURN 2 BEGIN ==
2018-05-17 17:35:58,583 INFO Team.BLUE team acquired 1 resources.
2018-05-17 17:35:58,584 INFO Team.BLUE team acquired 1 resources.
2018-05-17 17:35:58,584 INFO Team.RED team acquired 1 resources.
2018-05-17 17:35:58,585 INFO Team.BLUE team acquired 2 resources.
2018-05-17 17:35:58,585 INFO Team.RED team acquired 2 resources.
2018-05-17 17:35:58,650 INFO = Issue Orders phase begins
2018-05-17 17:36:00,035 INFO BLUE Colonist at tile (1, 8) with 100 HP was assigned the order 'Order: Build a Generator on tile (0, 8)'
2018-05-17 17:36:00,036 INFO = Move phase begins
2018-05-17 17:36:00,115 INFO = Build phase begins
2018-05-17 17:36:00,131 INFO Team.BLUE PieceType.GENERATOR was built on (0, 8). 
2018-05-17 17:36:00,132 INFO Team.BLUE team spent 1 resources.
2018-05-17 17:36:00,191 INFO = Combat phase begins
2018-05-17 17:36:00,266 INFO = Ranged phase begins
2018-05-17 17:36:00,341 INFO = Special phase begins
2018-05-17 17:36:00,421 INFO = Start Turn phase begins
2018-05-17 17:36:00,422 INFO == TURN 3 BEGIN ==
2018-05-17 17:36:00,438 INFO Team.BLUE team acquired 1 resources.
2018-05-17 17:36:00,439 INFO Team.BLUE team acquired 1 resources.
2018-05-17 17:36:00,439 INFO Team.BLUE team acquired 1 resources.
2018-05-17 17:36:00,439 INFO Team.RED team acquired 1 resources.
2018-05-17 17:36:00,439 INFO Team.BLUE team acquired 2 resources.
2018-05-17 17:36:00,440 INFO Team.RED team acquired 2 resources.
2018-05-17 17:36:00,504 INFO = Issue Orders phase begins
2018-05-17 17:36:01,503 INFO BLUE Colonist at tile (1, 8) with 100 HP was assigned the order 'Order: Build a Barracks on tile (1, 7)'
2018-05-17 17:36:01,504 INFO = Move phase begins
2018-05-17 17:36:01,577 INFO = Build phase begins
2018-05-17 17:36:01,592 INFO Team.BLUE PieceType.BARRACKS was built on (1, 7). 
2018-05-17 17:36:01,592 INFO Team.BLUE team spent 5 resources.
2018-05-17 17:36:01,652 INFO = Combat phase begins
2018-05-17 17:36:01,730 INFO = Ranged phase begins
2018-05-17 17:36:01,803 INFO = Special phase begins
2018-05-17 17:36:01,878 INFO = Start Turn phase begins
2018-05-17 17:36:01,879 INFO == TURN 4 BEGIN ==
2018-05-17 17:36:01,894 INFO Team.BLUE team acquired 1 resources.
2018-05-17 17:36:01,894 INFO Team.BLUE team acquired 1 resources.
2018-05-17 17:36:01,895 INFO Team.BLUE team acquired 1 resources.
2018-05-17 17:36:01,895 INFO Team.RED team acquired 1 resources.
2018-05-17 17:36:01,895 INFO Team.BLUE team acquired 2 resources.
2018-05-17 17:36:01,895 INFO Team.RED team acquired 2 resources.
2018-05-17 17:36:01,954 INFO = Issue Orders phase begins
2018-05-17 17:36:05,898 INFO BLUE Colonist at tile (1, 8) with 100 HP was assigned the order 'Order: Move to (1, 5)'
2018-05-17 17:36:05,899 INFO BLUE Barracks at tile (1, 7) with 100 HP was assigned the order 'Order: Build a Trooper on tile (1, 6)'
2018-05-17 17:36:05,899 INFO = Move phase begins
2018-05-17 17:36:05,914 INFO None moved to (1, 5)
2018-05-17 17:36:05,973 INFO = Build phase begins
2018-05-17 17:36:05,988 INFO Team.BLUE PieceType.TROOPER was built on (1, 6). 
2018-05-17 17:36:05,989 INFO Team.BLUE team spent 3 resources.
2018-05-17 17:36:06,051 INFO = Combat phase begins
2018-05-17 17:36:06,128 INFO = Ranged phase begins
2018-05-17 17:36:06,203 INFO = Special phase begins
2018-05-17 17:36:06,278 INFO = Start Turn phase begins
2018-05-17 17:36:06,279 INFO == TURN 5 BEGIN ==
2018-05-17 17:36:06,295 INFO Team.BLUE team acquired 1 resources.
2018-05-17 17:36:06,295 INFO Team.BLUE team acquired 1 resources.
2018-05-17 17:36:06,295 INFO Team.BLUE team acquired 1 resources.
2018-05-17 17:36:06,295 INFO Team.RED team acquired 1 resources.
2018-05-17 17:36:06,296 INFO Team.BLUE team acquired 2 resources.
2018-05-17 17:36:06,296 INFO Team.RED team acquired 2 resources.
2018-05-17 17:36:06,354 INFO = Issue Orders phase begins
2018-05-17 17:36:10,138 INFO == TURN 1 BEGIN ==
2018-05-17 17:36:10,139 INFO = Issue Orders phase begins
2018-05-17 17:36:10,155 INFO Team.BLUE team acquired 1 resources.
2018-05-17 17:36:10,155 INFO Team.RED team acquired 1 resources.
2018-05-17 17:36:10,156 INFO Team.BLUE team acquired 2 resources.
2018-05-17 17:36:10,156 INFO Team.RED team acquired 2 resources.
2018-05-17 17:36:12,857 INFO BLUE Colonist at tile (1, 8) with 100 HP was assigned the order 'Order: Build a Generator on tile (1, 9)'
2018-05-17 17:36:12,858 INFO = Move phase begins
2018-05-17 17:36:12,930 INFO = Build phase begins
2018-05-17 17:36:12,945 INFO Team.BLUE PieceType.GENERATOR was built on (1, 9). 
2018-05-17 17:36:12,946 INFO Team.BLUE team spent 1 resources.
2018-05-17 17:36:13,005 INFO = Combat phase begins
2018-05-17 17:36:13,081 INFO = Ranged phase begins
2018-05-17 17:36:13,154 INFO = Special phase begins
2018-05-17 17:36:13,227 INFO = Start Turn phase begins
2018-05-17 17:36:13,228 INFO == TURN 2 BEGIN ==
2018-05-17 17:36:13,242 INFO Team.BLUE team acquired 1 resources.
2018-05-17 17:36:13,242 INFO Team.BLUE team acquired 1 resources.
2018-05-17 17:36:13,243 INFO Team.RED team acquired 1 resources.
2018-05-17 17:36:13,243 INFO Team.BLUE team acquired 2 resources.
2018-05-17 17:36:13,243 INFO Team.RED team acquired 2 resources.
2018-05-17 17:36:13,302 INFO = Issue Orders phase begins
2018-05-17 17:40:04,785 INFO == TURN 1 BEGIN ==
2018-05-17 17:40:04,785 INFO = Issue Orders phase begins
2018-05-17 17:40:04,797 INFO Team.BLUE team acquired 1 resources.
2018-05-17 17:40:04,797 INFO Team.RED team acquired 1 resources.
2018-05-17 17:40:04,797 INFO Team.BLUE team acquired 2 resources.
2018-05-17 17:40:04,797 INFO Team.RED team acquired 2 resources.
2018-05-17 17:40:05,688 INFO === BATTLE OVER! ===
2018-05-17 17:40:05,688 INFO Team.RED team has won!
2018-05-17 17:40:05,688 INFO -- Stats for team Team.RED --
2018-05-17 17:40:05,688 INFO   * Tiles Moved: 0
2018-05-17 17:40:05,689 INFO   * Ranged Attacks: 0
2018-05-17 17:40:05,689 INFO   * Piece Conflicts: 0
2018-05-17 17:40:05,689 INFO   * Pieces Lost: 0
2018-05-17 17:40:05,689 INFO   * Pieces Built: 0
2018-05-17 17:40:05,689 INFO   * Upgrades Researched: 0
2018-05-17 17:40:05,689 INFO Team.BLUE team has lost.
2018-05-17 17:40:05,689 INFO -- Stats for team Team.BLUE --
2018-05-17 17:40:05,689 INFO   * Tiles Moved: 0
2018-05-17 17:40:05,689 INFO   * Ranged Attacks: 0
2018-05-17 17:40:05,689 INFO   * Piece Conflicts: 0
2018-05-17 17:40:05,689 INFO   * Pieces Lost: 0
2018-05-17 17:40:05,689 INFO   * Pieces Built: 0
2018-05-17 17:40:05,689 INFO   * Upgrades Researched: 0
2018-05-17 17:40:25,647 INFO == TURN 1 BEGIN ==
2018-05-17 17:40:25,647 INFO = Issue Orders phase begins
2018-05-17 17:40:25,659 INFO Team.BLUE team acquired 1 resources.
2018-05-17 17:40:25,659 INFO Team.RED team acquired 1 resources.
2018-05-17 17:40:25,660 INFO Team.BLUE team acquired 2 resources.
2018-05-17 17:40:25,660 INFO Team.RED team acquired 2 resources.
2018-05-17 17:40:26,144 INFO === BATTLE OVER! ===
2018-05-17 17:40:26,145 INFO Team.RED team has won!
2018-05-17 17:40:26,145 INFO -- Stats for team Team.RED --
2018-05-17 17:40:26,145 INFO   * Tiles Moved: 0
2018-05-17 17:40:26,145 INFO   * Ranged Attacks: 0
2018-05-17 17:40:26,145 INFO   * Piece Conflicts: 0
2018-05-17 17:40:26,145 INFO   * Pieces Lost: 0
2018-05-17 17:40:26,145 INFO   * Pieces Built: 0
2018-05-17 17:40:26,145 INFO   * Upgrades Researched: 0
2018-05-17 17:40:26,145 INFO Team.BLUE team has lost.
2018-05-17 17:40:26,145 INFO -- Stats for team Team.BLUE --
2018-05-17 17:40:26,145 INFO   * Tiles Moved: 0
2018-05-17 17:40:26,145 INFO   * Ranged Attacks: 0
2018-05-17 17:40:26,145 INFO   * Piece Conflicts: 0
2018-05-17 17:40:26,145 INFO   * Pieces Lost: 0
2018-05-17 17:40:26,145 INFO   * Pieces Built: 0
2018-05-17 17:40:26,145 INFO   * Upgrades Researched: 0
2018-05-17 17:40:28,517 INFO == TURN 1 BEGIN ==
2018-05-17 17:40:28,517 INFO == TURN 1 BEGIN ==
2018-05-17 17:40:28,518 INFO = Issue Orders phase begins
2018-05-17 17:40:28,518 INFO = Issue Orders phase begins
2018-05-17 17:40:28,530 INFO Team.BLUE team acquired 1 resources.
2018-05-17 17:40:28,530 INFO Team.BLUE team acquired 1 resources.
2018-05-17 17:40:28,530 INFO Team.RED team acquired 1 resources.
2018-05-17 17:40:28,530 INFO Team.RED team acquired 1 resources.
2018-05-17 17:40:28,530 INFO Team.BLUE team acquired 2 resources.
2018-05-17 17:40:28,530 INFO Team.BLUE team acquired 2 resources.
2018-05-17 17:40:28,530 INFO Team.RED team acquired 2 resources.
2018-05-17 17:40:28,530 INFO Team.RED team acquired 2 resources.
2018-05-17 17:40:29,950 INFO === BATTLE OVER! ===
2018-05-17 17:40:29,950 INFO === BATTLE OVER! ===
2018-05-17 17:40:29,950 INFO Team.RED team has lost.
2018-05-17 17:40:29,950 INFO Team.RED team has lost.
2018-05-17 17:40:29,950 INFO -- Stats for team Team.RED --
2018-05-17 17:40:29,950 INFO -- Stats for team Team.RED --
2018-05-17 17:40:29,951 INFO   * Tiles Moved: 0
2018-05-17 17:40:29,951 INFO   * Tiles Moved: 0
2018-05-17 17:40:29,951 INFO   * Ranged Attacks: 0
2018-05-17 17:40:29,951 INFO   * Ranged Attacks: 0
2018-05-17 17:40:29,951 INFO   * Piece Conflicts: 0
2018-05-17 17:40:29,951 INFO   * Piece Conflicts: 0
2018-05-17 17:40:29,951 INFO   * Pieces Lost: 0
2018-05-17 17:40:29,951 INFO   * Pieces Lost: 0
2018-05-17 17:40:29,951 INFO   * Pieces Built: 0
2018-05-17 17:40:29,951 INFO   * Pieces Built: 0
2018-05-17 17:40:29,951 INFO   * Upgrades Researched: 0
2018-05-17 17:40:29,951 INFO   * Upgrades Researched: 0
2018-05-17 17:40:29,951 INFO Team.BLUE team has won!
2018-05-17 17:40:29,951 INFO Team.BLUE team has won!
2018-05-17 17:40:29,951 INFO -- Stats for team Team.BLUE --
2018-05-17 17:40:29,951 INFO -- Stats for team Team.BLUE --
2018-05-17 17:40:29,951 INFO   * Tiles Moved: 0
2018-05-17 17:40:29,951 INFO   * Tiles Moved: 0
2018-05-17 17:40:29,951 INFO   * Ranged Attacks: 0
2018-05-17 17:40:29,951 INFO   * Ranged Attacks: 0
2018-05-17 17:40:29,951 INFO   * Piece Conflicts: 0
2018-05-17 17:40:29,951 INFO   * Piece Conflicts: 0
2018-05-17 17:40:29,951 INFO   * Pieces Lost: 0
2018-05-17 17:40:29,951 INFO   * Pieces Lost: 0
2018-05-17 17:40:29,951 INFO   * Pieces Built: 0
2018-05-17 17:40:29,951 INFO   * Pieces Built: 0
2018-05-17 17:40:29,951 INFO   * Upgrades Researched: 0
2018-05-17 17:40:29,951 INFO   * Upgrades Researched: 0
2018-05-17 17:43:17,458 INFO == TURN 1 BEGIN ==
2018-05-17 17:43:17,459 INFO = Issue Orders phase begins
2018-05-17 17:43:17,482 INFO Team.BLUE team acquired 1 resources.
2018-05-17 17:43:17,483 INFO Team.RED team acquired 1 resources.
2018-05-17 17:43:17,483 INFO Team.BLUE team acquired 2 resources.
2018-05-17 17:43:17,483 INFO Team.RED team acquired 2 resources.
2018-05-17 17:43:18,709 INFO === BATTLE OVER! ===
2018-05-17 17:43:18,709 INFO Team.RED team has won!
2018-05-17 17:43:18,709 INFO -- Stats for team Team.RED --
2018-05-17 17:43:18,709 INFO   * Tiles Moved: 0
2018-05-17 17:43:18,710 INFO   * Ranged Attacks: 0
2018-05-17 17:43:18,710 INFO   * Piece Conflicts: 0
2018-05-17 17:43:18,710 INFO   * Pieces Lost: 0
2018-05-17 17:43:18,710 INFO   * Pieces Built: 0
2018-05-17 17:43:18,710 INFO   * Upgrades Researched: 0
2018-05-17 17:43:18,710 INFO Team.BLUE team has lost.
2018-05-17 17:43:18,710 INFO -- Stats for team Team.BLUE --
2018-05-17 17:43:18,710 INFO   * Tiles Moved: 0
2018-05-17 17:43:18,710 INFO   * Ranged Attacks: 0
2018-05-17 17:43:18,710 INFO   * Piece Conflicts: 0
2018-05-17 17:43:18,710 INFO   * Pieces Lost: 0
2018-05-17 17:43:18,710 INFO   * Pieces Built: 0
2018-05-17 17:43:18,710 INFO   * Upgrades Researched: 0
2018-05-17 17:43:20,889 INFO == TURN 1 BEGIN ==
2018-05-17 17:43:20,889 INFO == TURN 1 BEGIN ==
2018-05-17 17:43:20,890 INFO = Issue Orders phase begins
2018-05-17 17:43:20,890 INFO = Issue Orders phase begins
2018-05-17 17:43:20,902 INFO Team.BLUE team acquired 1 resources.
2018-05-17 17:43:20,902 INFO Team.BLUE team acquired 1 resources.
2018-05-17 17:43:20,902 INFO Team.RED team acquired 1 resources.
2018-05-17 17:43:20,902 INFO Team.RED team acquired 1 resources.
2018-05-17 17:43:20,902 INFO Team.BLUE team acquired 2 resources.
2018-05-17 17:43:20,902 INFO Team.BLUE team acquired 2 resources.
2018-05-17 17:43:20,902 INFO Team.RED team acquired 2 resources.
2018-05-17 17:43:20,902 INFO Team.RED team acquired 2 resources.
2018-05-17 17:43:22,042 INFO === BATTLE OVER! ===
2018-05-17 17:43:22,042 INFO === BATTLE OVER! ===
2018-05-17 17:43:22,042 INFO Team.RED team has lost.
2018-05-17 17:43:22,042 INFO Team.RED team has lost.
2018-05-17 17:43:22,042 INFO -- Stats for team Team.RED --
2018-05-17 17:43:22,042 INFO -- Stats for team Team.RED --
2018-05-17 17:43:22,042 INFO   * Tiles Moved: 0
2018-05-17 17:43:22,042 INFO   * Tiles Moved: 0
2018-05-17 17:43:22,042 INFO   * Ranged Attacks: 0
2018-05-17 17:43:22,042 INFO   * Ranged Attacks: 0
2018-05-17 17:43:22,042 INFO   * Piece Conflicts: 0
2018-05-17 17:43:22,042 INFO   * Piece Conflicts: 0
2018-05-17 17:43:22,042 INFO   * Pieces Lost: 0
2018-05-17 17:43:22,042 INFO   * Pieces Lost: 0
2018-05-17 17:43:22,042 INFO   * Pieces Built: 0
2018-05-17 17:43:22,042 INFO   * Pieces Built: 0
2018-05-17 17:43:22,042 INFO   * Upgrades Researched: 0
2018-05-17 17:43:22,042 INFO   * Upgrades Researched: 0
2018-05-17 17:43:22,042 INFO Team.BLUE team has won!
2018-05-17 17:43:22,042 INFO Team.BLUE team has won!
2018-05-17 17:43:22,042 INFO -- Stats for team Team.BLUE --
2018-05-17 17:43:22,042 INFO -- Stats for team Team.BLUE --
2018-05-17 17:43:22,043 INFO   * Tiles Moved: 0
2018-05-17 17:43:22,043 INFO   * Tiles Moved: 0
2018-05-17 17:43:22,043 INFO   * Ranged Attacks: 0
2018-05-17 17:43:22,043 INFO   * Ranged Attacks: 0
2018-05-17 17:43:22,043 INFO   * Piece Conflicts: 0
2018-05-17 17:43:22,043 INFO   * Piece Conflicts: 0
2018-05-17 17:43:22,043 INFO   * Pieces Lost: 0
2018-05-17 17:43:22,043 INFO   * Pieces Lost: 0
2018-05-17 17:43:22,043 INFO   * Pieces Built: 0
2018-05-17 17:43:22,043 INFO   * Pieces Built: 0
2018-05-17 17:43:22,043 INFO   * Upgrades Researched: 0
2018-05-17 17:43:22,043 INFO   * Upgrades Researched: 0
2018-05-17 17:48:50,706 INFO == TURN 1 BEGIN ==
2018-05-17 17:48:50,707 INFO = Issue Orders phase begins
2018-05-17 17:48:50,718 INFO Team.BLUE team acquired 1 resources.
2018-05-17 17:48:50,718 INFO Team.RED team acquired 1 resources.
2018-05-17 17:48:50,718 INFO Team.BLUE team acquired 2 resources.
2018-05-17 17:48:50,719 INFO Team.RED team acquired 2 resources.
2018-05-17 17:48:52,990 INFO === BATTLE OVER! ===
2018-05-17 17:48:52,990 INFO Team.RED team has won!
2018-05-17 17:48:52,990 INFO -- Stats for team Team.RED --
2018-05-17 17:48:52,990 INFO   * Tiles Moved: 0
2018-05-17 17:48:52,990 INFO   * Ranged Attacks: 0
2018-05-17 17:48:52,990 INFO   * Piece Conflicts: 0
2018-05-17 17:48:52,990 INFO   * Pieces Lost: 0
2018-05-17 17:48:52,990 INFO   * Pieces Built: 0
2018-05-17 17:48:52,990 INFO   * Upgrades Researched: 0
2018-05-17 17:48:52,990 INFO Team.BLUE team has lost.
2018-05-17 17:48:52,990 INFO -- Stats for team Team.BLUE --
2018-05-17 17:48:52,990 INFO   * Tiles Moved: 0
2018-05-17 17:48:52,990 INFO   * Ranged Attacks: 0
2018-05-17 17:48:52,990 INFO   * Piece Conflicts: 0
2018-05-17 17:48:52,991 INFO   * Pieces Lost: 0
2018-05-17 17:48:52,991 INFO   * Pieces Built: 0
2018-05-17 17:48:52,991 INFO   * Upgrades Researched: 0
2018-05-17 17:49:11,053 INFO == TURN 1 BEGIN ==
2018-05-17 17:49:11,054 INFO = Issue Orders phase begins
2018-05-17 17:49:11,067 INFO Team.BLUE team acquired 1 resources.
2018-05-17 17:49:11,067 INFO Team.RED team acquired 1 resources.
2018-05-17 17:49:11,067 INFO Team.BLUE team acquired 2 resources.
2018-05-17 17:49:11,067 INFO Team.RED team acquired 2 resources.
2018-05-17 17:50:46,876 INFO == TURN 1 BEGIN ==
2018-05-17 17:50:46,876 INFO = Issue Orders phase begins
2018-05-17 17:50:46,890 INFO Team.BLUE team acquired 1 resources.
2018-05-17 17:50:46,890 INFO Team.RED team acquired 1 resources.
2018-05-17 17:50:46,890 INFO Team.BLUE team acquired 2 resources.
2018-05-17 17:50:46,890 INFO Team.RED team acquired 2 resources.
2018-05-17 17:50:47,638 INFO === BATTLE OVER! ===
2018-05-17 17:50:47,638 INFO Team.RED team has won!
2018-05-17 17:50:47,638 INFO -- Stats for team Team.RED --
2018-05-17 17:50:47,638 INFO   * Tiles Moved: 0
2018-05-17 17:50:47,638 INFO   * Ranged Attacks: 0
2018-05-17 17:50:47,638 INFO   * Piece Conflicts: 0
2018-05-17 17:50:47,638 INFO   * Pieces Lost: 0
2018-05-17 17:50:47,638 INFO   * Pieces Built: 0
2018-05-17 17:50:47,638 INFO   * Upgrades Researched: 0
2018-05-17 17:50:47,638 INFO Team.BLUE team has lost.
2018-05-17 17:50:47,638 INFO -- Stats for team Team.BLUE --
2018-05-17 17:50:47,639 INFO   * Tiles Moved: 0
2018-05-17 17:50:47,639 INFO   * Ranged Attacks: 0
2018-05-17 17:50:47,639 INFO   * Piece Conflicts: 0
2018-05-17 17:50:47,639 INFO   * Pieces Lost: 0
2018-05-17 17:50:47,639 INFO   * Pieces Built: 0
2018-05-17 17:50:47,639 INFO   * Upgrades Researched: 0
2018-05-17 17:51:17,808 INFO == TURN 1 BEGIN ==
2018-05-17 17:51:17,808 INFO = Issue Orders phase begins
2018-05-17 17:51:17,820 INFO Team.BLUE team acquired 1 resources.
2018-05-17 17:51:17,820 INFO Team.RED team acquired 1 resources.
2018-05-17 17:51:17,820 INFO Team.BLUE team acquired 2 resources.
2018-05-17 17:51:17,820 INFO Team.RED team acquired 2 resources.
2018-05-17 17:51:18,326 INFO === BATTLE OVER! ===
2018-05-17 17:51:18,326 INFO Team.RED team has won!
2018-05-17 17:51:18,327 INFO -- Stats for team Team.RED --
2018-05-17 17:51:18,327 INFO   * Tiles Moved: 0
2018-05-17 17:51:18,327 INFO   * Ranged Attacks: 0
2018-05-17 17:51:18,327 INFO   * Piece Conflicts: 0
2018-05-17 17:51:18,327 INFO   * Pieces Lost: 0
2018-05-17 17:51:18,327 INFO   * Pieces Built: 0
2018-05-17 17:51:18,327 INFO   * Upgrades Researched: 0
2018-05-17 17:51:18,327 INFO Team.BLUE team has lost.
2018-05-17 17:51:18,327 INFO -- Stats for team Team.BLUE --
2018-05-17 17:51:18,327 INFO   * Tiles Moved: 0
2018-05-17 17:51:18,327 INFO   * Ranged Attacks: 0
2018-05-17 17:51:18,327 INFO   * Piece Conflicts: 0
2018-05-17 17:51:18,327 INFO   * Pieces Lost: 0
2018-05-17 17:51:18,327 INFO   * Pieces Built: 0
2018-05-17 17:51:18,327 INFO   * Upgrades Researched: 0
2018-05-17 17:52:16,023 INFO == TURN 1 BEGIN ==
2018-05-17 17:52:16,023 INFO = Issue Orders phase begins
2018-05-17 17:52:16,036 INFO Team.BLUE team acquired 1 resources.
2018-05-17 17:52:16,037 INFO Team.RED team acquired 1 resources.
2018-05-17 17:52:16,037 INFO Team.BLUE team acquired 2 resources.
2018-05-17 17:52:16,037 INFO Team.RED team acquired 2 resources.
2018-05-17 17:52:18,662 INFO BLUE Colonist at tile (1, 8) with 100 HP was assigned the order 'Order: Build a Generator on tile (1, 9)'
2018-05-17 17:52:18,663 INFO = Move phase begins
2018-05-17 17:52:18,722 INFO = Build phase begins
2018-05-17 17:52:18,734 INFO Team.BLUE PieceType.GENERATOR was built on (1, 9). 
2018-05-17 17:52:18,734 INFO Team.BLUE team spent 1 resources.
2018-05-17 17:52:18,783 INFO = Combat phase begins
2018-05-17 17:52:18,840 INFO = Ranged phase begins
2018-05-17 17:52:18,901 INFO = Special phase begins
2018-05-17 17:52:18,959 INFO = Start Turn phase begins
2018-05-17 17:52:18,959 INFO == TURN 2 BEGIN ==
2018-05-17 17:52:18,971 INFO Team.BLUE team acquired 1 resources.
2018-05-17 17:52:18,971 INFO Team.BLUE team acquired 1 resources.
2018-05-17 17:52:18,971 INFO Team.RED team acquired 1 resources.
2018-05-17 17:52:18,971 INFO Team.BLUE team acquired 2 resources.
2018-05-17 17:52:18,971 INFO Team.RED team acquired 2 resources.
2018-05-17 17:52:19,019 INFO = Issue Orders phase begins
2018-05-17 17:52:19,887 INFO === BATTLE OVER! ===
2018-05-17 17:52:19,887 INFO Team.RED team has won!
2018-05-17 17:52:19,887 INFO -- Stats for team Team.RED --
2018-05-17 17:52:19,888 INFO   * Tiles Moved: 0
2018-05-17 17:52:19,888 INFO   * Ranged Attacks: 0
2018-05-17 17:52:19,888 INFO   * Piece Conflicts: 0
2018-05-17 17:52:19,888 INFO   * Pieces Lost: 0
2018-05-17 17:52:19,888 INFO   * Pieces Built: 0
2018-05-17 17:52:19,888 INFO   * Upgrades Researched: 0
2018-05-17 17:52:19,888 INFO Team.BLUE team has lost.
2018-05-17 17:52:19,888 INFO -- Stats for team Team.BLUE --
2018-05-17 17:52:19,888 INFO   * Tiles Moved: 0
2018-05-17 17:52:19,888 INFO   * Ranged Attacks: 0
2018-05-17 17:52:19,888 INFO   * Piece Conflicts: 0
2018-05-17 17:52:19,888 INFO   * Pieces Lost: 0
2018-05-17 17:52:19,888 INFO   * Pieces Built: 1
2018-05-17 17:52:19,888 INFO   * Upgrades Researched: 0
2018-05-17 17:52:25,741 INFO === BATTLE OVER! ===
2018-05-17 17:52:25,741 INFO Team.RED team has won!
2018-05-17 17:52:25,741 INFO -- Stats for team Team.RED --
2018-05-17 17:52:25,741 INFO   * Tiles Moved: 0
2018-05-17 17:52:25,742 INFO   * Ranged Attacks: 0
2018-05-17 17:52:25,742 INFO   * Piece Conflicts: 0
2018-05-17 17:52:25,742 INFO   * Pieces Lost: 0
2018-05-17 17:52:25,742 INFO   * Pieces Built: 0
2018-05-17 17:52:25,742 INFO   * Upgrades Researched: 0
2018-05-17 17:52:25,742 INFO Team.BLUE team has lost.
2018-05-17 17:52:25,742 INFO -- Stats for team Team.BLUE --
2018-05-17 17:52:25,742 INFO   * Tiles Moved: 0
2018-05-17 17:52:25,743 INFO   * Ranged Attacks: 0
2018-05-17 17:52:25,743 INFO   * Piece Conflicts: 0
2018-05-17 17:52:25,743 INFO   * Pieces Lost: 0
2018-05-17 17:52:25,743 INFO   * Pieces Built: 0
2018-05-17 17:52:25,743 INFO   * Upgrades Researched: 0
2018-05-17 18:12:15,503 INFO == TURN 1 BEGIN ==
2018-05-17 18:12:15,504 INFO = Issue Orders phase begins
2018-05-17 18:12:15,519 INFO Team.BLUE team acquired 1 resources.
2018-05-17 18:12:15,519 INFO Team.RED team acquired 1 resources.
2018-05-17 18:12:15,520 INFO Team.BLUE team acquired 2 resources.
2018-05-17 18:12:15,520 INFO Team.RED team acquired 2 resources.
2018-05-17 18:12:21,432 INFO === BATTLE OVER! ===
2018-05-17 18:12:21,433 INFO Team.RED team has won!
2018-05-17 18:12:21,433 INFO -- Stats for team Team.RED --
2018-05-17 18:12:21,433 INFO   * Tiles Moved: 0
2018-05-17 18:12:21,433 INFO   * Ranged Attacks: 0
2018-05-17 18:12:21,433 INFO   * Piece Conflicts: 0
2018-05-17 18:12:21,433 INFO   * Pieces Lost: 0
2018-05-17 18:12:21,433 INFO   * Pieces Built: 0
2018-05-17 18:12:21,434 INFO   * Upgrades Researched: 0
2018-05-17 18:12:21,434 INFO Team.BLUE team has lost.
2018-05-17 18:12:21,434 INFO -- Stats for team Team.BLUE --
2018-05-17 18:12:21,434 INFO   * Tiles Moved: 0
2018-05-17 18:12:21,434 INFO   * Ranged Attacks: 0
2018-05-17 18:12:21,434 INFO   * Piece Conflicts: 0
2018-05-17 18:12:21,434 INFO   * Pieces Lost: 0
2018-05-17 18:12:21,435 INFO   * Pieces Built: 0
2018-05-17 18:12:21,435 INFO   * Upgrades Researched: 0
2018-05-17 18:12:24,607 INFO == TURN 1 BEGIN ==
2018-05-17 18:12:24,607 INFO = Issue Orders phase begins
2018-05-17 18:12:24,621 INFO Team.BLUE team acquired 1 resources.
2018-05-17 18:12:24,622 INFO Team.RED team acquired 1 resources.
2018-05-17 18:12:24,622 INFO Team.BLUE team acquired 2 resources.
2018-05-17 18:12:24,622 INFO Team.RED team acquired 2 resources.
2018-05-17 18:12:28,085 INFO === BATTLE OVER! ===
2018-05-17 18:12:28,085 INFO Team.RED team has won!
2018-05-17 18:12:28,086 INFO -- Stats for team Team.RED --
2018-05-17 18:12:28,086 INFO   * Tiles Moved: 0
2018-05-17 18:12:28,086 INFO   * Ranged Attacks: 0
2018-05-17 18:12:28,086 INFO   * Piece Conflicts: 0
2018-05-17 18:12:28,086 INFO   * Pieces Lost: 0
2018-05-17 18:12:28,086 INFO   * Pieces Built: 0
2018-05-17 18:12:28,087 INFO   * Upgrades Researched: 0
2018-05-17 18:12:28,087 INFO Team.BLUE team has lost.
2018-05-17 18:12:28,087 INFO -- Stats for team Team.BLUE --
2018-05-17 18:12:28,087 INFO   * Tiles Moved: 0
2018-05-17 18:12:28,087 INFO   * Ranged Attacks: 0
2018-05-17 18:12:28,087 INFO   * Piece Conflicts: 0
2018-05-17 18:12:28,088 INFO   * Pieces Lost: 0
2018-05-17 18:12:28,088 INFO   * Pieces Built: 0
2018-05-17 18:12:28,088 INFO   * Upgrades Researched: 0
2018-05-17 18:23:02,873 INFO == TURN 1 BEGIN ==
2018-05-17 18:23:02,873 INFO = Issue Orders phase begins
2018-05-17 18:23:02,884 INFO Team.BLUE team acquired 1 resources.
2018-05-17 18:23:02,884 INFO Team.RED team acquired 1 resources.
2018-05-17 18:23:02,885 INFO Team.BLUE team acquired 2 resources.
2018-05-17 18:23:02,885 INFO Team.RED team acquired 2 resources.
2018-05-17 18:23:03,626 INFO === BATTLE OVER! ===
2018-05-17 18:23:03,627 INFO Team.RED team has won!
2018-05-17 18:23:03,627 INFO -- Stats for team Team.RED --
2018-05-17 18:23:03,627 INFO   * Tiles Moved: 0
2018-05-17 18:23:03,627 INFO   * Ranged Attacks: 0
2018-05-17 18:23:03,627 INFO   * Piece Conflicts: 0
2018-05-17 18:23:03,627 INFO   * Pieces Lost: 0
2018-05-17 18:23:03,627 INFO   * Pieces Built: 0
2018-05-17 18:23:03,627 INFO   * Upgrades Researched: 0
2018-05-17 18:23:03,627 INFO Team.BLUE team has lost.
2018-05-17 18:23:03,627 INFO -- Stats for team Team.BLUE --
2018-05-17 18:23:03,627 INFO   * Tiles Moved: 0
2018-05-17 18:23:03,627 INFO   * Ranged Attacks: 0
2018-05-17 18:23:03,627 INFO   * Piece Conflicts: 0
2018-05-17 18:23:03,627 INFO   * Pieces Lost: 0
2018-05-17 18:23:03,627 INFO   * Pieces Built: 0
2018-05-17 18:23:03,627 INFO   * Upgrades Researched: 0
2018-05-17 18:23:06,011 INFO == TURN 1 BEGIN ==
2018-05-17 18:23:06,011 INFO = Issue Orders phase begins
2018-05-17 18:23:06,024 INFO Team.BLUE team acquired 1 resources.
2018-05-17 18:23:06,024 INFO Team.RED team acquired 1 resources.
2018-05-17 18:23:06,024 INFO Team.BLUE team acquired 2 resources.
2018-05-17 18:23:06,025 INFO Team.RED team acquired 2 resources.
2018-05-17 18:23:06,419 INFO === BATTLE OVER! ===
2018-05-17 18:23:06,419 INFO Team.RED team has won!
2018-05-17 18:23:06,419 INFO -- Stats for team Team.RED --
2018-05-17 18:23:06,419 INFO   * Tiles Moved: 0
2018-05-17 18:23:06,419 INFO   * Ranged Attacks: 0
2018-05-17 18:23:06,419 INFO   * Piece Conflicts: 0
2018-05-17 18:23:06,419 INFO   * Pieces Lost: 0
2018-05-17 18:23:06,419 INFO   * Pieces Built: 0
2018-05-17 18:23:06,419 INFO   * Upgrades Researched: 0
2018-05-17 18:23:06,419 INFO Team.BLUE team has lost.
2018-05-17 18:23:06,420 INFO -- Stats for team Team.BLUE --
2018-05-17 18:23:06,420 INFO   * Tiles Moved: 0
2018-05-17 18:23:06,420 INFO   * Ranged Attacks: 0
2018-05-17 18:23:06,420 INFO   * Piece Conflicts: 0
2018-05-17 18:23:06,420 INFO   * Pieces Lost: 0
2018-05-17 18:23:06,420 INFO   * Pieces Built: 0
2018-05-17 18:23:06,420 INFO   * Upgrades Researched: 0
2018-05-17 18:23:08,821 INFO == TURN 1 BEGIN ==
2018-05-17 18:23:08,821 INFO = Issue Orders phase begins
2018-05-17 18:23:08,832 INFO Team.BLUE team acquired 1 resources.
2018-05-17 18:23:08,832 INFO Team.RED team acquired 1 resources.
2018-05-17 18:23:08,833 INFO Team.BLUE team acquired 2 resources.
2018-05-17 18:23:08,833 INFO Team.RED team acquired 2 resources.
2018-05-17 18:23:10,412 INFO === BATTLE OVER! ===
2018-05-17 18:23:10,412 INFO Team.RED team has won!
2018-05-17 18:23:10,413 INFO -- Stats for team Team.RED --
2018-05-17 18:23:10,413 INFO   * Tiles Moved: 0
2018-05-17 18:23:10,413 INFO   * Ranged Attacks: 0
2018-05-17 18:23:10,413 INFO   * Piece Conflicts: 0
2018-05-17 18:23:10,413 INFO   * Pieces Lost: 0
2018-05-17 18:23:10,413 INFO   * Pieces Built: 0
2018-05-17 18:23:10,413 INFO   * Upgrades Researched: 0
2018-05-17 18:23:10,414 INFO Team.BLUE team has lost.
2018-05-17 18:23:10,414 INFO -- Stats for team Team.BLUE --
2018-05-17 18:23:10,414 INFO   * Tiles Moved: 0
2018-05-17 18:23:10,414 INFO   * Ranged Attacks: 0
2018-05-17 18:23:10,414 INFO   * Piece Conflicts: 0
2018-05-17 18:23:10,414 INFO   * Pieces Lost: 0
2018-05-17 18:23:10,414 INFO   * Pieces Built: 0
2018-05-17 18:23:10,414 INFO   * Upgrades Researched: 0
