2018-05-17 18:09:19,853 INFO == TURN 1 BEGIN ==
2018-05-17 18:09:19,853 INFO = Issue Orders phase begins
2018-05-17 18:09:19,864 INFO Team.BLUE team acquired 1 resources.
2018-05-17 18:09:19,865 INFO Team.RED team acquired 1 resources.
2018-05-17 18:09:19,865 INFO Team.BLUE team acquired 2 resources.
2018-05-17 18:09:19,865 INFO Team.RED team acquired 2 resources.
2018-05-17 18:09:20,479 INFO === BATTLE OVER! ===
2018-05-17 18:09:20,480 INFO Team.RED team has won!
2018-05-17 18:09:20,480 INFO -- Stats for team Team.RED --
2018-05-17 18:09:20,480 INFO   * Tiles Moved: 0
2018-05-17 18:09:20,480 INFO   * Ranged Attacks: 0
2018-05-17 18:09:20,480 INFO   * Piece Conflicts: 0
2018-05-17 18:09:20,480 INFO   * Pieces Lost: 0
2018-05-17 18:09:20,480 INFO   * Pieces Built: 0
2018-05-17 18:09:20,480 INFO   * Upgrades Researched: 0
2018-05-17 18:09:20,480 INFO Team.BLUE team has lost.
2018-05-17 18:09:20,480 INFO -- Stats for team Team.BLUE --
2018-05-17 18:09:20,480 INFO   * Tiles Moved: 0
2018-05-17 18:09:20,480 INFO   * Ranged Attacks: 0
2018-05-17 18:09:20,480 INFO   * Piece Conflicts: 0
2018-05-17 18:09:20,480 INFO   * Pieces Lost: 0
2018-05-17 18:09:20,481 INFO   * Pieces Built: 0
2018-05-17 18:09:20,481 INFO   * Upgrades Researched: 0
2018-05-17 18:13:36,544 INFO == TURN 1 BEGIN ==
2018-05-17 18:13:36,544 INFO = Issue Orders phase begins
2018-05-17 18:13:36,560 INFO Team.BLUE team acquired 1 resources.
2018-05-17 18:13:36,560 INFO Team.RED team acquired 1 resources.
2018-05-17 18:13:36,560 INFO Team.BLUE team acquired 2 resources.
2018-05-17 18:13:36,560 INFO Team.RED team acquired 2 resources.
2018-05-17 18:13:44,804 INFO === BATTLE OVER! ===
2018-05-17 18:13:44,804 INFO Team.RED team has won!
2018-05-17 18:13:44,804 INFO -- Stats for team Team.RED --
2018-05-17 18:13:44,804 INFO   * Tiles Moved: 0
2018-05-17 18:13:44,804 INFO   * Ranged Attacks: 0
2018-05-17 18:13:44,805 INFO   * Piece Conflicts: 0
2018-05-17 18:13:44,805 INFO   * Pieces Lost: 0
2018-05-17 18:13:44,805 INFO   * Pieces Built: 0
2018-05-17 18:13:44,805 INFO   * Upgrades Researched: 0
2018-05-17 18:13:44,805 INFO Team.BLUE team has lost.
2018-05-17 18:13:44,805 INFO -- Stats for team Team.BLUE --
2018-05-17 18:13:44,805 INFO   * Tiles Moved: 0
2018-05-17 18:13:44,805 INFO   * Ranged Attacks: 0
2018-05-17 18:13:44,805 INFO   * Piece Conflicts: 0
2018-05-17 18:13:44,806 INFO   * Pieces Lost: 0
2018-05-17 18:13:44,806 INFO   * Pieces Built: 0
2018-05-17 18:13:44,806 INFO   * Upgrades Researched: 0
2018-05-17 18:17:34,158 INFO == TURN 1 BEGIN ==
2018-05-17 18:17:34,158 INFO = Issue Orders phase begins
2018-05-17 18:17:34,169 INFO Team.BLUE team acquired 1 resources.
2018-05-17 18:17:34,170 INFO Team.RED team acquired 1 resources.
2018-05-17 18:17:34,170 INFO Team.BLUE team acquired 2 resources.
2018-05-17 18:17:34,170 INFO Team.RED team acquired 2 resources.
2018-05-17 18:17:35,595 INFO === BATTLE OVER! ===
2018-05-17 18:17:35,595 INFO Team.RED team has won!
2018-05-17 18:17:35,595 INFO -- Stats for team Team.RED --
2018-05-17 18:17:35,596 INFO   * Tiles Moved: 0
2018-05-17 18:17:35,596 INFO   * Ranged Attacks: 0
2018-05-17 18:17:35,596 INFO   * Piece Conflicts: 0
2018-05-17 18:17:35,596 INFO   * Pieces Lost: 0
2018-05-17 18:17:35,596 INFO   * Pieces Built: 0
2018-05-17 18:17:35,596 INFO   * Upgrades Researched: 0
2018-05-17 18:17:35,596 INFO Team.BLUE team has lost.
2018-05-17 18:17:35,596 INFO -- Stats for team Team.BLUE --
2018-05-17 18:17:35,596 INFO   * Tiles Moved: 0
2018-05-17 18:17:35,596 INFO   * Ranged Attacks: 0
2018-05-17 18:17:35,596 INFO   * Piece Conflicts: 0
2018-05-17 18:17:35,596 INFO   * Pieces Lost: 0
2018-05-17 18:17:35,596 INFO   * Pieces Built: 0
2018-05-17 18:17:35,596 INFO   * Upgrades Researched: 0
2018-05-17 18:18:51,274 INFO == TURN 1 BEGIN ==
2018-05-17 18:18:51,275 INFO = Issue Orders phase begins
2018-05-17 18:18:51,285 INFO Team.BLUE team acquired 1 resources.
2018-05-17 18:18:51,286 INFO Team.RED team acquired 1 resources.
2018-05-17 18:18:51,286 INFO Team.BLUE team acquired 2 resources.
2018-05-17 18:18:51,286 INFO Team.RED team acquired 2 resources.
2018-05-17 18:18:51,830 INFO === BATTLE OVER! ===
2018-05-17 18:18:51,830 INFO Team.RED team has won!
2018-05-17 18:18:51,830 INFO -- Stats for team Team.RED --
2018-05-17 18:18:51,830 INFO   * Tiles Moved: 0
2018-05-17 18:18:51,830 INFO   * Ranged Attacks: 0
2018-05-17 18:18:51,830 INFO   * Piece Conflicts: 0
2018-05-17 18:18:51,830 INFO   * Pieces Lost: 0
2018-05-17 18:18:51,830 INFO   * Pieces Built: 0
2018-05-17 18:18:51,830 INFO   * Upgrades Researched: 0
2018-05-17 18:18:51,830 INFO Team.BLUE team has lost.
2018-05-17 18:18:51,830 INFO -- Stats for team Team.BLUE --
2018-05-17 18:18:51,830 INFO   * Tiles Moved: 0
2018-05-17 18:18:51,830 INFO   * Ranged Attacks: 0
2018-05-17 18:18:51,830 INFO   * Piece Conflicts: 0
2018-05-17 18:18:51,830 INFO   * Pieces Lost: 0
2018-05-17 18:18:51,830 INFO   * Pieces Built: 0
2018-05-17 18:18:51,830 INFO   * Upgrades Researched: 0
2018-05-17 18:19:47,897 INFO == TURN 1 BEGIN ==
2018-05-17 18:19:47,898 INFO = Issue Orders phase begins
2018-05-17 18:19:47,909 INFO Team.BLUE team acquired 1 resources.
2018-05-17 18:19:47,909 INFO Team.RED team acquired 1 resources.
2018-05-17 18:19:47,909 INFO Team.BLUE team acquired 2 resources.
2018-05-17 18:19:47,909 INFO Team.RED team acquired 2 resources.
2018-05-17 18:19:49,145 INFO === BATTLE OVER! ===
2018-05-17 18:19:49,146 INFO Team.RED team has won!
2018-05-17 18:19:49,146 INFO -- Stats for team Team.RED --
2018-05-17 18:19:49,146 INFO   * Tiles Moved: 0
2018-05-17 18:19:49,146 INFO   * Ranged Attacks: 0
2018-05-17 18:19:49,146 INFO   * Piece Conflicts: 0
2018-05-17 18:19:49,146 INFO   * Pieces Lost: 0
2018-05-17 18:19:49,146 INFO   * Pieces Built: 0
2018-05-17 18:19:49,146 INFO   * Upgrades Researched: 0
2018-05-17 18:19:49,146 INFO Team.BLUE team has lost.
2018-05-17 18:19:49,146 INFO -- Stats for team Team.BLUE --
2018-05-17 18:19:49,146 INFO   * Tiles Moved: 0
2018-05-17 18:19:49,146 INFO   * Ranged Attacks: 0
2018-05-17 18:19:49,146 INFO   * Piece Conflicts: 0
2018-05-17 18:19:49,146 INFO   * Pieces Lost: 0
2018-05-17 18:19:49,146 INFO   * Pieces Built: 0
2018-05-17 18:19:49,147 INFO   * Upgrades Researched: 0
2018-05-17 18:20:22,118 INFO == TURN 1 BEGIN ==
2018-05-17 18:20:22,118 INFO = Issue Orders phase begins
2018-05-17 18:20:22,129 INFO Team.BLUE team acquired 1 resources.
2018-05-17 18:20:22,129 INFO Team.RED team acquired 1 resources.
2018-05-17 18:20:22,129 INFO Team.BLUE team acquired 2 resources.
2018-05-17 18:20:22,129 INFO Team.RED team acquired 2 resources.
2018-05-17 18:20:22,533 INFO === BATTLE OVER! ===
2018-05-17 18:20:22,533 INFO Team.RED team has won!
2018-05-17 18:20:22,533 INFO -- Stats for team Team.RED --
2018-05-17 18:20:22,533 INFO   * Tiles Moved: 0
2018-05-17 18:20:22,533 INFO   * Ranged Attacks: 0
2018-05-17 18:20:22,533 INFO   * Piece Conflicts: 0
2018-05-17 18:20:22,533 INFO   * Pieces Lost: 0
2018-05-17 18:20:22,533 INFO   * Pieces Built: 0
2018-05-17 18:20:22,533 INFO   * Upgrades Researched: 0
2018-05-17 18:20:22,533 INFO Team.BLUE team has lost.
2018-05-17 18:20:22,533 INFO -- Stats for team Team.BLUE --
2018-05-17 18:20:22,533 INFO   * Tiles Moved: 0
2018-05-17 18:20:22,533 INFO   * Ranged Attacks: 0
2018-05-17 18:20:22,534 INFO   * Piece Conflicts: 0
2018-05-17 18:20:22,534 INFO   * Pieces Lost: 0
2018-05-17 18:20:22,534 INFO   * Pieces Built: 0
2018-05-17 18:20:22,534 INFO   * Upgrades Researched: 0
2018-05-17 18:20:33,586 INFO == TURN 1 BEGIN ==
2018-05-17 18:20:33,586 INFO = Issue Orders phase begins
2018-05-17 18:20:33,597 INFO Team.BLUE team acquired 1 resources.
2018-05-17 18:20:33,597 INFO Team.RED team acquired 1 resources.
2018-05-17 18:20:33,597 INFO Team.BLUE team acquired 2 resources.
2018-05-17 18:20:33,597 INFO Team.RED team acquired 2 resources.
2018-05-17 18:21:25,735 INFO == TURN 1 BEGIN ==
2018-05-17 18:21:25,736 INFO = Issue Orders phase begins
2018-05-17 18:21:25,747 INFO Team.BLUE team acquired 1 resources.
2018-05-17 18:21:25,747 INFO Team.RED team acquired 1 resources.
2018-05-17 18:21:25,748 INFO Team.BLUE team acquired 2 resources.
2018-05-17 18:21:25,748 INFO Team.RED team acquired 2 resources.
2018-05-17 18:21:26,064 INFO === BATTLE OVER! ===
2018-05-17 18:21:26,064 INFO Team.RED team has won!
2018-05-17 18:21:26,064 INFO -- Stats for team Team.RED --
2018-05-17 18:21:26,064 INFO   * Tiles Moved: 0
2018-05-17 18:21:26,064 INFO   * Ranged Attacks: 0
2018-05-17 18:21:26,064 INFO   * Piece Conflicts: 0
2018-05-17 18:21:26,064 INFO   * Pieces Lost: 0
2018-05-17 18:21:26,064 INFO   * Pieces Built: 0
2018-05-17 18:21:26,064 INFO   * Upgrades Researched: 0
2018-05-17 18:21:26,064 INFO Team.BLUE team has lost.
2018-05-17 18:21:26,065 INFO -- Stats for team Team.BLUE --
2018-05-17 18:21:26,065 INFO   * Tiles Moved: 0
2018-05-17 18:21:26,065 INFO   * Ranged Attacks: 0
2018-05-17 18:21:26,065 INFO   * Piece Conflicts: 0
2018-05-17 18:21:26,065 INFO   * Pieces Lost: 0
2018-05-17 18:21:26,065 INFO   * Pieces Built: 0
2018-05-17 18:21:26,065 INFO   * Upgrades Researched: 0
2018-05-17 18:23:06,011 INFO == TURN 1 BEGIN ==
2018-05-17 18:23:06,011 INFO = Issue Orders phase begins
2018-05-17 18:23:06,024 INFO Team.BLUE team acquired 1 resources.
2018-05-17 18:23:06,024 INFO Team.RED team acquired 1 resources.
2018-05-17 18:23:06,024 INFO Team.BLUE team acquired 2 resources.
2018-05-17 18:23:06,025 INFO Team.RED team acquired 2 resources.
2018-05-17 18:23:06,419 INFO === BATTLE OVER! ===
2018-05-17 18:23:06,419 INFO Team.RED team has won!
2018-05-17 18:23:06,419 INFO -- Stats for team Team.RED --
2018-05-17 18:23:06,419 INFO   * Tiles Moved: 0
2018-05-17 18:23:06,419 INFO   * Ranged Attacks: 0
2018-05-17 18:23:06,419 INFO   * Piece Conflicts: 0
2018-05-17 18:23:06,419 INFO   * Pieces Lost: 0
2018-05-17 18:23:06,419 INFO   * Pieces Built: 0
2018-05-17 18:23:06,419 INFO   * Upgrades Researched: 0
2018-05-17 18:23:06,419 INFO Team.BLUE team has lost.
2018-05-17 18:23:06,420 INFO -- Stats for team Team.BLUE --
2018-05-17 18:23:06,420 INFO   * Tiles Moved: 0
2018-05-17 18:23:06,420 INFO   * Ranged Attacks: 0
2018-05-17 18:23:06,420 INFO   * Piece Conflicts: 0
2018-05-17 18:23:06,420 INFO   * Pieces Lost: 0
2018-05-17 18:23:06,420 INFO   * Pieces Built: 0
2018-05-17 18:23:06,420 INFO   * Upgrades Researched: 0
2018-05-17 18:23:08,821 INFO == TURN 1 BEGIN ==
2018-05-17 18:23:08,821 INFO = Issue Orders phase begins
2018-05-17 18:23:08,832 INFO Team.BLUE team acquired 1 resources.
2018-05-17 18:23:08,832 INFO Team.RED team acquired 1 resources.
2018-05-17 18:23:08,833 INFO Team.BLUE team acquired 2 resources.
2018-05-17 18:23:08,833 INFO Team.RED team acquired 2 resources.
2018-05-17 18:23:10,412 INFO === BATTLE OVER! ===
2018-05-17 18:23:10,412 INFO Team.RED team has won!
2018-05-17 18:23:10,413 INFO -- Stats for team Team.RED --
2018-05-17 18:23:10,413 INFO   * Tiles Moved: 0
2018-05-17 18:23:10,413 INFO   * Ranged Attacks: 0
2018-05-17 18:23:10,413 INFO   * Piece Conflicts: 0
2018-05-17 18:23:10,413 INFO   * Pieces Lost: 0
2018-05-17 18:23:10,413 INFO   * Pieces Built: 0
2018-05-17 18:23:10,413 INFO   * Upgrades Researched: 0
2018-05-17 18:23:10,414 INFO Team.BLUE team has lost.
2018-05-17 18:23:10,414 INFO -- Stats for team Team.BLUE --
2018-05-17 18:23:10,414 INFO   * Tiles Moved: 0
2018-05-17 18:23:10,414 INFO   * Ranged Attacks: 0
2018-05-17 18:23:10,414 INFO   * Piece Conflicts: 0
2018-05-17 18:23:10,414 INFO   * Pieces Lost: 0
2018-05-17 18:23:10,414 INFO   * Pieces Built: 0
2018-05-17 18:23:10,414 INFO   * Upgrades Researched: 0
2018-05-17 18:39:17,331 INFO == TURN 1 BEGIN ==
2018-05-17 18:39:17,332 INFO = Issue Orders phase begins
2018-05-17 18:39:17,344 INFO Team.BLUE team acquired 1 resources.
2018-05-17 18:39:17,344 INFO Team.RED team acquired 1 resources.
2018-05-17 18:39:17,344 INFO Team.BLUE team acquired 2 resources.
2018-05-17 18:39:17,344 INFO Team.RED team acquired 2 resources.
2018-05-17 18:39:18,336 INFO === BATTLE OVER! ===
2018-05-17 18:39:18,337 INFO Team.RED team has won!
2018-05-17 18:39:18,337 INFO -- Stats for team Team.RED --
2018-05-17 18:39:18,337 INFO   * Tiles Moved: 0
2018-05-17 18:39:18,337 INFO   * Ranged Attacks: 0
2018-05-17 18:39:18,337 INFO   * Piece Conflicts: 0
2018-05-17 18:39:18,337 INFO   * Pieces Lost: 0
2018-05-17 18:39:18,337 INFO   * Pieces Built: 0
2018-05-17 18:39:18,337 INFO   * Upgrades Researched: 0
2018-05-17 18:39:18,337 INFO Team.BLUE team has lost.
2018-05-17 18:39:18,337 INFO -- Stats for team Team.BLUE --
2018-05-17 18:39:18,338 INFO   * Tiles Moved: 0
2018-05-17 18:39:18,338 INFO   * Ranged Attacks: 0
2018-05-17 18:39:18,338 INFO   * Piece Conflicts: 0
2018-05-17 18:39:18,338 INFO   * Pieces Lost: 0
2018-05-17 18:39:18,338 INFO   * Pieces Built: 0
2018-05-17 18:39:18,338 INFO   * Upgrades Researched: 0
2018-05-17 18:39:20,626 INFO == TURN 1 BEGIN ==
2018-05-17 18:39:20,626 INFO = Issue Orders phase begins
2018-05-17 18:39:20,637 INFO Team.BLUE team acquired 1 resources.
2018-05-17 18:39:20,637 INFO Team.RED team acquired 1 resources.
2018-05-17 18:39:20,637 INFO Team.BLUE team acquired 2 resources.
2018-05-17 18:39:20,638 INFO Team.RED team acquired 2 resources.
2018-05-17 18:39:22,138 INFO === BATTLE OVER! ===
2018-05-17 18:39:22,138 INFO Team.RED team has lost.
2018-05-17 18:39:22,138 INFO -- Stats for team Team.RED --
2018-05-17 18:39:22,138 INFO   * Tiles Moved: 0
2018-05-17 18:39:22,139 INFO   * Ranged Attacks: 0
2018-05-17 18:39:22,139 INFO   * Piece Conflicts: 0
2018-05-17 18:39:22,139 INFO   * Pieces Lost: 0
2018-05-17 18:39:22,139 INFO   * Pieces Built: 0
2018-05-17 18:39:22,139 INFO   * Upgrades Researched: 0
2018-05-17 18:39:22,139 INFO Team.BLUE team has won!
2018-05-17 18:39:22,139 INFO -- Stats for team Team.BLUE --
2018-05-17 18:39:22,139 INFO   * Tiles Moved: 0
2018-05-17 18:39:22,139 INFO   * Ranged Attacks: 0
2018-05-17 18:39:22,139 INFO   * Piece Conflicts: 0
2018-05-17 18:39:22,139 INFO   * Pieces Lost: 0
2018-05-17 18:39:22,140 INFO   * Pieces Built: 0
2018-05-17 18:39:22,140 INFO   * Upgrades Researched: 0
