2018-05-17 18:23:08,821 INFO == TURN 1 BEGIN ==
2018-05-17 18:23:08,821 INFO = Issue Orders phase begins
2018-05-17 18:23:08,832 INFO Team.BLUE team acquired 1 resources.
2018-05-17 18:23:08,832 INFO Team.RED team acquired 1 resources.
2018-05-17 18:23:08,833 INFO Team.BLUE team acquired 2 resources.
2018-05-17 18:23:08,833 INFO Team.RED team acquired 2 resources.
2018-05-17 18:23:10,412 INFO === BATTLE OVER! ===
2018-05-17 18:23:10,412 INFO Team.RED team has won!
2018-05-17 18:23:10,413 INFO -- Stats for team Team.RED --
2018-05-17 18:23:10,413 INFO   * Tiles Moved: 0
2018-05-17 18:23:10,413 INFO   * Ranged Attacks: 0
2018-05-17 18:23:10,413 INFO   * Piece Conflicts: 0
2018-05-17 18:23:10,413 INFO   * Pieces Lost: 0
2018-05-17 18:23:10,413 INFO   * Pieces Built: 0
2018-05-17 18:23:10,413 INFO   * Upgrades Researched: 0
2018-05-17 18:23:10,414 INFO Team.BLUE team has lost.
2018-05-17 18:23:10,414 INFO -- Stats for team Team.BLUE --
2018-05-17 18:23:10,414 INFO   * Tiles Moved: 0
2018-05-17 18:23:10,414 INFO   * Ranged Attacks: 0
2018-05-17 18:23:10,414 INFO   * Piece Conflicts: 0
2018-05-17 18:23:10,414 INFO   * Pieces Lost: 0
2018-05-17 18:23:10,414 INFO   * Pieces Built: 0
2018-05-17 18:23:10,414 INFO   * Upgrades Researched: 0
2018-05-17 18:39:20,626 INFO == TURN 1 BEGIN ==
2018-05-17 18:39:20,626 INFO = Issue Orders phase begins
2018-05-17 18:39:20,637 INFO Team.BLUE team acquired 1 resources.
2018-05-17 18:39:20,637 INFO Team.RED team acquired 1 resources.
2018-05-17 18:39:20,637 INFO Team.BLUE team acquired 2 resources.
2018-05-17 18:39:20,638 INFO Team.RED team acquired 2 resources.
2018-05-17 18:39:22,138 INFO === BATTLE OVER! ===
2018-05-17 18:39:22,138 INFO Team.RED team has lost.
2018-05-17 18:39:22,138 INFO -- Stats for team Team.RED --
2018-05-17 18:39:22,138 INFO   * Tiles Moved: 0
2018-05-17 18:39:22,139 INFO   * Ranged Attacks: 0
2018-05-17 18:39:22,139 INFO   * Piece Conflicts: 0
2018-05-17 18:39:22,139 INFO   * Pieces Lost: 0
2018-05-17 18:39:22,139 INFO   * Pieces Built: 0
2018-05-17 18:39:22,139 INFO   * Upgrades Researched: 0
2018-05-17 18:39:22,139 INFO Team.BLUE team has won!
2018-05-17 18:39:22,139 INFO -- Stats for team Team.BLUE --
2018-05-17 18:39:22,139 INFO   * Tiles Moved: 0
2018-05-17 18:39:22,139 INFO   * Ranged Attacks: 0
2018-05-17 18:39:22,139 INFO   * Piece Conflicts: 0
2018-05-17 18:39:22,139 INFO   * Pieces Lost: 0
2018-05-17 18:39:22,140 INFO   * Pieces Built: 0
2018-05-17 18:39:22,140 INFO   * Upgrades Researched: 0
