2018-05-16 16:25:54,409 INFO BLUE Colonist at tile (13, 9) with 100 HP was assigned the order 'Order: Move to (12, 8)'
2018-05-16 16:25:54,410 INFO = Move phase begins
2018-05-16 16:25:54,425 INFO None moved to (12, 8)
2018-05-16 16:25:54,484 INFO = Build phase begins
2018-05-16 16:25:54,559 INFO = Combat phase begins
2018-05-16 16:25:54,634 INFO = Ranged phase begins
2018-05-16 16:25:54,707 INFO = Special phase begins
2018-05-16 16:25:54,781 INFO = Start Turn phase begins
2018-05-16 16:25:54,782 INFO == TURN 2 BEGIN ==
2018-05-16 16:25:54,797 INFO Team.BLUE team acquired 1 resources.
2018-05-16 16:25:54,797 INFO Team.BLUE team acquired 1 resources.
2018-05-16 16:25:54,797 INFO Team.BLUE team acquired 1 resources.
2018-05-16 16:25:54,798 INFO Team.BLUE team acquired 1 resources.
2018-05-16 16:25:54,798 INFO Team.RED team acquired 2 resources.
2018-05-16 16:25:54,798 INFO Team.BLUE team acquired 2 resources.
2018-05-16 16:25:54,857 INFO = Issue Orders phase begins
2018-05-16 16:26:01,024 INFO BLUE Colonist at tile (13, 9) with 100 HP was assigned the order 'Order: Move to (12, 8)'
2018-05-16 16:26:01,024 INFO = Move phase begins
2018-05-16 16:26:01,036 INFO None moved to (12, 8)
2018-05-16 16:26:01,081 INFO = Build phase begins
2018-05-16 16:26:01,138 INFO = Combat phase begins
2018-05-16 16:26:01,194 INFO = Ranged phase begins
2018-05-16 16:26:01,251 INFO = Special phase begins
2018-05-16 16:26:01,308 INFO = Start Turn phase begins
2018-05-16 16:26:01,308 INFO == TURN 2 BEGIN ==
2018-05-16 16:26:01,320 INFO Team.BLUE team acquired 1 resources.
2018-05-16 16:26:01,320 INFO Team.BLUE team acquired 1 resources.
2018-05-16 16:26:01,320 INFO Team.BLUE team acquired 1 resources.
2018-05-16 16:26:01,320 INFO Team.BLUE team acquired 1 resources.
2018-05-16 16:26:01,320 INFO Team.RED team acquired 2 resources.
2018-05-16 16:26:01,321 INFO Team.BLUE team acquired 2 resources.
2018-05-16 16:26:01,371 INFO = Issue Orders phase begins
2018-05-16 16:26:01,820 INFO BLUE Colonist at tile (12, 8) with 100 HP was assigned the order 'Order: Build a Generator on tile (11, 8)'
2018-05-16 16:26:01,820 INFO = Move phase begins
2018-05-16 16:26:01,876 INFO = Build phase begins
2018-05-16 16:26:01,888 INFO Team.BLUE PieceType.GENERATOR was built on (11, 8). 
2018-05-16 16:26:01,888 INFO Team.BLUE team spent 1 resources.
2018-05-16 16:26:01,933 INFO = Combat phase begins
2018-05-16 16:26:01,990 INFO = Ranged phase begins
2018-05-16 16:26:02,051 INFO = Special phase begins
2018-05-16 16:26:02,107 INFO = Start Turn phase begins
2018-05-16 16:26:02,107 INFO == TURN 3 BEGIN ==
2018-05-16 16:26:02,119 INFO Team.BLUE team acquired 1 resources.
2018-05-16 16:26:02,119 INFO Team.BLUE team acquired 1 resources.
2018-05-16 16:26:02,119 INFO Team.BLUE team acquired 1 resources.
2018-05-16 16:26:02,119 INFO Team.BLUE team acquired 1 resources.
2018-05-16 16:26:02,119 INFO Team.BLUE team acquired 1 resources.
2018-05-16 16:26:02,120 INFO Team.RED team acquired 2 resources.
2018-05-16 16:26:02,120 INFO Team.BLUE team acquired 2 resources.
2018-05-16 16:26:02,165 INFO = Issue Orders phase begins
2018-05-16 16:26:02,615 INFO = Move phase begins
2018-05-16 16:26:02,670 INFO = Build phase begins
2018-05-16 16:26:02,726 INFO = Combat phase begins
2018-05-16 16:26:02,782 INFO = Ranged phase begins
2018-05-16 16:26:02,839 INFO = Special phase begins
2018-05-16 16:26:02,895 INFO = Start Turn phase begins
2018-05-16 16:26:02,895 INFO == TURN 4 BEGIN ==
2018-05-16 16:26:02,907 INFO Team.BLUE team acquired 1 resources.
2018-05-16 16:26:02,907 INFO Team.BLUE team acquired 1 resources.
2018-05-16 16:26:02,907 INFO Team.BLUE team acquired 1 resources.
2018-05-16 16:26:02,907 INFO Team.BLUE team acquired 1 resources.
2018-05-16 16:26:02,907 INFO Team.BLUE team acquired 1 resources.
2018-05-16 16:26:02,907 INFO Team.RED team acquired 2 resources.
2018-05-16 16:26:02,907 INFO Team.BLUE team acquired 2 resources.
2018-05-16 16:26:02,953 INFO = Issue Orders phase begins
2018-05-16 16:26:03,443 INFO = Move phase begins
2018-05-16 16:26:03,500 INFO = Build phase begins
2018-05-16 16:26:03,556 INFO = Combat phase begins
2018-05-16 16:26:03,612 INFO = Ranged phase begins
2018-05-16 16:26:03,669 INFO = Special phase begins
2018-05-16 16:26:03,725 INFO = Start Turn phase begins
2018-05-16 16:26:03,725 INFO == TURN 5 BEGIN ==
2018-05-16 16:26:03,737 INFO Team.BLUE team acquired 1 resources.
2018-05-16 16:26:03,737 INFO Team.BLUE team acquired 1 resources.
2018-05-16 16:26:03,737 INFO Team.BLUE team acquired 1 resources.
2018-05-16 16:26:03,737 INFO Team.BLUE team acquired 1 resources.
2018-05-16 16:26:03,738 INFO Team.BLUE team acquired 1 resources.
2018-05-16 16:26:03,738 INFO Team.RED team acquired 2 resources.
2018-05-16 16:26:03,738 INFO Team.BLUE team acquired 2 resources.
2018-05-16 16:26:03,783 INFO = Issue Orders phase begins
2018-05-16 16:26:04,239 INFO = Move phase begins
2018-05-16 16:26:04,295 INFO = Build phase begins
2018-05-16 16:26:04,352 INFO = Combat phase begins
2018-05-16 16:26:04,408 INFO = Ranged phase begins
2018-05-16 16:26:04,464 INFO = Special phase begins
2018-05-16 16:26:04,521 INFO = Start Turn phase begins
2018-05-16 16:26:04,521 INFO == TURN 6 BEGIN ==
2018-05-16 16:26:04,533 INFO Team.BLUE team acquired 1 resources.
2018-05-16 16:26:04,533 INFO Team.BLUE team acquired 1 resources.
2018-05-16 16:26:04,534 INFO Team.BLUE team acquired 1 resources.
2018-05-16 16:26:04,534 INFO Team.BLUE team acquired 1 resources.
2018-05-16 16:26:04,534 INFO Team.BLUE team acquired 1 resources.
2018-05-16 16:26:04,534 INFO Team.RED team acquired 2 resources.
2018-05-16 16:26:04,534 INFO Team.BLUE team acquired 2 resources.
2018-05-16 16:26:04,578 INFO = Issue Orders phase begins
2018-05-16 16:26:05,064 INFO = Move phase begins
2018-05-16 16:26:05,120 INFO = Build phase begins
2018-05-16 16:26:05,175 INFO = Combat phase begins
2018-05-16 16:26:05,230 INFO = Ranged phase begins
2018-05-16 16:26:05,287 INFO = Special phase begins
2018-05-16 16:26:05,346 INFO = Start Turn phase begins
2018-05-16 16:26:05,346 INFO == TURN 7 BEGIN ==
2018-05-16 16:26:05,358 INFO Team.BLUE team acquired 1 resources.
2018-05-16 16:26:05,358 INFO Team.BLUE team acquired 1 resources.
2018-05-16 16:26:05,358 INFO Team.BLUE team acquired 1 resources.
2018-05-16 16:26:05,358 INFO Team.BLUE team acquired 1 resources.
2018-05-16 16:26:05,358 INFO Team.BLUE team acquired 1 resources.
2018-05-16 16:26:05,359 INFO Team.RED team acquired 2 resources.
2018-05-16 16:26:05,359 INFO Team.BLUE team acquired 2 resources.
2018-05-16 16:26:05,404 INFO = Issue Orders phase begins
2018-05-16 16:26:05,764 INFO = Move phase begins
2018-05-16 16:26:05,821 INFO = Build phase begins
2018-05-16 16:26:05,878 INFO = Combat phase begins
2018-05-16 16:26:05,934 INFO = Ranged phase begins
2018-05-16 16:26:05,990 INFO = Special phase begins
2018-05-16 16:26:06,048 INFO = Start Turn phase begins
2018-05-16 16:26:06,049 INFO == TURN 8 BEGIN ==
2018-05-16 16:26:06,060 INFO Team.BLUE team acquired 1 resources.
2018-05-16 16:26:06,060 INFO Team.BLUE team acquired 1 resources.
2018-05-16 16:26:06,060 INFO Team.BLUE team acquired 1 resources.
2018-05-16 16:26:06,060 INFO Team.BLUE team acquired 1 resources.
2018-05-16 16:26:06,060 INFO Team.BLUE team acquired 1 resources.
2018-05-16 16:26:06,060 INFO Team.RED team acquired 2 resources.
2018-05-16 16:26:06,060 INFO Team.BLUE team acquired 2 resources.
2018-05-16 16:26:06,106 INFO = Issue Orders phase begins
2018-05-16 17:07:42,272 INFO === BATTLE OVER! ===
2018-05-16 17:07:42,272 INFO Team.RED team has lost.
2018-05-16 17:07:42,272 INFO -- Stats for team Team.RED --
2018-05-16 17:07:42,272 INFO   * Tiles Moved: 0
2018-05-16 17:07:42,272 INFO   * Ranged Attacks: 0
2018-05-16 17:07:42,272 INFO   * Piece Conflicts: 0
2018-05-16 17:07:42,272 INFO   * Pieces Lost: 0
2018-05-16 17:07:42,272 INFO   * Pieces Built: 0
2018-05-16 17:07:42,272 INFO   * Upgrades Researched: 0
2018-05-16 17:07:42,272 INFO Team.BLUE team has won!
2018-05-16 17:07:42,272 INFO -- Stats for team Team.BLUE --
2018-05-16 17:07:42,273 INFO   * Tiles Moved: 0
2018-05-16 17:07:42,273 INFO   * Ranged Attacks: 0
2018-05-16 17:07:42,273 INFO   * Piece Conflicts: 0
2018-05-16 17:07:42,273 INFO   * Pieces Lost: 0
2018-05-16 17:07:42,273 INFO   * Pieces Built: 0
2018-05-16 17:07:42,273 INFO   * Upgrades Researched: 0
2018-05-16 17:55:14,015 INFO Team.RED PieceType.COLONIST was built on (8, 4). 
2018-05-16 17:55:19,331 INFO Team.RED PieceType.BARRACKS was built on (9, 5). 
2018-05-16 17:58:40,154 INFO RED Colonist at tile (8, 4) with 100 HP was assigned the order 'Order: Move to (8, 5)'
2018-05-16 17:58:40,155 INFO = Move phase begins
2018-05-16 17:58:40,168 INFO None moved to (8, 5)
2018-05-16 17:58:40,225 INFO = Build phase begins
2018-05-16 17:58:40,293 INFO = Combat phase begins
2018-05-16 17:58:40,358 INFO = Ranged phase begins
2018-05-16 17:58:40,422 INFO = Special phase begins
2018-05-16 17:58:40,487 INFO = Start Turn phase begins
2018-05-16 17:58:40,488 INFO == TURN 2 BEGIN ==
2018-05-16 17:58:40,501 INFO Team.BLUE team acquired 1 resources.
2018-05-16 17:58:40,501 INFO Team.BLUE team acquired 1 resources.
2018-05-16 17:58:40,501 INFO Team.BLUE team acquired 1 resources.
2018-05-16 17:58:40,501 INFO Team.BLUE team acquired 1 resources.
2018-05-16 17:58:40,502 INFO Team.RED team acquired 2 resources.
2018-05-16 17:58:40,502 INFO Team.BLUE team acquired 2 resources.
2018-05-16 17:58:40,557 INFO = Issue Orders phase begins
2018-05-16 17:58:49,111 INFO RED Base at tile (1, 1) with 150 HP was assigned the order 'Order: purchase upgrade UpgradeType.COLONIST_MINING'
2018-05-16 17:58:49,112 INFO = Move phase begins
2018-05-16 17:58:49,178 INFO = Build phase begins
2018-05-16 17:58:49,240 INFO = Combat phase begins
2018-05-16 17:58:49,300 INFO = Ranged phase begins
2018-05-16 17:58:49,367 INFO = Special phase begins
2018-05-16 17:58:49,379 INFO Team.RED team researched the upgrade UpgradeType.COLONIST_MINING
2018-05-16 17:58:49,380 INFO Team.RED team spent 5 resources.
2018-05-16 17:58:49,451 INFO = Start Turn phase begins
2018-05-16 17:58:49,452 INFO == TURN 3 BEGIN ==
2018-05-16 17:58:49,465 INFO Team.BLUE team acquired 1 resources.
2018-05-16 17:58:49,466 INFO Team.BLUE team acquired 1 resources.
2018-05-16 17:58:49,466 INFO Team.BLUE team acquired 1 resources.
2018-05-16 17:58:49,466 INFO Team.BLUE team acquired 1 resources.
2018-05-16 17:58:49,466 INFO Team.RED team acquired 2 resources.
2018-05-16 17:58:49,466 INFO Team.BLUE team acquired 2 resources.
2018-05-16 17:58:49,516 INFO = Issue Orders phase begins
2018-05-16 17:58:54,499 INFO RED Colonist at tile (8, 5) with 100 HP was assigned the order 'Order: Mine Meteor on tile (7, 5)'
2018-05-16 17:58:54,499 INFO = Move phase begins
2018-05-16 17:58:54,563 INFO = Build phase begins
2018-05-16 17:58:54,629 INFO = Combat phase begins
2018-05-16 17:58:54,693 INFO = Ranged phase begins
2018-05-16 17:58:54,759 INFO = Special phase begins
2018-05-16 17:58:54,772 INFO Tile at (7, 5) was mined!
2018-05-16 17:58:54,825 INFO = Start Turn phase begins
2018-05-16 17:58:54,826 INFO == TURN 4 BEGIN ==
2018-05-16 17:58:54,838 INFO Team.BLUE team acquired 1 resources.
2018-05-16 17:58:54,839 INFO Team.BLUE team acquired 1 resources.
2018-05-16 17:58:54,839 INFO Team.BLUE team acquired 1 resources.
2018-05-16 17:58:54,839 INFO Team.BLUE team acquired 1 resources.
2018-05-16 17:58:54,839 INFO Team.RED team acquired 2 resources.
2018-05-16 17:58:54,839 INFO Team.BLUE team acquired 2 resources.
2018-05-16 17:58:54,889 INFO = Issue Orders phase begins
2018-05-16 18:11:48,360 INFO Team.BLUE PieceType.COLONIST was built on (8, 6). 
2018-05-16 18:12:19,360 INFO BLUE Colonist at tile (8, 6) with 100 HP was assigned the order 'Order: Mine Meteor on tile (8, 7)'
2018-05-16 18:12:19,360 INFO BLUE Colonist at tile (8, 6) with 100 HP was assigned the order 'Order: Mine Meteor on tile (8, 7)'
2018-05-16 18:12:19,360 INFO = Move phase begins
2018-05-16 18:12:19,360 INFO = Move phase begins
2018-05-16 18:12:19,426 INFO = Build phase begins
2018-05-16 18:12:19,426 INFO = Build phase begins
2018-05-16 18:12:19,488 INFO = Combat phase begins
2018-05-16 18:12:19,488 INFO = Combat phase begins
2018-05-16 18:12:19,553 INFO = Ranged phase begins
2018-05-16 18:12:19,553 INFO = Ranged phase begins
2018-05-16 18:12:19,621 INFO = Special phase begins
2018-05-16 18:12:19,621 INFO = Special phase begins
2018-05-16 18:12:19,635 INFO Tile at (8, 7) was mined!
2018-05-16 18:12:19,635 INFO Tile at (8, 7) was mined!
2018-05-16 18:12:19,635 INFO Team.BLUE team acquired 5 resources.
2018-05-16 18:12:19,635 INFO Team.BLUE team acquired 5 resources.
2018-05-16 18:12:19,688 INFO = Start Turn phase begins
2018-05-16 18:12:19,688 INFO = Start Turn phase begins
2018-05-16 18:12:19,689 INFO == TURN 2 BEGIN ==
2018-05-16 18:12:19,689 INFO == TURN 2 BEGIN ==
2018-05-16 18:12:19,702 INFO Team.BLUE team acquired 1 resources.
2018-05-16 18:12:19,702 INFO Team.BLUE team acquired 1 resources.
2018-05-16 18:12:19,703 INFO Team.BLUE team acquired 1 resources.
2018-05-16 18:12:19,703 INFO Team.BLUE team acquired 1 resources.
2018-05-16 18:12:19,703 INFO Team.BLUE team acquired 1 resources.
2018-05-16 18:12:19,703 INFO Team.BLUE team acquired 1 resources.
2018-05-16 18:12:19,703 INFO Team.BLUE team acquired 1 resources.
2018-05-16 18:12:19,703 INFO Team.BLUE team acquired 1 resources.
2018-05-16 18:12:19,703 INFO Team.RED team acquired 2 resources.
2018-05-16 18:12:19,703 INFO Team.RED team acquired 2 resources.
2018-05-16 18:12:19,703 INFO Team.BLUE team acquired 2 resources.
2018-05-16 18:12:19,703 INFO Team.BLUE team acquired 2 resources.
2018-05-16 18:12:19,758 INFO = Issue Orders phase begins
2018-05-16 18:12:19,758 INFO = Issue Orders phase begins
2018-05-16 18:12:21,317 INFO BLUE Colonist at tile (8, 6) with 100 HP was assigned the order 'Order: Build a Barracks on tile (9, 6)'
2018-05-16 18:12:21,317 INFO BLUE Colonist at tile (8, 6) with 100 HP was assigned the order 'Order: Build a Barracks on tile (9, 6)'
2018-05-16 18:12:21,317 INFO = Move phase begins
2018-05-16 18:12:21,317 INFO = Move phase begins
2018-05-16 18:12:21,383 INFO = Build phase begins
2018-05-16 18:12:21,383 INFO = Build phase begins
2018-05-16 18:12:21,396 INFO Team.BLUE PieceType.BARRACKS was built on (9, 6). 
2018-05-16 18:12:21,396 INFO Team.BLUE PieceType.BARRACKS was built on (9, 6). 
2018-05-16 18:12:21,397 INFO Team.BLUE team spent 5 resources.
2018-05-16 18:12:21,397 INFO Team.BLUE team spent 5 resources.
2018-05-16 18:12:21,448 INFO = Combat phase begins
2018-05-16 18:12:21,448 INFO = Combat phase begins
2018-05-16 18:12:21,515 INFO = Ranged phase begins
2018-05-16 18:12:21,515 INFO = Ranged phase begins
2018-05-16 18:12:21,580 INFO = Special phase begins
2018-05-16 18:12:21,580 INFO = Special phase begins
2018-05-16 18:12:21,641 INFO = Start Turn phase begins
2018-05-16 18:12:21,641 INFO = Start Turn phase begins
2018-05-16 18:12:21,641 INFO == TURN 3 BEGIN ==
2018-05-16 18:12:21,641 INFO == TURN 3 BEGIN ==
2018-05-16 18:12:21,653 INFO Team.BLUE team acquired 1 resources.
2018-05-16 18:12:21,653 INFO Team.BLUE team acquired 1 resources.
2018-05-16 18:12:21,653 INFO Team.BLUE team acquired 1 resources.
2018-05-16 18:12:21,653 INFO Team.BLUE team acquired 1 resources.
2018-05-16 18:12:21,653 INFO Team.BLUE team acquired 1 resources.
2018-05-16 18:12:21,653 INFO Team.BLUE team acquired 1 resources.
2018-05-16 18:12:21,653 INFO Team.BLUE team acquired 1 resources.
2018-05-16 18:12:21,653 INFO Team.BLUE team acquired 1 resources.
2018-05-16 18:12:21,654 INFO Team.RED team acquired 2 resources.
2018-05-16 18:12:21,654 INFO Team.RED team acquired 2 resources.
2018-05-16 18:12:21,654 INFO Team.BLUE team acquired 2 resources.
2018-05-16 18:12:21,654 INFO Team.BLUE team acquired 2 resources.
2018-05-16 18:12:21,701 INFO = Issue Orders phase begins
2018-05-16 18:12:21,701 INFO = Issue Orders phase begins
2018-05-16 18:12:22,358 INFO BLUE Colonist at tile (8, 6) with 100 HP was assigned the order 'Order: Build a Barracks on tile (8, 7)'
2018-05-16 18:12:22,358 INFO BLUE Colonist at tile (8, 6) with 100 HP was assigned the order 'Order: Build a Barracks on tile (8, 7)'
2018-05-16 18:12:22,358 INFO BLUE Barracks at tile (9, 6) with 100 HP was assigned the order 'Order: Build a Trooper on tile (10, 6)'
2018-05-16 18:12:22,358 INFO BLUE Barracks at tile (9, 6) with 100 HP was assigned the order 'Order: Build a Trooper on tile (10, 6)'
2018-05-16 18:12:22,359 INFO = Move phase begins
2018-05-16 18:12:22,359 INFO = Move phase begins
2018-05-16 18:12:22,423 INFO = Build phase begins
2018-05-16 18:12:22,423 INFO = Build phase begins
2018-05-16 18:12:22,437 INFO Team.BLUE PieceType.TROOPER was built on (10, 6). 
2018-05-16 18:12:22,437 INFO Team.BLUE PieceType.TROOPER was built on (10, 6). 
2018-05-16 18:12:22,437 INFO Team.BLUE team spent 3 resources.
2018-05-16 18:12:22,437 INFO Team.BLUE team spent 3 resources.
2018-05-16 18:12:22,438 INFO Team.BLUE PieceType.BARRACKS was built on (8, 7). 
2018-05-16 18:12:22,438 INFO Team.BLUE PieceType.BARRACKS was built on (8, 7). 
2018-05-16 18:12:22,438 INFO Team.BLUE team spent 5 resources.
2018-05-16 18:12:22,438 INFO Team.BLUE team spent 5 resources.
2018-05-16 18:12:22,490 INFO = Combat phase begins
2018-05-16 18:12:22,490 INFO = Combat phase begins
2018-05-16 18:12:22,554 INFO = Ranged phase begins
2018-05-16 18:12:22,554 INFO = Ranged phase begins
2018-05-16 18:12:22,618 INFO = Special phase begins
2018-05-16 18:12:22,618 INFO = Special phase begins
2018-05-16 18:12:22,680 INFO = Start Turn phase begins
2018-05-16 18:12:22,680 INFO = Start Turn phase begins
2018-05-16 18:12:22,681 INFO == TURN 4 BEGIN ==
2018-05-16 18:12:22,681 INFO == TURN 4 BEGIN ==
2018-05-16 18:12:22,693 INFO Team.BLUE team acquired 1 resources.
2018-05-16 18:12:22,693 INFO Team.BLUE team acquired 1 resources.
2018-05-16 18:12:22,693 INFO Team.BLUE team acquired 1 resources.
2018-05-16 18:12:22,693 INFO Team.BLUE team acquired 1 resources.
2018-05-16 18:12:22,693 INFO Team.BLUE team acquired 1 resources.
2018-05-16 18:12:22,693 INFO Team.BLUE team acquired 1 resources.
2018-05-16 18:12:22,693 INFO Team.BLUE team acquired 1 resources.
2018-05-16 18:12:22,693 INFO Team.BLUE team acquired 1 resources.
2018-05-16 18:12:22,694 INFO Team.RED team acquired 2 resources.
2018-05-16 18:12:22,694 INFO Team.RED team acquired 2 resources.
2018-05-16 18:12:22,694 INFO Team.BLUE team acquired 2 resources.
2018-05-16 18:12:22,694 INFO Team.BLUE team acquired 2 resources.
2018-05-16 18:12:22,751 INFO = Issue Orders phase begins
2018-05-16 18:12:22,751 INFO = Issue Orders phase begins
2018-05-16 18:12:23,252 INFO BLUE Colonist at tile (8, 6) with 100 HP was assigned the order 'Order: Build a Tech Lab on tile (8, 5)'
2018-05-16 18:12:23,252 INFO BLUE Colonist at tile (8, 6) with 100 HP was assigned the order 'Order: Build a Tech Lab on tile (8, 5)'
2018-05-16 18:12:23,252 INFO BLUE Barracks at tile (9, 6) with 100 HP was assigned the order 'Order: Build a Ranger on tile (10, 6)'
2018-05-16 18:12:23,252 INFO BLUE Barracks at tile (9, 6) with 100 HP was assigned the order 'Order: Build a Ranger on tile (10, 6)'
2018-05-16 18:12:23,252 INFO BLUE Trooper at tile (10, 6) with 100 HP was assigned the order 'Order: Move to (9, 5)'
2018-05-16 18:12:23,252 INFO BLUE Trooper at tile (10, 6) with 100 HP was assigned the order 'Order: Move to (9, 5)'
2018-05-16 18:12:23,252 INFO BLUE Barracks at tile (8, 7) with 100 HP was assigned the order 'Order: Build a Ranger on tile (9, 7)'
2018-05-16 18:12:23,252 INFO BLUE Barracks at tile (8, 7) with 100 HP was assigned the order 'Order: Build a Ranger on tile (9, 7)'
2018-05-16 18:12:23,252 INFO = Move phase begins
2018-05-16 18:12:23,252 INFO = Move phase begins
2018-05-16 18:12:23,266 INFO None moved to (9, 5)
2018-05-16 18:12:23,266 INFO None moved to (9, 5)
2018-05-16 18:12:23,317 INFO = Build phase begins
2018-05-16 18:12:23,317 INFO = Build phase begins
2018-05-16 18:12:23,331 INFO Team.BLUE PieceType.RANGER was built on (9, 7). 
2018-05-16 18:12:23,331 INFO Team.BLUE PieceType.RANGER was built on (9, 7). 
2018-05-16 18:12:23,331 INFO Team.BLUE team spent 3 resources.
2018-05-16 18:12:23,331 INFO Team.BLUE team spent 3 resources.
2018-05-16 18:12:23,332 INFO Team.BLUE PieceType.RANGER was built on (10, 6). 
2018-05-16 18:12:23,332 INFO Team.BLUE PieceType.RANGER was built on (10, 6). 
2018-05-16 18:12:23,332 INFO Team.BLUE team spent 3 resources.
2018-05-16 18:12:23,332 INFO Team.BLUE team spent 3 resources.
2018-05-16 18:12:23,332 INFO Team.BLUE PieceType.TECHLAB was built on (8, 5). 
2018-05-16 18:12:23,332 INFO Team.BLUE PieceType.TECHLAB was built on (8, 5). 
2018-05-16 18:12:23,332 INFO Team.BLUE team spent 2 resources.
2018-05-16 18:12:23,332 INFO Team.BLUE team spent 2 resources.
2018-05-16 18:12:23,387 INFO = Combat phase begins
2018-05-16 18:12:23,387 INFO = Combat phase begins
2018-05-16 18:12:23,457 INFO = Ranged phase begins
2018-05-16 18:12:23,457 INFO = Ranged phase begins
2018-05-16 18:12:23,527 INFO = Special phase begins
2018-05-16 18:12:23,527 INFO = Special phase begins
2018-05-16 18:12:23,593 INFO = Start Turn phase begins
2018-05-16 18:12:23,593 INFO = Start Turn phase begins
2018-05-16 18:12:23,594 INFO == TURN 5 BEGIN ==
2018-05-16 18:12:23,594 INFO == TURN 5 BEGIN ==
2018-05-16 18:12:23,608 INFO Team.BLUE team acquired 1 resources.
2018-05-16 18:12:23,608 INFO Team.BLUE team acquired 1 resources.
2018-05-16 18:12:23,608 INFO Team.BLUE team acquired 1 resources.
2018-05-16 18:12:23,608 INFO Team.BLUE team acquired 1 resources.
2018-05-16 18:12:23,608 INFO Team.BLUE team acquired 1 resources.
2018-05-16 18:12:23,608 INFO Team.BLUE team acquired 1 resources.
2018-05-16 18:12:23,608 INFO Team.BLUE team acquired 1 resources.
2018-05-16 18:12:23,608 INFO Team.BLUE team acquired 1 resources.
2018-05-16 18:12:23,609 INFO Team.RED team acquired 2 resources.
2018-05-16 18:12:23,609 INFO Team.RED team acquired 2 resources.
2018-05-16 18:12:23,609 INFO Team.BLUE team acquired 2 resources.
2018-05-16 18:12:23,609 INFO Team.BLUE team acquired 2 resources.
2018-05-16 18:12:23,661 INFO = Issue Orders phase begins
2018-05-16 18:12:23,661 INFO = Issue Orders phase begins
2018-05-16 18:12:24,776 INFO BLUE Colonist at tile (8, 6) with 100 HP was assigned the order 'Order: Move to (7, 4)'
2018-05-16 18:12:24,776 INFO BLUE Colonist at tile (8, 6) with 100 HP was assigned the order 'Order: Move to (7, 4)'
2018-05-16 18:12:24,776 INFO BLUE Barracks at tile (9, 6) with 100 HP was assigned the order 'Order: Build a Ghost on tile (10, 6)'
2018-05-16 18:12:24,776 INFO BLUE Barracks at tile (9, 6) with 100 HP was assigned the order 'Order: Build a Ghost on tile (10, 6)'
2018-05-16 18:12:24,776 INFO BLUE Barracks at tile (8, 7) with 100 HP was assigned the order 'Order: Build a Ghost on tile (9, 7)'
2018-05-16 18:12:24,776 INFO BLUE Barracks at tile (8, 7) with 100 HP was assigned the order 'Order: Build a Ghost on tile (9, 7)'
2018-05-16 18:12:24,776 INFO BLUE Trooper at tile (9, 5) with 100 HP was assigned the order 'Order: Move to (8, 4)'
2018-05-16 18:12:24,776 INFO BLUE Trooper at tile (9, 5) with 100 HP was assigned the order 'Order: Move to (8, 4)'
2018-05-16 18:12:24,776 INFO BLUE Ranger at tile (9, 7) with 90 HP was assigned the order 'Order: Move to (8, 8)'
2018-05-16 18:12:24,776 INFO BLUE Ranger at tile (9, 7) with 90 HP was assigned the order 'Order: Move to (8, 8)'
2018-05-16 18:12:24,776 INFO BLUE Ranger at tile (10, 6) with 90 HP was assigned the order 'Order: Move to (9, 5)'
2018-05-16 18:12:24,776 INFO BLUE Ranger at tile (10, 6) with 90 HP was assigned the order 'Order: Move to (9, 5)'
2018-05-16 18:12:24,776 INFO = Move phase begins
2018-05-16 18:12:24,776 INFO = Move phase begins
2018-05-16 18:12:24,790 INFO None moved to (9, 5)
2018-05-16 18:12:24,790 INFO None moved to (9, 5)
2018-05-16 18:12:24,791 INFO None moved to (8, 8)
2018-05-16 18:12:24,791 INFO None moved to (8, 8)
2018-05-16 18:12:24,791 INFO BLUE Ranger at tile (9, 5) with 90 HP moved to (8, 4)
2018-05-16 18:12:24,791 INFO BLUE Ranger at tile (9, 5) with 90 HP moved to (8, 4)
2018-05-16 18:12:24,792 INFO None moved to (7, 4)
2018-05-16 18:12:24,792 INFO None moved to (7, 4)
2018-05-16 18:12:24,844 INFO = Build phase begins
2018-05-16 18:12:24,844 INFO = Build phase begins
2018-05-16 18:12:24,857 INFO Team.BLUE PieceType.GHOST was built on (9, 7). 
2018-05-16 18:12:24,857 INFO Team.BLUE PieceType.GHOST was built on (9, 7). 
2018-05-16 18:12:24,857 INFO Team.BLUE team spent 3 resources.
2018-05-16 18:12:24,857 INFO Team.BLUE team spent 3 resources.
2018-05-16 18:12:24,858 INFO Team.BLUE PieceType.GHOST was built on (10, 6). 
2018-05-16 18:12:24,858 INFO Team.BLUE PieceType.GHOST was built on (10, 6). 
2018-05-16 18:12:24,858 INFO Team.BLUE team spent 3 resources.
2018-05-16 18:12:24,858 INFO Team.BLUE team spent 3 resources.
2018-05-16 18:12:24,907 INFO = Combat phase begins
2018-05-16 18:12:24,907 INFO = Combat phase begins
2018-05-16 18:12:24,978 INFO = Ranged phase begins
2018-05-16 18:12:24,978 INFO = Ranged phase begins
2018-05-16 18:12:25,049 INFO = Special phase begins
2018-05-16 18:12:25,049 INFO = Special phase begins
2018-05-16 18:12:25,115 INFO = Start Turn phase begins
2018-05-16 18:12:25,115 INFO = Start Turn phase begins
2018-05-16 18:12:25,116 INFO == TURN 6 BEGIN ==
2018-05-16 18:12:25,116 INFO == TURN 6 BEGIN ==
2018-05-16 18:12:25,129 INFO Team.BLUE team acquired 1 resources.
2018-05-16 18:12:25,129 INFO Team.BLUE team acquired 1 resources.
2018-05-16 18:12:25,129 INFO Team.BLUE team acquired 1 resources.
2018-05-16 18:12:25,129 INFO Team.BLUE team acquired 1 resources.
2018-05-16 18:12:25,129 INFO Team.BLUE team acquired 1 resources.
2018-05-16 18:12:25,129 INFO Team.BLUE team acquired 1 resources.
2018-05-16 18:12:25,129 INFO Team.BLUE team acquired 1 resources.
2018-05-16 18:12:25,129 INFO Team.BLUE team acquired 1 resources.
2018-05-16 18:12:25,130 INFO Team.RED team acquired 2 resources.
2018-05-16 18:12:25,130 INFO Team.RED team acquired 2 resources.
2018-05-16 18:12:25,130 INFO Team.BLUE team acquired 2 resources.
2018-05-16 18:12:25,130 INFO Team.BLUE team acquired 2 resources.
2018-05-16 18:12:25,182 INFO = Issue Orders phase begins
2018-05-16 18:12:25,182 INFO = Issue Orders phase begins
2018-05-16 18:12:25,678 INFO BLUE Barracks at tile (9, 6) with 100 HP was assigned the order 'Order: Build a Trooper on tile (10, 6)'
2018-05-16 18:12:25,678 INFO BLUE Barracks at tile (9, 6) with 100 HP was assigned the order 'Order: Build a Trooper on tile (10, 6)'
2018-05-16 18:12:25,678 INFO BLUE Barracks at tile (8, 7) with 100 HP was assigned the order 'Order: Build a Trooper on tile (9, 7)'
2018-05-16 18:12:25,678 INFO BLUE Barracks at tile (8, 7) with 100 HP was assigned the order 'Order: Build a Trooper on tile (9, 7)'
2018-05-16 18:12:25,678 INFO BLUE Ranger at tile (9, 5) with 90 HP was assigned the order 'Order: Move to (8, 4)'
2018-05-16 18:12:25,678 INFO BLUE Ranger at tile (9, 5) with 90 HP was assigned the order 'Order: Move to (8, 4)'
2018-05-16 18:12:25,678 INFO BLUE Ranger at tile (8, 8) with 90 HP was assigned the order 'Order: Move to (6, 8)'
2018-05-16 18:12:25,678 INFO BLUE Ranger at tile (8, 8) with 90 HP was assigned the order 'Order: Move to (6, 8)'
2018-05-16 18:12:25,678 INFO BLUE Trooper at tile (8, 4) with 100 HP was assigned the order 'Order: Move to (6, 4)'
2018-05-16 18:12:25,678 INFO BLUE Trooper at tile (8, 4) with 100 HP was assigned the order 'Order: Move to (6, 4)'
2018-05-16 18:12:25,678 INFO BLUE Colonist at tile (7, 4) with 100 HP was assigned the order 'Order: Mine Meteor on tile (7, 5)'
2018-05-16 18:12:25,678 INFO BLUE Colonist at tile (7, 4) with 100 HP was assigned the order 'Order: Mine Meteor on tile (7, 5)'
2018-05-16 18:12:25,678 INFO BLUE Ghost at tile (9, 7) with 80 HP was assigned the order 'Order: Move to (10, 8)'
2018-05-16 18:12:25,678 INFO BLUE Ghost at tile (9, 7) with 80 HP was assigned the order 'Order: Move to (10, 8)'
2018-05-16 18:12:25,678 INFO BLUE Ghost at tile (10, 6) with 80 HP was assigned the order 'Order: Move to (11, 7)'
2018-05-16 18:12:25,678 INFO BLUE Ghost at tile (10, 6) with 80 HP was assigned the order 'Order: Move to (11, 7)'
2018-05-16 18:12:25,679 INFO = Move phase begins
2018-05-16 18:12:25,679 INFO = Move phase begins
2018-05-16 18:12:25,691 INFO None moved to (11, 7)
2018-05-16 18:12:25,691 INFO None moved to (11, 7)
2018-05-16 18:12:25,692 INFO None moved to (10, 8)
2018-05-16 18:12:25,692 INFO None moved to (10, 8)
2018-05-16 18:12:25,692 INFO None moved to (8, 4)
2018-05-16 18:12:25,692 INFO None moved to (8, 4)
2018-05-16 18:12:25,692 INFO None moved to (6, 8)
2018-05-16 18:12:25,692 INFO None moved to (6, 8)
2018-05-16 18:12:25,692 INFO BLUE Ranger at tile (8, 4) with 90 HP moved to (6, 4)
2018-05-16 18:12:25,692 INFO BLUE Ranger at tile (8, 4) with 90 HP moved to (6, 4)
2018-05-16 18:12:25,745 INFO = Build phase begins
2018-05-16 18:12:25,745 INFO = Build phase begins
2018-05-16 18:12:25,760 INFO Team.BLUE PieceType.TROOPER was built on (9, 7). 
2018-05-16 18:12:25,760 INFO Team.BLUE PieceType.TROOPER was built on (9, 7). 
2018-05-16 18:12:25,761 INFO Team.BLUE team spent 3 resources.
2018-05-16 18:12:25,761 INFO Team.BLUE team spent 3 resources.
2018-05-16 18:12:25,761 INFO Team.BLUE PieceType.TROOPER was built on (10, 6). 
2018-05-16 18:12:25,761 INFO Team.BLUE PieceType.TROOPER was built on (10, 6). 
2018-05-16 18:12:25,762 INFO Team.BLUE team spent 3 resources.
2018-05-16 18:12:25,762 INFO Team.BLUE team spent 3 resources.
2018-05-16 18:12:25,826 INFO = Combat phase begins
2018-05-16 18:12:25,826 INFO = Combat phase begins
2018-05-16 18:12:25,893 INFO = Ranged phase begins
2018-05-16 18:12:25,893 INFO = Ranged phase begins
2018-05-16 18:12:25,960 INFO = Special phase begins
2018-05-16 18:12:25,960 INFO = Special phase begins
2018-05-16 18:12:25,972 INFO Tile at (7, 5) was mined!
2018-05-16 18:12:25,972 INFO Tile at (7, 5) was mined!
2018-05-16 18:12:25,972 INFO Team.BLUE team acquired 5 resources.
2018-05-16 18:12:25,972 INFO Team.BLUE team acquired 5 resources.
2018-05-16 18:12:26,025 INFO = Start Turn phase begins
2018-05-16 18:12:26,025 INFO = Start Turn phase begins
2018-05-16 18:12:26,026 INFO == TURN 7 BEGIN ==
2018-05-16 18:12:26,026 INFO == TURN 7 BEGIN ==
2018-05-16 18:12:26,039 INFO Team.BLUE team acquired 1 resources.
2018-05-16 18:12:26,039 INFO Team.BLUE team acquired 1 resources.
2018-05-16 18:12:26,039 INFO Team.BLUE team acquired 1 resources.
2018-05-16 18:12:26,039 INFO Team.BLUE team acquired 1 resources.
2018-05-16 18:12:26,040 INFO Team.BLUE team acquired 1 resources.
2018-05-16 18:12:26,040 INFO Team.BLUE team acquired 1 resources.
2018-05-16 18:12:26,040 INFO Team.BLUE team acquired 1 resources.
2018-05-16 18:12:26,040 INFO Team.BLUE team acquired 1 resources.
2018-05-16 18:12:26,040 INFO Team.RED team acquired 2 resources.
2018-05-16 18:12:26,040 INFO Team.RED team acquired 2 resources.
2018-05-16 18:12:26,040 INFO Team.BLUE team acquired 2 resources.
2018-05-16 18:12:26,040 INFO Team.BLUE team acquired 2 resources.
2018-05-16 18:12:26,094 INFO = Issue Orders phase begins
2018-05-16 18:12:26,094 INFO = Issue Orders phase begins
2018-05-16 18:12:28,885 INFO BLUE Barracks at tile (9, 6) with 100 HP was assigned the order 'Order: Build a Ranger on tile (10, 6)'
2018-05-16 18:12:28,885 INFO BLUE Barracks at tile (9, 6) with 100 HP was assigned the order 'Order: Build a Ranger on tile (10, 6)'
2018-05-16 18:12:28,885 INFO BLUE Barracks at tile (8, 7) with 100 HP was assigned the order 'Order: Build a Ranger on tile (9, 7)'
2018-05-16 18:12:28,885 INFO BLUE Barracks at tile (8, 7) with 100 HP was assigned the order 'Order: Build a Ranger on tile (9, 7)'
2018-05-16 18:12:28,886 INFO BLUE Ranger at tile (8, 4) with 90 HP was assigned the order 'Order: Move to (6, 4)'
2018-05-16 18:12:28,886 INFO BLUE Ranger at tile (8, 4) with 90 HP was assigned the order 'Order: Move to (6, 4)'
2018-05-16 18:12:28,886 INFO BLUE Colonist at tile (7, 4) with 100 HP was assigned the order 'Order: Move to (9, 5)'
2018-05-16 18:12:28,886 INFO BLUE Colonist at tile (7, 4) with 100 HP was assigned the order 'Order: Move to (9, 5)'
2018-05-16 18:12:28,886 INFO BLUE Ghost at tile (10, 8) with 80 HP was assigned the order 'Order: Move to (11, 6)'
2018-05-16 18:12:28,886 INFO BLUE Ghost at tile (10, 8) with 80 HP was assigned the order 'Order: Move to (11, 6)'
2018-05-16 18:12:28,886 INFO BLUE Ranger at tile (6, 8) with 90 HP was assigned the order 'Order: Move to (6, 7)'
2018-05-16 18:12:28,886 INFO BLUE Ranger at tile (6, 8) with 90 HP was assigned the order 'Order: Move to (6, 7)'
2018-05-16 18:12:28,886 INFO BLUE Trooper at tile (6, 4) with 100 HP was assigned the order 'Order: Move to (6, 6)'
2018-05-16 18:12:28,886 INFO BLUE Trooper at tile (6, 4) with 100 HP was assigned the order 'Order: Move to (6, 6)'
2018-05-16 18:12:28,886 INFO BLUE Trooper at tile (9, 7) with 100 HP was assigned the order 'Order: Move to (10, 8)'
2018-05-16 18:12:28,886 INFO BLUE Trooper at tile (9, 7) with 100 HP was assigned the order 'Order: Move to (10, 8)'
2018-05-16 18:12:28,886 INFO BLUE Trooper at tile (10, 6) with 100 HP was assigned the order 'Order: Move to (10, 5)'
2018-05-16 18:12:28,886 INFO BLUE Trooper at tile (10, 6) with 100 HP was assigned the order 'Order: Move to (10, 5)'
2018-05-16 18:12:28,886 INFO = Move phase begins
2018-05-16 18:12:28,886 INFO = Move phase begins
2018-05-16 18:12:28,898 INFO None moved to (10, 5)
2018-05-16 18:12:28,898 INFO None moved to (10, 5)
2018-05-16 18:12:28,899 INFO None moved to (10, 8)
2018-05-16 18:12:28,899 INFO None moved to (10, 8)
2018-05-16 18:12:28,899 INFO BLUE Trooper at tile (10, 8) with 100 HP moved to (11, 6)
2018-05-16 18:12:28,899 INFO BLUE Trooper at tile (10, 8) with 100 HP moved to (11, 6)
2018-05-16 18:12:28,899 INFO None moved to (6, 4)
2018-05-16 18:12:28,899 INFO None moved to (6, 4)
2018-05-16 18:12:28,899 INFO None moved to (6, 7)
2018-05-16 18:12:28,899 INFO None moved to (6, 7)
2018-05-16 18:12:28,899 INFO BLUE Ranger at tile (6, 4) with 90 HP moved to (6, 6)
2018-05-16 18:12:28,899 INFO BLUE Ranger at tile (6, 4) with 90 HP moved to (6, 6)
2018-05-16 18:12:28,900 INFO None moved to (9, 5)
2018-05-16 18:12:28,900 INFO None moved to (9, 5)
2018-05-16 18:12:28,949 INFO = Build phase begins
2018-05-16 18:12:28,949 INFO = Build phase begins
2018-05-16 18:12:28,963 INFO Team.BLUE PieceType.RANGER was built on (9, 7). 
2018-05-16 18:12:28,963 INFO Team.BLUE PieceType.RANGER was built on (9, 7). 
2018-05-16 18:12:28,963 INFO Team.BLUE team spent 3 resources.
2018-05-16 18:12:28,963 INFO Team.BLUE team spent 3 resources.
2018-05-16 18:12:28,963 INFO Team.BLUE PieceType.RANGER was built on (10, 6). 
2018-05-16 18:12:28,963 INFO Team.BLUE PieceType.RANGER was built on (10, 6). 
2018-05-16 18:12:28,963 INFO Team.BLUE team spent 3 resources.
2018-05-16 18:12:28,963 INFO Team.BLUE team spent 3 resources.
2018-05-16 18:12:29,015 INFO = Combat phase begins
2018-05-16 18:12:29,015 INFO = Combat phase begins
2018-05-16 18:12:29,081 INFO = Ranged phase begins
2018-05-16 18:12:29,081 INFO = Ranged phase begins
2018-05-16 18:12:29,148 INFO = Special phase begins
2018-05-16 18:12:29,148 INFO = Special phase begins
2018-05-16 18:12:29,218 INFO = Start Turn phase begins
2018-05-16 18:12:29,218 INFO = Start Turn phase begins
2018-05-16 18:12:29,218 INFO == TURN 8 BEGIN ==
2018-05-16 18:12:29,218 INFO == TURN 8 BEGIN ==
2018-05-16 18:12:29,231 INFO Team.BLUE team acquired 1 resources.
2018-05-16 18:12:29,231 INFO Team.BLUE team acquired 1 resources.
2018-05-16 18:12:29,231 INFO Team.BLUE team acquired 1 resources.
2018-05-16 18:12:29,231 INFO Team.BLUE team acquired 1 resources.
2018-05-16 18:12:29,232 INFO Team.BLUE team acquired 1 resources.
2018-05-16 18:12:29,232 INFO Team.BLUE team acquired 1 resources.
2018-05-16 18:12:29,232 INFO Team.BLUE team acquired 1 resources.
2018-05-16 18:12:29,232 INFO Team.BLUE team acquired 1 resources.
2018-05-16 18:12:29,232 INFO Team.RED team acquired 2 resources.
2018-05-16 18:12:29,232 INFO Team.RED team acquired 2 resources.
2018-05-16 18:12:29,232 INFO Team.BLUE team acquired 2 resources.
2018-05-16 18:12:29,232 INFO Team.BLUE team acquired 2 resources.
2018-05-16 18:12:29,284 INFO = Issue Orders phase begins
2018-05-16 18:12:29,284 INFO = Issue Orders phase begins
2018-05-16 18:12:29,861 INFO BLUE Barracks at tile (9, 6) with 100 HP was assigned the order 'Order: Build a Ghost on tile (10, 6)'
2018-05-16 18:12:29,861 INFO BLUE Barracks at tile (9, 6) with 100 HP was assigned the order 'Order: Build a Ghost on tile (10, 6)'
2018-05-16 18:12:29,861 INFO BLUE Barracks at tile (8, 7) with 100 HP was assigned the order 'Order: Build a Ghost on tile (9, 7)'
2018-05-16 18:12:29,861 INFO BLUE Barracks at tile (8, 7) with 100 HP was assigned the order 'Order: Build a Ghost on tile (9, 7)'
2018-05-16 18:12:29,861 INFO BLUE Trooper at tile (10, 8) with 100 HP was assigned the order 'Order: Move to (8, 8)'
2018-05-16 18:12:29,861 INFO BLUE Trooper at tile (10, 8) with 100 HP was assigned the order 'Order: Move to (8, 8)'
2018-05-16 18:12:29,861 INFO BLUE Ranger at tile (6, 4) with 90 HP was assigned the order 'Order: Move to (6, 6)'
2018-05-16 18:12:29,861 INFO BLUE Ranger at tile (6, 4) with 90 HP was assigned the order 'Order: Move to (6, 6)'
2018-05-16 18:12:29,861 INFO BLUE Trooper at tile (10, 5) with 100 HP was assigned the order 'Order: Move to (9, 5)'
2018-05-16 18:12:29,861 INFO BLUE Trooper at tile (10, 5) with 100 HP was assigned the order 'Order: Move to (9, 5)'
2018-05-16 18:12:29,862 INFO BLUE Ghost at tile (11, 6) with 80 HP was assigned the order 'Order: Move to (11, 5)'
2018-05-16 18:12:29,862 INFO BLUE Ghost at tile (11, 6) with 80 HP was assigned the order 'Order: Move to (11, 5)'
2018-05-16 18:12:29,862 INFO BLUE Ranger at tile (6, 7) with 90 HP was assigned the order 'Order: Move to (5, 6)'
2018-05-16 18:12:29,862 INFO BLUE Ranger at tile (6, 7) with 90 HP was assigned the order 'Order: Move to (5, 6)'
2018-05-16 18:12:29,862 INFO BLUE Trooper at tile (6, 6) with 100 HP was assigned the order 'Order: Move to (4, 6)'
2018-05-16 18:12:29,862 INFO BLUE Trooper at tile (6, 6) with 100 HP was assigned the order 'Order: Move to (4, 6)'
2018-05-16 18:12:29,862 INFO BLUE Colonist at tile (9, 5) with 100 HP was assigned the order 'Order: Move to (11, 6)'
2018-05-16 18:12:29,862 INFO BLUE Colonist at tile (9, 5) with 100 HP was assigned the order 'Order: Move to (11, 6)'
2018-05-16 18:12:29,862 INFO BLUE Ranger at tile (9, 7) with 90 HP was assigned the order 'Order: Move to (10, 8)'
2018-05-16 18:12:29,862 INFO BLUE Ranger at tile (9, 7) with 90 HP was assigned the order 'Order: Move to (10, 8)'
2018-05-16 18:12:29,862 INFO BLUE Ranger at tile (10, 6) with 90 HP was assigned the order 'Order: Move to (10, 5)'
2018-05-16 18:12:29,862 INFO BLUE Ranger at tile (10, 6) with 90 HP was assigned the order 'Order: Move to (10, 5)'
2018-05-16 18:12:29,862 INFO = Move phase begins
2018-05-16 18:12:29,862 INFO = Move phase begins
2018-05-16 18:12:29,876 INFO None moved to (10, 5)
2018-05-16 18:12:29,876 INFO None moved to (10, 5)
2018-05-16 18:12:29,876 INFO None moved to (10, 8)
2018-05-16 18:12:29,876 INFO None moved to (10, 8)
2018-05-16 18:12:29,876 INFO BLUE Ranger at tile (10, 5) with 90 HP moved to (9, 5)
2018-05-16 18:12:29,876 INFO BLUE Ranger at tile (10, 5) with 90 HP moved to (9, 5)
2018-05-16 18:12:29,877 INFO BLUE Ranger at tile (10, 8) with 90 HP moved to (8, 8)
2018-05-16 18:12:29,877 INFO BLUE Ranger at tile (10, 8) with 90 HP moved to (8, 8)
2018-05-16 18:12:29,877 INFO None moved to (11, 5)
2018-05-16 18:12:29,877 INFO None moved to (11, 5)
2018-05-16 18:12:29,877 INFO None moved to (6, 6)
2018-05-16 18:12:29,877 INFO None moved to (6, 6)
2018-05-16 18:12:29,877 INFO None moved to (5, 6)
2018-05-16 18:12:29,877 INFO None moved to (5, 6)
2018-05-16 18:12:29,877 INFO BLUE Ranger at tile (6, 6) with 90 HP moved to (4, 6)
2018-05-16 18:12:29,877 INFO BLUE Ranger at tile (6, 6) with 90 HP moved to (4, 6)
2018-05-16 18:12:29,878 INFO BLUE Trooper at tile (9, 5) with 100 HP moved to (11, 6)
2018-05-16 18:12:29,878 INFO BLUE Trooper at tile (9, 5) with 100 HP moved to (11, 6)
2018-05-16 18:12:29,935 INFO = Build phase begins
2018-05-16 18:12:29,935 INFO = Build phase begins
2018-05-16 18:12:29,949 INFO Team.BLUE PieceType.GHOST was built on (9, 7). 
2018-05-16 18:12:29,949 INFO Team.BLUE PieceType.GHOST was built on (9, 7). 
2018-05-16 18:12:29,950 INFO Team.BLUE team spent 3 resources.
2018-05-16 18:12:29,950 INFO Team.BLUE team spent 3 resources.
2018-05-16 18:12:29,950 INFO Team.BLUE PieceType.GHOST was built on (10, 6). 
2018-05-16 18:12:29,950 INFO Team.BLUE PieceType.GHOST was built on (10, 6). 
2018-05-16 18:12:29,950 INFO Team.BLUE team spent 3 resources.
2018-05-16 18:12:29,950 INFO Team.BLUE team spent 3 resources.
2018-05-16 18:12:30,006 INFO = Combat phase begins
2018-05-16 18:12:30,006 INFO = Combat phase begins
2018-05-16 18:12:30,077 INFO = Ranged phase begins
2018-05-16 18:12:30,077 INFO = Ranged phase begins
2018-05-16 18:12:30,141 INFO = Special phase begins
2018-05-16 18:12:30,141 INFO = Special phase begins
2018-05-16 18:12:30,204 INFO = Start Turn phase begins
2018-05-16 18:12:30,204 INFO = Start Turn phase begins
2018-05-16 18:12:30,205 INFO == TURN 9 BEGIN ==
2018-05-16 18:12:30,205 INFO == TURN 9 BEGIN ==
2018-05-16 18:12:30,218 INFO Team.BLUE team acquired 1 resources.
2018-05-16 18:12:30,218 INFO Team.BLUE team acquired 1 resources.
2018-05-16 18:12:30,218 INFO Team.BLUE team acquired 1 resources.
2018-05-16 18:12:30,218 INFO Team.BLUE team acquired 1 resources.
2018-05-16 18:12:30,219 INFO Team.BLUE team acquired 1 resources.
2018-05-16 18:12:30,219 INFO Team.BLUE team acquired 1 resources.
2018-05-16 18:12:30,219 INFO Team.BLUE team acquired 1 resources.
2018-05-16 18:12:30,219 INFO Team.BLUE team acquired 1 resources.
2018-05-16 18:12:30,219 INFO Team.RED team acquired 2 resources.
2018-05-16 18:12:30,219 INFO Team.RED team acquired 2 resources.
2018-05-16 18:12:30,219 INFO Team.BLUE team acquired 2 resources.
2018-05-16 18:12:30,219 INFO Team.BLUE team acquired 2 resources.
2018-05-16 18:12:30,270 INFO = Issue Orders phase begins
2018-05-16 18:12:30,270 INFO = Issue Orders phase begins
