2018-04-25 18:52:07,936 INFO BLUE Ranger at tile (7, 7) with 90 HP was assigned the order 'Order: Move to (6, 6)'
2018-04-25 18:52:07,936 INFO = Move phase begins
2018-04-25 18:52:07,947 INFO None moved to (6, 6)
2018-04-25 18:52:07,979 INFO = Build phase begins
2018-04-25 18:52:08,023 INFO = Combat phase begins
2018-04-25 18:52:08,068 INFO = Ranged phase begins
2018-04-25 18:52:08,111 INFO = Special phase begins
2018-04-25 18:52:08,156 INFO = Start Turn phase begins
2018-04-25 18:52:08,156 INFO == TURN 2 BEGIN ==
2018-04-25 18:52:08,166 INFO Team.BLUE team acquired 1 resources.
2018-04-25 18:52:08,167 INFO Team.BLUE team acquired 1 resources.
2018-04-25 18:52:08,167 INFO Team.BLUE team acquired 2 resources.
2018-04-25 18:52:08,167 INFO Team.RED team acquired 2 resources.
2018-04-25 18:52:08,199 INFO = Issue Orders phase begins
2018-04-25 18:52:09,361 INFO BLUE Ranger at tile (6, 6) with 90 HP was assigned the order 'Order: Move to (6, 4)'
2018-04-25 18:52:09,361 INFO = Move phase begins
2018-04-25 18:52:09,372 INFO None moved to (6, 4)
2018-04-25 18:52:09,405 INFO = Build phase begins
2018-04-25 18:52:09,449 INFO = Combat phase begins
2018-04-25 18:52:09,492 INFO = Ranged phase begins
2018-04-25 18:52:09,536 INFO = Special phase begins
2018-04-25 18:52:09,581 INFO = Start Turn phase begins
2018-04-25 18:52:09,582 INFO == TURN 3 BEGIN ==
2018-04-25 18:52:09,593 INFO Team.BLUE team acquired 1 resources.
2018-04-25 18:52:09,593 INFO Team.BLUE team acquired 1 resources.
2018-04-25 18:52:09,594 INFO Team.BLUE team acquired 2 resources.
2018-04-25 18:52:09,594 INFO Team.RED team acquired 2 resources.
2018-04-25 18:52:09,630 INFO = Issue Orders phase begins
2018-04-25 18:52:10,545 INFO BLUE Ranger at tile (6, 4) with 90 HP was assigned the order 'Order: Move to (6, 3)'
2018-04-25 18:52:10,545 INFO = Move phase begins
2018-04-25 18:52:10,556 INFO None moved to (6, 3)
2018-04-25 18:52:10,589 INFO = Build phase begins
2018-04-25 18:52:10,640 INFO = Combat phase begins
2018-04-25 18:52:10,683 INFO = Ranged phase begins
2018-04-25 18:52:10,725 INFO = Special phase begins
2018-04-25 18:52:10,767 INFO = Start Turn phase begins
2018-04-25 18:52:10,767 INFO == TURN 4 BEGIN ==
2018-04-25 18:52:10,778 INFO Team.BLUE team acquired 1 resources.
2018-04-25 18:52:10,779 INFO Team.BLUE team acquired 1 resources.
2018-04-25 18:52:10,779 INFO Team.BLUE team acquired 2 resources.
2018-04-25 18:52:10,779 INFO Team.RED team acquired 2 resources.
2018-04-25 18:52:10,811 INFO = Issue Orders phase begins
2018-04-25 18:52:11,689 INFO BLUE Ranger at tile (6, 3) with 90 HP was assigned the order 'Order: Ranged attack tile (7, 2)'
2018-04-25 18:52:11,690 INFO = Move phase begins
2018-04-25 18:52:11,732 INFO = Build phase begins
2018-04-25 18:52:11,774 INFO = Combat phase begins
2018-04-25 18:52:11,817 INFO = Ranged phase begins
2018-04-25 18:52:11,827 INFO BLUE Ranger at tile (6, 3) with 90 HP conducted a ranged attack on (7, 2)
2018-04-25 18:52:11,838 INFO RED Trooper at tile (7, 2) with 64 HP took 36 damage from BLUE Ranger at tile (6, 3) with 90 HP!
2018-04-25 18:52:11,859 INFO = Special phase begins
2018-04-25 18:52:11,901 INFO = Start Turn phase begins
2018-04-25 18:52:11,901 INFO == TURN 5 BEGIN ==
2018-04-25 18:52:11,913 INFO Team.BLUE team acquired 1 resources.
2018-04-25 18:52:11,913 INFO Team.BLUE team acquired 1 resources.
2018-04-25 18:52:11,913 INFO Team.BLUE team acquired 2 resources.
2018-04-25 18:52:11,913 INFO Team.RED team acquired 2 resources.
2018-04-25 18:52:11,945 INFO = Issue Orders phase begins
2018-04-25 18:52:12,924 INFO BLUE Ranger at tile (6, 3) with 90 HP was assigned the order 'Order: Ranged attack tile (7, 2)'
2018-04-25 18:52:12,924 INFO = Move phase begins
2018-04-25 18:52:12,967 INFO = Build phase begins
2018-04-25 18:52:13,012 INFO = Combat phase begins
2018-04-25 18:52:13,056 INFO = Ranged phase begins
2018-04-25 18:52:13,071 INFO BLUE Ranger at tile (6, 3) with 90 HP conducted a ranged attack on (7, 2)
2018-04-25 18:52:13,082 INFO RED Trooper at tile (7, 2) with 28 HP took 36 damage from BLUE Ranger at tile (6, 3) with 90 HP!
2018-04-25 18:52:13,105 INFO = Special phase begins
2018-04-25 18:52:13,149 INFO = Start Turn phase begins
2018-04-25 18:52:13,150 INFO == TURN 6 BEGIN ==
2018-04-25 18:52:13,161 INFO Team.BLUE team acquired 1 resources.
2018-04-25 18:52:13,161 INFO Team.BLUE team acquired 1 resources.
2018-04-25 18:52:13,161 INFO Team.BLUE team acquired 2 resources.
2018-04-25 18:52:13,161 INFO Team.RED team acquired 2 resources.
2018-04-25 18:52:13,198 INFO = Issue Orders phase begins
2018-04-25 18:52:13,980 INFO BLUE Ranger at tile (6, 3) with 90 HP was assigned the order 'Order: Ranged attack tile (7, 2)'
2018-04-25 18:52:13,981 INFO = Move phase begins
2018-04-25 18:52:14,028 INFO = Build phase begins
2018-04-25 18:52:14,074 INFO = Combat phase begins
2018-04-25 18:52:14,116 INFO = Ranged phase begins
2018-04-25 18:52:14,128 INFO BLUE Ranger at tile (6, 3) with 90 HP conducted a ranged attack on (7, 2)
2018-04-25 18:52:14,139 INFO RED Trooper at tile (7, 2) with -8 HP took 36 damage from BLUE Ranger at tile (6, 3) with 90 HP!
2018-04-25 18:52:14,160 INFO = Special phase begins
2018-04-25 18:52:14,205 INFO = Start Turn phase begins
2018-04-25 18:52:14,206 INFO == TURN 7 BEGIN ==
2018-04-25 18:52:14,216 INFO Team.BLUE team acquired 1 resources.
2018-04-25 18:52:14,216 INFO Team.BLUE team acquired 1 resources.
2018-04-25 18:52:14,217 INFO Team.BLUE team acquired 2 resources.
2018-04-25 18:52:14,217 INFO Team.RED team acquired 2 resources.
2018-04-25 18:52:14,250 INFO = Issue Orders phase begins
2018-04-25 18:52:18,106 INFO RED Ghost at tile (6, 1) with 80 HP was assigned the order 'Order: Move to (3, 1)'
2018-04-25 18:52:18,106 INFO BLUE Ranger at tile (6, 3) with 90 HP was assigned the order 'Order: Move to (6, 1)'
2018-04-25 18:52:18,106 INFO = Move phase begins
2018-04-25 18:52:18,117 INFO None moved to (6, 1)
2018-04-25 18:52:18,117 INFO None moved to (3, 1)
2018-04-25 18:52:18,151 INFO = Build phase begins
2018-04-25 18:52:18,194 INFO = Combat phase begins
2018-04-25 18:52:18,238 INFO = Ranged phase begins
2018-04-25 18:52:18,281 INFO = Special phase begins
2018-04-25 18:52:18,324 INFO = Start Turn phase begins
2018-04-25 18:52:18,324 INFO == TURN 8 BEGIN ==
2018-04-25 18:52:18,334 INFO Team.BLUE team acquired 1 resources.
2018-04-25 18:52:18,335 INFO Team.BLUE team acquired 1 resources.
2018-04-25 18:52:18,335 INFO Team.BLUE team acquired 2 resources.
2018-04-25 18:52:18,335 INFO Team.RED team acquired 2 resources.
2018-04-25 18:52:18,367 INFO = Issue Orders phase begins
2018-04-25 18:52:19,567 INFO BLUE Ranger at tile (6, 1) with 90 HP was assigned the order 'Order: Ranged attack tile (8, 1)'
2018-04-25 18:52:19,568 INFO = Move phase begins
2018-04-25 18:52:19,611 INFO = Build phase begins
2018-04-25 18:52:19,658 INFO = Combat phase begins
2018-04-25 18:52:19,700 INFO = Ranged phase begins
2018-04-25 18:52:19,711 INFO BLUE Ranger at tile (6, 1) with 90 HP conducted a ranged attack on (8, 1)
2018-04-25 18:52:19,722 INFO RED Ranger at tile (8, 1) with 66 HP took 24 damage from BLUE Ranger at tile (6, 1) with 90 HP!
2018-04-25 18:52:19,744 INFO = Special phase begins
2018-04-25 18:52:19,786 INFO = Start Turn phase begins
2018-04-25 18:52:19,787 INFO == TURN 9 BEGIN ==
2018-04-25 18:52:19,797 INFO Team.BLUE team acquired 1 resources.
2018-04-25 18:52:19,798 INFO Team.BLUE team acquired 1 resources.
2018-04-25 18:52:19,798 INFO Team.BLUE team acquired 2 resources.
2018-04-25 18:52:19,798 INFO Team.RED team acquired 2 resources.
2018-04-25 18:52:19,831 INFO = Issue Orders phase begins
2018-04-25 18:52:20,599 INFO BLUE Ranger at tile (6, 1) with 90 HP was assigned the order 'Order: Ranged attack tile (8, 1)'
2018-04-25 18:52:20,600 INFO = Move phase begins
2018-04-25 18:52:20,641 INFO = Build phase begins
2018-04-25 18:52:20,682 INFO = Combat phase begins
2018-04-25 18:52:20,724 INFO = Ranged phase begins
2018-04-25 18:52:20,736 INFO BLUE Ranger at tile (6, 1) with 90 HP conducted a ranged attack on (8, 1)
2018-04-25 18:52:20,748 INFO RED Ranger at tile (8, 1) with 42 HP took 24 damage from BLUE Ranger at tile (6, 1) with 90 HP!
2018-04-25 18:52:20,770 INFO = Special phase begins
2018-04-25 18:52:20,815 INFO = Start Turn phase begins
2018-04-25 18:52:20,815 INFO == TURN 10 BEGIN ==
2018-04-25 18:52:20,826 INFO Team.BLUE team acquired 1 resources.
2018-04-25 18:52:20,826 INFO Team.BLUE team acquired 1 resources.
2018-04-25 18:52:20,826 INFO Team.BLUE team acquired 2 resources.
2018-04-25 18:52:20,826 INFO Team.RED team acquired 2 resources.
2018-04-25 18:52:20,859 INFO = Issue Orders phase begins
2018-04-25 18:52:21,578 INFO BLUE Ranger at tile (6, 1) with 90 HP was assigned the order 'Order: Ranged attack tile (8, 1)'
2018-04-25 18:52:21,578 INFO = Move phase begins
2018-04-25 18:52:21,621 INFO = Build phase begins
2018-04-25 18:52:21,665 INFO = Combat phase begins
2018-04-25 18:52:21,709 INFO = Ranged phase begins
2018-04-25 18:52:21,720 INFO BLUE Ranger at tile (6, 1) with 90 HP conducted a ranged attack on (8, 1)
2018-04-25 18:52:21,731 INFO RED Ranger at tile (8, 1) with 18 HP took 24 damage from BLUE Ranger at tile (6, 1) with 90 HP!
2018-04-25 18:52:21,752 INFO = Special phase begins
2018-04-25 18:52:21,795 INFO = Start Turn phase begins
2018-04-25 18:52:21,795 INFO == TURN 11 BEGIN ==
2018-04-25 18:52:21,806 INFO Team.BLUE team acquired 1 resources.
2018-04-25 18:52:21,806 INFO Team.BLUE team acquired 1 resources.
2018-04-25 18:52:21,806 INFO Team.BLUE team acquired 2 resources.
2018-04-25 18:52:21,806 INFO Team.RED team acquired 2 resources.
2018-04-25 18:52:21,836 INFO = Issue Orders phase begins
2018-04-25 18:52:22,250 INFO BLUE Ranger at tile (6, 1) with 90 HP was assigned the order 'Order: Ranged attack tile (8, 1)'
2018-04-25 18:52:22,250 INFO = Move phase begins
2018-04-25 18:52:22,294 INFO = Build phase begins
2018-04-25 18:52:22,338 INFO = Combat phase begins
2018-04-25 18:52:22,383 INFO = Ranged phase begins
2018-04-25 18:52:22,394 INFO BLUE Ranger at tile (6, 1) with 90 HP conducted a ranged attack on (8, 1)
2018-04-25 18:52:22,405 INFO RED Ranger at tile (8, 1) with -6 HP took 24 damage from BLUE Ranger at tile (6, 1) with 90 HP!
2018-04-25 18:52:22,426 INFO = Special phase begins
2018-04-25 18:52:22,467 INFO = Start Turn phase begins
2018-04-25 18:52:22,468 INFO == TURN 12 BEGIN ==
2018-04-25 18:52:22,479 INFO Team.BLUE team acquired 1 resources.
2018-04-25 18:52:22,479 INFO Team.BLUE team acquired 1 resources.
2018-04-25 18:52:22,480 INFO Team.BLUE team acquired 2 resources.
2018-04-25 18:52:22,480 INFO Team.RED team acquired 2 resources.
2018-04-25 18:52:22,511 INFO = Issue Orders phase begins
2018-04-25 18:52:23,429 INFO BLUE Ranger at tile (6, 1) with 90 HP was assigned the order 'Order: Move to (5, 1)'
2018-04-25 18:52:23,429 INFO = Move phase begins
2018-04-25 18:52:23,439 INFO None moved to (5, 1)
2018-04-25 18:52:23,471 INFO = Build phase begins
2018-04-25 18:52:23,515 INFO = Combat phase begins
2018-04-25 18:52:23,560 INFO = Ranged phase begins
2018-04-25 18:52:23,603 INFO = Special phase begins
2018-04-25 18:52:23,645 INFO = Start Turn phase begins
2018-04-25 18:52:23,645 INFO == TURN 13 BEGIN ==
2018-04-25 18:52:23,655 INFO Team.BLUE team acquired 1 resources.
2018-04-25 18:52:23,656 INFO Team.BLUE team acquired 1 resources.
2018-04-25 18:52:23,656 INFO Team.BLUE team acquired 2 resources.
2018-04-25 18:52:23,656 INFO Team.RED team acquired 2 resources.
2018-04-25 18:52:23,687 INFO = Issue Orders phase begins
2018-04-25 18:52:24,136 INFO BLUE Ranger at tile (5, 1) with 90 HP was assigned the order 'Order: Ranged attack tile (3, 1)'
2018-04-25 18:52:24,137 INFO = Move phase begins
2018-04-25 18:52:24,179 INFO = Build phase begins
2018-04-25 18:52:24,223 INFO = Combat phase begins
2018-04-25 18:52:24,266 INFO = Ranged phase begins
2018-04-25 18:52:24,283 INFO BLUE Ranger at tile (5, 1) with 90 HP conducted a ranged attack on (3, 1)
2018-04-25 18:52:24,294 INFO RED Ghost at tile (3, 1) with 62 HP took 18 damage from BLUE Ranger at tile (5, 1) with 90 HP!
2018-04-25 18:52:24,316 INFO = Special phase begins
2018-04-25 18:52:24,358 INFO = Start Turn phase begins
2018-04-25 18:52:24,359 INFO == TURN 14 BEGIN ==
2018-04-25 18:52:24,370 INFO Team.BLUE team acquired 1 resources.
2018-04-25 18:52:24,370 INFO Team.BLUE team acquired 1 resources.
2018-04-25 18:52:24,371 INFO Team.BLUE team acquired 2 resources.
2018-04-25 18:52:24,371 INFO Team.RED team acquired 2 resources.
2018-04-25 18:52:24,404 INFO = Issue Orders phase begins
2018-04-25 18:52:24,826 INFO BLUE Ranger at tile (5, 1) with 90 HP was assigned the order 'Order: Ranged attack tile (3, 1)'
2018-04-25 18:52:24,826 INFO = Move phase begins
2018-04-25 18:52:24,870 INFO = Build phase begins
2018-04-25 18:52:24,913 INFO = Combat phase begins
2018-04-25 18:52:24,957 INFO = Ranged phase begins
2018-04-25 18:52:24,967 INFO BLUE Ranger at tile (5, 1) with 90 HP conducted a ranged attack on (3, 1)
2018-04-25 18:52:24,978 INFO RED Ghost at tile (3, 1) with 44 HP took 18 damage from BLUE Ranger at tile (5, 1) with 90 HP!
2018-04-25 18:52:25,000 INFO = Special phase begins
2018-04-25 18:52:25,045 INFO = Start Turn phase begins
2018-04-25 18:52:25,045 INFO == TURN 15 BEGIN ==
2018-04-25 18:52:25,056 INFO Team.BLUE team acquired 1 resources.
2018-04-25 18:52:25,056 INFO Team.BLUE team acquired 1 resources.
2018-04-25 18:52:25,056 INFO Team.BLUE team acquired 2 resources.
2018-04-25 18:52:25,057 INFO Team.RED team acquired 2 resources.
2018-04-25 18:52:25,089 INFO = Issue Orders phase begins
2018-04-25 18:52:25,466 INFO BLUE Ranger at tile (5, 1) with 90 HP was assigned the order 'Order: Ranged attack tile (3, 1)'
2018-04-25 18:52:25,466 INFO = Move phase begins
2018-04-25 18:52:25,511 INFO = Build phase begins
2018-04-25 18:52:25,554 INFO = Combat phase begins
2018-04-25 18:52:25,599 INFO = Ranged phase begins
2018-04-25 18:52:25,610 INFO BLUE Ranger at tile (5, 1) with 90 HP conducted a ranged attack on (3, 1)
2018-04-25 18:52:25,621 INFO RED Ghost at tile (3, 1) with 26 HP took 18 damage from BLUE Ranger at tile (5, 1) with 90 HP!
2018-04-25 18:52:25,648 INFO = Special phase begins
2018-04-25 18:52:25,695 INFO = Start Turn phase begins
2018-04-25 18:52:25,696 INFO == TURN 16 BEGIN ==
2018-04-25 18:52:25,706 INFO Team.BLUE team acquired 1 resources.
2018-04-25 18:52:25,707 INFO Team.BLUE team acquired 1 resources.
2018-04-25 18:52:25,707 INFO Team.BLUE team acquired 2 resources.
2018-04-25 18:52:25,707 INFO Team.RED team acquired 2 resources.
2018-04-25 18:52:25,738 INFO = Issue Orders phase begins
2018-04-25 18:52:26,044 INFO BLUE Ranger at tile (5, 1) with 90 HP was assigned the order 'Order: Ranged attack tile (3, 1)'
2018-04-25 18:52:26,044 INFO = Move phase begins
2018-04-25 18:52:26,087 INFO = Build phase begins
2018-04-25 18:52:26,130 INFO = Combat phase begins
2018-04-25 18:52:26,173 INFO = Ranged phase begins
2018-04-25 18:52:26,183 INFO BLUE Ranger at tile (5, 1) with 90 HP conducted a ranged attack on (3, 1)
2018-04-25 18:52:26,194 INFO RED Ghost at tile (3, 1) with 8 HP took 18 damage from BLUE Ranger at tile (5, 1) with 90 HP!
2018-04-25 18:52:26,215 INFO = Special phase begins
2018-04-25 18:52:26,260 INFO = Start Turn phase begins
2018-04-25 18:52:26,260 INFO == TURN 17 BEGIN ==
2018-04-25 18:52:26,271 INFO Team.BLUE team acquired 1 resources.
2018-04-25 18:52:26,272 INFO Team.BLUE team acquired 1 resources.
2018-04-25 18:52:26,272 INFO Team.BLUE team acquired 2 resources.
2018-04-25 18:52:26,272 INFO Team.RED team acquired 2 resources.
2018-04-25 18:52:26,305 INFO = Issue Orders phase begins
2018-04-25 18:52:26,722 INFO BLUE Ranger at tile (5, 1) with 90 HP was assigned the order 'Order: Ranged attack tile (3, 1)'
2018-04-25 18:52:26,722 INFO = Move phase begins
2018-04-25 18:52:26,766 INFO = Build phase begins
2018-04-25 18:52:26,810 INFO = Combat phase begins
2018-04-25 18:52:26,854 INFO = Ranged phase begins
2018-04-25 18:52:26,866 INFO BLUE Ranger at tile (5, 1) with 90 HP conducted a ranged attack on (3, 1)
2018-04-25 18:52:26,878 INFO RED Ghost at tile (3, 1) with -10 HP took 18 damage from BLUE Ranger at tile (5, 1) with 90 HP!
2018-04-25 18:52:26,900 INFO = Special phase begins
2018-04-25 18:52:26,948 INFO = Start Turn phase begins
2018-04-25 18:52:26,949 INFO == TURN 18 BEGIN ==
2018-04-25 18:52:26,960 INFO Team.BLUE team acquired 1 resources.
2018-04-25 18:52:26,960 INFO Team.BLUE team acquired 1 resources.
2018-04-25 18:52:26,960 INFO Team.BLUE team acquired 2 resources.
2018-04-25 18:52:26,961 INFO Team.RED team acquired 2 resources.
2018-04-25 18:52:26,994 INFO = Issue Orders phase begins
2018-04-25 18:52:28,189 INFO BLUE Ranger at tile (5, 1) with 90 HP was assigned the order 'Order: Move to (3, 1)'
2018-04-25 18:52:28,190 INFO = Move phase begins
2018-04-25 18:52:28,200 INFO None moved to (3, 1)
2018-04-25 18:52:28,233 INFO = Build phase begins
2018-04-25 18:52:28,279 INFO = Combat phase begins
2018-04-25 18:52:28,321 INFO = Ranged phase begins
2018-04-25 18:52:28,365 INFO = Special phase begins
2018-04-25 18:52:28,410 INFO = Start Turn phase begins
2018-04-25 18:52:28,410 INFO == TURN 19 BEGIN ==
2018-04-25 18:52:28,421 INFO Team.BLUE team acquired 1 resources.
2018-04-25 18:52:28,421 INFO Team.BLUE team acquired 1 resources.
2018-04-25 18:52:28,421 INFO Team.BLUE team acquired 2 resources.
2018-04-25 18:52:28,421 INFO Team.RED team acquired 2 resources.
2018-04-25 18:52:28,453 INFO = Issue Orders phase begins
2018-04-25 18:52:29,468 INFO BLUE Ranger at tile (3, 1) with 90 HP was assigned the order 'Order: Move to (2, 1)'
2018-04-25 18:52:29,468 INFO = Move phase begins
2018-04-25 18:52:29,478 INFO None moved to (2, 1)
2018-04-25 18:52:29,509 INFO = Build phase begins
2018-04-25 18:52:29,550 INFO = Combat phase begins
2018-04-25 18:52:29,593 INFO = Ranged phase begins
2018-04-25 18:52:29,634 INFO = Special phase begins
2018-04-25 18:52:29,678 INFO = Start Turn phase begins
2018-04-25 18:52:29,678 INFO == TURN 20 BEGIN ==
2018-04-25 18:52:29,689 INFO Team.BLUE team acquired 1 resources.
2018-04-25 18:52:29,689 INFO Team.BLUE team acquired 1 resources.
2018-04-25 18:52:29,689 INFO Team.BLUE team acquired 2 resources.
2018-04-25 18:52:29,689 INFO Team.RED team acquired 2 resources.
2018-04-25 18:52:29,721 INFO = Issue Orders phase begins
2018-04-25 18:52:34,298 INFO BLUE Ranger at tile (2, 1) with 90 HP was assigned the order 'Order: Ranged attack tile (2, 3)'
2018-04-25 18:52:34,298 INFO = Move phase begins
2018-04-25 18:52:34,342 INFO = Build phase begins
2018-04-25 18:52:34,384 INFO = Combat phase begins
2018-04-25 18:52:34,427 INFO = Ranged phase begins
2018-04-25 18:52:34,438 INFO BLUE Ranger at tile (2, 1) with 90 HP conducted a ranged attack on (2, 3)
2018-04-25 18:52:34,448 INFO RED Base at tile (2, 3) with 123 HP took 27 damage from BLUE Ranger at tile (2, 1) with 90 HP!
2018-04-25 18:52:34,468 INFO = Special phase begins
2018-04-25 18:52:34,509 INFO = Start Turn phase begins
2018-04-25 18:52:34,510 INFO == TURN 21 BEGIN ==
2018-04-25 18:52:34,520 INFO Team.BLUE team acquired 1 resources.
2018-04-25 18:52:34,520 INFO Team.BLUE team acquired 1 resources.
2018-04-25 18:52:34,520 INFO Team.BLUE team acquired 2 resources.
2018-04-25 18:52:34,521 INFO Team.RED team acquired 2 resources.
2018-04-25 18:52:34,551 INFO = Issue Orders phase begins
2018-04-25 18:52:34,842 INFO BLUE Ranger at tile (2, 1) with 90 HP was assigned the order 'Order: Ranged attack tile (2, 3)'
2018-04-25 18:52:34,842 INFO = Move phase begins
2018-04-25 18:52:34,887 INFO = Build phase begins
2018-04-25 18:52:34,932 INFO = Combat phase begins
2018-04-25 18:52:34,977 INFO = Ranged phase begins
2018-04-25 18:52:34,988 INFO BLUE Ranger at tile (2, 1) with 90 HP conducted a ranged attack on (2, 3)
2018-04-25 18:52:34,999 INFO RED Base at tile (2, 3) with 96 HP took 27 damage from BLUE Ranger at tile (2, 1) with 90 HP!
2018-04-25 18:52:35,022 INFO = Special phase begins
2018-04-25 18:52:35,065 INFO = Start Turn phase begins
2018-04-25 18:52:35,066 INFO == TURN 22 BEGIN ==
2018-04-25 18:52:35,077 INFO Team.BLUE team acquired 1 resources.
2018-04-25 18:52:35,078 INFO Team.BLUE team acquired 1 resources.
2018-04-25 18:52:35,078 INFO Team.BLUE team acquired 2 resources.
2018-04-25 18:52:35,078 INFO Team.RED team acquired 2 resources.
2018-04-25 18:52:35,110 INFO = Issue Orders phase begins
2018-04-25 18:52:35,333 INFO BLUE Ranger at tile (2, 1) with 90 HP was assigned the order 'Order: Ranged attack tile (2, 3)'
2018-04-25 18:52:35,333 INFO = Move phase begins
2018-04-25 18:52:35,378 INFO = Build phase begins
2018-04-25 18:52:35,423 INFO = Combat phase begins
2018-04-25 18:52:35,465 INFO = Ranged phase begins
2018-04-25 18:52:35,475 INFO BLUE Ranger at tile (2, 1) with 90 HP conducted a ranged attack on (2, 3)
2018-04-25 18:52:35,486 INFO RED Base at tile (2, 3) with 69 HP took 27 damage from BLUE Ranger at tile (2, 1) with 90 HP!
2018-04-25 18:52:35,506 INFO = Special phase begins
2018-04-25 18:52:35,547 INFO = Start Turn phase begins
2018-04-25 18:52:35,547 INFO == TURN 23 BEGIN ==
2018-04-25 18:52:35,558 INFO Team.BLUE team acquired 1 resources.
2018-04-25 18:52:35,558 INFO Team.BLUE team acquired 1 resources.
2018-04-25 18:52:35,558 INFO Team.BLUE team acquired 2 resources.
2018-04-25 18:52:35,558 INFO Team.RED team acquired 2 resources.
2018-04-25 18:52:35,592 INFO = Issue Orders phase begins
2018-04-25 18:52:35,771 INFO BLUE Ranger at tile (2, 1) with 90 HP was assigned the order 'Order: Ranged attack tile (2, 3)'
2018-04-25 18:52:35,771 INFO = Move phase begins
2018-04-25 18:52:35,815 INFO = Build phase begins
2018-04-25 18:52:35,858 INFO = Combat phase begins
2018-04-25 18:52:35,908 INFO = Ranged phase begins
2018-04-25 18:52:35,919 INFO BLUE Ranger at tile (2, 1) with 90 HP conducted a ranged attack on (2, 3)
2018-04-25 18:52:35,930 INFO RED Base at tile (2, 3) with 42 HP took 27 damage from BLUE Ranger at tile (2, 1) with 90 HP!
2018-04-25 18:52:35,954 INFO = Special phase begins
2018-04-25 18:52:35,997 INFO = Start Turn phase begins
2018-04-25 18:52:35,997 INFO == TURN 24 BEGIN ==
2018-04-25 18:52:36,013 INFO Team.BLUE team acquired 1 resources.
2018-04-25 18:52:36,013 INFO Team.BLUE team acquired 1 resources.
2018-04-25 18:52:36,013 INFO Team.BLUE team acquired 2 resources.
2018-04-25 18:52:36,013 INFO Team.RED team acquired 2 resources.
2018-04-25 18:52:36,045 INFO = Issue Orders phase begins
2018-04-25 18:52:42,209 INFO Team.BLUE PieceType.RANGER was built on (8, 7). 
2018-04-25 18:52:49,533 INFO Team.RED PieceType.BARRACKS was built on (5, 1). 
2018-04-25 18:52:49,888 INFO Team.RED PieceType.BARRACKS was built on (6, 2). 
2018-04-25 18:52:50,299 INFO Team.RED PieceType.BARRACKS was built on (7, 0). 
2018-04-25 18:52:50,708 INFO Team.RED PieceType.BARRACKS was built on (8, 1). 
2018-04-25 18:52:51,080 INFO Team.RED PieceType.BARRACKS was built on (10, 1). 
2018-04-25 18:52:59,281 INFO BLUE Ranger at tile (7, 7) with 90 HP was assigned the order 'Order: Move to (7, 7)'
2018-04-25 18:52:59,282 INFO BLUE Ranger at tile (8, 7) with 90 HP was assigned the order 'Order: Move to (7, 6)'
2018-04-25 18:52:59,282 INFO = Move phase begins
2018-04-25 18:52:59,292 INFO None moved to (7, 6)
2018-04-25 18:52:59,293 INFO BLUE Ranger at tile (7, 7) with 90 HP moved to (7, 7)
2018-04-25 18:52:59,323 INFO = Build phase begins
2018-04-25 18:52:59,364 INFO = Combat phase begins
2018-04-25 18:52:59,406 INFO = Ranged phase begins
2018-04-25 18:52:59,448 INFO = Special phase begins
2018-04-25 18:52:59,489 INFO = Start Turn phase begins
2018-04-25 18:52:59,490 INFO == TURN 2 BEGIN ==
2018-04-25 18:52:59,500 INFO RED Barracks at tile (10, 1) with 70 HP took 30 damage from TileType.WOODS!
2018-04-25 18:52:59,501 INFO Team.BLUE team acquired 1 resources.
2018-04-25 18:52:59,501 INFO Team.BLUE team acquired 1 resources.
2018-04-25 18:52:59,501 INFO Team.BLUE team acquired 2 resources.
2018-04-25 18:52:59,502 INFO Team.RED team acquired 2 resources.
2018-04-25 18:52:59,533 INFO = Issue Orders phase begins
2018-04-25 18:53:02,327 INFO BLUE Ranger at tile (7, 6) with 90 HP was assigned the order 'Order: Move to (7, 6)'
2018-04-25 18:53:02,328 INFO BLUE Ranger at tile (7, 7) with 90 HP was assigned the order 'Order: Move to (6, 6)'
2018-04-25 18:53:02,328 INFO = Move phase begins
2018-04-25 18:53:02,338 INFO BLUE Ranger at tile (7, 6) with 90 HP moved to (7, 6)
2018-04-25 18:53:02,339 INFO None moved to (6, 6)
2018-04-25 18:53:02,370 INFO = Build phase begins
2018-04-25 18:53:02,413 INFO = Combat phase begins
2018-04-25 18:53:02,457 INFO = Ranged phase begins
2018-04-25 18:53:02,500 INFO = Special phase begins
2018-04-25 18:53:02,545 INFO = Start Turn phase begins
2018-04-25 18:53:02,545 INFO == TURN 3 BEGIN ==
2018-04-25 18:53:02,556 INFO RED Barracks at tile (10, 1) with 40 HP took 30 damage from TileType.WOODS!
2018-04-25 18:53:02,556 INFO Team.BLUE team acquired 1 resources.
2018-04-25 18:53:02,557 INFO Team.BLUE team acquired 1 resources.
2018-04-25 18:53:02,557 INFO Team.BLUE team acquired 2 resources.
2018-04-25 18:53:02,557 INFO Team.RED team acquired 2 resources.
2018-04-25 18:53:02,590 INFO = Issue Orders phase begins
2018-04-25 18:53:04,050 INFO BLUE Ranger at tile (7, 6) with 90 HP was assigned the order 'Order: Move to (6, 5)'
2018-04-25 18:53:04,051 INFO BLUE Ranger at tile (6, 6) with 90 HP was assigned the order 'Order: Move to (6, 4)'
2018-04-25 18:53:04,051 INFO = Move phase begins
2018-04-25 18:53:04,066 INFO None moved to (6, 5)
2018-04-25 18:53:04,066 INFO None moved to (6, 4)
2018-04-25 18:53:04,100 INFO = Build phase begins
2018-04-25 18:53:04,143 INFO = Combat phase begins
2018-04-25 18:53:04,185 INFO = Ranged phase begins
2018-04-25 18:53:04,228 INFO = Special phase begins
2018-04-25 18:53:04,271 INFO = Start Turn phase begins
2018-04-25 18:53:04,271 INFO == TURN 4 BEGIN ==
2018-04-25 18:53:04,281 INFO RED Barracks at tile (10, 1) with 10 HP took 30 damage from TileType.WOODS!
2018-04-25 18:53:04,281 INFO Team.BLUE team acquired 1 resources.
2018-04-25 18:53:04,281 INFO Team.BLUE team acquired 1 resources.
2018-04-25 18:53:04,282 INFO Team.BLUE team acquired 2 resources.
2018-04-25 18:53:04,282 INFO Team.RED team acquired 2 resources.
2018-04-25 18:53:04,314 INFO = Issue Orders phase begins
2018-04-25 18:53:05,576 INFO BLUE Ranger at tile (6, 5) with 90 HP was assigned the order 'Order: Move to (6, 3)'
2018-04-25 18:53:05,577 INFO BLUE Ranger at tile (6, 4) with 90 HP was assigned the order 'Order: Move to (6, 4)'
2018-04-25 18:53:05,577 INFO = Move phase begins
2018-04-25 18:53:05,587 INFO None moved to (6, 3)
2018-04-25 18:53:05,588 INFO BLUE Ranger at tile (6, 4) with 90 HP moved to (6, 4)
2018-04-25 18:53:05,620 INFO = Build phase begins
2018-04-25 18:53:05,662 INFO = Combat phase begins
2018-04-25 18:53:05,703 INFO = Ranged phase begins
2018-04-25 18:53:05,746 INFO = Special phase begins
2018-04-25 18:53:05,787 INFO = Start Turn phase begins
2018-04-25 18:53:05,788 INFO == TURN 5 BEGIN ==
2018-04-25 18:53:05,798 INFO RED Barracks at tile (10, 1) with -20 HP took 30 damage from TileType.WOODS!
2018-04-25 18:53:05,798 INFO Team.BLUE team acquired 1 resources.
2018-04-25 18:53:05,799 INFO Team.BLUE team acquired 1 resources.
2018-04-25 18:53:05,799 INFO Team.BLUE team acquired 2 resources.
2018-04-25 18:53:05,799 INFO Team.RED team acquired 2 resources.
2018-04-25 18:53:05,830 INFO = Issue Orders phase begins
2018-04-25 18:53:08,497 INFO BLUE Ranger at tile (6, 3) with 90 HP was assigned the order 'Order: Ranged attack tile (6, 2)'
2018-04-25 18:53:08,497 INFO BLUE Ranger at tile (6, 4) with 90 HP was assigned the order 'Order: Move to (6, 4)'
2018-04-25 18:53:08,498 INFO = Move phase begins
2018-04-25 18:53:08,510 INFO BLUE Ranger at tile (6, 4) with 90 HP moved to (6, 4)
2018-04-25 18:53:08,542 INFO = Build phase begins
2018-04-25 18:53:08,583 INFO = Combat phase begins
2018-04-25 18:53:08,626 INFO = Ranged phase begins
2018-04-25 18:53:08,638 INFO BLUE Ranger at tile (6, 3) with 90 HP conducted a ranged attack on (6, 2)
2018-04-25 18:53:08,648 INFO RED Barracks at tile (6, 2) with 70 HP took 30 damage from BLUE Ranger at tile (6, 3) with 90 HP!
2018-04-25 18:53:08,672 INFO = Special phase begins
2018-04-25 18:53:08,715 INFO = Start Turn phase begins
2018-04-25 18:53:08,715 INFO == TURN 6 BEGIN ==
2018-04-25 18:53:08,727 INFO Team.BLUE team acquired 1 resources.
2018-04-25 18:53:08,727 INFO Team.BLUE team acquired 1 resources.
2018-04-25 18:53:08,727 INFO Team.BLUE team acquired 2 resources.
2018-04-25 18:53:08,727 INFO Team.RED team acquired 2 resources.
2018-04-25 18:53:08,759 INFO = Issue Orders phase begins
2018-04-25 21:44:29,488 INFO BLUE Colonist at tile (8, 2) with 100 HP was assigned the order 'Order: Move to (8, 1)'
2018-04-25 21:44:29,492 INFO = Move phase begins
2018-04-25 21:44:29,578 INFO None moved to (8, 1)
2018-04-25 21:44:29,826 INFO = Build phase begins
2018-04-25 21:44:30,150 INFO = Combat phase begins
2018-04-25 21:44:30,237 INFO [<terra.piece.piece.Piece object at 0x099F5930>, <terra.piece.piece.Piece object at 0x099F5AB0>] are contesting the tile at (8, 1)!
2018-04-25 21:44:30,241 INFO RED Barracks at tile (8, 1) with 100 HP took 0 damage from BLUE Colonist at tile (8, 1) with 100 HP!
2018-04-25 21:44:30,244 INFO BLUE Colonist at tile (8, 1) with 100 HP took 0 damage from RED Barracks at tile (8, 1) with 100 HP!
2018-04-25 21:44:30,248 INFO BLUE Colonist at tile (8, 1) with 100 HP took 0 damage from RED Barracks at tile (8, 1) with 100 HP!
2018-04-25 21:44:30,251 INFO RED Barracks at tile (8, 1) with 100 HP took 0 damage from BLUE Colonist at tile (8, 1) with 100 HP!
2018-04-25 21:44:30,483 INFO = Ranged phase begins
2018-04-25 21:44:30,789 INFO = Special phase begins
2018-04-25 21:44:31,101 INFO = Start Turn phase begins
2018-04-25 21:44:31,126 INFO == TURN 13 BEGIN ==
2018-04-25 21:44:31,207 INFO Team.BLUE team acquired 1 resources.
2018-04-25 21:44:31,210 INFO Team.BLUE team acquired 1 resources.
2018-04-25 21:44:31,213 INFO Team.BLUE team acquired 1 resources.
2018-04-25 21:44:31,217 INFO Team.BLUE team acquired 1 resources.
2018-04-25 21:44:31,220 INFO Team.BLUE team acquired 1 resources.
2018-04-25 21:44:31,223 INFO Team.BLUE team acquired 1 resources.
2018-04-25 21:44:31,227 INFO Team.BLUE team acquired 1 resources.
2018-04-25 21:44:31,230 INFO Team.BLUE team acquired 2 resources.
2018-04-25 21:44:31,233 INFO Team.RED team acquired 2 resources.
2018-04-25 21:44:31,476 INFO = Issue Orders phase begins
2018-04-25 21:44:33,311 INFO BLUE Colonist at tile (8, 1) with 100 HP was assigned the order 'Order: Build a Generator on tile (9, 1)'
2018-04-25 21:44:33,315 INFO = Move phase begins
2018-04-25 21:44:33,628 INFO = Build phase begins
2018-04-25 21:44:33,712 INFO Team.BLUE PieceType.GENERATOR was built on (9, 1). 
2018-04-25 21:44:33,715 INFO Team.BLUE team spent 1 resources.
2018-04-25 21:44:33,944 INFO = Combat phase begins
2018-04-25 21:44:34,031 INFO [<terra.piece.piece.Piece object at 0x099F5930>, <terra.piece.piece.Piece object at 0x099F5AB0>] are contesting the tile at (8, 1)!
2018-04-25 21:44:34,035 INFO RED Barracks at tile (8, 1) with 100 HP took 0 damage from BLUE Colonist at tile (8, 1) with 100 HP!
2018-04-25 21:44:34,039 INFO BLUE Colonist at tile (8, 1) with 100 HP took 0 damage from RED Barracks at tile (8, 1) with 100 HP!
2018-04-25 21:44:34,042 INFO BLUE Colonist at tile (8, 1) with 100 HP took 0 damage from RED Barracks at tile (8, 1) with 100 HP!
2018-04-25 21:44:34,046 INFO RED Barracks at tile (8, 1) with 100 HP took 0 damage from BLUE Colonist at tile (8, 1) with 100 HP!
2018-04-25 21:44:34,277 INFO = Ranged phase begins
2018-04-25 21:44:34,636 INFO = Special phase begins
2018-04-25 21:44:34,973 INFO = Start Turn phase begins
2018-04-25 21:44:34,998 INFO == TURN 14 BEGIN ==
2018-04-25 21:44:35,077 INFO Team.BLUE team acquired 1 resources.
2018-04-25 21:44:35,081 INFO Team.BLUE team acquired 1 resources.
2018-04-25 21:44:35,084 INFO Team.BLUE team acquired 1 resources.
2018-04-25 21:44:35,088 INFO Team.BLUE team acquired 1 resources.
2018-04-25 21:44:35,092 INFO Team.BLUE team acquired 1 resources.
2018-04-25 21:44:35,095 INFO Team.BLUE team acquired 1 resources.
2018-04-25 21:44:35,098 INFO Team.BLUE team acquired 1 resources.
2018-04-25 21:44:35,102 INFO Team.BLUE team acquired 1 resources.
2018-04-25 21:44:35,105 INFO Team.BLUE team acquired 2 resources.
2018-04-25 21:44:35,109 INFO Team.RED team acquired 2 resources.
2018-04-25 21:44:35,342 INFO = Issue Orders phase begins
