2018-04-18 14:04:19,429 INFO BLUE Colonist at tile (8, 8) with 100 HP was assigned the order 'Order: Build a Generator on tile (7, 8)'
2018-04-18 14:04:19,432 INFO = Move phase begins
2018-04-18 14:04:20,087 INFO = Build phase begins
2018-04-18 14:04:20,254 INFO Team.BLUE PieceType.GENERATOR was built on (7, 8). 
2018-04-18 14:04:20,258 INFO Team.BLUE team spent 1 resources.
2018-04-18 14:04:20,742 INFO = Combat phase begins
2018-04-18 14:04:21,390 INFO = Ranged phase begins
2018-04-18 14:04:22,048 INFO = Special phase begins
2018-04-18 14:04:22,697 INFO = Start Turn phase begins
2018-04-18 14:04:22,723 INFO == TURN 18 BEGIN ==
2018-04-18 14:04:22,892 INFO Team.BLUE team acquired 1 resources.
2018-04-18 14:04:22,895 INFO Team.BLUE team acquired 1 resources.
2018-04-18 14:04:22,899 INFO Team.BLUE team acquired 1 resources.
2018-04-18 14:04:22,902 INFO Team.BLUE team acquired 1 resources.
2018-04-18 14:04:22,906 INFO Team.BLUE team acquired 1 resources.
2018-04-18 14:04:22,909 INFO Team.BLUE team acquired 1 resources.
2018-04-18 14:04:22,913 INFO Team.BLUE team acquired 1 resources.
2018-04-18 14:04:22,916 INFO Team.BLUE team acquired 1 resources.
2018-04-18 14:04:22,920 INFO Team.BLUE team acquired 1 resources.
2018-04-18 14:04:22,923 INFO Team.BLUE team acquired 2 resources.
2018-04-18 14:04:22,927 INFO Team.RED team acquired 2 resources.
2018-04-18 14:04:23,416 INFO = Issue Orders phase begins
2018-04-18 14:04:31,316 INFO BLUE Colonist at tile (8, 8) with 100 HP was assigned the order 'Order: Move to (6, 7)'
2018-04-18 14:04:31,320 INFO = Move phase begins
2018-04-18 14:04:31,489 INFO None moved to (6, 7)
2018-04-18 14:04:31,969 INFO = Build phase begins
2018-04-18 14:04:32,590 INFO = Combat phase begins
2018-04-18 14:04:33,203 INFO = Ranged phase begins
2018-04-18 14:04:33,821 INFO = Special phase begins
2018-04-18 14:04:34,434 INFO = Start Turn phase begins
2018-04-18 14:04:34,460 INFO == TURN 19 BEGIN ==
2018-04-18 14:04:34,613 INFO Team.BLUE team acquired 1 resources.
2018-04-18 14:04:34,616 INFO Team.BLUE team acquired 1 resources.
2018-04-18 14:04:34,620 INFO Team.BLUE team acquired 1 resources.
2018-04-18 14:04:34,624 INFO Team.BLUE team acquired 1 resources.
2018-04-18 14:04:34,627 INFO Team.BLUE team acquired 1 resources.
2018-04-18 14:04:34,630 INFO Team.BLUE team acquired 1 resources.
2018-04-18 14:04:34,634 INFO Team.BLUE team acquired 1 resources.
2018-04-18 14:04:34,637 INFO Team.BLUE team acquired 1 resources.
2018-04-18 14:04:34,641 INFO Team.BLUE team acquired 1 resources.
2018-04-18 14:04:34,644 INFO Team.BLUE team acquired 2 resources.
2018-04-18 14:04:34,647 INFO Team.RED team acquired 2 resources.
2018-04-18 14:04:35,113 INFO = Issue Orders phase begins
2018-04-18 14:04:40,121 INFO BLUE Colonist at tile (6, 7) with 100 HP was assigned the order 'Order: Move to (6, 6)'
2018-04-18 14:04:40,125 INFO = Move phase begins
2018-04-18 14:04:40,289 INFO None moved to (6, 6)
2018-04-18 14:04:40,763 INFO = Build phase begins
2018-04-18 14:04:41,384 INFO = Combat phase begins
2018-04-18 14:04:42,005 INFO = Ranged phase begins
2018-04-18 14:04:42,637 INFO = Special phase begins
2018-04-18 14:04:43,253 INFO = Start Turn phase begins
2018-04-18 14:04:43,278 INFO == TURN 20 BEGIN ==
2018-04-18 14:04:43,467 INFO Team.BLUE team acquired 1 resources.
2018-04-18 14:04:43,473 INFO Team.BLUE team acquired 1 resources.
2018-04-18 14:04:43,477 INFO Team.BLUE team acquired 1 resources.
2018-04-18 14:04:43,481 INFO Team.BLUE team acquired 1 resources.
2018-04-18 14:04:43,484 INFO Team.BLUE team acquired 1 resources.
2018-04-18 14:04:43,488 INFO Team.BLUE team acquired 1 resources.
2018-04-18 14:04:43,492 INFO Team.BLUE team acquired 1 resources.
2018-04-18 14:04:43,495 INFO Team.BLUE team acquired 1 resources.
2018-04-18 14:04:43,499 INFO Team.BLUE team acquired 1 resources.
2018-04-18 14:04:43,505 INFO Team.BLUE team acquired 2 resources.
2018-04-18 14:04:43,511 INFO Team.RED team acquired 2 resources.
2018-04-18 14:04:43,991 INFO = Issue Orders phase begins
2018-04-18 14:04:51,237 INFO BLUE Colonist at tile (6, 6) with 100 HP was assigned the order 'Order: Build a Generator on tile (5, 6)'
2018-04-18 14:04:51,243 INFO = Move phase begins
2018-04-18 14:04:51,899 INFO = Build phase begins
2018-04-18 14:04:52,055 INFO Team.BLUE PieceType.GENERATOR was built on (5, 6). 
2018-04-18 14:04:52,059 INFO Team.BLUE team spent 1 resources.
2018-04-18 14:04:52,519 INFO = Combat phase begins
2018-04-18 14:04:53,146 INFO = Ranged phase begins
2018-04-18 14:04:53,767 INFO = Special phase begins
2018-04-18 14:04:54,390 INFO = Start Turn phase begins
2018-04-18 14:04:54,418 INFO == TURN 21 BEGIN ==
2018-04-18 14:04:54,581 INFO Team.BLUE team acquired 1 resources.
2018-04-18 14:04:54,584 INFO Team.BLUE team acquired 1 resources.
2018-04-18 14:04:54,588 INFO Team.BLUE team acquired 1 resources.
2018-04-18 14:04:54,592 INFO Team.BLUE team acquired 1 resources.
2018-04-18 14:04:54,595 INFO Team.BLUE team acquired 1 resources.
2018-04-18 14:04:54,599 INFO Team.BLUE team acquired 1 resources.
2018-04-18 14:04:54,602 INFO Team.BLUE team acquired 1 resources.
2018-04-18 14:04:54,606 INFO Team.BLUE team acquired 1 resources.
2018-04-18 14:04:54,610 INFO Team.BLUE team acquired 1 resources.
2018-04-18 14:04:54,613 INFO Team.BLUE team acquired 1 resources.
2018-04-18 14:04:54,617 INFO Team.BLUE team acquired 2 resources.
2018-04-18 14:04:54,620 INFO Team.RED team acquired 2 resources.
2018-04-18 14:04:55,101 INFO = Issue Orders phase begins
2018-04-18 14:05:12,666 INFO BLUE Colonist at tile (6, 6) with 100 HP was assigned the order 'Order: Move to (3, 6)'
2018-04-18 14:05:12,670 INFO = Move phase begins
2018-04-18 14:05:12,837 INFO None moved to (3, 6)
2018-04-18 14:05:13,305 INFO = Build phase begins
2018-04-18 14:05:13,932 INFO = Combat phase begins
2018-04-18 14:05:14,555 INFO = Ranged phase begins
2018-04-18 14:05:15,177 INFO = Special phase begins
2018-04-18 14:05:15,803 INFO = Start Turn phase begins
2018-04-18 14:05:15,833 INFO == TURN 22 BEGIN ==
2018-04-18 14:05:15,990 INFO Team.BLUE team acquired 1 resources.
2018-04-18 14:05:15,995 INFO Team.BLUE team acquired 1 resources.
2018-04-18 14:05:15,998 INFO Team.BLUE team acquired 1 resources.
2018-04-18 14:05:16,002 INFO Team.BLUE team acquired 1 resources.
2018-04-18 14:05:16,006 INFO Team.BLUE team acquired 1 resources.
2018-04-18 14:05:16,009 INFO Team.BLUE team acquired 1 resources.
2018-04-18 14:05:16,013 INFO Team.BLUE team acquired 1 resources.
2018-04-18 14:05:16,016 INFO Team.BLUE team acquired 1 resources.
2018-04-18 14:05:16,020 INFO Team.BLUE team acquired 1 resources.
2018-04-18 14:05:16,024 INFO Team.BLUE team acquired 1 resources.
2018-04-18 14:05:16,028 INFO Team.BLUE team acquired 2 resources.
2018-04-18 14:05:16,031 INFO Team.RED team acquired 2 resources.
2018-04-18 14:05:16,512 INFO = Issue Orders phase begins
2018-04-18 14:05:32,381 INFO BLUE Colonist at tile (3, 6) with 100 HP was assigned the order 'Order: Move to (3, 4)'
2018-04-18 14:05:32,384 INFO = Move phase begins
2018-04-18 14:05:32,549 INFO None moved to (3, 4)
2018-04-18 14:05:33,032 INFO = Build phase begins
2018-04-18 14:05:33,692 INFO = Combat phase begins
2018-04-18 14:05:34,320 INFO = Ranged phase begins
2018-04-18 14:05:34,939 INFO = Special phase begins
2018-04-18 14:05:35,589 INFO = Start Turn phase begins
2018-04-18 14:05:35,616 INFO == TURN 23 BEGIN ==
2018-04-18 14:05:35,774 INFO Team.BLUE team acquired 1 resources.
2018-04-18 14:05:35,777 INFO Team.BLUE team acquired 1 resources.
2018-04-18 14:05:35,781 INFO Team.BLUE team acquired 1 resources.
2018-04-18 14:05:35,784 INFO Team.BLUE team acquired 1 resources.
2018-04-18 14:05:35,788 INFO Team.BLUE team acquired 1 resources.
2018-04-18 14:05:35,791 INFO Team.BLUE team acquired 1 resources.
2018-04-18 14:05:35,795 INFO Team.BLUE team acquired 1 resources.
2018-04-18 14:05:35,798 INFO Team.BLUE team acquired 1 resources.
2018-04-18 14:05:35,802 INFO Team.BLUE team acquired 1 resources.
2018-04-18 14:05:35,805 INFO Team.BLUE team acquired 1 resources.
2018-04-18 14:05:35,809 INFO Team.BLUE team acquired 2 resources.
2018-04-18 14:05:35,812 INFO Team.RED team acquired 2 resources.
2018-04-18 14:05:36,285 INFO = Issue Orders phase begins
2018-04-18 14:05:38,878 INFO BLUE Colonist at tile (3, 4) with 100 HP was assigned the order 'Order: Build a Generator on tile (2, 4)'
2018-04-18 14:05:38,881 INFO = Move phase begins
2018-04-18 14:05:39,505 INFO = Build phase begins
2018-04-18 14:05:39,670 INFO Team.BLUE PieceType.GENERATOR was built on (2, 4). 
2018-04-18 14:05:39,673 INFO Team.BLUE team spent 1 resources.
2018-04-18 14:05:40,150 INFO = Combat phase begins
2018-04-18 14:05:40,771 INFO = Ranged phase begins
2018-04-18 14:05:41,403 INFO = Special phase begins
2018-04-18 14:05:42,060 INFO = Start Turn phase begins
2018-04-18 14:05:42,089 INFO == TURN 24 BEGIN ==
2018-04-18 14:05:42,244 INFO Team.BLUE team acquired 1 resources.
2018-04-18 14:05:42,249 INFO Team.BLUE team acquired 1 resources.
2018-04-18 14:05:42,252 INFO Team.BLUE team acquired 1 resources.
2018-04-18 14:05:42,256 INFO Team.BLUE team acquired 1 resources.
2018-04-18 14:05:42,260 INFO Team.BLUE team acquired 1 resources.
2018-04-18 14:05:42,264 INFO Team.BLUE team acquired 1 resources.
2018-04-18 14:05:42,267 INFO Team.BLUE team acquired 1 resources.
2018-04-18 14:05:42,271 INFO Team.BLUE team acquired 1 resources.
2018-04-18 14:05:42,275 INFO Team.BLUE team acquired 1 resources.
2018-04-18 14:05:42,279 INFO Team.BLUE team acquired 1 resources.
2018-04-18 14:05:42,283 INFO Team.BLUE team acquired 1 resources.
2018-04-18 14:05:42,286 INFO Team.BLUE team acquired 2 resources.
2018-04-18 14:05:42,290 INFO Team.RED team acquired 2 resources.
2018-04-18 14:05:42,768 INFO = Issue Orders phase begins
