2018-04-03 17:01:45,974 INFO Team.RED team researched the upgrade UpgradeType.COLONIST_MAX_HP
2018-04-03 17:01:45,974 INFO Team.RED team researched the upgrade UpgradeType.COLONIST_TERRAFORMING
2018-04-03 17:01:45,974 INFO Team.RED team researched the upgrade UpgradeType.TROOPER_ARMOR
2018-04-03 17:01:45,974 INFO Team.RED team researched the upgrade UpgradeType.RESOURCE_PRODUCTION_1
2018-04-03 17:01:45,974 INFO Team.RED team researched the upgrade UpgradeType.RESOURCE_PRODUCTION_2
2018-04-03 17:01:45,975 INFO Team.BLUE team researched the upgrade UpgradeType.GHOST_ANTI_COLONIST
2018-04-03 17:01:45,975 INFO Team.BLUE team researched the upgrade UpgradeType.RESOURCE_PRODUCTION_1
2018-04-03 17:01:45,975 INFO Team.BLUE team researched the upgrade UpgradeType.RESOURCE_PRODUCTION_2
2018-04-03 17:02:12,613 INFO RED Colonist at tile (3, 9) with 100 HP was assigned the order 'Order: Heal self'
2018-04-03 17:02:12,613 INFO RED Colonist at tile (7, 10) with 100 HP was assigned the order 'Order: raise terrain on tile (8, 10)'
2018-04-03 17:02:12,613 INFO RED Trooper at tile (8, 6) with 100 HP was assigned the order 'Order: Move to (7, 7)'
2018-04-03 17:02:12,613 INFO RED Ranger at tile (6, 6) with 45 HP was assigned the order 'Order: Ranged attack tile (7, 7)'
2018-04-03 17:02:12,613 INFO BLUE Ghost at tile (7, 7) with 80 HP was assigned the order 'Order: Move to (6, 5)'
2018-04-03 17:02:12,613 INFO RED Trooper at tile (8, 9) with 100 HP was assigned the order 'Order: Move to (9, 8)'
2018-04-03 17:02:12,614 INFO = Move phase begins
2018-04-03 17:02:12,629 INFO RED Trooper at tile (8, 9) with 100 HP successfully executed 'Order: Move to (9, 8)'
2018-04-03 17:02:12,629 INFO BLUE Ghost at tile (7, 7) with 80 HP successfully executed 'Order: Move to (6, 5)'
2018-04-03 17:02:12,630 INFO RED Trooper at tile (8, 6) with 100 HP successfully executed 'Order: Move to (7, 7)'
2018-04-03 17:02:13,023 INFO = Build phase begins
2018-04-03 17:02:13,480 INFO = Combat phase begins
2018-04-03 17:02:13,494 INFO [<terra.piece.piece.Piece object at 0x08B7D4B0>, <terra.piece.piece.Piece object at 0x08B7D4F0>] are contesting the tile at (8, 7)!
2018-04-03 17:02:13,494 INFO RED Barracks at tile (8, 7) with 40 HP took 30 damage from BLUE Trooper at tile (8, 7) with 100 HP!
2018-04-03 17:02:13,494 INFO BLUE Trooper at tile (8, 7) with 100 HP took 0 damage from RED Barracks at tile (8, 7) with 40 HP!
2018-04-03 17:02:13,494 INFO BLUE Trooper at tile (8, 7) with 100 HP took 0 damage from RED Barracks at tile (8, 7) with 40 HP!
2018-04-03 17:02:13,494 INFO RED Barracks at tile (8, 7) with 10 HP took 30 damage from BLUE Trooper at tile (8, 7) with 100 HP!
2018-04-03 17:02:13,494 INFO [<terra.piece.piece.Piece object at 0x08B7D590>, <terra.piece.piece.Piece object at 0x08B7D570>] are contesting the tile at (4, 6)!
2018-04-03 17:02:13,494 INFO BLUE Ghost at tile (4, 6) with 80 HP took 0 damage from RED Tech Lab at tile (4, 6) with 50 HP!
2018-04-03 17:02:13,494 INFO RED Tech Lab at tile (4, 6) with 50 HP took 0 damage from BLUE Ghost at tile (4, 6) with 80 HP!
2018-04-03 17:02:13,495 INFO RED Tech Lab at tile (4, 6) with 50 HP took 0 damage from BLUE Ghost at tile (4, 6) with 80 HP!
2018-04-03 17:02:13,495 INFO BLUE Ghost at tile (4, 6) with 80 HP took 0 damage from RED Tech Lab at tile (4, 6) with 50 HP!
2018-04-03 17:02:13,880 INFO = Ranged phase begins
2018-04-03 17:02:13,894 INFO RED Ranger at tile (6, 6) with 45 HP successfully executed 'Order: Ranged attack tile (7, 7)'
2018-04-03 17:02:14,297 INFO = Special phase begins
2018-04-03 17:02:14,310 INFO RED Colonist at tile (7, 10) with 100 HP successfully executed 'Order: raise terrain on tile (8, 10)'
2018-04-03 17:02:14,311 INFO RED Colonist at tile (3, 9) with 120 HP healed for 20 health.
2018-04-03 17:02:14,311 INFO RED Colonist at tile (3, 9) with 120 HP successfully executed 'Order: Heal self'
2018-04-03 17:02:14,733 INFO == TURN 2 BEGIN ==
2018-04-03 17:02:14,733 INFO = Start Turn phase begins
2018-04-03 17:02:14,747 INFO Team.BLUE team acquired 3 resources.
2018-04-03 17:02:14,748 INFO Team.BLUE team acquired 3 resources.
2018-04-03 17:02:14,748 INFO Team.BLUE team acquired 3 resources.
2018-04-03 17:02:14,748 INFO Team.BLUE team acquired 3 resources.
2018-04-03 17:02:14,748 INFO Team.RED team acquired 3 resources.
2018-04-03 17:02:14,749 INFO Team.RED team acquired 3 resources.
2018-04-03 17:02:14,749 INFO Team.BLUE team acquired 3 resources.
2018-04-03 17:02:14,749 INFO Team.RED team acquired 3 resources.
2018-04-03 17:02:14,749 INFO Team.BLUE team acquired 3 resources.
2018-04-03 17:02:14,749 INFO Team.RED team acquired 3 resources.
2018-04-03 17:02:14,749 INFO Team.BLUE team acquired 4 resources.
2018-04-03 17:02:14,749 INFO Team.RED team acquired 4 resources.
2018-04-03 17:02:15,154 INFO = Issue Orders phase begins
