== ROUND 1 BEGIN ==
RED Base at tile (4, 4) with 150 HP was assigned the order 'Order: Build a Colonist on tile (4, 3)'
= Phase Move begins
= Phase Build begins
RED Base at tile (4, 4) with 150 HP successfully executed 'Order: Build a Colonist on tile (4, 3)'
= Phase Combat begins
= Phase Ranged begins
= Phase Special begins
= Phase Start Turn begins
= Phase Issue Orders begins
RED Colonist at tile (3, 3) with 100 HP was assigned the order 'Order: Move to (4, 2)'
= Phase Move begins
RED Colonist at tile (4, 2) with 100 HP successfully executed 'Order: Move to (4, 2)'
= Phase Build begins
= Phase Combat begins
= Phase Ranged begins
= Phase Special begins
= Phase Start Turn begins
= Phase Issue Orders begins
== ROUND 1 BEGIN ==
== ROUND 1 BEGIN ==
RED Base at tile (4, 4) with 150 HP was assigned the order 'Order: Build a Colonist on tile (4, 3)'
RED Colonist at tile (3, 3) with 100 HP was assigned the order 'Order: Move to (4, 2)'
= Phase Move begins
RED Colonist at tile (4, 2) with 100 HP successfully executed 'Order: Move to (4, 2)'
= Phase Build begins
RED Base at tile (4, 4) with 150 HP successfully executed 'Order: Build a Colonist on tile (4, 3)'
= Phase Combat begins
= Phase Ranged begins
= Phase Special begins
= Phase Start Turn begins
= Phase Issue Orders begins
== ROUND 1 BEGIN ==
== ROUND 1 BEGIN ==
== ROUND 1 BEGIN ==
RED Base at tile (4, 4) with 150 HP was assigned the order 'Order: Build a Colonist on tile (4, 3)'
RED Colonist at tile (3, 3) with 100 HP was assigned the order 'Order: Move to (4, 2)'
= Phase Move begins
RED Colonist at tile (4, 2) with 100 HP successfully executed 'Order: Move to (4, 2)'
= Phase Build begins
RED Base at tile (4, 4) with 150 HP successfully executed 'Order: Build a Colonist on tile (4, 3)'
= Phase Combat begins
= Phase Ranged begins
= Phase Special begins
= Phase Start Turn begins
= Phase Issue Orders begins
= Phase Move begins
= Phase Build begins
= Phase Combat begins
= Phase Ranged begins
= Phase Special begins
= Phase Start Turn begins
= Phase Issue Orders begins
= Phase Move begins
= Phase Build begins
= Phase Combat begins
= Phase Ranged begins
= Phase Special begins
= Phase Start Turn begins
= Phase Issue Orders begins
= Phase Move begins
= Phase Build begins
= Phase Combat begins
= Phase Ranged begins
= Phase Special begins
= Phase Start Turn begins
= Phase Issue Orders begins
= Phase Move begins
= Phase Build begins
= Phase Combat begins
= Phase Ranged begins
= Phase Special begins
= Phase Start Turn begins
= Phase Issue Orders begins
= Phase Move begins
= Phase Build begins
= Phase Combat begins
= Phase Ranged begins
= Phase Special begins
= Phase Start Turn begins
= Phase Issue Orders begins
= Phase Move begins
= Phase Build begins
= Phase Combat begins
= Phase Ranged begins
= Phase Special begins
= Phase Start Turn begins
= Phase Issue Orders begins
RED Colonist at tile (4, 2) with 100 HP was assigned the order 'Order: Move to (5, 2)'
RED Colonist at tile (4, 3) with 100 HP was assigned the order 'Order: Build a Generator on tile (4, 2)'
= Phase Move begins
RED Colonist at tile (5, 2) with 100 HP successfully executed 'Order: Move to (5, 2)'
= Phase Build begins
RED Colonist at tile (4, 3) with 100 HP successfully executed 'Order: Build a Generator on tile (4, 2)'
= Phase Combat begins
= Phase Ranged begins
= Phase Special begins
= Phase Start Turn begins
= Phase Issue Orders begins
RED Colonist at tile (4, 3) with 100 HP was assigned the order 'Order: Move to (3, 3)'
= Phase Move begins
RED Colonist at tile (3, 3) with 100 HP successfully executed 'Order: Move to (3, 3)'
= Phase Build begins
= Phase Combat begins
= Phase Ranged begins
= Phase Special begins
= Phase Start Turn begins
= Phase Issue Orders begins
== ROUND 1 BEGIN ==
== ROUND 1 BEGIN ==
== ROUND 1 BEGIN ==
== ROUND 1 BEGIN ==
== ROUND 1 BEGIN ==
== ROUND 1 BEGIN ==
RED Barracks at tile (5, 3) with 100 HP was assigned the order 'Order: Build a Ranger on tile (5, 4)'
= Phase Move begins
= Phase Build begins
RED Barracks at tile (5, 3) with 100 HP successfully executed 'Order: Build a Ranger on tile (5, 4)'
= Phase Combat begins
= Phase Ranged begins
= Phase Special begins
= Phase Start Turn begins
= Phase Issue Orders begins
== ROUND 1 BEGIN ==
== ROUND 1 BEGIN ==
== ROUND 1 BEGIN ==
== ROUND 1 BEGIN ==
== ROUND 1 BEGIN ==
== ROUND 1 BEGIN ==
== ROUND 1 BEGIN ==
== ROUND 1 BEGIN ==
== ROUND 1 BEGIN ==
== ROUND 1 BEGIN ==
== ROUND 1 BEGIN ==
== ROUND 1 BEGIN ==
== ROUND 1 BEGIN ==
== ROUND 1 BEGIN ==
== ROUND 1 BEGIN ==
== ROUND 1 BEGIN ==
== ROUND 1 BEGIN ==
== ROUND 1 BEGIN ==
== ROUND 1 BEGIN ==
== ROUND 1 BEGIN ==
== ROUND 1 BEGIN ==
== ROUND 1 BEGIN ==
== ROUND 1 BEGIN ==
== ROUND 1 BEGIN ==
== ROUND 1 BEGIN ==
== ROUND 1 BEGIN ==
== ROUND 1 BEGIN ==
== ROUND 1 BEGIN ==
== ROUND 1 BEGIN ==
== ROUND 1 BEGIN ==
== ROUND 1 BEGIN ==
== ROUND 1 BEGIN ==
== ROUND 1 BEGIN ==
== ROUND 1 BEGIN ==
== ROUND 1 BEGIN ==
== ROUND 1 BEGIN ==
== ROUND 1 BEGIN ==
== ROUND 1 BEGIN ==
== ROUND 1 BEGIN ==
== ROUND 1 BEGIN ==
== ROUND 1 BEGIN ==
== ROUND 1 BEGIN ==
== ROUND 1 BEGIN ==
== ROUND 1 BEGIN ==
= Phase Move begins
= Phase Build begins
= Phase Combat begins
= Phase Ranged begins
= Phase Special begins
= Phase Start Turn begins
= Phase Issue Orders begins
= Phase Move begins
= Phase Build begins
= Phase Combat begins
= Phase Ranged begins
= Phase Special begins
= Phase Start Turn begins
= Phase Issue Orders begins
== ROUND 1 BEGIN ==
== ROUND 1 BEGIN ==
== ROUND 1 BEGIN ==
== ROUND 1 BEGIN ==
== ROUND 1 BEGIN ==
== ROUND 1 BEGIN ==
== ROUND 1 BEGIN ==
== ROUND 1 BEGIN ==
== ROUND 1 BEGIN ==
== ROUND 1 BEGIN ==
== ROUND 1 BEGIN ==
== ROUND 1 BEGIN ==
RED Colonist at tile (3, 3) with 100 HP was assigned the order 'Order: Build a Tech Lab on tile (4, 3)'
= Phase Move begins
= Phase Build begins
RED Colonist at tile (3, 3) with 100 HP successfully executed 'Order: Build a Tech Lab on tile (4, 3)'
= Phase Combat begins
= Phase Ranged begins
= Phase Special begins
= Phase Start Turn begins
= Phase Issue Orders begins
= Phase Move begins
= Phase Build begins
= Phase Combat begins
= Phase Ranged begins
= Phase Special begins
= Phase Start Turn begins
= Phase Issue Orders begins
= Phase Move begins
= Phase Build begins
= Phase Combat begins
= Phase Ranged begins
= Phase Special begins
= Phase Start Turn begins
= Phase Issue Orders begins
= Phase Move begins
= Phase Build begins
= Phase Combat begins
= Phase Ranged begins
= Phase Special begins
= Phase Start Turn begins
= Phase Issue Orders begins
= Phase Move begins
= Phase Build begins
= Phase Combat begins
= Phase Ranged begins
= Phase Special begins
= Phase Start Turn begins
= Phase Issue Orders begins
= Phase Move begins
= Phase Build begins
= Phase Combat begins
= Phase Ranged begins
= Phase Special begins
= Phase Start Turn begins
= Phase Issue Orders begins
= Phase Move begins
= Phase Build begins
= Phase Combat begins
= Phase Ranged begins
= Phase Special begins
= Phase Start Turn begins
= Phase Issue Orders begins
= Phase Move begins
= Phase Build begins
= Phase Combat begins
= Phase Ranged begins
= Phase Special begins
= Phase Start Turn begins
= Phase Issue Orders begins
= Phase Move begins
= Phase Build begins
= Phase Combat begins
= Phase Ranged begins
= Phase Special begins
= Phase Start Turn begins
= Phase Issue Orders begins
= Phase Move begins
= Phase Build begins
= Phase Combat begins
= Phase Ranged begins
= Phase Special begins
= Phase Start Turn begins
= Phase Issue Orders begins
= Phase Move begins
= Phase Build begins
= Phase Combat begins
= Phase Ranged begins
= Phase Special begins
= Phase Start Turn begins
= Phase Issue Orders begins
= Phase Move begins
= Phase Build begins
= Phase Combat begins
= Phase Ranged begins
= Phase Special begins
= Phase Start Turn begins
= Phase Issue Orders begins
= Phase Move begins
= Phase Build begins
= Phase Combat begins
= Phase Ranged begins
= Phase Special begins
= Phase Start Turn begins
= Phase Issue Orders begins
RED Base at tile (4, 4) with 150 HP was assigned the order 'Order: purchase upgrade UpgradeType.RESOURCE_PRODUCTION_1'
= Phase Move begins
= Phase Build begins
= Phase Combat begins
= Phase Ranged begins
= Phase Special begins
RED Base at tile (4, 4) with 150 HP successfully executed 'Order: purchase upgrade UpgradeType.RESOURCE_PRODUCTION_1'
= Phase Start Turn begins
Team.RED team researched the upgrade UpgradeType.RESOURCE_PRODUCTION_1
= Phase Issue Orders begins
RED Tech Lab at tile (4, 3) with 50 HP was assigned the order 'Order: purchase upgrade UpgradeType.RESOURCE_PRODUCTION_2'
= Phase Move begins
= Phase Build begins
= Phase Combat begins
= Phase Ranged begins
= Phase Special begins
RED Tech Lab at tile (4, 3) with 50 HP successfully executed 'Order: purchase upgrade UpgradeType.RESOURCE_PRODUCTION_2'
= Phase Start Turn begins
Team.RED team researched the upgrade UpgradeType.RESOURCE_PRODUCTION_2
= Phase Issue Orders begins
RED Tech Lab at tile (4, 3) with 50 HP was assigned the order 'Order: purchase upgrade UpgradeType.RESEARCH_GUARDIAN'
= Phase Move begins
= Phase Build begins
= Phase Combat begins
= Phase Ranged begins
= Phase Special begins
RED Tech Lab at tile (4, 3) with 50 HP successfully executed 'Order: purchase upgrade UpgradeType.RESEARCH_GUARDIAN'
= Phase Start Turn begins
Team.RED team researched the upgrade UpgradeType.RESEARCH_GUARDIAN
= Phase Issue Orders begins
RED Tech Lab at tile (4, 3) with 50 HP was assigned the order 'Order: purchase upgrade UpgradeType.RESEARCH_BOLTCASTER'
= Phase Move begins
= Phase Build begins
= Phase Combat begins
= Phase Ranged begins
= Phase Special begins
RED Tech Lab at tile (4, 3) with 50 HP successfully executed 'Order: purchase upgrade UpgradeType.RESEARCH_BOLTCASTER'
= Phase Start Turn begins
Team.RED team researched the upgrade UpgradeType.RESEARCH_BOLTCASTER
= Phase Issue Orders begins
RED Tech Lab at tile (4, 3) with 50 HP was assigned the order 'Order: purchase upgrade UpgradeType.RESEARCH_BANSHEE'
= Phase Move begins
= Phase Build begins
= Phase Combat begins
= Phase Ranged begins
= Phase Special begins
RED Tech Lab at tile (4, 3) with 50 HP successfully executed 'Order: purchase upgrade UpgradeType.RESEARCH_BANSHEE'
= Phase Start Turn begins
Team.RED team researched the upgrade UpgradeType.RESEARCH_BANSHEE
= Phase Issue Orders begins
== ROUND 1 BEGIN ==
RED Colonist at tile (3, 3) with 100 HP was assigned the order 'Order: Build a Generator on tile (2, 3)'
RED Barracks at tile (5, 3) with 100 HP was assigned the order 'Order: purchase upgrade UpgradeType.GHOST_STEAL'
= Phase Move begins
= Phase Build begins
RED Colonist at tile (3, 3) with 100 HP successfully executed 'Order: Build a Generator on tile (2, 3)'
= Phase Combat begins
= Phase Ranged begins
= Phase Special begins
RED Barracks at tile (5, 3) with 100 HP successfully executed 'Order: purchase upgrade UpgradeType.GHOST_STEAL'
= Phase Start Turn begins
Team.RED team researched the upgrade UpgradeType.GHOST_STEAL
= Phase Issue Orders begins
RED Colonist at tile (3, 3) with 100 HP was assigned the order 'Order: Build a Generator on tile (3, 2)'
RED Barracks at tile (5, 3) with 100 HP was assigned the order 'Order: Build a Ghost on tile (5, 4)'
= Phase Move begins
= Phase Build begins
RED Colonist at tile (3, 3) with 100 HP successfully executed 'Order: Build a Generator on tile (3, 2)'
RED Barracks at tile (5, 3) with 100 HP successfully executed 'Order: Build a Ghost on tile (5, 4)'
= Phase Combat begins
= Phase Ranged begins
= Phase Special begins
= Phase Start Turn begins
= Phase Issue Orders begins
RED Base at tile (4, 4) with 150 HP was assigned the order 'Order: Build a Colonist on tile (4, 3)'
RED Colonist at tile (3, 3) with 100 HP was assigned the order 'Order: Move to (3, 4)'
RED Barracks at tile (5, 3) with 100 HP was assigned the order 'Order: purchase upgrade UpgradeType.GHOST_ANTI_COLONIST'
RED Ghost at tile (5, 4) with 80 HP was assigned the order 'Order: Move to (6, 6)'
= Phase Move begins
RED Colonist at tile (3, 4) with 100 HP successfully executed 'Order: Move to (3, 4)'
RED Ghost at tile (6, 6) with 80 HP successfully executed 'Order: Move to (6, 6)'
= Phase Build begins
RED Base at tile (4, 4) with 150 HP successfully executed 'Order: Build a Colonist on tile (4, 3)'
= Phase Combat begins
= Phase Ranged begins
= Phase Special begins
RED Barracks at tile (5, 3) with 100 HP successfully executed 'Order: purchase upgrade UpgradeType.GHOST_ANTI_COLONIST'
= Phase Start Turn begins
Team.RED team researched the upgrade UpgradeType.GHOST_ANTI_COLONIST
= Phase Issue Orders begins
RED Colonist at tile (3, 4) with 100 HP was assigned the order 'Order: Build a Generator on tile (2, 4)'
RED Ghost at tile (6, 6) with 80 HP was assigned the order 'Order: Move to (8, 7)'
RED Colonist at tile (4, 3) with 100 HP was assigned the order 'Order: Build a Generator on tile (4, 2)'
= Phase Move begins
RED Ghost at tile (8, 7) with 80 HP successfully executed 'Order: Move to (8, 7)'
= Phase Build begins
RED Colonist at tile (3, 4) with 100 HP successfully executed 'Order: Build a Generator on tile (2, 4)'
RED Colonist at tile (4, 3) with 100 HP successfully executed 'Order: Build a Generator on tile (4, 2)'
= Phase Combat begins
= Phase Ranged begins
= Phase Special begins
= Phase Start Turn begins
= Phase Issue Orders begins
RED Colonist at tile (3, 4) with 100 HP was assigned the order 'Order: Move to (3, 5)'
RED Colonist at tile (4, 3) with 100 HP was assigned the order 'Order: Move to (6, 4)'
= Phase Move begins
RED Colonist at tile (3, 5) with 100 HP successfully executed 'Order: Move to (3, 5)'
RED Colonist at tile (6, 4) with 100 HP successfully executed 'Order: Move to (6, 4)'
= Phase Build begins
= Phase Combat begins
= Phase Ranged begins
= Phase Special begins
= Phase Start Turn begins
= Phase Issue Orders begins
RED Base at tile (4, 4) with 150 HP was assigned the order 'Order: purchase upgrade UpgradeType.RESOURCE_PRODUCTION_1'
RED Barracks at tile (5, 3) with 100 HP was assigned the order 'Order: Build a Trooper on tile (5, 4)'
RED Ghost at tile (8, 7) with 80 HP was assigned the order 'Order: Move to (9, 9)'
RED Colonist at tile (3, 5) with 100 HP was assigned the order 'Order: Build a Tech Lab on tile (3, 4)'
RED Colonist at tile (6, 4) with 100 HP was assigned the order 'Order: Move to (6, 6)'
= Phase Move begins
RED Ghost at tile (9, 9) with 80 HP successfully executed 'Order: Move to (9, 9)'
RED Colonist at tile (6, 6) with 100 HP successfully executed 'Order: Move to (6, 6)'
= Phase Build begins
RED Barracks at tile (5, 3) with 100 HP successfully executed 'Order: Build a Trooper on tile (5, 4)'
RED Colonist at tile (3, 5) with 100 HP successfully executed 'Order: Build a Tech Lab on tile (3, 4)'
= Phase Combat begins
= Phase Ranged begins
= Phase Special begins
RED Base at tile (4, 4) with 150 HP successfully executed 'Order: purchase upgrade UpgradeType.RESOURCE_PRODUCTION_1'
= Phase Start Turn begins
Team.RED team researched the upgrade UpgradeType.RESOURCE_PRODUCTION_1
= Phase Issue Orders begins
RED Base at tile (4, 4) with 150 HP was assigned the order 'Order: purchase upgrade UpgradeType.RESOURCE_PRODUCTION_2'
RED Barracks at tile (5, 3) with 100 HP was assigned the order 'Order: Build a Trooper on tile (5, 4)'
RED Colonist at tile (3, 5) with 100 HP was assigned the order 'Order: Build a Barracks on tile (4, 5)'
RED Colonist at tile (6, 6) with 100 HP was assigned the order 'Order: Build a Generator on tile (5, 6)'
RED Trooper at tile (5, 4) with 100 HP was assigned the order 'Order: Move to (6, 5)'
= Phase Move begins
RED Trooper at tile (6, 5) with 100 HP successfully executed 'Order: Move to (6, 5)'
= Phase Build begins
RED Barracks at tile (5, 3) with 100 HP successfully executed 'Order: Build a Trooper on tile (5, 4)'
RED Colonist at tile (3, 5) with 100 HP successfully executed 'Order: Build a Barracks on tile (4, 5)'
RED Colonist at tile (6, 6) with 100 HP successfully executed 'Order: Build a Generator on tile (5, 6)'
= Phase Combat begins
= Phase Ranged begins
= Phase Special begins
RED Base at tile (4, 4) with 150 HP successfully executed 'Order: purchase upgrade UpgradeType.RESOURCE_PRODUCTION_2'
= Phase Start Turn begins
Team.RED team researched the upgrade UpgradeType.RESOURCE_PRODUCTION_2
= Phase Issue Orders begins
RED Base at tile (4, 4) with 150 HP was assigned the order 'Order: purchase upgrade UpgradeType.COLONIST_TERRAFORMING'
RED Barracks at tile (5, 3) with 100 HP was assigned the order 'Order: Build a Ghost on tile (6, 3)'
RED Colonist at tile (3, 5) with 100 HP was assigned the order 'Order: Move to (3, 7)'
RED Ghost at tile (9, 9) with 80 HP was assigned the order 'Order: Move to (12, 9)'
RED Colonist at tile (6, 6) with 100 HP was assigned the order 'Order: Move to (8, 7)'
RED Tech Lab at tile (3, 4) with 50 HP was assigned the order 'Order: purchase upgrade UpgradeType.RESEARCH_GUARDIAN'
RED Trooper at tile (6, 5) with 100 HP was assigned the order 'Order: Move to (7, 6)'
RED Trooper at tile (5, 4) with 100 HP was assigned the order 'Order: Move to (7, 4)'
RED Barracks at tile (4, 5) with 100 HP was assigned the order 'Order: Build a Ranger on tile (5, 5)'
= Phase Move begins
RED Colonist at tile (3, 7) with 100 HP successfully executed 'Order: Move to (3, 7)'
RED Ghost at tile (12, 9) with 80 HP successfully executed 'Order: Move to (12, 9)'
RED Colonist at tile (8, 7) with 100 HP successfully executed 'Order: Move to (8, 7)'
RED Trooper at tile (7, 6) with 100 HP successfully executed 'Order: Move to (7, 6)'
RED Trooper at tile (7, 4) with 100 HP successfully executed 'Order: Move to (7, 4)'
= Phase Build begins
RED Barracks at tile (5, 3) with 100 HP successfully executed 'Order: Build a Ghost on tile (6, 3)'
RED Barracks at tile (4, 5) with 100 HP successfully executed 'Order: Build a Ranger on tile (5, 5)'
= Phase Combat begins
= Phase Ranged begins
= Phase Special begins
RED Base at tile (4, 4) with 150 HP successfully executed 'Order: purchase upgrade UpgradeType.COLONIST_TERRAFORMING'
RED Tech Lab at tile (3, 4) with 50 HP successfully executed 'Order: purchase upgrade UpgradeType.RESEARCH_GUARDIAN'
= Phase Start Turn begins
Team.RED team researched the upgrade UpgradeType.COLONIST_TERRAFORMING
Team.RED team researched the upgrade UpgradeType.RESEARCH_GUARDIAN
= Phase Issue Orders begins
RED Barracks at tile (5, 3) with 100 HP was assigned the order 'Order: Build a Guardian on tile (5, 4)'
RED Barracks at tile (4, 5) with 100 HP was assigned the order 'Order: Build a Guardian on tile (5, 5)'
RED Colonist at tile (3, 7) with 100 HP was assigned the order 'Order: raise terrain on tile (3, 8)'
RED Ghost at tile (12, 9) with 80 HP was assigned the order 'Order: Move to (14, 10)'
RED Ranger at tile (5, 5) with 90 HP was assigned the order 'Order: Move to (6, 6)'
= Phase Move begins
RED Ghost at tile (14, 10) with 80 HP successfully executed 'Order: Move to (14, 10)'
RED Ranger at tile (6, 6) with 90 HP successfully executed 'Order: Move to (6, 6)'
= Phase Build begins
RED Barracks at tile (5, 3) with 100 HP successfully executed 'Order: Build a Guardian on tile (5, 4)'
RED Barracks at tile (4, 5) with 100 HP successfully executed 'Order: Build a Guardian on tile (5, 5)'
= Phase Combat begins
= Phase Ranged begins
= Phase Special begins
RED Colonist at tile (3, 7) with 100 HP successfully executed 'Order: raise terrain on tile (3, 8)'
= Phase Start Turn begins
= Phase Issue Orders begins
RED Ghost at tile (14, 10) with 80 HP was assigned the order 'Order: Move to (15, 12)'
= Phase Move begins
RED Ghost at tile (15, 12) with 80 HP successfully executed 'Order: Move to (15, 12)'
= Phase Build begins
= Phase Combat begins
= Phase Ranged begins
= Phase Special begins
= Phase Start Turn begins
= Phase Issue Orders begins
== ROUND 1 BEGIN ==
RED Colonist at tile (3, 3) with 100 HP was assigned the order 'Order: Build a Tech Lab on tile (3, 4)'
= Phase Move begins
= Phase Build begins
RED Colonist at tile (3, 3) with 100 HP successfully executed 'Order: Build a Tech Lab on tile (3, 4)'
= Phase Combat begins
= Phase Ranged begins
= Phase Special begins
= Phase Start Turn begins
= Phase Issue Orders begins
RED Colonist at tile (3, 3) with 100 HP was assigned the order 'Order: Build a Generator on tile (3, 2)'
= Phase Move begins
= Phase Build begins
RED Colonist at tile (3, 3) with 100 HP successfully executed 'Order: Build a Generator on tile (3, 2)'
= Phase Combat begins
= Phase Ranged begins
= Phase Special begins
= Phase Start Turn begins
= Phase Issue Orders begins
RED Colonist at tile (3, 3) with 100 HP was assigned the order 'Order: Build a Generator on tile (2, 3)'
= Phase Move begins
= Phase Build begins
RED Colonist at tile (3, 3) with 100 HP successfully executed 'Order: Build a Generator on tile (2, 3)'
= Phase Combat begins
= Phase Ranged begins
= Phase Special begins
= Phase Start Turn begins
= Phase Issue Orders begins
= Phase Move begins
= Phase Build begins
= Phase Combat begins
= Phase Ranged begins
= Phase Special begins
= Phase Start Turn begins
= Phase Issue Orders begins
= Phase Move begins
= Phase Build begins
= Phase Combat begins
= Phase Ranged begins
= Phase Special begins
= Phase Start Turn begins
= Phase Issue Orders begins
= Phase Move begins
= Phase Build begins
= Phase Combat begins
= Phase Ranged begins
= Phase Special begins
= Phase Start Turn begins
= Phase Issue Orders begins
RED Tech Lab at tile (3, 4) with 50 HP was assigned the order 'Order: purchase upgrade UpgradeType.RESEARCH_GUARDIAN'
= Phase Move begins
= Phase Build begins
= Phase Combat begins
= Phase Ranged begins
= Phase Special begins
RED Tech Lab at tile (3, 4) with 50 HP successfully executed 'Order: purchase upgrade UpgradeType.RESEARCH_GUARDIAN'
= Phase Start Turn begins
Team.RED team researched the upgrade UpgradeType.RESEARCH_GUARDIAN
= Phase Issue Orders begins
RED Tech Lab at tile (3, 4) with 50 HP was assigned the order 'Order: purchase upgrade UpgradeType.RESEARCH_BOLTCASTER'
= Phase Move begins
= Phase Build begins
= Phase Combat begins
= Phase Ranged begins
= Phase Special begins
RED Tech Lab at tile (3, 4) with 50 HP successfully executed 'Order: purchase upgrade UpgradeType.RESEARCH_BOLTCASTER'
= Phase Start Turn begins
Team.RED team researched the upgrade UpgradeType.RESEARCH_BOLTCASTER
= Phase Issue Orders begins
RED Tech Lab at tile (3, 4) with 50 HP was assigned the order 'Order: purchase upgrade UpgradeType.RESEARCH_BANSHEE'
= Phase Move begins
= Phase Build begins
= Phase Combat begins
= Phase Ranged begins
= Phase Special begins
RED Tech Lab at tile (3, 4) with 50 HP successfully executed 'Order: purchase upgrade UpgradeType.RESEARCH_BANSHEE'
= Phase Start Turn begins
Team.RED team researched the upgrade UpgradeType.RESEARCH_BANSHEE
= Phase Issue Orders begins
RED Barracks at tile (5, 3) with 100 HP was assigned the order 'Order: Build a Boltcaster on tile (5, 4)'
= Phase Move begins
= Phase Build begins
RED Barracks at tile (5, 3) with 100 HP successfully executed 'Order: Build a Boltcaster on tile (5, 4)'
= Phase Combat begins
= Phase Ranged begins
= Phase Special begins
= Phase Start Turn begins
= Phase Issue Orders begins
RED Boltcaster at tile (5, 4) with 60 HP was assigned the order 'Order: Ranged attack tile (7, 7)'
= Phase Move begins
= Phase Build begins
= Phase Combat begins
= Phase Ranged begins
RED Boltcaster at tile (5, 4) with 60 HP successfully executed 'Order: Ranged attack tile (7, 7)'
= Phase Special begins
= Phase Start Turn begins
= Phase Issue Orders begins
== ROUND 1 BEGIN ==
== ROUND 1 BEGIN ==
== ROUND 1 BEGIN ==
== ROUND 1 BEGIN ==
== ROUND 1 BEGIN ==
RED Colonist at tile (3, 3) with 100 HP was assigned the order 'Order: Build a Tech Lab on tile (4, 3)'
= Phase Move begins
= Phase Build begins
RED Colonist at tile (3, 3) with 100 HP successfully executed 'Order: Build a Tech Lab on tile (4, 3)'
= Phase Combat begins
= Phase Ranged begins
= Phase Special begins
= Phase Start Turn begins
= Phase Issue Orders begins
= Phase Move begins
= Phase Build begins
= Phase Combat begins
= Phase Ranged begins
= Phase Special begins
= Phase Start Turn begins
= Phase Issue Orders begins
= Phase Move begins
= Phase Build begins
= Phase Combat begins
= Phase Ranged begins
= Phase Special begins
= Phase Start Turn begins
= Phase Issue Orders begins
= Phase Move begins
= Phase Build begins
= Phase Combat begins
= Phase Ranged begins
= Phase Special begins
= Phase Start Turn begins
= Phase Issue Orders begins
= Phase Move begins
= Phase Build begins
= Phase Combat begins
= Phase Ranged begins
= Phase Special begins
= Phase Start Turn begins
= Phase Issue Orders begins
= Phase Move begins
= Phase Build begins
= Phase Combat begins
= Phase Ranged begins
= Phase Special begins
= Phase Start Turn begins
= Phase Issue Orders begins
RED Tech Lab at tile (4, 3) with 50 HP was assigned the order 'Order: purchase upgrade UpgradeType.RESEARCH_GUARDIAN'
= Phase Move begins
= Phase Build begins
= Phase Combat begins
= Phase Ranged begins
= Phase Special begins
RED Tech Lab at tile (4, 3) with 50 HP successfully executed 'Order: purchase upgrade UpgradeType.RESEARCH_GUARDIAN'
= Phase Start Turn begins
Team.RED team researched the upgrade UpgradeType.RESEARCH_GUARDIAN
= Phase Issue Orders begins
RED Tech Lab at tile (4, 3) with 50 HP was assigned the order 'Order: purchase upgrade UpgradeType.RESEARCH_BOLTCASTER'
= Phase Move begins
= Phase Build begins
= Phase Combat begins
= Phase Ranged begins
= Phase Special begins
RED Tech Lab at tile (4, 3) with 50 HP successfully executed 'Order: purchase upgrade UpgradeType.RESEARCH_BOLTCASTER'
= Phase Start Turn begins
Team.RED team researched the upgrade UpgradeType.RESEARCH_BOLTCASTER
= Phase Issue Orders begins
RED Tech Lab at tile (4, 3) with 50 HP was assigned the order 'Order: purchase upgrade UpgradeType.RESEARCH_BANSHEE'
= Phase Move begins
= Phase Build begins
= Phase Combat begins
= Phase Ranged begins
= Phase Special begins
RED Tech Lab at tile (4, 3) with 50 HP successfully executed 'Order: purchase upgrade UpgradeType.RESEARCH_BANSHEE'
= Phase Start Turn begins
Team.RED team researched the upgrade UpgradeType.RESEARCH_BANSHEE
= Phase Issue Orders begins
= Phase Move begins
= Phase Build begins
= Phase Combat begins
= Phase Ranged begins
= Phase Special begins
= Phase Start Turn begins
= Phase Issue Orders begins
RED Tech Lab at tile (4, 3) with 50 HP was assigned the order 'Order: purchase upgrade UpgradeType.RESOURCE_PRODUCTION_1'
= Phase Move begins
= Phase Build begins
= Phase Combat begins
= Phase Ranged begins
= Phase Special begins
RED Tech Lab at tile (4, 3) with 50 HP successfully executed 'Order: purchase upgrade UpgradeType.RESOURCE_PRODUCTION_1'
= Phase Start Turn begins
Team.RED team researched the upgrade UpgradeType.RESOURCE_PRODUCTION_1
= Phase Issue Orders begins
RED Colonist at tile (3, 3) with 100 HP was assigned the order 'Order: Build a Generator on tile (3, 2)'
= Phase Move begins
= Phase Build begins
RED Colonist at tile (3, 3) with 100 HP successfully executed 'Order: Build a Generator on tile (3, 2)'
= Phase Combat begins
= Phase Ranged begins
= Phase Special begins
= Phase Start Turn begins
= Phase Issue Orders begins
RED Tech Lab at tile (4, 3) with 50 HP was assigned the order 'Order: purchase upgrade UpgradeType.RESOURCE_PRODUCTION_2'
= Phase Move begins
= Phase Build begins
= Phase Combat begins
= Phase Ranged begins
= Phase Special begins
RED Tech Lab at tile (4, 3) with 50 HP successfully executed 'Order: purchase upgrade UpgradeType.RESOURCE_PRODUCTION_2'
= Phase Start Turn begins
Team.RED team researched the upgrade UpgradeType.RESOURCE_PRODUCTION_2
= Phase Issue Orders begins
= Phase Move begins
= Phase Build begins
= Phase Combat begins
= Phase Ranged begins
= Phase Special begins
= Phase Start Turn begins
= Phase Issue Orders begins
= Phase Move begins
= Phase Build begins
= Phase Combat begins
= Phase Ranged begins
= Phase Special begins
= Phase Start Turn begins
= Phase Issue Orders begins
= Phase Move begins
= Phase Build begins
= Phase Combat begins
= Phase Ranged begins
= Phase Special begins
= Phase Start Turn begins
= Phase Issue Orders begins
= Phase Move begins
= Phase Build begins
= Phase Combat begins
= Phase Ranged begins
= Phase Special begins
= Phase Start Turn begins
= Phase Issue Orders begins
= Phase Move begins
= Phase Build begins
= Phase Combat begins
= Phase Ranged begins
= Phase Special begins
= Phase Start Turn begins
= Phase Issue Orders begins
= Phase Move begins
= Phase Build begins
= Phase Combat begins
= Phase Ranged begins
= Phase Special begins
= Phase Start Turn begins
= Phase Issue Orders begins
= Phase Move begins
= Phase Build begins
= Phase Combat begins
= Phase Ranged begins
= Phase Special begins
= Phase Start Turn begins
= Phase Issue Orders begins
= Phase Move begins
= Phase Build begins
= Phase Combat begins
= Phase Ranged begins
= Phase Special begins
= Phase Start Turn begins
= Phase Issue Orders begins
= Phase Move begins
= Phase Build begins
= Phase Combat begins
= Phase Ranged begins
= Phase Special begins
= Phase Start Turn begins
= Phase Issue Orders begins
= Phase Move begins
= Phase Build begins
= Phase Combat begins
= Phase Ranged begins
= Phase Special begins
= Phase Start Turn begins
= Phase Issue Orders begins
= Phase Move begins
= Phase Build begins
= Phase Combat begins
= Phase Ranged begins
= Phase Special begins
= Phase Start Turn begins
= Phase Issue Orders begins
= Phase Move begins
= Phase Build begins
= Phase Combat begins
= Phase Ranged begins
= Phase Special begins
= Phase Start Turn begins
= Phase Issue Orders begins
RED Barracks at tile (5, 3) with 100 HP was assigned the order 'Order: Build a Banshee on tile (5, 4)'
= Phase Move begins
= Phase Build begins
RED Barracks at tile (5, 3) with 100 HP successfully executed 'Order: Build a Banshee on tile (5, 4)'
= Phase Combat begins
= Phase Ranged begins
= Phase Special begins
= Phase Start Turn begins
= Phase Issue Orders begins
RED Tech Lab at tile (4, 3) with 50 HP was assigned the order 'Order: purchase upgrade UpgradeType.BANSHEE_LURK'
RED Banshee at tile (5, 4) with 40 HP was assigned the order 'Order: Move to (6, 7)'
= Phase Move begins
RED Banshee at tile (6, 7) with 40 HP successfully executed 'Order: Move to (6, 7)'
= Phase Build begins
= Phase Combat begins
= Phase Ranged begins
= Phase Special begins
RED Tech Lab at tile (4, 3) with 50 HP successfully executed 'Order: purchase upgrade UpgradeType.BANSHEE_LURK'
= Phase Start Turn begins
Team.RED team researched the upgrade UpgradeType.BANSHEE_LURK
= Phase Issue Orders begins
RED Banshee at tile (6, 7) with 40 HP was assigned the order 'Order: Move to (4, 9)'
= Phase Move begins
RED Banshee at tile (4, 9) with 40 HP successfully executed 'Order: Move to (4, 9)'
= Phase Build begins
= Phase Combat begins
= Phase Ranged begins
= Phase Special begins
= Phase Start Turn begins
= Phase Issue Orders begins
RED Banshee at tile (4, 9) with 40 HP was assigned the order 'Order: Move to (6, 11)'
= Phase Move begins
RED Banshee at tile (6, 11) with 40 HP successfully executed 'Order: Move to (6, 11)'
= Phase Build begins
= Phase Combat begins
= Phase Ranged begins
= Phase Special begins
= Phase Start Turn begins
= Phase Issue Orders begins
RED Banshee at tile (6, 11) with 40 HP was assigned the order 'Order: Move to (9, 11)'
= Phase Move begins
RED Banshee at tile (9, 11) with 40 HP successfully executed 'Order: Move to (9, 11)'
= Phase Build begins
= Phase Combat begins
= Phase Ranged begins
= Phase Special begins
= Phase Start Turn begins
= Phase Issue Orders begins
RED Banshee at tile (9, 11) with 40 HP was assigned the order 'Order: Move to (10, 14)'
= Phase Move begins
RED Banshee at tile (10, 14) with 40 HP successfully executed 'Order: Move to (10, 14)'
= Phase Build begins
= Phase Combat begins
= Phase Ranged begins
= Phase Special begins
= Phase Start Turn begins
= Phase Issue Orders begins
RED Banshee at tile (10, 14) with 40 HP was assigned the order 'Order: Move to (13, 14)'
= Phase Move begins
RED Banshee at tile (13, 14) with 40 HP successfully executed 'Order: Move to (13, 14)'
= Phase Build begins
= Phase Combat begins
= Phase Ranged begins
= Phase Special begins
= Phase Start Turn begins
= Phase Issue Orders begins
RED Banshee at tile (13, 14) with 40 HP was assigned the order 'Order: Move to (17, 14)'
= Phase Move begins
RED Banshee at tile (17, 14) with 40 HP successfully executed 'Order: Move to (17, 14)'
= Phase Build begins
= Phase Combat begins
= Phase Ranged begins
= Phase Special begins
= Phase Start Turn begins
= Phase Issue Orders begins
RED Banshee at tile (17, 14) with 40 HP was assigned the order 'Order: Move to (17, 13)'
= Phase Move begins
RED Banshee at tile (17, 13) with 40 HP successfully executed 'Order: Move to (17, 13)'
= Phase Build begins
= Phase Combat begins
BLUE Colonist at tile (17, 13) with 100 HP and RED Banshee at tile (17, 13) with 40 HP are contesting the tile at (17, 13)!
BLUE Colonist at tile (17, 13) with 36 HP took 64 damage from RED Banshee at tile (17, 13) with 40 HP!
RED Banshee at tile (17, 13) with 40 HP took 0 damage from BLUE Colonist at tile (17, 13) with 36 HP!
= Phase Ranged begins
= Phase Special begins
= Phase Start Turn begins
= Phase Issue Orders begins
= Phase Move begins
= Phase Build begins
= Phase Combat begins
BLUE Colonist at tile (17, 13) with 36 HP and RED Banshee at tile (17, 13) with 40 HP are contesting the tile at (17, 13)!
BLUE Colonist at tile (17, 13) with -28 HP took 64 damage from RED Banshee at tile (17, 13) with 40 HP!
RED Banshee at tile (17, 13) with 40 HP took 0 damage from BLUE Colonist at tile (17, 13) with -28 HP!
= Phase Ranged begins
= Phase Special begins
= Phase Start Turn begins
= Phase Issue Orders begins
RED Banshee at tile (17, 13) with 40 HP was assigned the order 'Order: Move to (17, 11)'
= Phase Move begins
RED Banshee at tile (17, 11) with 40 HP successfully executed 'Order: Move to (17, 11)'
= Phase Build begins
= Phase Combat begins
= Phase Ranged begins
= Phase Special begins
= Phase Start Turn begins
= Phase Issue Orders begins
== ROUND 1 BEGIN ==
RED Base at tile (4, 4) with 150 HP was assigned the order 'Order: Build a Colonist on tile (5, 4)'
RED Colonist at tile (3, 3) with 100 HP was assigned the order 'Order: Move to (3, 5)'
BLUE Colonist at tile (17, 13) with 100 HP was assigned the order 'Order: Move to (15, 12)'
BLUE Barracks at tile (15, 13) with 100 HP was assigned the order 'Order: Build a Trooper on tile (16, 13)'
= Phase Move begins
RED Colonist at tile (3, 5) with 100 HP successfully executed 'Order: Move to (3, 5)'
BLUE Colonist at tile (15, 12) with 100 HP successfully executed 'Order: Move to (15, 12)'
= Phase Build begins
RED Base at tile (4, 4) with 150 HP successfully executed 'Order: Build a Colonist on tile (5, 4)'
BLUE Barracks at tile (15, 13) with 100 HP successfully executed 'Order: Build a Trooper on tile (16, 13)'
= Phase Combat begins
= Phase Ranged begins
= Phase Special begins
= Phase Start Turn begins
= Phase Issue Orders begins
RED Colonist at tile (3, 5) with 100 HP was assigned the order 'Order: Move to (3, 7)'
RED Colonist at tile (5, 4) with 100 HP was assigned the order 'Order: Move to (7, 5)'
= Phase Move begins
RED Colonist at tile (3, 7) with 100 HP successfully executed 'Order: Move to (3, 7)'
RED Colonist at tile (7, 5) with 100 HP successfully executed 'Order: Move to (7, 5)'
= Phase Build begins
= Phase Combat begins
= Phase Ranged begins
= Phase Special begins
= Phase Start Turn begins
= Phase Issue Orders begins
RED Base at tile (4, 4) with 150 HP was assigned the order 'Order: purchase upgrade UpgradeType.COLONIST_TERRAFORMING'
= Phase Move begins
= Phase Build begins
= Phase Combat begins
= Phase Ranged begins
= Phase Special begins
RED Base at tile (4, 4) with 150 HP successfully executed 'Order: purchase upgrade UpgradeType.COLONIST_TERRAFORMING'
= Phase Start Turn begins
Team.RED team researched the upgrade UpgradeType.COLONIST_TERRAFORMING
= Phase Issue Orders begins
RED Colonist at tile (3, 7) with 100 HP was assigned the order 'Order: raise terrain on tile (3, 8)'
= Phase Move begins
= Phase Build begins
= Phase Combat begins
= Phase Ranged begins
= Phase Special begins
RED Colonist at tile (3, 7) with 100 HP successfully executed 'Order: raise terrain on tile (3, 8)'
= Phase Start Turn begins
= Phase Issue Orders begins
BLUE Barracks at tile (15, 13) with 100 HP was assigned the order 'Order: Build a Ghost on tile (14, 13)'
BLUE Colonist at tile (15, 12) with 100 HP was assigned the order 'Order: Move to (14, 10)'
BLUE Trooper at tile (16, 13) with 100 HP was assigned the order 'Order: Move to (15, 12)'
RED Colonist at tile (3, 7) with 100 HP was assigned the order 'Order: Move to (3, 9)'
RED Colonist at tile (7, 5) with 100 HP was assigned the order 'Order: Move to (8, 7)'
= Phase Move begins
BLUE Colonist at tile (14, 10) with 100 HP successfully executed 'Order: Move to (14, 10)'
BLUE Trooper at tile (15, 12) with 100 HP successfully executed 'Order: Move to (15, 12)'
RED Colonist at tile (3, 9) with 100 HP successfully executed 'Order: Move to (3, 9)'
RED Colonist at tile (8, 7) with 100 HP successfully executed 'Order: Move to (8, 7)'
= Phase Build begins
BLUE Barracks at tile (15, 13) with 100 HP successfully executed 'Order: Build a Ghost on tile (14, 13)'
= Phase Combat begins
= Phase Ranged begins
= Phase Special begins
= Phase Start Turn begins
= Phase Issue Orders begins
BLUE Colonist at tile (14, 10) with 100 HP was assigned the order 'Order: Move to (12, 9)'
BLUE Trooper at tile (15, 12) with 100 HP was assigned the order 'Order: Move to (14, 11)'
RED Colonist at tile (3, 9) with 100 HP was assigned the order 'Order: raise terrain on tile (4, 9)'
RED Colonist at tile (8, 7) with 100 HP was assigned the order 'Order: Move to (7, 9)'
BLUE Ghost at tile (14, 13) with 80 HP was assigned the order 'Order: Move to (13, 11)'
= Phase Move begins
BLUE Colonist at tile (12, 9) with 100 HP successfully executed 'Order: Move to (12, 9)'
BLUE Trooper at tile (14, 11) with 100 HP successfully executed 'Order: Move to (14, 11)'
RED Colonist at tile (7, 9) with 100 HP successfully executed 'Order: Move to (7, 9)'
BLUE Ghost at tile (13, 11) with 80 HP successfully executed 'Order: Move to (13, 11)'
= Phase Build begins
= Phase Combat begins
= Phase Ranged begins
= Phase Special begins
RED Colonist at tile (3, 9) with 100 HP successfully executed 'Order: raise terrain on tile (4, 9)'
= Phase Start Turn begins
= Phase Issue Orders begins
RED Colonist at tile (3, 9) with 100 HP was assigned the order 'Order: raise terrain on tile (4, 9)'
RED Colonist at tile (7, 9) with 100 HP was assigned the order 'Order: Move to (6, 9)'
= Phase Move begins
RED Colonist at tile (6, 9) with 100 HP successfully executed 'Order: Move to (6, 9)'
= Phase Build begins
= Phase Combat begins
= Phase Ranged begins
= Phase Special begins
RED Colonist at tile (3, 9) with 100 HP successfully executed 'Order: raise terrain on tile (4, 9)'
= Phase Start Turn begins
= Phase Issue Orders begins
RED Colonist at tile (3, 9) with 100 HP was assigned the order 'Order: raise terrain on tile (3, 8)'
RED Colonist at tile (6, 9) with 100 HP was assigned the order 'Order: raise terrain on tile (5, 9)'
= Phase Move begins
= Phase Build begins
= Phase Combat begins
= Phase Ranged begins
= Phase Special begins
RED Colonist at tile (3, 9) with 100 HP successfully executed 'Order: raise terrain on tile (3, 8)'
RED Colonist at tile (6, 9) with 100 HP successfully executed 'Order: raise terrain on tile (5, 9)'
= Phase Start Turn begins
= Phase Issue Orders begins
RED Colonist at tile (3, 9) with 100 HP was assigned the order 'Order: Move to (3, 8)'
= Phase Move begins
RED Colonist at tile (3, 8) with 100 HP successfully executed 'Order: Move to (3, 8)'
= Phase Build begins
= Phase Combat begins
= Phase Ranged begins
= Phase Special begins
= Phase Start Turn begins
= Phase Issue Orders begins
RED Colonist at tile (6, 9) with 100 HP was assigned the order 'Order: Move to (8, 10)'
= Phase Move begins
RED Colonist at tile (8, 10) with 100 HP successfully executed 'Order: Move to (8, 10)'
= Phase Build begins
= Phase Combat begins
= Phase Ranged begins
= Phase Special begins
= Phase Start Turn begins
= Phase Issue Orders begins
RED Colonist at tile (3, 8) with 100 HP was assigned the order 'Order: raise terrain on tile (3, 7)'
RED Colonist at tile (8, 10) with 100 HP was assigned the order 'Order: lower terrain on tile (9, 10)'
= Phase Move begins
= Phase Build begins
= Phase Combat begins
= Phase Ranged begins
= Phase Special begins
RED Colonist at tile (3, 8) with 100 HP successfully executed 'Order: raise terrain on tile (3, 7)'
RED Colonist at tile (8, 10) with 100 HP successfully executed 'Order: lower terrain on tile (9, 10)'
= Phase Start Turn begins
= Phase Issue Orders begins
RED Colonist at tile (3, 8) with 100 HP was assigned the order 'Order: lower terrain on tile (3, 9)'
RED Colonist at tile (8, 10) with 100 HP was assigned the order 'Order: lower terrain on tile (8, 9)'
= Phase Move begins
= Phase Build begins
= Phase Combat begins
= Phase Ranged begins
= Phase Special begins
RED Colonist at tile (3, 8) with 100 HP successfully executed 'Order: lower terrain on tile (3, 9)'
RED Colonist at tile (8, 10) with 100 HP successfully executed 'Order: lower terrain on tile (8, 9)'
= Phase Start Turn begins
= Phase Issue Orders begins
RED Colonist at tile (3, 8) with 100 HP was assigned the order 'Order: lower terrain on tile (3, 7)'
RED Colonist at tile (8, 10) with 100 HP was assigned the order 'Order: lower terrain on tile (8, 9)'
= Phase Move begins
= Phase Build begins
= Phase Combat begins
= Phase Ranged begins
= Phase Special begins
RED Colonist at tile (3, 8) with 100 HP successfully executed 'Order: lower terrain on tile (3, 7)'
RED Colonist at tile (8, 10) with 100 HP successfully executed 'Order: lower terrain on tile (8, 9)'
= Phase Start Turn begins
= Phase Issue Orders begins
RED Colonist at tile (3, 8) with 100 HP was assigned the order 'Order: lower terrain on tile (3, 7)'
RED Colonist at tile (8, 10) with 100 HP was assigned the order 'Order: raise terrain on tile (8, 9)'
= Phase Move begins
= Phase Build begins
= Phase Combat begins
= Phase Ranged begins
= Phase Special begins
RED Colonist at tile (3, 8) with 100 HP successfully executed 'Order: lower terrain on tile (3, 7)'
RED Colonist at tile (8, 10) with 100 HP successfully executed 'Order: raise terrain on tile (8, 9)'
= Phase Start Turn begins
= Phase Issue Orders begins
RED Colonist at tile (3, 8) with 100 HP was assigned the order 'Order: lower terrain on tile (3, 9)'
RED Colonist at tile (8, 10) with 100 HP was assigned the order 'Order: lower terrain on tile (8, 9)'
= Phase Move begins
= Phase Build begins
= Phase Combat begins
= Phase Ranged begins
= Phase Special begins
RED Colonist at tile (3, 8) with 100 HP successfully executed 'Order: lower terrain on tile (3, 9)'
RED Colonist at tile (8, 10) with 100 HP successfully executed 'Order: lower terrain on tile (8, 9)'
= Phase Start Turn begins
= Phase Issue Orders begins
RED Colonist at tile (3, 8) with 100 HP was assigned the order 'Order: raise terrain on tile (4, 8)'
RED Colonist at tile (8, 10) with 100 HP was assigned the order 'Order: Move to (7, 8)'
= Phase Move begins
RED Colonist at tile (7, 8) with 100 HP successfully executed 'Order: Move to (7, 8)'
= Phase Build begins
= Phase Combat begins
= Phase Ranged begins
= Phase Special begins
RED Colonist at tile (3, 8) with 100 HP successfully executed 'Order: raise terrain on tile (4, 8)'
= Phase Start Turn begins
= Phase Issue Orders begins
RED Colonist at tile (3, 8) with 100 HP was assigned the order 'Order: Move to (5, 9)'
= Phase Move begins
RED Colonist at tile (5, 9) with 100 HP successfully executed 'Order: Move to (5, 9)'
= Phase Build begins
= Phase Combat begins
= Phase Ranged begins
= Phase Special begins
= Phase Start Turn begins
= Phase Issue Orders begins
RED Colonist at tile (5, 9) with 100 HP was assigned the order 'Order: Move to (4, 9)'
= Phase Move begins
RED Colonist at tile (4, 9) with 100 HP successfully executed 'Order: Move to (4, 9)'
= Phase Build begins
= Phase Combat begins
= Phase Ranged begins
= Phase Special begins
= Phase Start Turn begins
= Phase Issue Orders begins
RED Colonist at tile (4, 9) with 100 HP was assigned the order 'Order: Build a Barracks on tile (5, 9)'
= Phase Move begins
= Phase Build begins
RED Colonist at tile (4, 9) with 100 HP successfully executed 'Order: Build a Barracks on tile (5, 9)'
= Phase Combat begins
= Phase Ranged begins
= Phase Special begins
= Phase Start Turn begins
= Phase Issue Orders begins
RED Colonist at tile (4, 9) with 100 HP was assigned the order 'Order: lower terrain on tile (5, 9)'
= Phase Move begins
= Phase Build begins
= Phase Combat begins
= Phase Ranged begins
= Phase Special begins
RED Colonist at tile (4, 9) with 100 HP successfully executed 'Order: lower terrain on tile (5, 9)'
= Phase Start Turn begins
RED Barracks at tile (5, 9) with 70 HP took 30 damage from TileType.COAST!
RED Barracks at tile (5, 9) with 70 HP took 50 damage from TileType.COAST!
= Phase Issue Orders begins
RED Colonist at tile (4, 9) with 100 HP was assigned the order 'Order: lower terrain on tile (5, 9)'
RED Barracks at tile (5, 9) with 70 HP was assigned the order 'Order: Build a Trooper on tile (6, 9)'
= Phase Move begins
= Phase Build begins
RED Barracks at tile (5, 9) with 70 HP successfully executed 'Order: Build a Trooper on tile (6, 9)'
= Phase Combat begins
= Phase Ranged begins
= Phase Special begins
RED Colonist at tile (4, 9) with 100 HP successfully executed 'Order: lower terrain on tile (5, 9)'
= Phase Start Turn begins
RED Barracks at tile (5, 9) with 40 HP took 30 damage from TileType.SEA!
RED Barracks at tile (5, 9) with 40 HP took 50 damage from TileType.SEA!
= Phase Issue Orders begins
RED Barracks at tile (5, 9) with 40 HP was assigned the order 'Order: Build a Ghost on tile (6, 9)'
RED Trooper at tile (6, 9) with 100 HP was assigned the order 'Order: Move to (7, 10)'
= Phase Move begins
RED Trooper at tile (7, 10) with 100 HP successfully executed 'Order: Move to (7, 10)'
= Phase Build begins
RED Barracks at tile (5, 9) with 40 HP successfully executed 'Order: Build a Ghost on tile (6, 9)'
= Phase Combat begins
= Phase Ranged begins
= Phase Special begins
= Phase Start Turn begins
RED Barracks at tile (5, 9) with 10 HP took 30 damage from TileType.SEA!
RED Barracks at tile (5, 9) with 10 HP took 50 damage from TileType.SEA!
= Phase Issue Orders begins
RED Barracks at tile (5, 9) with 10 HP was assigned the order 'Order: Build a Ranger on tile (6, 9)'
RED Trooper at tile (7, 10) with 100 HP was assigned the order 'Order: Move to (7, 11)'
RED Ghost at tile (6, 9) with 80 HP was assigned the order 'Order: Move to (8, 10)'
= Phase Move begins
RED Trooper at tile (7, 11) with 100 HP successfully executed 'Order: Move to (7, 11)'
RED Ghost at tile (8, 10) with 80 HP successfully executed 'Order: Move to (8, 10)'
= Phase Build begins
RED Barracks at tile (5, 9) with 10 HP successfully executed 'Order: Build a Ranger on tile (6, 9)'
= Phase Combat begins
= Phase Ranged begins
= Phase Special begins
= Phase Start Turn begins
RED Barracks at tile (5, 9) with -20 HP took 30 damage from TileType.SEA!
RED Barracks at tile (5, 9) with -20 HP took 50 damage from TileType.SEA!
= Phase Issue Orders begins
== ROUND 1 BEGIN ==
== ROUND 1 BEGIN ==
== ROUND 1 BEGIN ==
