2018-04-09 13:38:38,708 INFO RED Base at tile (3, 3) with 150 HP was assigned the order 'Order: Build a Colonist on tile (4, 3)'
2018-04-09 13:38:38,708 INFO = Move phase begins
2018-04-09 13:38:38,882 INFO = Build phase begins
2018-04-09 13:38:38,893 INFO RED Base at tile (3, 3) with 150 HP successfully executed 'Order: Build a Colonist on tile (4, 3)'
2018-04-09 13:38:38,893 INFO Team.RED team spent 5 resources.
2018-04-09 13:38:39,059 INFO = Combat phase begins
2018-04-09 13:38:39,233 INFO = Ranged phase begins
2018-04-09 13:38:39,408 INFO = Special phase begins
2018-04-09 13:38:39,581 INFO == TURN 8 BEGIN ==
2018-04-09 13:38:39,581 INFO = Start Turn phase begins
2018-04-09 13:38:39,593 INFO Team.BLUE team acquired 2 resources.
2018-04-09 13:38:39,593 INFO Team.RED team acquired 2 resources.
2018-04-09 13:38:39,759 INFO = Issue Orders phase begins
2018-04-09 13:38:49,046 INFO RED Colonist at tile (7, 10) with 100 HP was assigned the order 'Order: Build a Tech Lab on tile (7, 11)'
2018-04-09 13:38:49,047 INFO = Move phase begins
2018-04-09 13:38:49,226 INFO = Build phase begins
2018-04-09 13:38:49,238 INFO RED Colonist at tile (7, 10) with 100 HP successfully executed 'Order: Build a Tech Lab on tile (7, 11)'
2018-04-09 13:38:49,238 INFO Team.RED team spent 2 resources.
2018-04-09 13:38:49,409 INFO = Combat phase begins
2018-04-09 13:38:49,591 INFO = Ranged phase begins
2018-04-09 13:38:49,773 INFO = Special phase begins
2018-04-09 13:38:49,958 INFO == TURN 5 BEGIN ==
2018-04-09 13:38:49,958 INFO = Start Turn phase begins
2018-04-09 13:38:49,970 INFO Team.BLUE team acquired 1 resources.
2018-04-09 13:38:49,970 INFO Team.RED team acquired 1 resources.
2018-04-09 13:38:49,970 INFO Team.BLUE team acquired 2 resources.
2018-04-09 13:38:49,970 INFO Team.RED team acquired 2 resources.
2018-04-09 13:38:50,145 INFO = Issue Orders phase begins
2018-04-09 13:38:53,215 INFO RED Tech Lab at tile (7, 11) with 50 HP was assigned the order 'Order: purchase upgrade UpgradeType.RESEARCH_BOLTCASTER'
2018-04-09 13:38:53,215 INFO = Move phase begins
2018-04-09 13:38:53,400 INFO = Build phase begins
2018-04-09 13:38:53,582 INFO = Combat phase begins
2018-04-09 13:38:53,767 INFO = Ranged phase begins
2018-04-09 13:38:53,953 INFO = Special phase begins
2018-04-09 13:38:53,965 INFO RED Tech Lab at tile (7, 11) with 50 HP successfully executed 'Order: purchase upgrade UpgradeType.RESEARCH_BOLTCASTER'
2018-04-09 13:38:53,965 INFO Team.RED team spent 6 resources.
2018-04-09 13:38:53,977 INFO Team.RED team researched the upgrade UpgradeType.RESEARCH_BOLTCASTER
2018-04-09 13:38:54,138 INFO == TURN 6 BEGIN ==
2018-04-09 13:38:54,139 INFO = Start Turn phase begins
2018-04-09 13:38:54,150 INFO Team.BLUE team acquired 1 resources.
2018-04-09 13:38:54,150 INFO Team.RED team acquired 1 resources.
2018-04-09 13:38:54,150 INFO Team.BLUE team acquired 2 resources.
2018-04-09 13:38:54,150 INFO Team.RED team acquired 2 resources.
2018-04-09 13:38:54,319 INFO = Issue Orders phase begins
2018-04-09 13:38:56,599 INFO RED Barracks at tile (5, 13) with 100 HP was assigned the order 'Order: Build a Boltcaster on tile (6, 13)'
2018-04-09 13:38:56,599 INFO = Move phase begins
2018-04-09 13:38:56,786 INFO = Build phase begins
2018-04-09 13:38:56,798 INFO RED Barracks at tile (5, 13) with 100 HP successfully executed 'Order: Build a Boltcaster on tile (6, 13)'
2018-04-09 13:38:56,798 INFO Team.RED team spent 5 resources.
2018-04-09 13:38:56,968 INFO = Combat phase begins
2018-04-09 13:38:57,152 INFO = Ranged phase begins
2018-04-09 13:38:57,333 INFO = Special phase begins
2018-04-09 13:38:57,512 INFO == TURN 7 BEGIN ==
2018-04-09 13:38:57,512 INFO = Start Turn phase begins
2018-04-09 13:38:57,523 INFO Team.BLUE team acquired 1 resources.
2018-04-09 13:38:57,524 INFO Team.RED team acquired 1 resources.
2018-04-09 13:38:57,524 INFO Team.BLUE team acquired 2 resources.
2018-04-09 13:38:57,524 INFO Team.RED team acquired 2 resources.
2018-04-09 13:38:57,694 INFO = Issue Orders phase begins
2018-04-09 13:39:00,101 INFO RED Barracks at tile (5, 13) with 100 HP was assigned the order 'Order: Build a Ghost on tile (5, 12)'
2018-04-09 13:39:00,102 INFO = Move phase begins
2018-04-09 13:39:00,281 INFO = Build phase begins
2018-04-09 13:39:00,293 INFO RED Barracks at tile (5, 13) with 100 HP successfully executed 'Order: Build a Ghost on tile (5, 12)'
2018-04-09 13:39:00,293 INFO Team.RED team spent 3 resources.
2018-04-09 13:39:00,462 INFO = Combat phase begins
2018-04-09 13:39:00,641 INFO = Ranged phase begins
2018-04-09 13:39:00,826 INFO = Special phase begins
2018-04-09 13:39:01,008 INFO == TURN 8 BEGIN ==
2018-04-09 13:39:01,008 INFO = Start Turn phase begins
2018-04-09 13:39:01,021 INFO Team.BLUE team acquired 1 resources.
2018-04-09 13:39:01,021 INFO Team.RED team acquired 1 resources.
2018-04-09 13:39:01,021 INFO Team.BLUE team acquired 2 resources.
2018-04-09 13:39:01,021 INFO Team.RED team acquired 2 resources.
2018-04-09 13:39:01,194 INFO = Issue Orders phase begins
2018-04-09 13:39:21,210 INFO RED Boltcaster at tile (6, 13) with 60 HP was assigned the order 'Order: Move to (6, 12)'
2018-04-09 13:39:21,210 INFO = Move phase begins
2018-04-09 13:39:21,223 INFO RED Boltcaster at tile (6, 13) with 60 HP successfully executed 'Order: Move to (6, 12)'
2018-04-09 13:39:21,397 INFO = Build phase begins
2018-04-09 13:39:21,580 INFO = Combat phase begins
2018-04-09 13:39:21,761 INFO = Ranged phase begins
2018-04-09 13:39:21,948 INFO = Special phase begins
2018-04-09 13:39:22,128 INFO == TURN 9 BEGIN ==
2018-04-09 13:39:22,128 INFO = Start Turn phase begins
2018-04-09 13:39:22,141 INFO Team.BLUE team acquired 1 resources.
2018-04-09 13:39:22,141 INFO Team.RED team acquired 1 resources.
2018-04-09 13:39:22,141 INFO Team.BLUE team acquired 2 resources.
2018-04-09 13:39:22,141 INFO Team.RED team acquired 2 resources.
2018-04-09 13:39:22,313 INFO = Issue Orders phase begins
2018-04-09 13:39:30,481 INFO RED Boltcaster at tile (6, 12) with 60 HP was assigned the order 'Order: Move to (6, 11)'
2018-04-09 13:39:30,482 INFO = Move phase begins
2018-04-09 13:39:30,493 INFO RED Boltcaster at tile (6, 12) with 60 HP successfully executed 'Order: Move to (6, 11)'
2018-04-09 13:39:30,670 INFO = Build phase begins
2018-04-09 13:39:30,853 INFO = Combat phase begins
2018-04-09 13:39:31,041 INFO = Ranged phase begins
2018-04-09 13:39:31,228 INFO = Special phase begins
2018-04-09 13:39:31,412 INFO == TURN 10 BEGIN ==
2018-04-09 13:39:31,412 INFO = Start Turn phase begins
2018-04-09 13:39:31,424 INFO Team.BLUE team acquired 1 resources.
2018-04-09 13:39:31,424 INFO Team.RED team acquired 1 resources.
2018-04-09 13:39:31,425 INFO Team.BLUE team acquired 2 resources.
2018-04-09 13:39:31,425 INFO Team.RED team acquired 2 resources.
2018-04-09 13:39:31,594 INFO = Issue Orders phase begins
2018-04-09 13:39:35,895 INFO RED Boltcaster at tile (6, 11) with 60 HP was assigned the order 'Order: Move to (6, 10)'
2018-04-09 13:39:35,895 INFO = Move phase begins
2018-04-09 13:39:35,907 INFO RED Boltcaster at tile (6, 11) with 60 HP successfully executed 'Order: Move to (6, 10)'
2018-04-09 13:39:36,080 INFO = Build phase begins
2018-04-09 13:39:36,263 INFO = Combat phase begins
2018-04-09 13:39:36,447 INFO = Ranged phase begins
2018-04-09 13:39:36,629 INFO = Special phase begins
2018-04-09 13:39:36,813 INFO == TURN 11 BEGIN ==
2018-04-09 13:39:36,813 INFO = Start Turn phase begins
2018-04-09 13:39:36,825 INFO Team.BLUE team acquired 1 resources.
2018-04-09 13:39:36,825 INFO Team.RED team acquired 1 resources.
2018-04-09 13:39:36,825 INFO Team.BLUE team acquired 2 resources.
2018-04-09 13:39:36,825 INFO Team.RED team acquired 2 resources.
2018-04-09 13:39:36,998 INFO = Issue Orders phase begins
2018-04-09 13:39:43,487 INFO RED Boltcaster at tile (6, 10) with 60 HP was assigned the order 'Order: Move to (6, 9)'
2018-04-09 13:39:43,488 INFO = Move phase begins
2018-04-09 13:39:43,499 INFO RED Boltcaster at tile (6, 10) with 60 HP successfully executed 'Order: Move to (6, 9)'
2018-04-09 13:39:43,672 INFO = Build phase begins
2018-04-09 13:39:43,863 INFO = Combat phase begins
2018-04-09 13:39:44,048 INFO = Ranged phase begins
2018-04-09 13:39:44,231 INFO = Special phase begins
2018-04-09 13:39:44,417 INFO == TURN 12 BEGIN ==
2018-04-09 13:39:44,417 INFO = Start Turn phase begins
2018-04-09 13:39:44,429 INFO Team.BLUE team acquired 1 resources.
2018-04-09 13:39:44,429 INFO Team.RED team acquired 1 resources.
2018-04-09 13:39:44,429 INFO Team.BLUE team acquired 2 resources.
2018-04-09 13:39:44,430 INFO Team.RED team acquired 2 resources.
2018-04-09 13:39:44,604 INFO = Issue Orders phase begins
