2018-04-09 15:57:46,675 INFO Team.RED team researched the upgrade UpgradeType.COLONIST_TERRAFORMING
2018-04-09 15:57:46,675 INFO Team.BLUE team researched the upgrade UpgradeType.RESOURCE_PRODUCTION_1
2018-04-09 15:57:46,676 INFO Team.BLUE team researched the upgrade UpgradeType.RESEARCH_BOLTCASTER
2018-04-09 15:59:04,221 INFO Team.RED team researched the upgrade UpgradeType.COLONIST_TERRAFORMING
2018-04-09 15:59:04,222 INFO Team.BLUE team researched the upgrade UpgradeType.RESOURCE_PRODUCTION_1
2018-04-09 15:59:04,222 INFO Team.BLUE team researched the upgrade UpgradeType.RESEARCH_BOLTCASTER
2018-04-09 15:59:19,532 INFO BLUE Tech Lab at tile (3, 7) with 50 HP was assigned the order 'Order: purchase upgrade UpgradeType.COLONIST_ATTACK'
2018-04-09 15:59:19,532 INFO = Move phase begins
2018-04-09 15:59:19,682 INFO = Build phase begins
2018-04-09 15:59:19,836 INFO = Combat phase begins
2018-04-09 15:59:19,989 INFO = Ranged phase begins
2018-04-09 15:59:20,139 INFO = Special phase begins
2018-04-09 15:59:20,150 INFO BLUE Tech Lab at tile (3, 7) with 50 HP successfully executed 'Order: purchase upgrade UpgradeType.COLONIST_ATTACK'
2018-04-09 15:59:20,150 INFO Team.BLUE team spent 2 resources.
2018-04-09 15:59:20,160 INFO Team.BLUE team researched the upgrade UpgradeType.COLONIST_ATTACK
2018-04-09 15:59:20,293 INFO == TURN 10 BEGIN ==
2018-04-09 15:59:20,293 INFO = Start Turn phase begins
2018-04-09 15:59:20,303 INFO Team.RED team acquired 1 resources.
2018-04-09 15:59:20,303 INFO Team.BLUE team acquired 2 resources.
2018-04-09 15:59:20,303 INFO Team.BLUE team acquired 2 resources.
2018-04-09 15:59:20,304 INFO Team.RED team acquired 1 resources.
2018-04-09 15:59:20,304 INFO Team.RED team acquired 1 resources.
2018-04-09 15:59:20,304 INFO Team.BLUE team acquired 2 resources.
2018-04-09 15:59:20,304 INFO Team.BLUE team acquired 2 resources.
2018-04-09 15:59:20,304 INFO Team.RED team acquired 1 resources.
2018-04-09 15:59:20,304 INFO Team.BLUE team acquired 3 resources.
2018-04-09 15:59:20,304 INFO Team.RED team acquired 2 resources.
2018-04-09 15:59:20,451 INFO = Issue Orders phase begins
2018-04-09 15:59:41,140 INFO BLUE Tech Lab at tile (3, 7) with 50 HP was assigned the order 'Order: purchase upgrade UpgradeType.COLONIST_MAX_HP'
2018-04-09 15:59:41,140 INFO BLUE Barracks at tile (1, 7) with 100 HP was assigned the order 'Order: purchase upgrade UpgradeType.TROOPER_ATTACK'
2018-04-09 15:59:41,140 INFO = Move phase begins
2018-04-09 15:59:41,287 INFO = Build phase begins
2018-04-09 15:59:41,438 INFO = Combat phase begins
2018-04-09 15:59:41,623 INFO = Ranged phase begins
2018-04-09 15:59:41,774 INFO = Special phase begins
2018-04-09 15:59:41,783 INFO BLUE Barracks at tile (1, 7) with 100 HP successfully executed 'Order: purchase upgrade UpgradeType.TROOPER_ATTACK'
2018-04-09 15:59:41,784 INFO Team.BLUE team spent 3 resources.
2018-04-09 15:59:41,784 INFO BLUE Tech Lab at tile (3, 7) with 50 HP successfully executed 'Order: purchase upgrade UpgradeType.COLONIST_MAX_HP'
2018-04-09 15:59:41,784 INFO Team.BLUE team spent 2 resources.
2018-04-09 15:59:41,794 INFO Team.BLUE team researched the upgrade UpgradeType.TROOPER_ATTACK
2018-04-09 15:59:41,794 INFO Team.BLUE team researched the upgrade UpgradeType.COLONIST_MAX_HP
2018-04-09 15:59:41,929 INFO == TURN 11 BEGIN ==
2018-04-09 15:59:41,929 INFO = Start Turn phase begins
2018-04-09 15:59:41,940 INFO Team.RED team acquired 1 resources.
2018-04-09 15:59:41,940 INFO Team.BLUE team acquired 2 resources.
2018-04-09 15:59:41,941 INFO Team.BLUE team acquired 2 resources.
2018-04-09 15:59:41,941 INFO Team.RED team acquired 1 resources.
2018-04-09 15:59:41,941 INFO Team.RED team acquired 1 resources.
2018-04-09 15:59:41,941 INFO Team.BLUE team acquired 2 resources.
2018-04-09 15:59:41,941 INFO Team.BLUE team acquired 2 resources.
2018-04-09 15:59:41,941 INFO Team.RED team acquired 1 resources.
2018-04-09 15:59:41,941 INFO Team.BLUE team acquired 3 resources.
2018-04-09 15:59:41,941 INFO Team.RED team acquired 2 resources.
2018-04-09 15:59:42,087 INFO = Issue Orders phase begins
2018-04-09 16:00:06,360 INFO Team.RED team researched the upgrade UpgradeType.COLONIST_TERRAFORMING
2018-04-09 16:00:06,361 INFO Team.BLUE team researched the upgrade UpgradeType.RESOURCE_PRODUCTION_1
2018-04-09 16:00:06,361 INFO Team.BLUE team researched the upgrade UpgradeType.RESEARCH_BOLTCASTER
2018-04-09 16:00:17,619 INFO BLUE Base at tile (2, 8) with 150 HP was assigned the order 'Order: purchase upgrade UpgradeType.COLONIST_MAX_HP'
2018-04-09 16:00:17,619 INFO BLUE Tech Lab at tile (3, 7) with 50 HP was assigned the order 'Order: purchase upgrade UpgradeType.COLONIST_ATTACK'
2018-04-09 16:00:17,619 INFO BLUE Barracks at tile (1, 7) with 100 HP was assigned the order 'Order: purchase upgrade UpgradeType.TROOPER_ATTACK'
2018-04-09 16:00:17,619 INFO = Move phase begins
2018-04-09 16:00:17,775 INFO = Build phase begins
2018-04-09 16:00:17,928 INFO = Combat phase begins
2018-04-09 16:00:18,093 INFO = Ranged phase begins
2018-04-09 16:00:18,245 INFO = Special phase begins
2018-04-09 16:00:18,256 INFO BLUE Barracks at tile (1, 7) with 100 HP successfully executed 'Order: purchase upgrade UpgradeType.TROOPER_ATTACK'
2018-04-09 16:00:18,256 INFO Team.BLUE team spent 3 resources.
2018-04-09 16:00:18,256 INFO BLUE Tech Lab at tile (3, 7) with 50 HP successfully executed 'Order: purchase upgrade UpgradeType.COLONIST_ATTACK'
2018-04-09 16:00:18,256 INFO Team.BLUE team spent 2 resources.
2018-04-09 16:00:18,256 INFO BLUE Base at tile (2, 8) with 150 HP successfully executed 'Order: purchase upgrade UpgradeType.COLONIST_MAX_HP'
2018-04-09 16:00:18,256 INFO Team.BLUE team spent 2 resources.
2018-04-09 16:00:18,265 INFO Team.BLUE team researched the upgrade UpgradeType.TROOPER_ATTACK
2018-04-09 16:00:18,266 INFO Team.BLUE team researched the upgrade UpgradeType.COLONIST_ATTACK
2018-04-09 16:00:18,266 INFO Team.BLUE team researched the upgrade UpgradeType.COLONIST_MAX_HP
2018-04-09 16:00:18,399 INFO == TURN 10 BEGIN ==
2018-04-09 16:00:18,399 INFO = Start Turn phase begins
2018-04-09 16:00:18,409 INFO Team.RED team acquired 1 resources.
2018-04-09 16:00:18,410 INFO Team.BLUE team acquired 2 resources.
2018-04-09 16:00:18,410 INFO Team.BLUE team acquired 2 resources.
2018-04-09 16:00:18,410 INFO Team.RED team acquired 1 resources.
2018-04-09 16:00:18,410 INFO Team.RED team acquired 1 resources.
2018-04-09 16:00:18,410 INFO Team.BLUE team acquired 2 resources.
2018-04-09 16:00:18,410 INFO Team.BLUE team acquired 2 resources.
2018-04-09 16:00:18,410 INFO Team.RED team acquired 1 resources.
2018-04-09 16:00:18,410 INFO Team.BLUE team acquired 3 resources.
2018-04-09 16:00:18,411 INFO Team.RED team acquired 2 resources.
2018-04-09 16:00:18,559 INFO = Issue Orders phase begins
2018-04-09 19:08:08,366 INFO RED Trooper at tile (8, 4) with 100 HP was assigned the order 'Order: Move to (6, 4)'
2018-04-09 19:08:08,366 INFO RED Trooper at tile (8, 5) with 100 HP was assigned the order 'Order: Move to (6, 5)'
2018-04-09 19:08:08,367 INFO = Move phase begins
2018-04-09 19:08:08,376 INFO None moved to (6, 5)
2018-04-09 19:08:08,377 INFO None moved to (6, 4)
2018-04-09 19:08:08,543 INFO = Build phase begins
2018-04-09 19:08:08,701 INFO = Combat phase begins
2018-04-09 19:08:08,860 INFO = Ranged phase begins
2018-04-09 19:08:09,019 INFO = Special phase begins
2018-04-09 19:08:09,182 INFO = Start Turn phase begins
2018-04-09 19:08:09,183 INFO == TURN 10 BEGIN ==
2018-04-09 19:08:09,193 INFO Team.RED team acquired 1 resources.
2018-04-09 19:08:09,193 INFO Team.BLUE team acquired 2 resources.
2018-04-09 19:08:09,193 INFO Team.BLUE team acquired 2 resources.
2018-04-09 19:08:09,194 INFO Team.RED team acquired 1 resources.
2018-04-09 19:08:09,194 INFO Team.RED team acquired 1 resources.
2018-04-09 19:08:09,194 INFO Team.BLUE team acquired 2 resources.
2018-04-09 19:08:09,194 INFO Team.BLUE team acquired 2 resources.
2018-04-09 19:08:09,194 INFO Team.RED team acquired 1 resources.
2018-04-09 19:08:09,194 INFO Team.BLUE team acquired 3 resources.
2018-04-09 19:08:09,194 INFO Team.RED team acquired 2 resources.
2018-04-09 19:08:09,342 INFO = Issue Orders phase begins
2018-04-09 19:08:16,159 INFO BLUE Boltcaster at tile (2, 5) with 60 HP was assigned the order 'Order: Ranged attack tile (6, 5)'
2018-04-09 19:08:16,160 INFO = Move phase begins
2018-04-09 19:08:16,317 INFO = Build phase begins
2018-04-09 19:08:16,473 INFO = Combat phase begins
2018-04-09 19:08:16,630 INFO = Ranged phase begins
2018-04-09 19:08:16,639 INFO BLUE Boltcaster at tile (2, 5) with 60 HP conducted a ranged attack on (6, 5)
2018-04-09 19:08:16,649 INFO RED Trooper at tile (6, 5) with 52 HP took 48 damage from BLUE Boltcaster at tile (2, 5) with 60 HP!
2018-04-09 19:08:16,649 INFO RED Trooper at tile (6, 4) with 64 HP took 36 damage from BLUE Boltcaster at tile (2, 5) with 60 HP!
2018-04-09 19:08:16,787 INFO = Special phase begins
2018-04-09 19:08:16,939 INFO = Start Turn phase begins
2018-04-09 19:08:16,939 INFO == TURN 11 BEGIN ==
2018-04-09 19:08:16,950 INFO Team.RED team acquired 1 resources.
2018-04-09 19:08:16,950 INFO Team.BLUE team acquired 2 resources.
2018-04-09 19:08:16,950 INFO Team.BLUE team acquired 2 resources.
2018-04-09 19:08:16,950 INFO Team.RED team acquired 1 resources.
2018-04-09 19:08:16,950 INFO Team.RED team acquired 1 resources.
2018-04-09 19:08:16,950 INFO Team.BLUE team acquired 2 resources.
2018-04-09 19:08:16,951 INFO Team.BLUE team acquired 2 resources.
2018-04-09 19:08:16,951 INFO Team.RED team acquired 1 resources.
2018-04-09 19:08:16,951 INFO Team.BLUE team acquired 3 resources.
2018-04-09 19:08:16,951 INFO Team.RED team acquired 2 resources.
2018-04-09 19:08:17,097 INFO = Issue Orders phase begins
2018-04-09 19:08:27,967 INFO BLUE Trooper at tile (5, 4) with 100 HP was assigned the order 'Order: Move to (6, 4)'
2018-04-09 19:08:27,967 INFO BLUE Trooper at tile (5, 5) with 100 HP was assigned the order 'Order: Move to (6, 5)'
2018-04-09 19:08:27,967 INFO = Move phase begins
2018-04-09 19:08:27,978 INFO None moved to (6, 5)
2018-04-09 19:08:27,978 INFO None moved to (6, 4)
2018-04-09 19:08:28,125 INFO = Build phase begins
2018-04-09 19:08:28,296 INFO = Combat phase begins
2018-04-09 19:08:28,307 INFO [<terra.piece.piece.Piece object at 0x08B79BB0>, <terra.piece.piece.Piece object at 0x08B79DF0>] are contesting the tile at (6, 5)!
2018-04-09 19:08:28,307 INFO RED Trooper at tile (6, 5) with 4 HP took 24 damage from BLUE Trooper at tile (6, 5) with 46 HP!
2018-04-09 19:08:28,307 INFO BLUE Trooper at tile (6, 5) with 46 HP took 27 damage from RED Trooper at tile (6, 5) with 4 HP!
2018-04-09 19:08:28,307 INFO BLUE Trooper at tile (6, 5) with 46 HP took 27 damage from RED Trooper at tile (6, 5) with 4 HP!
2018-04-09 19:08:28,307 INFO RED Trooper at tile (6, 5) with 4 HP took 24 damage from BLUE Trooper at tile (6, 5) with 46 HP!
2018-04-09 19:08:28,307 INFO [<terra.piece.piece.Piece object at 0x08B79B10>, <terra.piece.piece.Piece object at 0x08B79CF0>] are contesting the tile at (6, 4)!
2018-04-09 19:08:28,308 INFO RED Trooper at tile (6, 4) with 16 HP took 24 damage from BLUE Trooper at tile (6, 4) with 46 HP!
2018-04-09 19:08:28,308 INFO BLUE Trooper at tile (6, 4) with 46 HP took 27 damage from RED Trooper at tile (6, 4) with 16 HP!
2018-04-09 19:08:28,308 INFO BLUE Trooper at tile (6, 4) with 46 HP took 27 damage from RED Trooper at tile (6, 4) with 16 HP!
2018-04-09 19:08:28,308 INFO RED Trooper at tile (6, 4) with 16 HP took 24 damage from BLUE Trooper at tile (6, 4) with 46 HP!
2018-04-09 19:08:28,459 INFO = Ranged phase begins
2018-04-09 19:08:28,615 INFO = Special phase begins
2018-04-09 19:08:28,775 INFO = Start Turn phase begins
2018-04-09 19:08:28,776 INFO == TURN 12 BEGIN ==
2018-04-09 19:08:28,786 INFO Team.RED team acquired 1 resources.
2018-04-09 19:08:28,786 INFO Team.BLUE team acquired 2 resources.
2018-04-09 19:08:28,786 INFO Team.BLUE team acquired 2 resources.
2018-04-09 19:08:28,786 INFO Team.RED team acquired 1 resources.
2018-04-09 19:08:28,787 INFO Team.RED team acquired 1 resources.
2018-04-09 19:08:28,787 INFO Team.BLUE team acquired 2 resources.
2018-04-09 19:08:28,787 INFO Team.BLUE team acquired 2 resources.
2018-04-09 19:08:28,787 INFO Team.RED team acquired 1 resources.
2018-04-09 19:08:28,787 INFO Team.BLUE team acquired 3 resources.
2018-04-09 19:08:28,787 INFO Team.RED team acquired 2 resources.
2018-04-09 19:08:28,936 INFO = Issue Orders phase begins
2018-04-09 19:10:27,975 INFO = Move phase begins
2018-04-09 19:10:28,148 INFO = Build phase begins
2018-04-09 19:10:28,314 INFO = Combat phase begins
2018-04-09 19:10:28,325 INFO [<terra.piece.piece.Piece object at 0x08B79BB0>, <terra.piece.piece.Piece object at 0x08B79DF0>] are contesting the tile at (6, 5)!
2018-04-09 19:10:28,325 INFO RED Trooper at tile (6, 5) with -44 HP took 24 damage from BLUE Trooper at tile (6, 5) with -2 HP!
2018-04-09 19:10:28,325 INFO BLUE Trooper at tile (6, 5) with -2 HP took 24 damage from RED Trooper at tile (6, 5) with -44 HP!
2018-04-09 19:10:28,326 INFO BLUE Trooper at tile (6, 5) with -2 HP took 24 damage from RED Trooper at tile (6, 5) with -44 HP!
2018-04-09 19:10:28,326 INFO RED Trooper at tile (6, 5) with -44 HP took 24 damage from BLUE Trooper at tile (6, 5) with -2 HP!
2018-04-09 19:10:28,326 INFO [<terra.piece.piece.Piece object at 0x08B79B10>, <terra.piece.piece.Piece object at 0x08B79CF0>] are contesting the tile at (6, 4)!
2018-04-09 19:10:28,326 INFO RED Trooper at tile (6, 4) with -32 HP took 24 damage from BLUE Trooper at tile (6, 4) with -2 HP!
2018-04-09 19:10:28,326 INFO BLUE Trooper at tile (6, 4) with -2 HP took 24 damage from RED Trooper at tile (6, 4) with -32 HP!
2018-04-09 19:10:28,326 INFO BLUE Trooper at tile (6, 4) with -2 HP took 24 damage from RED Trooper at tile (6, 4) with -32 HP!
2018-04-09 19:10:28,326 INFO RED Trooper at tile (6, 4) with -32 HP took 24 damage from BLUE Trooper at tile (6, 4) with -2 HP!
2018-04-09 19:10:28,475 INFO = Ranged phase begins
2018-04-09 19:10:28,644 INFO = Special phase begins
2018-04-09 19:10:28,799 INFO = Start Turn phase begins
2018-04-09 19:10:28,800 INFO == TURN 13 BEGIN ==
2018-04-09 19:10:28,811 INFO Team.RED team acquired 1 resources.
2018-04-09 19:10:28,811 INFO Team.BLUE team acquired 2 resources.
2018-04-09 19:10:28,811 INFO Team.BLUE team acquired 2 resources.
2018-04-09 19:10:28,811 INFO Team.RED team acquired 1 resources.
2018-04-09 19:10:28,811 INFO Team.RED team acquired 1 resources.
2018-04-09 19:10:28,811 INFO Team.BLUE team acquired 2 resources.
2018-04-09 19:10:28,811 INFO Team.BLUE team acquired 2 resources.
2018-04-09 19:10:28,812 INFO Team.RED team acquired 1 resources.
2018-04-09 19:10:28,812 INFO Team.BLUE team acquired 3 resources.
2018-04-09 19:10:28,812 INFO Team.RED team acquired 2 resources.
2018-04-09 19:10:28,967 INFO = Issue Orders phase begins
2018-04-10 13:38:37,511 INFO BLUE Boltcaster at tile (2, 5) with 60 HP was assigned the order 'Order: Ranged attack tile (7, 5)'
2018-04-10 13:38:37,512 INFO = Move phase begins
2018-04-10 13:38:37,673 INFO = Build phase begins
2018-04-10 13:38:37,827 INFO = Combat phase begins
2018-04-10 13:38:37,981 INFO = Ranged phase begins
2018-04-10 13:38:37,991 INFO BLUE Boltcaster at tile (2, 5) with 60 HP conducted a ranged attack on (7, 5)
2018-04-10 13:38:38,001 INFO RED Trooper at tile (8, 5) with 64 HP took 36 damage from BLUE Boltcaster at tile (2, 5) with 60 HP!
2018-04-10 13:38:38,141 INFO = Special phase begins
2018-04-10 13:38:38,294 INFO = Start Turn phase begins
2018-04-10 13:38:38,295 INFO == TURN 10 BEGIN ==
2018-04-10 13:38:38,306 INFO Team.RED team acquired 1 resources.
2018-04-10 13:38:38,306 INFO Team.BLUE team acquired 2 resources.
2018-04-10 13:38:38,306 INFO Team.BLUE team acquired 2 resources.
2018-04-10 13:38:38,306 INFO Team.RED team acquired 1 resources.
2018-04-10 13:38:38,306 INFO Team.RED team acquired 1 resources.
2018-04-10 13:38:38,306 INFO Team.BLUE team acquired 2 resources.
2018-04-10 13:38:38,307 INFO Team.BLUE team acquired 2 resources.
2018-04-10 13:38:38,307 INFO Team.RED team acquired 1 resources.
2018-04-10 13:38:38,307 INFO Team.BLUE team acquired 3 resources.
2018-04-10 13:38:38,307 INFO Team.RED team acquired 2 resources.
2018-04-10 13:38:38,459 INFO = Issue Orders phase begins
2018-04-10 15:22:42,549 INFO RED Trooper at tile (8, 4) with 100 HP was assigned the order 'Order: Move to (6, 4)'
2018-04-10 15:22:42,550 INFO BLUE Trooper at tile (5, 4) with 100 HP was assigned the order 'Order: Move to (6, 4)'
2018-04-10 15:22:42,550 INFO = Move phase begins
2018-04-10 15:22:42,560 INFO None moved to (6, 4)
2018-04-10 15:22:42,561 INFO None moved to (6, 4)
2018-04-10 15:22:42,711 INFO = Build phase begins
2018-04-10 15:22:42,873 INFO = Combat phase begins
2018-04-10 15:22:42,883 INFO [<terra.piece.piece.Piece object at 0x08AA01B0>, <terra.piece.piece.Piece object at 0x08B1BFB0>] are contesting the tile at (6, 4)!
2018-04-10 15:22:42,883 INFO BLUE Trooper at tile (6, 4) with 46 HP took 27 damage from RED Trooper at tile (6, 4) with 40 HP!
2018-04-10 15:22:42,883 INFO RED Trooper at tile (6, 4) with 40 HP took 30 damage from BLUE Trooper at tile (6, 4) with 46 HP!
2018-04-10 15:22:42,883 INFO RED Trooper at tile (6, 4) with 40 HP took 30 damage from BLUE Trooper at tile (6, 4) with 46 HP!
2018-04-10 15:22:42,883 INFO BLUE Trooper at tile (6, 4) with 46 HP took 27 damage from RED Trooper at tile (6, 4) with 40 HP!
2018-04-10 15:22:43,039 INFO = Ranged phase begins
2018-04-10 15:22:43,199 INFO = Special phase begins
2018-04-10 15:22:43,360 INFO = Start Turn phase begins
2018-04-10 15:22:43,361 INFO == TURN 10 BEGIN ==
2018-04-10 15:22:43,372 INFO Team.RED team acquired 1 resources.
2018-04-10 15:22:43,372 INFO Team.BLUE team acquired 2 resources.
2018-04-10 15:22:43,372 INFO Team.BLUE team acquired 2 resources.
2018-04-10 15:22:43,373 INFO Team.RED team acquired 1 resources.
2018-04-10 15:22:43,373 INFO Team.RED team acquired 1 resources.
2018-04-10 15:22:43,373 INFO Team.BLUE team acquired 2 resources.
2018-04-10 15:22:43,373 INFO Team.BLUE team acquired 2 resources.
2018-04-10 15:22:43,373 INFO Team.RED team acquired 1 resources.
2018-04-10 15:22:43,373 INFO Team.BLUE team acquired 3 resources.
2018-04-10 15:22:43,373 INFO Team.RED team acquired 2 resources.
2018-04-10 15:22:43,524 INFO = Issue Orders phase begins
2018-04-10 15:22:53,108 INFO BLUE Ranger at tile (4, 4) with 90 HP was assigned the order 'Order: Ranged attack tile (6, 4)'
2018-04-10 15:22:53,109 INFO = Move phase begins
2018-04-10 15:22:53,269 INFO = Build phase begins
2018-04-10 15:22:53,425 INFO = Combat phase begins
2018-04-10 15:22:53,435 INFO [<terra.piece.piece.Piece object at 0x08AA01B0>, <terra.piece.piece.Piece object at 0x08B1BFB0>] are contesting the tile at (6, 4)!
2018-04-10 15:22:53,436 INFO BLUE Trooper at tile (6, 4) with -2 HP took 24 damage from RED Trooper at tile (6, 4) with -8 HP!
2018-04-10 15:22:53,436 INFO RED Trooper at tile (6, 4) with -8 HP took 24 damage from BLUE Trooper at tile (6, 4) with -2 HP!
2018-04-10 15:22:53,436 INFO RED Trooper at tile (6, 4) with -8 HP took 24 damage from BLUE Trooper at tile (6, 4) with -2 HP!
2018-04-10 15:22:53,436 INFO BLUE Trooper at tile (6, 4) with -2 HP took 24 damage from RED Trooper at tile (6, 4) with -8 HP!
2018-04-10 15:22:53,581 INFO = Ranged phase begins
2018-04-10 15:22:53,591 INFO BLUE Ranger at tile (4, 4) with 90 HP conducted a ranged attack on (6, 4)
2018-04-10 15:22:53,736 INFO = Special phase begins
2018-04-10 15:22:53,889 INFO = Start Turn phase begins
2018-04-10 15:22:53,890 INFO == TURN 11 BEGIN ==
2018-04-10 15:22:53,900 INFO Team.RED team acquired 1 resources.
2018-04-10 15:22:53,900 INFO Team.BLUE team acquired 2 resources.
2018-04-10 15:22:53,900 INFO Team.BLUE team acquired 2 resources.
2018-04-10 15:22:53,901 INFO Team.RED team acquired 1 resources.
2018-04-10 15:22:53,901 INFO Team.RED team acquired 1 resources.
2018-04-10 15:22:53,901 INFO Team.BLUE team acquired 2 resources.
2018-04-10 15:22:53,901 INFO Team.BLUE team acquired 2 resources.
2018-04-10 15:22:53,901 INFO Team.RED team acquired 1 resources.
2018-04-10 15:22:53,901 INFO Team.BLUE team acquired 3 resources.
2018-04-10 15:22:53,901 INFO Team.RED team acquired 2 resources.
2018-04-10 15:22:54,046 INFO = Issue Orders phase begins
2018-04-10 15:23:05,511 INFO RED Trooper at tile (8, 5) with 100 HP was assigned the order 'Order: Move to (6, 5)'
2018-04-10 15:23:05,511 INFO BLUE Trooper at tile (5, 5) with 100 HP was assigned the order 'Order: Move to (6, 5)'
2018-04-10 15:23:05,511 INFO = Move phase begins
2018-04-10 15:23:05,521 INFO None moved to (6, 5)
2018-04-10 15:23:05,522 INFO None moved to (6, 5)
2018-04-10 15:23:05,666 INFO = Build phase begins
2018-04-10 15:23:05,836 INFO = Combat phase begins
2018-04-10 15:23:05,846 INFO [<terra.piece.piece.Piece object at 0x08AA02B0>, <terra.piece.piece.Piece object at 0x08AA0070>] are contesting the tile at (6, 5)!
2018-04-10 15:23:05,847 INFO BLUE Trooper at tile (6, 5) with 46 HP took 27 damage from RED Trooper at tile (6, 5) with 40 HP!
2018-04-10 15:23:05,847 INFO RED Trooper at tile (6, 5) with 40 HP took 30 damage from BLUE Trooper at tile (6, 5) with 46 HP!
2018-04-10 15:23:05,847 INFO RED Trooper at tile (6, 5) with 40 HP took 30 damage from BLUE Trooper at tile (6, 5) with 46 HP!
2018-04-10 15:23:05,847 INFO BLUE Trooper at tile (6, 5) with 46 HP took 27 damage from RED Trooper at tile (6, 5) with 40 HP!
2018-04-10 15:23:06,013 INFO = Ranged phase begins
2018-04-10 15:23:06,173 INFO = Special phase begins
2018-04-10 15:23:06,326 INFO = Start Turn phase begins
2018-04-10 15:23:06,328 INFO == TURN 12 BEGIN ==
2018-04-10 15:23:06,338 INFO Team.RED team acquired 1 resources.
2018-04-10 15:23:06,338 INFO Team.BLUE team acquired 2 resources.
2018-04-10 15:23:06,338 INFO Team.BLUE team acquired 2 resources.
2018-04-10 15:23:06,338 INFO Team.RED team acquired 1 resources.
2018-04-10 15:23:06,338 INFO Team.RED team acquired 1 resources.
2018-04-10 15:23:06,338 INFO Team.BLUE team acquired 2 resources.
2018-04-10 15:23:06,338 INFO Team.BLUE team acquired 2 resources.
2018-04-10 15:23:06,338 INFO Team.RED team acquired 1 resources.
2018-04-10 15:23:06,339 INFO Team.BLUE team acquired 3 resources.
2018-04-10 15:23:06,339 INFO Team.RED team acquired 2 resources.
2018-04-10 15:23:06,481 INFO = Issue Orders phase begins
2018-04-10 15:23:11,874 INFO BLUE Trooper at tile (6, 5) with 46 HP was assigned the order 'Order: Move to (6, 3)'
2018-04-10 15:23:11,874 INFO = Move phase begins
2018-04-10 15:23:11,885 INFO None moved to (6, 3)
2018-04-10 15:23:12,038 INFO = Build phase begins
2018-04-10 15:23:12,196 INFO = Combat phase begins
2018-04-10 15:23:12,349 INFO = Ranged phase begins
2018-04-10 15:23:12,507 INFO = Special phase begins
2018-04-10 15:23:12,663 INFO = Start Turn phase begins
2018-04-10 15:23:12,664 INFO == TURN 13 BEGIN ==
2018-04-10 15:23:12,673 INFO Team.RED team acquired 1 resources.
2018-04-10 15:23:12,673 INFO Team.BLUE team acquired 2 resources.
2018-04-10 15:23:12,673 INFO Team.BLUE team acquired 2 resources.
2018-04-10 15:23:12,674 INFO Team.RED team acquired 1 resources.
2018-04-10 15:23:12,674 INFO Team.RED team acquired 1 resources.
2018-04-10 15:23:12,674 INFO Team.BLUE team acquired 2 resources.
2018-04-10 15:23:12,674 INFO Team.BLUE team acquired 2 resources.
2018-04-10 15:23:12,674 INFO Team.RED team acquired 1 resources.
2018-04-10 15:23:12,674 INFO Team.BLUE team acquired 3 resources.
2018-04-10 15:23:12,674 INFO Team.RED team acquired 2 resources.
2018-04-10 15:23:12,819 INFO = Issue Orders phase begins
2018-04-10 15:23:24,618 INFO BLUE Ranger at tile (4, 4) with 90 HP was assigned the order 'Order: Ranged attack tile (5, 4)'
2018-04-10 15:23:24,618 INFO BLUE Trooper at tile (6, 3) with 46 HP was assigned the order 'Order: Move to (5, 4)'
2018-04-10 15:23:24,619 INFO = Move phase begins
2018-04-10 15:23:24,629 INFO None moved to (5, 4)
2018-04-10 15:23:24,773 INFO = Build phase begins
2018-04-10 15:23:24,926 INFO = Combat phase begins
2018-04-10 15:23:25,081 INFO = Ranged phase begins
2018-04-10 15:23:25,091 INFO BLUE Ranger at tile (4, 4) with 90 HP conducted a ranged attack on (5, 4)
2018-04-10 15:23:25,234 INFO = Special phase begins
2018-04-10 15:23:25,388 INFO = Start Turn phase begins
2018-04-10 15:23:25,389 INFO == TURN 14 BEGIN ==
2018-04-10 15:23:25,398 INFO Team.RED team acquired 1 resources.
2018-04-10 15:23:25,398 INFO Team.BLUE team acquired 2 resources.
2018-04-10 15:23:25,398 INFO Team.BLUE team acquired 2 resources.
2018-04-10 15:23:25,398 INFO Team.RED team acquired 1 resources.
2018-04-10 15:23:25,398 INFO Team.RED team acquired 1 resources.
2018-04-10 15:23:25,399 INFO Team.BLUE team acquired 2 resources.
2018-04-10 15:23:25,399 INFO Team.BLUE team acquired 2 resources.
2018-04-10 15:23:25,399 INFO Team.RED team acquired 1 resources.
2018-04-10 15:23:25,399 INFO Team.BLUE team acquired 3 resources.
2018-04-10 15:23:25,399 INFO Team.RED team acquired 2 resources.
2018-04-10 15:23:25,544 INFO = Issue Orders phase begins
2018-04-10 15:23:29,477 INFO BLUE Ranger at tile (4, 4) with 90 HP was assigned the order 'Order: Ranged attack tile (5, 4)'
2018-04-10 15:23:29,477 INFO = Move phase begins
2018-04-10 15:23:29,633 INFO = Build phase begins
2018-04-10 15:23:29,788 INFO = Combat phase begins
2018-04-10 15:23:29,944 INFO = Ranged phase begins
2018-04-10 15:23:29,954 INFO BLUE Ranger at tile (4, 4) with 90 HP conducted a ranged attack on (5, 4)
2018-04-10 15:23:30,099 INFO = Special phase begins
2018-04-10 15:23:30,251 INFO = Start Turn phase begins
2018-04-10 15:23:30,252 INFO == TURN 15 BEGIN ==
2018-04-10 15:23:30,262 INFO Team.RED team acquired 1 resources.
2018-04-10 15:23:30,262 INFO Team.BLUE team acquired 2 resources.
2018-04-10 15:23:30,262 INFO Team.BLUE team acquired 2 resources.
2018-04-10 15:23:30,263 INFO Team.RED team acquired 1 resources.
2018-04-10 15:23:30,263 INFO Team.RED team acquired 1 resources.
2018-04-10 15:23:30,263 INFO Team.BLUE team acquired 2 resources.
2018-04-10 15:23:30,263 INFO Team.BLUE team acquired 2 resources.
2018-04-10 15:23:30,263 INFO Team.RED team acquired 1 resources.
2018-04-10 15:23:30,263 INFO Team.BLUE team acquired 3 resources.
2018-04-10 15:23:30,264 INFO Team.RED team acquired 2 resources.
2018-04-10 15:23:30,408 INFO = Issue Orders phase begins
2018-04-10 15:23:40,288 INFO BLUE Ranger at tile (4, 4) with 90 HP was assigned the order 'Order: Ranged attack tile (5, 5)'
2018-04-10 15:23:40,288 INFO RED Trooper at tile (6, 5) with 40 HP was assigned the order 'Order: Move to (5, 5)'
2018-04-10 15:23:40,288 INFO BLUE Trooper at tile (5, 4) with 46 HP was assigned the order 'Order: Move to (5, 5)'
2018-04-10 15:23:40,288 INFO = Move phase begins
2018-04-10 15:23:40,298 INFO None moved to (5, 5)
2018-04-10 15:23:40,298 INFO None moved to (5, 5)
2018-04-10 15:23:40,439 INFO = Build phase begins
2018-04-10 15:23:40,590 INFO = Combat phase begins
2018-04-10 15:23:40,599 INFO [<terra.piece.piece.Piece object at 0x08AA02B0>, <terra.piece.piece.Piece object at 0x08AA0070>] are contesting the tile at (5, 5)!
2018-04-10 15:23:40,599 INFO BLUE Trooper at tile (5, 5) with -8 HP took 27 damage from RED Trooper at tile (5, 5) with -14 HP!
2018-04-10 15:23:40,600 INFO RED Trooper at tile (5, 5) with -14 HP took 27 damage from BLUE Trooper at tile (5, 5) with -8 HP!
2018-04-10 15:23:40,600 INFO RED Trooper at tile (5, 5) with -14 HP took 27 damage from BLUE Trooper at tile (5, 5) with -8 HP!
2018-04-10 15:23:40,600 INFO BLUE Trooper at tile (5, 5) with -8 HP took 27 damage from RED Trooper at tile (5, 5) with -14 HP!
2018-04-10 15:23:40,743 INFO = Ranged phase begins
2018-04-10 15:23:40,753 INFO BLUE Ranger at tile (4, 4) with 90 HP conducted a ranged attack on (5, 5)
2018-04-10 15:23:40,897 INFO = Special phase begins
2018-04-10 15:23:41,055 INFO = Start Turn phase begins
2018-04-10 15:23:41,056 INFO == TURN 16 BEGIN ==
2018-04-10 15:23:41,066 INFO Team.RED team acquired 1 resources.
2018-04-10 15:23:41,066 INFO Team.BLUE team acquired 2 resources.
2018-04-10 15:23:41,066 INFO Team.BLUE team acquired 2 resources.
2018-04-10 15:23:41,066 INFO Team.RED team acquired 1 resources.
2018-04-10 15:23:41,066 INFO Team.RED team acquired 1 resources.
2018-04-10 15:23:41,067 INFO Team.BLUE team acquired 2 resources.
2018-04-10 15:23:41,067 INFO Team.BLUE team acquired 2 resources.
2018-04-10 15:23:41,067 INFO Team.RED team acquired 1 resources.
2018-04-10 15:23:41,067 INFO Team.BLUE team acquired 3 resources.
2018-04-10 15:23:41,067 INFO Team.RED team acquired 2 resources.
2018-04-10 15:23:41,211 INFO = Issue Orders phase begins
