2018-05-01 16:36:26,761 INFO == TURN 1 BEGIN ==
2018-05-01 16:36:26,762 INFO = Issue Orders phase begins
2018-05-06 15:22:25,987 INFO == TURN 1 BEGIN ==
2018-05-06 15:22:25,987 INFO = Issue Orders phase begins
2018-05-06 15:22:26,996 INFO BLUE Colonist at tile (1, 8) with 100 HP was assigned the order 'Order: Build a Generator on tile (0, 8)'
2018-05-06 15:22:26,997 INFO = Move phase begins
2018-05-06 15:22:27,041 INFO = Build phase begins
2018-05-06 15:22:27,050 INFO Team.BLUE PieceType.GENERATOR was built on (0, 8). 
2018-05-06 15:22:27,050 INFO Team.BLUE team spent 1 resources.
2018-05-06 15:22:27,085 INFO = Combat phase begins
2018-05-06 15:22:27,129 INFO = Ranged phase begins
2018-05-06 15:22:27,173 INFO = Special phase begins
2018-05-06 15:22:27,217 INFO = Start Turn phase begins
2018-05-06 15:22:27,217 INFO == TURN 2 BEGIN ==
2018-05-06 15:22:27,226 INFO Team.BLUE team acquired 1 resources.
2018-05-06 15:22:27,226 INFO Team.BLUE team acquired 1 resources.
2018-05-06 15:22:27,226 INFO Team.RED team acquired 1 resources.
2018-05-06 15:22:27,226 INFO Team.BLUE team acquired 2 resources.
2018-05-06 15:22:27,226 INFO Team.RED team acquired 2 resources.
2018-05-06 15:22:27,262 INFO = Issue Orders phase begins
2018-05-06 15:22:27,678 INFO BLUE Colonist at tile (1, 8) with 100 HP was assigned the order 'Order: Build a Generator on tile (1, 9)'
2018-05-06 15:22:27,678 INFO = Move phase begins
2018-05-06 15:22:27,722 INFO = Build phase begins
2018-05-06 15:22:27,731 INFO Team.BLUE PieceType.GENERATOR was built on (1, 9). 
2018-05-06 15:22:27,731 INFO Team.BLUE team spent 1 resources.
2018-05-06 15:22:27,766 INFO = Combat phase begins
2018-05-06 15:22:27,809 INFO = Ranged phase begins
2018-05-06 15:22:27,852 INFO = Special phase begins
2018-05-06 15:22:27,895 INFO = Start Turn phase begins
2018-05-06 15:22:27,896 INFO == TURN 3 BEGIN ==
2018-05-06 15:22:27,905 INFO Team.BLUE team acquired 1 resources.
2018-05-06 15:22:27,905 INFO Team.BLUE team acquired 1 resources.
2018-05-06 15:22:27,905 INFO Team.BLUE team acquired 1 resources.
2018-05-06 15:22:27,905 INFO Team.RED team acquired 1 resources.
2018-05-06 15:22:27,905 INFO Team.BLUE team acquired 2 resources.
2018-05-06 15:22:27,905 INFO Team.RED team acquired 2 resources.
2018-05-06 15:22:27,940 INFO = Issue Orders phase begins
2018-05-06 15:22:28,354 INFO BLUE Colonist at tile (1, 8) with 100 HP was assigned the order 'Order: Build a Barracks on tile (1, 7)'
2018-05-06 15:22:28,354 INFO = Move phase begins
2018-05-06 15:22:28,398 INFO = Build phase begins
2018-05-06 15:22:28,407 INFO Team.BLUE PieceType.BARRACKS was built on (1, 7). 
2018-05-06 15:22:28,408 INFO Team.BLUE team spent 5 resources.
2018-05-06 15:22:28,442 INFO = Combat phase begins
2018-05-06 15:22:28,486 INFO = Ranged phase begins
2018-05-06 15:22:28,530 INFO = Special phase begins
2018-05-06 15:22:28,574 INFO = Start Turn phase begins
2018-05-06 15:22:28,575 INFO == TURN 4 BEGIN ==
2018-05-06 15:22:28,584 INFO Team.BLUE team acquired 1 resources.
2018-05-06 15:22:28,584 INFO Team.BLUE team acquired 1 resources.
2018-05-06 15:22:28,584 INFO Team.BLUE team acquired 1 resources.
2018-05-06 15:22:28,584 INFO Team.RED team acquired 1 resources.
2018-05-06 15:22:28,584 INFO Team.BLUE team acquired 2 resources.
2018-05-06 15:22:28,584 INFO Team.RED team acquired 2 resources.
2018-05-06 15:22:28,620 INFO = Issue Orders phase begins
2018-05-06 15:22:29,110 INFO BLUE Colonist at tile (1, 8) with 100 HP was assigned the order 'Order: Move to (1, 5)'
2018-05-06 15:22:29,110 INFO BLUE Barracks at tile (1, 7) with 100 HP was assigned the order 'Order: Build a Trooper on tile (2, 7)'
2018-05-06 15:22:29,111 INFO = Move phase begins
2018-05-06 15:22:29,119 INFO None moved to (1, 5)
2018-05-06 15:22:29,156 INFO = Build phase begins
2018-05-06 15:22:29,165 INFO Team.BLUE PieceType.TROOPER was built on (2, 7). 
2018-05-06 15:22:29,166 INFO Team.BLUE team spent 3 resources.
2018-05-06 15:22:29,202 INFO = Combat phase begins
2018-05-06 15:22:29,246 INFO = Ranged phase begins
2018-05-06 15:22:29,291 INFO = Special phase begins
2018-05-06 15:22:29,334 INFO = Start Turn phase begins
2018-05-06 15:22:29,335 INFO == TURN 5 BEGIN ==
2018-05-06 15:22:29,343 INFO Team.BLUE team acquired 1 resources.
2018-05-06 15:22:29,343 INFO Team.BLUE team acquired 1 resources.
2018-05-06 15:22:29,344 INFO Team.BLUE team acquired 1 resources.
2018-05-06 15:22:29,344 INFO Team.RED team acquired 1 resources.
2018-05-06 15:22:29,344 INFO Team.BLUE team acquired 2 resources.
2018-05-06 15:22:29,344 INFO Team.RED team acquired 2 resources.
2018-05-06 15:22:29,379 INFO = Issue Orders phase begins
2018-05-06 15:22:29,769 INFO BLUE Barracks at tile (1, 7) with 100 HP was assigned the order 'Order: Build a Ranger on tile (2, 7)'
2018-05-06 15:22:29,769 INFO BLUE Colonist at tile (1, 5) with 100 HP was assigned the order 'Order: Build a Barracks on tile (0, 5)'
2018-05-06 15:22:29,770 INFO BLUE Trooper at tile (2, 7) with 100 HP was assigned the order 'Order: Move to (2, 5)'
2018-05-06 15:22:29,770 INFO = Move phase begins
2018-05-06 15:22:29,779 INFO None moved to (2, 5)
2018-05-06 15:22:29,814 INFO = Build phase begins
2018-05-06 15:22:29,823 INFO Team.BLUE PieceType.RANGER was built on (2, 7). 
2018-05-06 15:22:29,823 INFO Team.BLUE team spent 3 resources.
2018-05-06 15:22:29,823 INFO Team.BLUE PieceType.BARRACKS was built on (0, 5). 
2018-05-06 15:22:29,823 INFO Team.BLUE team spent 5 resources.
2018-05-06 15:22:29,858 INFO = Combat phase begins
2018-05-06 15:22:29,902 INFO = Ranged phase begins
2018-05-06 15:22:29,946 INFO = Special phase begins
2018-05-06 15:22:29,989 INFO = Start Turn phase begins
2018-05-06 15:22:29,990 INFO == TURN 6 BEGIN ==
2018-05-06 15:22:29,999 INFO Team.BLUE team acquired 1 resources.
2018-05-06 15:22:29,999 INFO Team.BLUE team acquired 1 resources.
2018-05-06 15:22:29,999 INFO Team.BLUE team acquired 1 resources.
2018-05-06 15:22:29,999 INFO Team.RED team acquired 1 resources.
2018-05-06 15:22:29,999 INFO Team.BLUE team acquired 2 resources.
2018-05-06 15:22:29,999 INFO Team.RED team acquired 2 resources.
2018-05-06 15:22:30,038 INFO = Issue Orders phase begins
2018-05-06 15:22:31,085 INFO BLUE Barracks at tile (1, 7) with 100 HP was assigned the order 'Order: Build a Ghost on tile (2, 7)'
2018-05-06 15:22:31,086 INFO BLUE Colonist at tile (1, 5) with 100 HP was assigned the order 'Order: Move to (1, 3)'
2018-05-06 15:22:31,086 INFO BLUE Trooper at tile (2, 5) with 100 HP was assigned the order 'Order: Move to (2, 3)'
2018-05-06 15:22:31,086 INFO BLUE Ranger at tile (2, 7) with 90 HP was assigned the order 'Order: Move to (2, 5)'
2018-05-06 15:22:31,086 INFO BLUE Barracks at tile (0, 5) with 100 HP was assigned the order 'Order: Build a Ghost on tile (1, 5)'
2018-05-06 15:22:31,086 INFO = Move phase begins
2018-05-06 15:22:31,095 INFO None moved to (2, 5)
2018-05-06 15:22:31,095 INFO BLUE Ranger at tile (2, 5) with 90 HP moved to (2, 3)
2018-05-06 15:22:31,095 INFO None moved to (1, 3)
2018-05-06 15:22:31,131 INFO = Build phase begins
2018-05-06 15:22:31,140 INFO Team.BLUE PieceType.GHOST was built on (1, 5). 
2018-05-06 15:22:31,141 INFO Team.BLUE team spent 3 resources.
2018-05-06 15:22:31,141 INFO Team.BLUE PieceType.GHOST was built on (2, 7). 
2018-05-06 15:22:31,141 INFO Team.BLUE team spent 3 resources.
2018-05-06 15:22:31,177 INFO = Combat phase begins
2018-05-06 15:22:31,221 INFO = Ranged phase begins
2018-05-06 15:22:31,265 INFO = Special phase begins
2018-05-06 15:22:31,309 INFO = Start Turn phase begins
2018-05-06 15:22:31,310 INFO == TURN 7 BEGIN ==
2018-05-06 15:22:31,319 INFO Team.BLUE team acquired 1 resources.
2018-05-06 15:22:31,319 INFO Team.BLUE team acquired 1 resources.
2018-05-06 15:22:31,319 INFO Team.BLUE team acquired 1 resources.
2018-05-06 15:22:31,320 INFO Team.RED team acquired 1 resources.
2018-05-06 15:22:31,320 INFO Team.BLUE team acquired 2 resources.
2018-05-06 15:22:31,320 INFO Team.RED team acquired 2 resources.
2018-05-06 15:22:31,356 INFO = Issue Orders phase begins
2018-05-06 15:22:32,531 INFO BLUE Barracks at tile (1, 7) with 100 HP was assigned the order 'Order: Build a Trooper on tile (2, 7)'
2018-05-06 15:22:32,531 INFO BLUE Ranger at tile (2, 5) with 90 HP was assigned the order 'Order: Move to (2, 4)'
2018-05-06 15:22:32,531 INFO BLUE Barracks at tile (0, 5) with 100 HP was assigned the order 'Order: Build a Trooper on tile (1, 5)'
2018-05-06 15:22:32,532 INFO BLUE Trooper at tile (2, 3) with 100 HP was assigned the order 'Order: Move to (4, 3)'
2018-05-06 15:22:32,532 INFO BLUE Colonist at tile (1, 3) with 100 HP was assigned the order 'Order: Build a Generator on tile (2, 3)'
2018-05-06 15:22:32,532 INFO BLUE Ghost at tile (1, 5) with 80 HP was assigned the order 'Order: Move to (1, 4)'
2018-05-06 15:22:32,532 INFO BLUE Ghost at tile (2, 7) with 80 HP was assigned the order 'Order: Move to (2, 5)'
2018-05-06 15:22:32,532 INFO = Move phase begins
2018-05-06 15:22:32,541 INFO None moved to (2, 5)
2018-05-06 15:22:32,541 INFO None moved to (1, 4)
2018-05-06 15:22:32,542 INFO BLUE Ghost at tile (2, 5) with 80 HP moved to (2, 4)
2018-05-06 15:22:32,542 INFO None moved to (4, 3)
2018-05-06 15:22:32,577 INFO = Build phase begins
2018-05-06 15:22:32,586 INFO Team.BLUE PieceType.TROOPER was built on (1, 5). 
2018-05-06 15:22:32,586 INFO Team.BLUE team spent 3 resources.
2018-05-06 15:22:32,587 INFO Team.BLUE PieceType.TROOPER was built on (2, 7). 
2018-05-06 15:22:32,587 INFO Team.BLUE team spent 3 resources.
2018-05-06 15:22:32,587 INFO Team.BLUE PieceType.GENERATOR was built on (2, 3). 
2018-05-06 15:22:32,587 INFO Team.BLUE team spent 1 resources.
2018-05-06 15:22:32,622 INFO = Combat phase begins
2018-05-06 15:22:32,667 INFO = Ranged phase begins
2018-05-06 15:22:32,712 INFO = Special phase begins
2018-05-06 15:22:32,758 INFO = Start Turn phase begins
2018-05-06 15:22:32,759 INFO == TURN 8 BEGIN ==
2018-05-06 15:22:32,768 INFO Team.BLUE team acquired 1 resources.
2018-05-06 15:22:32,768 INFO Team.BLUE team acquired 1 resources.
2018-05-06 15:22:32,768 INFO Team.BLUE team acquired 1 resources.
2018-05-06 15:22:32,768 INFO Team.BLUE team acquired 1 resources.
2018-05-06 15:22:32,768 INFO Team.RED team acquired 1 resources.
2018-05-06 15:22:32,768 INFO Team.BLUE team acquired 2 resources.
2018-05-06 15:22:32,769 INFO Team.RED team acquired 2 resources.
2018-05-06 15:22:32,805 INFO = Issue Orders phase begins
2018-05-06 15:22:34,042 INFO BLUE Barracks at tile (1, 7) with 100 HP was assigned the order 'Order: Build a Ranger on tile (2, 7)'
2018-05-06 15:22:34,042 INFO BLUE Ghost at tile (2, 5) with 80 HP was assigned the order 'Order: Move to (3, 3)'
2018-05-06 15:22:34,042 INFO BLUE Barracks at tile (0, 5) with 100 HP was assigned the order 'Order: Build a Ranger on tile (1, 5)'
2018-05-06 15:22:34,042 INFO BLUE Colonist at tile (1, 3) with 100 HP was assigned the order 'Order: Move to (2, 2)'
2018-05-06 15:22:34,042 INFO BLUE Ghost at tile (1, 4) with 80 HP was assigned the order 'Order: Move to (1, 3)'
2018-05-06 15:22:34,042 INFO BLUE Ranger at tile (2, 4) with 90 HP was assigned the order 'Order: Move to (2, 4)'
2018-05-06 15:22:34,042 INFO BLUE Trooper at tile (4, 3) with 100 HP was assigned the order 'Order: Move to (6, 3)'
2018-05-06 15:22:34,042 INFO BLUE Trooper at tile (1, 5) with 100 HP was assigned the order 'Order: Move to (1, 4)'
2018-05-06 15:22:34,042 INFO BLUE Trooper at tile (2, 7) with 100 HP was assigned the order 'Order: Move to (2, 5)'
2018-05-06 15:22:34,043 INFO = Move phase begins
2018-05-06 15:22:34,051 INFO None moved to (2, 5)
2018-05-06 15:22:34,052 INFO None moved to (1, 4)
2018-05-06 15:22:34,052 INFO BLUE Trooper at tile (2, 5) with 100 HP moved to (3, 3)
2018-05-06 15:22:34,052 INFO BLUE Trooper at tile (1, 4) with 100 HP moved to (1, 3)
2018-05-06 15:22:34,052 INFO BLUE Ranger at tile (2, 4) with 90 HP moved to (2, 4)
2018-05-06 15:22:34,052 INFO None moved to (6, 3)
2018-05-06 15:22:34,052 INFO BLUE Ghost at tile (1, 3) with 80 HP moved to (2, 2)
2018-05-06 15:22:34,088 INFO = Build phase begins
2018-05-06 15:22:34,098 INFO Team.BLUE PieceType.RANGER was built on (1, 5). 
2018-05-06 15:22:34,098 INFO Team.BLUE team spent 3 resources.
2018-05-06 15:22:34,098 INFO Team.BLUE PieceType.RANGER was built on (2, 7). 
2018-05-06 15:22:34,098 INFO Team.BLUE team spent 3 resources.
2018-05-06 15:22:34,135 INFO = Combat phase begins
2018-05-06 15:22:34,181 INFO = Ranged phase begins
2018-05-06 15:22:34,227 INFO = Special phase begins
2018-05-06 15:22:34,274 INFO = Start Turn phase begins
2018-05-06 15:22:34,274 INFO == TURN 9 BEGIN ==
2018-05-06 15:22:34,284 INFO Team.BLUE team acquired 1 resources.
2018-05-06 15:22:34,284 INFO Team.BLUE team acquired 1 resources.
2018-05-06 15:22:34,284 INFO Team.BLUE team acquired 1 resources.
2018-05-06 15:22:34,284 INFO Team.BLUE team acquired 1 resources.
2018-05-06 15:22:34,284 INFO Team.RED team acquired 1 resources.
2018-05-06 15:22:34,284 INFO Team.BLUE team acquired 2 resources.
2018-05-06 15:22:34,284 INFO Team.RED team acquired 2 resources.
2018-05-06 15:22:34,321 INFO = Issue Orders phase begins
2018-05-06 15:22:36,640 INFO BLUE Barracks at tile (1, 7) with 100 HP was assigned the order 'Order: Build a Ghost on tile (2, 7)'
2018-05-06 15:22:36,640 INFO BLUE Trooper at tile (2, 5) with 100 HP was assigned the order 'Order: Move to (2, 4)'
2018-05-06 15:22:36,641 INFO BLUE Barracks at tile (0, 5) with 100 HP was assigned the order 'Order: Build a Ghost on tile (1, 5)'
2018-05-06 15:22:36,641 INFO BLUE Ghost at tile (1, 3) with 80 HP was assigned the order 'Order: Move to (4, 3)'
2018-05-06 15:22:36,641 INFO BLUE Trooper at tile (1, 4) with 100 HP was assigned the order 'Order: Move to (1, 3)'
2018-05-06 15:22:36,641 INFO BLUE Ghost at tile (3, 3) with 80 HP was assigned the order 'Order: Move to (6, 3)'
2018-05-06 15:22:36,641 INFO BLUE Ranger at tile (2, 4) with 90 HP was assigned the order 'Order: Move to (3, 3)'
2018-05-06 15:22:36,641 INFO BLUE Trooper at tile (6, 3) with 100 HP was assigned the order 'Order: Move to (8, 3)'
2018-05-06 15:22:36,641 INFO BLUE Colonist at tile (2, 2) with 100 HP was assigned the order 'Order: Build a Generator on tile (3, 2)'
2018-05-06 15:22:36,641 INFO BLUE Ranger at tile (1, 5) with 90 HP was assigned the order 'Order: Move to (1, 4)'
2018-05-06 15:22:36,641 INFO BLUE Ranger at tile (2, 7) with 90 HP was assigned the order 'Order: Move to (2, 5)'
2018-05-06 15:22:36,641 INFO = Move phase begins
2018-05-06 15:22:36,650 INFO None moved to (2, 5)
2018-05-06 15:22:36,651 INFO None moved to (1, 4)
2018-05-06 15:22:36,651 INFO BLUE Ranger at tile (2, 5) with 90 HP moved to (2, 4)
2018-05-06 15:22:36,651 INFO BLUE Ranger at tile (1, 4) with 90 HP moved to (1, 3)
2018-05-06 15:22:36,651 INFO None moved to (6, 3)
2018-05-06 15:22:36,651 INFO BLUE Trooper at tile (1, 3) with 100 HP moved to (4, 3)
2018-05-06 15:22:36,651 INFO BLUE Trooper at tile (2, 4) with 100 HP moved to (3, 3)
2018-05-06 15:22:36,652 INFO BLUE Ghost at tile (6, 3) with 80 HP moved to (8, 3)
2018-05-06 15:22:36,687 INFO = Build phase begins
2018-05-06 15:22:36,696 INFO Team.BLUE PieceType.GHOST was built on (1, 5). 
2018-05-06 15:22:36,696 INFO Team.BLUE team spent 3 resources.
2018-05-06 15:22:36,696 INFO Team.BLUE PieceType.GHOST was built on (2, 7). 
2018-05-06 15:22:36,696 INFO Team.BLUE team spent 3 resources.
2018-05-06 15:22:36,697 INFO Team.BLUE PieceType.GENERATOR was built on (3, 2). 
2018-05-06 15:22:36,697 INFO Team.BLUE team spent 1 resources.
2018-05-06 15:22:36,733 INFO = Combat phase begins
2018-05-06 15:22:36,780 INFO = Ranged phase begins
2018-05-06 15:22:36,826 INFO = Special phase begins
2018-05-06 15:22:36,872 INFO = Start Turn phase begins
2018-05-06 15:22:36,873 INFO == TURN 10 BEGIN ==
2018-05-06 15:22:36,882 INFO Team.BLUE team acquired 1 resources.
2018-05-06 15:22:36,882 INFO Team.BLUE team acquired 1 resources.
2018-05-06 15:22:36,883 INFO Team.BLUE team acquired 1 resources.
2018-05-06 15:22:36,883 INFO Team.BLUE team acquired 1 resources.
2018-05-06 15:22:36,883 INFO Team.BLUE team acquired 1 resources.
2018-05-06 15:22:36,883 INFO Team.RED team acquired 1 resources.
2018-05-06 15:22:36,883 INFO Team.BLUE team acquired 2 resources.
2018-05-06 15:22:36,883 INFO Team.RED team acquired 2 resources.
2018-05-06 15:22:36,920 INFO = Issue Orders phase begins
2018-05-06 15:22:39,947 INFO BLUE Barracks at tile (1, 7) with 100 HP was assigned the order 'Order: Build a Trooper on tile (2, 7)'
2018-05-06 15:22:39,947 INFO BLUE Ranger at tile (2, 5) with 90 HP was assigned the order 'Order: Move to (2, 5)'
2018-05-06 15:22:39,947 INFO BLUE Barracks at tile (0, 5) with 100 HP was assigned the order 'Order: Build a Trooper on tile (1, 5)'
2018-05-06 15:22:39,948 INFO BLUE Trooper at tile (1, 3) with 100 HP was assigned the order 'Order: Move to (3, 3)'
2018-05-06 15:22:39,948 INFO BLUE Ranger at tile (1, 4) with 90 HP was assigned the order 'Order: Move to (1, 4)'
2018-05-06 15:22:39,948 INFO BLUE Trooper at tile (2, 4) with 100 HP was assigned the order 'Order: Move to (2, 4)'
2018-05-06 15:22:39,948 INFO BLUE Ghost at tile (6, 3) with 80 HP was assigned the order 'Order: Move to (8, 2)'
2018-05-06 15:22:39,948 INFO BLUE Colonist at tile (2, 2) with 100 HP was assigned the order 'Order: Move to (4, 3)'
2018-05-06 15:22:39,948 INFO BLUE Ghost at tile (4, 3) with 80 HP was assigned the order 'Order: Move to (7, 3)'
2018-05-06 15:22:39,948 INFO BLUE Ranger at tile (3, 3) with 90 HP was assigned the order 'Order: Move to (5, 3)'
2018-05-06 15:22:39,948 INFO BLUE Trooper at tile (8, 3) with 100 HP was assigned the order 'Order: Move to (8, 1)'
2018-05-06 15:22:39,948 INFO BLUE Ghost at tile (1, 5) with 80 HP was assigned the order 'Order: Move to (1, 3)'
2018-05-06 15:22:39,948 INFO BLUE Ghost at tile (2, 7) with 80 HP was assigned the order 'Order: Move to (2, 6)'
2018-05-06 15:22:39,948 INFO = Move phase begins
2018-05-06 15:22:39,958 INFO None moved to (2, 6)
2018-05-06 15:22:39,959 INFO None moved to (1, 3)
2018-05-06 15:22:39,959 INFO BLUE Ranger at tile (2, 5) with 90 HP moved to (2, 5)
2018-05-06 15:22:39,959 INFO BLUE Ranger at tile (1, 4) with 90 HP moved to (1, 4)
2018-05-06 15:22:39,959 INFO BLUE Trooper at tile (2, 4) with 100 HP moved to (2, 4)
2018-05-06 15:22:39,959 INFO BLUE Ghost at tile (1, 3) with 80 HP moved to (3, 3)
2018-05-06 15:22:39,959 INFO None moved to (8, 2)
2018-05-06 15:22:39,960 INFO None moved to (7, 3)
2018-05-06 15:22:39,960 INFO BLUE Trooper at tile (3, 3) with 100 HP moved to (5, 3)
2018-05-06 15:22:39,960 INFO None moved to (8, 1)
2018-05-06 15:22:39,960 INFO None moved to (4, 3)
2018-05-06 15:22:39,997 INFO = Build phase begins
2018-05-06 15:22:40,007 INFO Team.BLUE PieceType.TROOPER was built on (1, 5). 
2018-05-06 15:22:40,007 INFO Team.BLUE team spent 3 resources.
2018-05-06 15:22:40,007 INFO Team.BLUE PieceType.TROOPER was built on (2, 7). 
2018-05-06 15:22:40,007 INFO Team.BLUE team spent 3 resources.
2018-05-06 15:22:40,044 INFO = Combat phase begins
2018-05-06 15:22:40,091 INFO = Ranged phase begins
2018-05-06 15:22:40,138 INFO = Special phase begins
2018-05-06 15:22:40,185 INFO = Start Turn phase begins
2018-05-06 15:22:40,185 INFO == TURN 11 BEGIN ==
2018-05-06 15:22:40,195 INFO Team.BLUE team acquired 1 resources.
2018-05-06 15:22:40,195 INFO Team.BLUE team acquired 1 resources.
2018-05-06 15:22:40,195 INFO Team.BLUE team acquired 1 resources.
2018-05-06 15:22:40,195 INFO Team.BLUE team acquired 1 resources.
2018-05-06 15:22:40,195 INFO Team.BLUE team acquired 1 resources.
2018-05-06 15:22:40,195 INFO Team.RED team acquired 1 resources.
2018-05-06 15:22:40,196 INFO Team.BLUE team acquired 2 resources.
2018-05-06 15:22:40,196 INFO Team.RED team acquired 2 resources.
2018-05-06 15:22:40,233 INFO = Issue Orders phase begins
2018-05-06 15:22:43,888 INFO BLUE Barracks at tile (1, 7) with 100 HP was assigned the order 'Order: Build a Ranger on tile (2, 7)'
2018-05-06 15:22:43,888 INFO BLUE Barracks at tile (0, 5) with 100 HP was assigned the order 'Order: Build a Ranger on tile (1, 5)'
2018-05-06 15:22:43,888 INFO BLUE Ghost at tile (1, 3) with 80 HP was assigned the order 'Order: Move to (4, 3)'
2018-05-06 15:22:43,888 INFO BLUE Trooper at tile (3, 3) with 100 HP was assigned the order 'Order: Move to (5, 3)'
2018-05-06 15:22:43,888 INFO BLUE Ghost at tile (2, 6) with 80 HP was assigned the order 'Order: Move to (2, 4)'
2018-05-06 15:22:43,888 INFO BLUE Ranger at tile (2, 5) with 90 HP was assigned the order 'Order: Move to (2, 5)'
2018-05-06 15:22:43,888 INFO BLUE Ranger at tile (1, 4) with 90 HP was assigned the order 'Order: Move to (1, 3)'
2018-05-06 15:22:43,888 INFO BLUE Trooper at tile (2, 4) with 100 HP was assigned the order 'Order: Move to (3, 3)'
2018-05-06 15:22:43,888 INFO BLUE Ghost at tile (8, 2) with 80 HP was assigned the order 'Order: Move to (10, 1)'
2018-05-06 15:22:43,888 INFO BLUE Ghost at tile (7, 3) with 80 HP was assigned the order 'Order: Move to (8, 1)'
2018-05-06 15:22:43,889 INFO BLUE Ranger at tile (5, 3) with 90 HP was assigned the order 'Order: Move to (7, 3)'
2018-05-06 15:22:43,889 INFO BLUE Trooper at tile (8, 1) with 100 HP was assigned the order 'Order: Move to (9, 0)'
2018-05-06 15:22:43,889 INFO BLUE Colonist at tile (4, 3) with 100 HP was assigned the order 'Order: Move to (4, 6)'
2018-05-06 15:22:43,889 INFO BLUE Trooper at tile (1, 5) with 100 HP was assigned the order 'Order: Move to (1, 4)'
2018-05-06 15:22:43,889 INFO BLUE Trooper at tile (2, 7) with 100 HP was assigned the order 'Order: Move to (2, 6)'
2018-05-06 15:22:43,889 INFO = Move phase begins
2018-05-06 15:22:43,898 INFO None moved to (2, 6)
2018-05-06 15:22:43,898 INFO None moved to (1, 4)
2018-05-06 15:22:43,899 INFO BLUE Trooper at tile (2, 6) with 100 HP moved to (2, 4)
2018-05-06 15:22:43,899 INFO None moved to (4, 3)
2018-05-06 15:22:43,899 INFO BLUE Ranger at tile (2, 5) with 90 HP moved to (2, 5)
2018-05-06 15:22:43,899 INFO BLUE Trooper at tile (1, 4) with 100 HP moved to (1, 3)
2018-05-06 15:22:43,899 INFO BLUE Ghost at tile (2, 4) with 80 HP moved to (3, 3)
2018-05-06 15:22:43,899 INFO BLUE Trooper at tile (3, 3) with 100 HP moved to (5, 3)
2018-05-06 15:22:43,900 INFO None moved to (10, 1)
2018-05-06 15:22:43,900 INFO None moved to (8, 1)
2018-05-06 15:22:43,900 INFO BLUE Trooper at tile (5, 3) with 100 HP moved to (7, 3)
2018-05-06 15:22:43,900 INFO BLUE Ghost at tile (8, 1) with 80 HP moved to (9, 0)
2018-05-06 15:22:43,900 INFO BLUE Ghost at tile (4, 3) with 80 HP moved to (4, 6)
2018-05-06 15:22:43,936 INFO = Build phase begins
2018-05-06 15:22:43,946 INFO Team.BLUE PieceType.RANGER was built on (1, 5). 
2018-05-06 15:22:43,946 INFO Team.BLUE team spent 3 resources.
2018-05-06 15:22:43,947 INFO Team.BLUE PieceType.RANGER was built on (2, 7). 
2018-05-06 15:22:43,947 INFO Team.BLUE team spent 3 resources.
2018-05-06 15:22:43,985 INFO = Combat phase begins
2018-05-06 15:22:44,034 INFO = Ranged phase begins
2018-05-06 15:22:44,081 INFO = Special phase begins
2018-05-06 15:22:44,128 INFO = Start Turn phase begins
2018-05-06 15:22:44,129 INFO == TURN 12 BEGIN ==
2018-05-06 15:22:44,139 INFO Team.BLUE team acquired 1 resources.
2018-05-06 15:22:44,139 INFO Team.BLUE team acquired 1 resources.
2018-05-06 15:22:44,139 INFO Team.BLUE team acquired 1 resources.
2018-05-06 15:22:44,139 INFO Team.BLUE team acquired 1 resources.
2018-05-06 15:22:44,139 INFO Team.BLUE team acquired 1 resources.
2018-05-06 15:22:44,140 INFO Team.RED team acquired 1 resources.
2018-05-06 15:22:44,140 INFO Team.BLUE team acquired 2 resources.
2018-05-06 15:22:44,140 INFO Team.RED team acquired 2 resources.
2018-05-06 15:22:44,178 INFO = Issue Orders phase begins
2018-05-06 15:22:49,656 INFO BLUE Barracks at tile (1, 7) with 100 HP was assigned the order 'Order: Build a Ghost on tile (2, 7)'
2018-05-06 15:22:49,656 INFO BLUE Barracks at tile (0, 5) with 100 HP was assigned the order 'Order: Build a Ghost on tile (1, 5)'
2018-05-06 15:22:49,656 INFO BLUE Trooper at tile (3, 3) with 100 HP was assigned the order 'Order: Move to (5, 3)'
2018-05-06 15:22:49,656 INFO BLUE Trooper at tile (2, 6) with 100 HP was assigned the order 'Order: Move to (2, 5)'
2018-05-06 15:22:49,657 INFO BLUE Trooper at tile (1, 4) with 100 HP was assigned the order 'Order: Move to (1, 3)'
2018-05-06 15:22:49,657 INFO BLUE Ghost at tile (2, 4) with 80 HP was assigned the order 'Order: Move to (5, 4)'
2018-05-06 15:22:49,657 INFO BLUE Trooper at tile (5, 3) with 100 HP was assigned the order 'Order: Move to (7, 3)'
2018-05-06 15:22:49,657 INFO BLUE Ranger at tile (2, 5) with 90 HP was assigned the order 'Order: Move to (2, 4)'
2018-05-06 15:22:49,657 INFO BLUE Ranger at tile (1, 3) with 90 HP was assigned the order 'Order: Move to (3, 3)'
2018-05-06 15:22:49,657 INFO BLUE Ghost at tile (10, 1) with 80 HP was assigned the order 'Order: Move to (13, 1)'
2018-05-06 15:22:49,657 INFO BLUE Ranger at tile (7, 3) with 90 HP was assigned the order 'Order: Move to (8, 2)'
2018-05-06 15:22:49,657 INFO BLUE Trooper at tile (9, 0) with 100 HP was assigned the order 'Order: Move to (11, 0)'
2018-05-06 15:22:49,657 INFO BLUE Colonist at tile (4, 6) with 100 HP was assigned the order 'Order: Move to (7, 6)'
2018-05-06 15:22:49,657 INFO BLUE Ranger at tile (1, 5) with 90 HP was assigned the order 'Order: Move to (1, 4)'
2018-05-06 15:22:49,657 INFO BLUE Ranger at tile (2, 7) with 90 HP was assigned the order 'Order: Move to (2, 6)'
2018-05-06 15:22:49,657 INFO = Move phase begins
2018-05-06 15:22:49,667 INFO None moved to (2, 6)
2018-05-06 15:22:49,667 INFO None moved to (1, 4)
2018-05-06 15:22:49,667 INFO BLUE Ranger at tile (2, 6) with 90 HP moved to (2, 5)
2018-05-06 15:22:49,668 INFO BLUE Ranger at tile (1, 4) with 90 HP moved to (1, 3)
2018-05-06 15:22:49,668 INFO None moved to (5, 4)
2018-05-06 15:22:49,668 INFO BLUE Trooper at tile (2, 5) with 100 HP moved to (2, 4)
2018-05-06 15:22:49,668 INFO BLUE Trooper at tile (1, 3) with 100 HP moved to (3, 3)
2018-05-06 15:22:49,668 INFO BLUE Ranger at tile (3, 3) with 90 HP moved to (5, 3)
2018-05-06 15:22:49,668 INFO BLUE Trooper at tile (5, 3) with 100 HP moved to (7, 3)
2018-05-06 15:22:49,668 INFO None moved to (13, 1)
2018-05-06 15:22:49,669 INFO BLUE Trooper at tile (7, 3) with 100 HP moved to (8, 2)
2018-05-06 15:22:49,669 INFO None moved to (11, 0)
2018-05-06 15:22:49,669 INFO None moved to (7, 6)
2018-05-06 15:22:49,705 INFO = Build phase begins
2018-05-06 15:22:49,715 INFO Team.BLUE PieceType.GHOST was built on (1, 5). 
2018-05-06 15:22:49,716 INFO Team.BLUE team spent 3 resources.
2018-05-06 15:22:49,716 INFO Team.BLUE PieceType.GHOST was built on (2, 7). 
2018-05-06 15:22:49,716 INFO Team.BLUE team spent 3 resources.
2018-05-06 15:22:49,753 INFO = Combat phase begins
2018-05-06 15:22:49,762 INFO RED Generator at tile (11, 0) with 26 HP, BLUE Trooper at tile (11, 0) with 100 HP are contesting the tile at (11, 0)!
2018-05-06 15:22:49,763 INFO RED Generator at tile (11, 0) with 26 HP took 37 damage from BLUE Trooper at tile (11, 0) with 100 HP!
2018-05-06 15:22:49,763 INFO BLUE Trooper at tile (11, 0) with 100 HP took 0 damage from RED Generator at tile (11, 0) with 26 HP!
2018-05-06 15:22:49,763 INFO BLUE Trooper at tile (11, 0) with 100 HP took 0 damage from RED Generator at tile (11, 0) with 26 HP!
2018-05-06 15:22:49,763 INFO RED Generator at tile (11, 0) with 26 HP took 37 damage from BLUE Trooper at tile (11, 0) with 100 HP!
2018-05-06 15:22:49,763 INFO RED Colonist at tile (13, 1) with -4 HP, BLUE Ghost at tile (13, 1) with 80 HP are contesting the tile at (13, 1)!
2018-05-06 15:22:49,763 INFO RED Colonist at tile (13, 1) with -4 HP took 52 damage from BLUE Ghost at tile (13, 1) with 80 HP!
2018-05-06 15:22:49,763 INFO BLUE Ghost at tile (13, 1) with 80 HP took 0 damage from RED Colonist at tile (13, 1) with -4 HP!
2018-05-06 15:22:49,764 INFO BLUE Ghost at tile (13, 1) with 80 HP took 0 damage from RED Colonist at tile (13, 1) with -4 HP!
2018-05-06 15:22:49,764 INFO RED Colonist at tile (13, 1) with -4 HP took 52 damage from BLUE Ghost at tile (13, 1) with 80 HP!
2018-05-06 15:22:49,800 INFO = Ranged phase begins
2018-05-06 15:22:49,846 INFO = Special phase begins
2018-05-06 15:22:49,892 INFO = Start Turn phase begins
2018-05-06 15:22:49,893 INFO == TURN 13 BEGIN ==
2018-05-06 15:22:49,903 INFO Team.BLUE team acquired 1 resources.
2018-05-06 15:22:49,903 INFO Team.BLUE team acquired 1 resources.
2018-05-06 15:22:49,903 INFO Team.BLUE team acquired 1 resources.
2018-05-06 15:22:49,903 INFO Team.BLUE team acquired 1 resources.
2018-05-06 15:22:49,903 INFO Team.BLUE team acquired 1 resources.
2018-05-06 15:22:49,904 INFO Team.RED team acquired 1 resources.
2018-05-06 15:22:49,904 INFO Team.BLUE team acquired 2 resources.
2018-05-06 15:22:49,904 INFO Team.RED team acquired 2 resources.
2018-05-06 15:22:49,940 INFO = Issue Orders phase begins
2018-05-06 15:22:54,289 INFO BLUE Trooper at tile (11, 0) with 100 HP was assigned the order 'Order: Move to (11, 0)'
2018-05-06 15:22:54,289 INFO BLUE Barracks at tile (1, 7) with 100 HP was assigned the order 'Order: Build a Trooper on tile (2, 7)'
2018-05-06 15:22:54,289 INFO BLUE Barracks at tile (0, 5) with 100 HP was assigned the order 'Order: Build a Trooper on tile (1, 5)'
2018-05-06 15:22:54,289 INFO BLUE Ranger at tile (3, 3) with 90 HP was assigned the order 'Order: Move to (5, 3)'
2018-05-06 15:22:54,289 INFO BLUE Ranger at tile (2, 6) with 90 HP was assigned the order 'Order: Move to (2, 5)'
2018-05-06 15:22:54,289 INFO BLUE Ranger at tile (1, 4) with 90 HP was assigned the order 'Order: Move to (1, 4)'
2018-05-06 15:22:54,289 INFO BLUE Trooper at tile (5, 3) with 100 HP was assigned the order 'Order: Move to (7, 3)'
2018-05-06 15:22:54,290 INFO BLUE Trooper at tile (2, 5) with 100 HP was assigned the order 'Order: Move to (2, 4)'
2018-05-06 15:22:54,290 INFO BLUE Trooper at tile (1, 3) with 100 HP was assigned the order 'Order: Move to (1, 3)'
2018-05-06 15:22:54,290 INFO BLUE Trooper at tile (7, 3) with 100 HP was assigned the order 'Order: Move to (8, 2)'
2018-05-06 15:22:54,290 INFO BLUE Ranger at tile (2, 4) with 90 HP was assigned the order 'Order: Move to (3, 3)'
2018-05-06 15:22:54,290 INFO BLUE Ranger at tile (8, 2) with 90 HP was assigned the order 'Order: Move to (9, 1)'
2018-05-06 15:22:54,290 INFO BLUE Colonist at tile (7, 6) with 100 HP was assigned the order 'Order: Build a Barracks on tile (8, 6)'
2018-05-06 15:22:54,290 INFO BLUE Ghost at tile (1, 5) with 80 HP was assigned the order 'Order: Move to (4, 5)'
2018-05-06 15:22:54,290 INFO BLUE Ghost at tile (2, 7) with 80 HP was assigned the order 'Order: Move to (2, 6)'
2018-05-06 15:22:54,290 INFO = Move phase begins
2018-05-06 15:22:54,300 INFO None moved to (2, 6)
2018-05-06 15:22:54,300 INFO None moved to (4, 5)
2018-05-06 15:22:54,300 INFO BLUE Ghost at tile (2, 6) with 80 HP moved to (2, 5)
2018-05-06 15:22:54,300 INFO BLUE Ranger at tile (1, 4) with 90 HP moved to (1, 4)
2018-05-06 15:22:54,300 INFO BLUE Ranger at tile (2, 5) with 90 HP moved to (2, 4)
2018-05-06 15:22:54,301 INFO BLUE Trooper at tile (1, 3) with 100 HP moved to (1, 3)
2018-05-06 15:22:54,301 INFO BLUE Trooper at tile (2, 4) with 100 HP moved to (3, 3)
2018-05-06 15:22:54,301 INFO BLUE Ranger at tile (3, 3) with 90 HP moved to (5, 3)
2018-05-06 15:22:54,301 INFO BLUE Ranger at tile (5, 3) with 90 HP moved to (7, 3)
2018-05-06 15:22:54,301 INFO BLUE Trooper at tile (7, 3) with 100 HP moved to (8, 2)
2018-05-06 15:22:54,301 INFO BLUE Trooper at tile (8, 2) with 100 HP moved to (9, 1)
2018-05-06 15:22:54,302 INFO BLUE Trooper at tile (11, 0) with 100 HP moved to (11, 0)
2018-05-06 15:22:54,339 INFO = Build phase begins
2018-05-06 15:22:54,349 INFO Team.BLUE PieceType.TROOPER was built on (1, 5). 
2018-05-06 15:22:54,349 INFO Team.BLUE team spent 3 resources.
2018-05-06 15:22:54,349 INFO Team.BLUE PieceType.TROOPER was built on (2, 7). 
2018-05-06 15:22:54,349 INFO Team.BLUE team spent 3 resources.
2018-05-06 15:22:54,349 INFO Team.BLUE PieceType.BARRACKS was built on (8, 6). 
2018-05-06 15:22:54,350 INFO Team.BLUE team spent 5 resources.
2018-05-06 15:22:54,387 INFO = Combat phase begins
2018-05-06 15:22:54,396 INFO RED Generator at tile (11, 0) with -48 HP, BLUE Trooper at tile (11, 0) with 100 HP are contesting the tile at (11, 0)!
2018-05-06 15:22:54,396 INFO RED Generator at tile (11, 0) with -48 HP took 37 damage from BLUE Trooper at tile (11, 0) with 100 HP!
2018-05-06 15:22:54,397 INFO BLUE Trooper at tile (11, 0) with 100 HP took 0 damage from RED Generator at tile (11, 0) with -48 HP!
2018-05-06 15:22:54,397 INFO BLUE Trooper at tile (11, 0) with 100 HP took 0 damage from RED Generator at tile (11, 0) with -48 HP!
2018-05-06 15:22:54,397 INFO RED Generator at tile (11, 0) with -48 HP took 37 damage from BLUE Trooper at tile (11, 0) with 100 HP!
2018-05-06 15:22:54,434 INFO = Ranged phase begins
2018-05-06 15:22:54,481 INFO = Special phase begins
2018-05-06 15:22:54,528 INFO = Start Turn phase begins
2018-05-06 15:22:54,529 INFO == TURN 14 BEGIN ==
2018-05-06 15:22:54,538 INFO Team.BLUE team acquired 1 resources.
2018-05-06 15:22:54,538 INFO Team.BLUE team acquired 1 resources.
2018-05-06 15:22:54,538 INFO Team.BLUE team acquired 1 resources.
2018-05-06 15:22:54,539 INFO Team.BLUE team acquired 1 resources.
2018-05-06 15:22:54,539 INFO Team.BLUE team acquired 1 resources.
2018-05-06 15:22:54,539 INFO Team.RED team acquired 1 resources.
2018-05-06 15:22:54,539 INFO Team.BLUE team acquired 2 resources.
2018-05-06 15:22:54,539 INFO Team.RED team acquired 2 resources.
2018-05-06 15:22:54,577 INFO = Issue Orders phase begins
2018-05-06 15:22:58,719 INFO BLUE Trooper at tile (11, 0) with 100 HP was assigned the order 'Order: Move to (12, 1)'
2018-05-06 15:22:58,719 INFO BLUE Barracks at tile (1, 7) with 100 HP was assigned the order 'Order: Build a Ranger on tile (2, 7)'
2018-05-06 15:22:58,719 INFO BLUE Barracks at tile (0, 5) with 100 HP was assigned the order 'Order: Build a Ranger on tile (1, 5)'
2018-05-06 15:22:58,719 INFO BLUE Ranger at tile (3, 3) with 90 HP was assigned the order 'Order: Move to (5, 3)'
2018-05-06 15:22:58,719 INFO BLUE Ghost at tile (2, 6) with 80 HP was assigned the order 'Order: Move to (4, 5)'
2018-05-06 15:22:58,719 INFO BLUE Ranger at tile (5, 3) with 90 HP was assigned the order 'Order: Move to (7, 3)'
2018-05-06 15:22:58,719 INFO BLUE Ranger at tile (2, 5) with 90 HP was assigned the order 'Order: Move to (2, 4)'
2018-05-06 15:22:58,719 INFO BLUE Trooper at tile (7, 3) with 100 HP was assigned the order 'Order: Move to (8, 3)'
2018-05-06 15:22:58,720 INFO BLUE Trooper at tile (2, 4) with 100 HP was assigned the order 'Order: Move to (2, 6)'
2018-05-06 15:22:58,720 INFO BLUE Colonist at tile (7, 6) with 100 HP was assigned the order 'Order: Build a Tech Lab on tile (6, 6)'
2018-05-06 15:22:58,720 INFO BLUE Ghost at tile (4, 5) with 80 HP was assigned the order 'Order: Move to (6, 4)'
2018-05-06 15:22:58,720 INFO BLUE Ranger at tile (1, 4) with 90 HP was assigned the order 'Order: Move to (1, 3)'
2018-05-06 15:22:58,720 INFO BLUE Trooper at tile (1, 3) with 100 HP was assigned the order 'Order: Move to (3, 3)'
2018-05-06 15:22:58,720 INFO BLUE Ranger at tile (9, 1) with 90 HP was assigned the order 'Order: Move to (10, 1)'
2018-05-06 15:22:58,720 INFO BLUE Trooper at tile (1, 5) with 100 HP was assigned the order 'Order: Move to (1, 4)'
2018-05-06 15:22:58,720 INFO BLUE Trooper at tile (2, 7) with 100 HP was assigned the order 'Order: Move to (0, 7)'
2018-05-06 15:22:58,720 INFO = Move phase begins
2018-05-06 15:22:58,730 INFO None moved to (0, 7)
2018-05-06 15:22:58,730 INFO None moved to (1, 4)
2018-05-06 15:22:58,730 INFO None moved to (4, 5)
2018-05-06 15:22:58,730 INFO BLUE Ghost at tile (4, 5) with 80 HP moved to (6, 4)
2018-05-06 15:22:58,730 INFO None moved to (2, 4)
2018-05-06 15:22:58,730 INFO BLUE Trooper at tile (1, 4) with 100 HP moved to (1, 3)
2018-05-06 15:22:58,731 INFO BLUE Ranger at tile (2, 4) with 90 HP moved to (2, 6)
2018-05-06 15:22:58,731 INFO BLUE Ranger at tile (1, 3) with 90 HP moved to (3, 3)
2018-05-06 15:22:58,731 INFO BLUE Trooper at tile (3, 3) with 100 HP moved to (5, 3)
2018-05-06 15:22:58,731 INFO BLUE Ranger at tile (5, 3) with 90 HP moved to (7, 3)
2018-05-06 15:22:58,731 INFO BLUE Ranger at tile (7, 3) with 90 HP moved to (8, 3)
2018-05-06 15:22:58,732 INFO None moved to (10, 1)
2018-05-06 15:22:58,732 INFO None moved to (12, 1)
2018-05-06 15:22:58,769 INFO = Build phase begins
2018-05-06 15:22:58,779 INFO Team.BLUE PieceType.RANGER was built on (1, 5). 
2018-05-06 15:22:58,779 INFO Team.BLUE team spent 3 resources.
2018-05-06 15:22:58,779 INFO Team.BLUE PieceType.RANGER was built on (2, 7). 
2018-05-06 15:22:58,779 INFO Team.BLUE team spent 3 resources.
2018-05-06 15:22:58,779 INFO Team.BLUE PieceType.TECHLAB was built on (6, 6). 
2018-05-06 15:22:58,779 INFO Team.BLUE team spent 2 resources.
2018-05-06 15:22:58,817 INFO = Combat phase begins
2018-05-06 15:22:58,827 INFO RED Base at tile (12, 1) with 106 HP, BLUE Trooper at tile (12, 1) with 100 HP are contesting the tile at (12, 1)!
2018-05-06 15:22:58,827 INFO RED Base at tile (12, 1) with 106 HP took 22 damage from BLUE Trooper at tile (12, 1) with 100 HP!
2018-05-06 15:22:58,827 INFO BLUE Trooper at tile (12, 1) with 100 HP took 0 damage from RED Base at tile (12, 1) with 106 HP!
2018-05-06 15:22:58,828 INFO BLUE Trooper at tile (12, 1) with 100 HP took 0 damage from RED Base at tile (12, 1) with 106 HP!
2018-05-06 15:22:58,828 INFO RED Base at tile (12, 1) with 106 HP took 22 damage from BLUE Trooper at tile (12, 1) with 100 HP!
2018-05-06 15:22:58,866 INFO = Ranged phase begins
2018-05-06 15:22:58,914 INFO = Special phase begins
2018-05-06 15:22:58,962 INFO = Start Turn phase begins
2018-05-06 15:22:58,963 INFO == TURN 15 BEGIN ==
2018-05-06 15:22:58,972 INFO Team.BLUE team acquired 1 resources.
2018-05-06 15:22:58,973 INFO Team.BLUE team acquired 1 resources.
2018-05-06 15:22:58,973 INFO Team.BLUE team acquired 1 resources.
2018-05-06 15:22:58,973 INFO Team.BLUE team acquired 1 resources.
2018-05-06 15:22:58,973 INFO Team.BLUE team acquired 1 resources.
2018-05-06 15:22:58,973 INFO Team.BLUE team acquired 2 resources.
2018-05-06 15:22:58,973 INFO Team.RED team acquired 2 resources.
2018-05-06 15:22:59,013 INFO = Issue Orders phase begins
2018-05-06 15:23:04,444 INFO BLUE Trooper at tile (12, 1) with 100 HP was assigned the order 'Order: Move to (12, 1)'
2018-05-06 15:23:04,444 INFO BLUE Barracks at tile (1, 7) with 100 HP was assigned the order 'Order: Build a Ghost on tile (2, 7)'
2018-05-06 15:23:04,444 INFO BLUE Barracks at tile (0, 5) with 100 HP was assigned the order 'Order: Build a Ghost on tile (1, 5)'
2018-05-06 15:23:04,444 INFO BLUE Trooper at tile (3, 3) with 100 HP was assigned the order 'Order: Move to (3, 1)'
2018-05-06 15:23:04,445 INFO BLUE Ranger at tile (5, 3) with 90 HP was assigned the order 'Order: Move to (7, 3)'
2018-05-06 15:23:04,445 INFO BLUE Ranger at tile (7, 3) with 90 HP was assigned the order 'Order: Move to (8, 2)'
2018-05-06 15:23:04,445 INFO BLUE Ranger at tile (2, 4) with 90 HP was assigned the order 'Order: Move to (3, 3)'
2018-05-06 15:23:04,445 INFO BLUE Trooper at tile (8, 2) with 100 HP was assigned the order 'Order: Move to (8, 3)'
2018-05-06 15:23:04,445 INFO BLUE Colonist at tile (7, 6) with 100 HP was assigned the order 'Order: Move to (10, 6)'
2018-05-06 15:23:04,445 INFO BLUE Trooper at tile (1, 4) with 100 HP was assigned the order 'Order: Move to (3, 4)'
2018-05-06 15:23:04,445 INFO BLUE Ranger at tile (1, 3) with 90 HP was assigned the order 'Order: Move to (1, 3)'
2018-05-06 15:23:04,445 INFO BLUE Trooper at tile (8, 3) with 100 HP was assigned the order 'Order: Move to (10, 3)'
2018-05-06 15:23:04,445 INFO BLUE Ranger at tile (10, 1) with 90 HP was assigned the order 'Order: Ranged attack tile (12, 1)'
2018-05-06 15:23:04,445 INFO BLUE Ranger at tile (1, 5) with 90 HP was assigned the order 'Order: Move to (1, 4)'
2018-05-06 15:23:04,445 INFO BLUE Ranger at tile (2, 7) with 90 HP was assigned the order 'Order: Move to (2, 5)'
2018-05-06 15:23:04,445 INFO = Move phase begins
2018-05-06 15:23:04,455 INFO None moved to (2, 5)
2018-05-06 15:23:04,455 INFO None moved to (1, 4)
2018-05-06 15:23:04,455 INFO BLUE Ranger at tile (1, 4) with 90 HP moved to (3, 4)
2018-05-06 15:23:04,456 INFO None moved to (3, 3)
2018-05-06 15:23:04,456 INFO BLUE Ranger at tile (1, 3) with 90 HP moved to (1, 3)
2018-05-06 15:23:04,456 INFO BLUE Ranger at tile (3, 3) with 90 HP moved to (3, 1)
2018-05-06 15:23:04,456 INFO None moved to (7, 3)
2018-05-06 15:23:04,456 INFO BLUE Ranger at tile (7, 3) with 90 HP moved to (8, 2)
2018-05-06 15:23:04,456 INFO None moved to (10, 3)
2018-05-06 15:23:04,457 INFO BLUE Ranger at tile (8, 2) with 90 HP moved to (8, 3)
2018-05-06 15:23:04,457 INFO BLUE Trooper at tile (12, 1) with 100 HP moved to (12, 1)
2018-05-06 15:23:04,457 INFO None moved to (10, 6)
2018-05-06 15:23:04,495 INFO = Build phase begins
2018-05-06 15:23:04,504 INFO Team.BLUE PieceType.GHOST was built on (1, 5). 
2018-05-06 15:23:04,504 INFO Team.BLUE team spent 3 resources.
2018-05-06 15:23:04,505 INFO Team.BLUE PieceType.GHOST was built on (2, 7). 
2018-05-06 15:23:04,505 INFO Team.BLUE team spent 3 resources.
2018-05-06 15:23:04,542 INFO = Combat phase begins
2018-05-06 15:23:04,552 INFO RED Base at tile (12, 1) with 62 HP, BLUE Trooper at tile (12, 1) with 100 HP are contesting the tile at (12, 1)!
2018-05-06 15:23:04,552 INFO RED Base at tile (12, 1) with 62 HP took 22 damage from BLUE Trooper at tile (12, 1) with 100 HP!
2018-05-06 15:23:04,552 INFO BLUE Trooper at tile (12, 1) with 100 HP took 0 damage from RED Base at tile (12, 1) with 62 HP!
2018-05-06 15:23:04,553 INFO BLUE Trooper at tile (12, 1) with 100 HP took 0 damage from RED Base at tile (12, 1) with 62 HP!
2018-05-06 15:23:04,553 INFO RED Base at tile (12, 1) with 62 HP took 22 damage from BLUE Trooper at tile (12, 1) with 100 HP!
2018-05-06 15:23:04,590 INFO = Ranged phase begins
2018-05-06 15:23:04,599 INFO BLUE Ranger at tile (10, 1) with 90 HP conducted a ranged attack on (12, 1)
2018-05-06 15:23:04,609 INFO RED Base at tile (12, 1) with 19 HP took 43 damage from BLUE Ranger at tile (10, 1) with 90 HP!
2018-05-06 15:23:04,637 INFO = Special phase begins
2018-05-06 15:23:04,684 INFO = Start Turn phase begins
2018-05-06 15:23:04,685 INFO == TURN 16 BEGIN ==
2018-05-06 15:23:04,695 INFO Team.BLUE team acquired 1 resources.
2018-05-06 15:23:04,695 INFO Team.BLUE team acquired 1 resources.
2018-05-06 15:23:04,695 INFO Team.BLUE team acquired 1 resources.
2018-05-06 15:23:04,695 INFO Team.BLUE team acquired 1 resources.
2018-05-06 15:23:04,695 INFO Team.BLUE team acquired 1 resources.
2018-05-06 15:23:04,696 INFO Team.BLUE team acquired 2 resources.
2018-05-06 15:23:04,696 INFO Team.RED team acquired 2 resources.
2018-05-06 15:23:04,733 INFO = Issue Orders phase begins
2018-05-06 15:23:10,266 INFO BLUE Trooper at tile (12, 1) with 100 HP was assigned the order 'Order: Move to (12, 1)'
2018-05-06 15:23:10,266 INFO BLUE Barracks at tile (1, 7) with 100 HP was assigned the order 'Order: Build a Trooper on tile (2, 7)'
2018-05-06 15:23:10,267 INFO BLUE Barracks at tile (0, 5) with 100 HP was assigned the order 'Order: Build a Trooper on tile (1, 5)'
2018-05-06 15:23:10,267 INFO BLUE Ranger at tile (3, 3) with 90 HP was assigned the order 'Order: Move to (5, 3)'
2018-05-06 15:23:10,267 INFO BLUE Ranger at tile (7, 3) with 90 HP was assigned the order 'Order: Move to (8, 2)'
2018-05-06 15:23:10,267 INFO BLUE Ranger at tile (8, 2) with 90 HP was assigned the order 'Order: Move to (9, 1)'
2018-05-06 15:23:10,267 INFO BLUE Ranger at tile (1, 4) with 90 HP was assigned the order 'Order: Move to (1, 3)'
2018-05-06 15:23:10,267 INFO BLUE Trooper at tile (2, 6) with 100 HP was assigned the order 'Order: Move to (3, 5)'
2018-05-06 15:23:10,267 INFO BLUE Ranger at tile (10, 1) with 90 HP was assigned the order 'Order: Ranged attack tile (12, 1)'
2018-05-06 15:23:10,267 INFO BLUE Ranger at tile (2, 5) with 90 HP was assigned the order 'Order: Move to (2, 4)'
2018-05-06 15:23:10,267 INFO BLUE Ranger at tile (1, 3) with 90 HP was assigned the order 'Order: Move to (3, 3)'
2018-05-06 15:23:10,267 INFO BLUE Colonist at tile (10, 6) with 100 HP was assigned the order 'Order: Move to (11, 6)'
2018-05-06 15:23:10,267 INFO BLUE Ghost at tile (1, 5) with 80 HP was assigned the order 'Order: Move to (1, 4)'
2018-05-06 15:23:10,267 INFO BLUE Ghost at tile (2, 7) with 80 HP was assigned the order 'Order: Move to (2, 6)'
2018-05-06 15:23:10,268 INFO = Move phase begins
2018-05-06 15:23:10,277 INFO None moved to (2, 6)
2018-05-06 15:23:10,277 INFO None moved to (1, 4)
2018-05-06 15:23:10,278 INFO None moved to (2, 4)
2018-05-06 15:23:10,278 INFO BLUE Ghost at tile (1, 4) with 80 HP moved to (1, 3)
2018-05-06 15:23:10,278 INFO None moved to (5, 3)
2018-05-06 15:23:10,278 INFO BLUE Ranger at tile (1, 3) with 90 HP moved to (3, 3)
2018-05-06 15:23:10,278 INFO BLUE Ghost at tile (2, 6) with 80 HP moved to (3, 5)
2018-05-06 15:23:10,279 INFO None moved to (8, 2)
2018-05-06 15:23:10,279 INFO BLUE Ranger at tile (8, 2) with 90 HP moved to (9, 1)
2018-05-06 15:23:10,279 INFO BLUE Trooper at tile (12, 1) with 100 HP moved to (12, 1)
2018-05-06 15:23:10,279 INFO None moved to (11, 6)
2018-05-06 15:23:10,317 INFO = Build phase begins
2018-05-06 15:23:10,327 INFO Team.BLUE PieceType.TROOPER was built on (1, 5). 
2018-05-06 15:23:10,327 INFO Team.BLUE team spent 3 resources.
2018-05-06 15:23:10,328 INFO Team.BLUE PieceType.TROOPER was built on (2, 7). 
2018-05-06 15:23:10,328 INFO Team.BLUE team spent 3 resources.
2018-05-06 15:23:10,365 INFO = Combat phase begins
2018-05-06 15:23:10,375 INFO RED Base at tile (12, 1) with -25 HP, BLUE Trooper at tile (12, 1) with 100 HP are contesting the tile at (12, 1)!
2018-05-06 15:23:10,375 INFO RED Base at tile (12, 1) with -25 HP took 22 damage from BLUE Trooper at tile (12, 1) with 100 HP!
2018-05-06 15:23:10,376 INFO BLUE Trooper at tile (12, 1) with 100 HP took 0 damage from RED Base at tile (12, 1) with -25 HP!
2018-05-06 15:23:10,376 INFO BLUE Trooper at tile (12, 1) with 100 HP took 0 damage from RED Base at tile (12, 1) with -25 HP!
2018-05-06 15:23:10,376 INFO RED Base at tile (12, 1) with -25 HP took 22 damage from BLUE Trooper at tile (12, 1) with 100 HP!
2018-05-06 15:23:10,414 INFO = Ranged phase begins
2018-05-06 15:23:10,424 INFO BLUE Ranger at tile (10, 1) with 90 HP conducted a ranged attack on (12, 1)
2018-05-06 15:23:10,433 INFO RED Base at tile (12, 1) with -68 HP took 43 damage from BLUE Ranger at tile (10, 1) with 90 HP!
2018-05-06 15:23:10,461 INFO = Special phase begins
2018-05-06 15:23:10,508 INFO = Start Turn phase begins
2018-05-06 15:23:10,510 INFO == TURN 17 BEGIN ==
2018-05-06 15:23:10,520 INFO Team.BLUE team acquired 1 resources.
2018-05-06 15:23:10,520 INFO Team.BLUE team acquired 1 resources.
2018-05-06 15:23:10,520 INFO Team.BLUE team acquired 1 resources.
2018-05-06 15:23:10,520 INFO Team.BLUE team acquired 1 resources.
2018-05-06 15:23:10,520 INFO Team.BLUE team acquired 1 resources.
2018-05-06 15:23:10,520 INFO Team.BLUE team acquired 2 resources.
2018-05-06 15:23:10,521 INFO Team.RED team acquired 2 resources.
2018-05-06 15:23:10,530 INFO === BATTLE OVER! ===
2018-05-06 15:23:10,531 INFO Team.RED team has lost.
2018-05-06 15:23:10,531 INFO -- Stats for team Team.RED --
2018-05-06 15:23:10,531 INFO   * Tiles Moved: 0
2018-05-06 15:23:10,531 INFO   * Ranged Attacks: 0
2018-05-06 15:23:10,531 INFO   * Piece Conflicts: 6
2018-05-06 15:23:10,531 INFO   * Pieces Lost: 3
2018-05-06 15:23:10,531 INFO   * Pieces Built: 0
2018-05-06 15:23:10,531 INFO   * Upgrades Researched: 0
2018-05-06 15:23:10,531 INFO Team.BLUE team has won!
2018-05-06 15:23:10,531 INFO -- Stats for team Team.BLUE --
2018-05-06 15:23:10,531 INFO   * Tiles Moved: 183
2018-05-06 15:23:10,531 INFO   * Ranged Attacks: 2
2018-05-06 15:23:10,531 INFO   * Piece Conflicts: 6
2018-05-06 15:23:10,531 INFO   * Pieces Lost: 0
2018-05-06 15:23:10,532 INFO   * Pieces Built: 32
2018-05-06 15:23:10,532 INFO   * Upgrades Researched: 0
