2018-05-07 18:24:46,267 INFO == TURN 1 BEGIN ==
2018-05-07 18:24:46,267 INFO = Issue Orders phase begins
2018-05-07 18:24:58,948 INFO RED Base at tile (4, 8) with 150 HP was assigned the order 'Order: Build a Colonist on tile (5, 8)'
2018-05-07 18:24:58,953 INFO BLUE Base at tile (10, 1) with 150 HP was assigned the order 'Order: Build a Colonist on tile (11, 1)'
2018-05-07 18:24:58,959 INFO = Move phase begins
2018-05-07 18:24:59,296 INFO = Build phase begins
2018-05-07 18:24:59,307 INFO Team.BLUE PieceType.COLONIST was built on (11, 1). 
2018-05-07 18:24:59,307 INFO Team.BLUE team spent 3 resources.
2018-05-07 18:24:59,307 INFO Team.RED PieceType.COLONIST was built on (5, 8). 
2018-05-07 18:24:59,307 INFO Team.RED team spent 3 resources.
2018-05-07 18:24:59,623 INFO = Combat phase begins
2018-05-07 18:24:59,962 INFO = Ranged phase begins
2018-05-07 18:25:00,300 INFO = Special phase begins
2018-05-07 18:25:00,636 INFO = Start Turn phase begins
2018-05-07 18:25:00,636 INFO == TURN 2 BEGIN ==
2018-05-07 18:25:00,647 INFO Team.RED team acquired 1 resources.
2018-05-07 18:25:00,647 INFO Team.RED team acquired 1 resources.
2018-05-07 18:25:00,647 INFO Team.BLUE team acquired 1 resources.
2018-05-07 18:25:00,647 INFO Team.BLUE team acquired 1 resources.
2018-05-07 18:25:00,647 INFO Team.BLUE team acquired 2 resources.
2018-05-07 18:25:00,647 INFO Team.RED team acquired 2 resources.
2018-05-07 18:25:00,975 INFO = Issue Orders phase begins
