2018-04-18 14:15:45,097 INFO == TURN 1 BEGIN ==
2018-04-18 14:15:45,098 INFO = Issue Orders phase begins
2018-04-18 14:15:46,547 INFO BLUE Colonist at tile (3, 2) with 100 HP was assigned the order 'Order: Build a Generator on tile (3, 1)'
2018-04-18 14:15:46,547 INFO = Move phase begins
2018-04-18 14:15:46,592 INFO = Build phase begins
2018-04-18 14:15:46,603 INFO Team.BLUE PieceType.GENERATOR was built on (3, 1). 
2018-04-18 14:15:46,603 INFO Team.BLUE team spent 1 resources.
2018-04-18 14:15:46,637 INFO = Combat phase begins
2018-04-18 14:15:46,680 INFO = Ranged phase begins
2018-04-18 14:15:46,721 INFO = Special phase begins
2018-04-18 14:15:46,763 INFO = Start Turn phase begins
2018-04-18 14:15:46,764 INFO == TURN 2 BEGIN ==
2018-04-18 14:15:46,774 INFO Team.BLUE team acquired 1 resources.
2018-04-18 14:15:46,774 INFO Team.BLUE team acquired 1 resources.
2018-04-18 14:15:46,774 INFO Team.RED team acquired 1 resources.
2018-04-18 14:15:46,775 INFO Team.RED team acquired 2 resources.
2018-04-18 14:15:46,775 INFO Team.BLUE team acquired 2 resources.
2018-04-18 14:15:46,806 INFO = Issue Orders phase begins
2018-04-18 14:15:48,456 INFO BLUE Colonist at tile (3, 2) with 100 HP was assigned the order 'Order: Build a Generator on tile (4, 2)'
2018-04-18 14:15:48,456 INFO = Move phase begins
2018-04-18 14:15:48,501 INFO = Build phase begins
2018-04-18 14:15:48,513 INFO Team.BLUE PieceType.GENERATOR was built on (4, 2). 
2018-04-18 14:15:48,513 INFO Team.BLUE team spent 1 resources.
2018-04-18 14:15:48,547 INFO = Combat phase begins
2018-04-18 14:15:48,592 INFO = Ranged phase begins
2018-04-18 14:15:48,637 INFO = Special phase begins
2018-04-18 14:15:48,681 INFO = Start Turn phase begins
2018-04-18 14:15:48,681 INFO == TURN 3 BEGIN ==
2018-04-18 14:15:48,692 INFO Team.BLUE team acquired 1 resources.
2018-04-18 14:15:48,692 INFO Team.BLUE team acquired 1 resources.
2018-04-18 14:15:48,693 INFO Team.BLUE team acquired 1 resources.
2018-04-18 14:15:48,693 INFO Team.RED team acquired 1 resources.
2018-04-18 14:15:48,693 INFO Team.RED team acquired 2 resources.
2018-04-18 14:15:48,693 INFO Team.BLUE team acquired 2 resources.
2018-04-18 14:15:48,725 INFO = Issue Orders phase begins
2018-04-18 14:15:49,120 INFO BLUE Colonist at tile (3, 2) with 100 HP was assigned the order 'Order: Move to (3, 5)'
2018-04-18 14:15:49,120 INFO = Move phase begins
2018-04-18 14:15:49,141 INFO None moved to (3, 5)
2018-04-18 14:15:49,175 INFO = Build phase begins
2018-04-18 14:15:49,221 INFO = Combat phase begins
2018-04-18 14:15:49,267 INFO = Ranged phase begins
2018-04-18 14:15:49,311 INFO = Special phase begins
2018-04-18 14:15:49,353 INFO = Start Turn phase begins
2018-04-18 14:15:49,353 INFO == TURN 4 BEGIN ==
2018-04-18 14:15:49,364 INFO Team.BLUE team acquired 1 resources.
2018-04-18 14:15:49,364 INFO Team.BLUE team acquired 1 resources.
2018-04-18 14:15:49,364 INFO Team.BLUE team acquired 1 resources.
2018-04-18 14:15:49,365 INFO Team.RED team acquired 1 resources.
2018-04-18 14:15:49,365 INFO Team.RED team acquired 2 resources.
2018-04-18 14:15:49,365 INFO Team.BLUE team acquired 2 resources.
2018-04-18 14:15:49,398 INFO = Issue Orders phase begins
2018-04-18 14:15:49,598 INFO BLUE Colonist at tile (3, 5) with 100 HP was assigned the order 'Order: Move to (4, 5)'
2018-04-18 14:15:49,599 INFO = Move phase begins
2018-04-18 14:15:49,609 INFO None moved to (4, 5)
2018-04-18 14:15:49,642 INFO = Build phase begins
2018-04-18 14:15:49,687 INFO = Combat phase begins
2018-04-18 14:15:49,740 INFO = Ranged phase begins
2018-04-18 14:15:49,782 INFO = Special phase begins
2018-04-18 14:15:49,824 INFO = Start Turn phase begins
2018-04-18 14:15:49,824 INFO == TURN 5 BEGIN ==
2018-04-18 14:15:49,836 INFO Team.BLUE team acquired 1 resources.
2018-04-18 14:15:49,836 INFO Team.BLUE team acquired 1 resources.
2018-04-18 14:15:49,836 INFO Team.BLUE team acquired 1 resources.
2018-04-18 14:15:49,837 INFO Team.RED team acquired 1 resources.
2018-04-18 14:15:49,837 INFO Team.RED team acquired 2 resources.
2018-04-18 14:15:49,837 INFO Team.BLUE team acquired 2 resources.
2018-04-18 14:15:49,868 INFO = Issue Orders phase begins
2018-04-18 14:15:50,123 INFO BLUE Colonist at tile (4, 5) with 100 HP was assigned the order 'Order: Build a Generator on tile (5, 5)'
2018-04-18 14:15:50,123 INFO = Move phase begins
2018-04-18 14:15:50,169 INFO = Build phase begins
2018-04-18 14:15:50,180 INFO Team.BLUE PieceType.GENERATOR was built on (5, 5). 
2018-04-18 14:15:50,181 INFO Team.BLUE team spent 1 resources.
2018-04-18 14:15:50,215 INFO = Combat phase begins
2018-04-18 14:15:50,259 INFO = Ranged phase begins
2018-04-18 14:15:50,304 INFO = Special phase begins
2018-04-18 14:15:50,349 INFO = Start Turn phase begins
2018-04-18 14:15:50,350 INFO == TURN 6 BEGIN ==
2018-04-18 14:15:50,361 INFO Team.BLUE team acquired 1 resources.
2018-04-18 14:15:50,361 INFO Team.BLUE team acquired 1 resources.
2018-04-18 14:15:50,361 INFO Team.BLUE team acquired 1 resources.
2018-04-18 14:15:50,361 INFO Team.BLUE team acquired 1 resources.
2018-04-18 14:15:50,362 INFO Team.RED team acquired 1 resources.
2018-04-18 14:15:50,362 INFO Team.RED team acquired 2 resources.
2018-04-18 14:15:50,362 INFO Team.BLUE team acquired 2 resources.
2018-04-18 14:15:50,395 INFO = Issue Orders phase begins
2018-04-18 14:15:50,642 INFO BLUE Colonist at tile (4, 5) with 100 HP was assigned the order 'Order: Move to (5, 6)'
2018-04-18 14:15:50,642 INFO = Move phase begins
2018-04-18 14:15:50,654 INFO None moved to (5, 6)
2018-04-18 14:15:50,687 INFO = Build phase begins
2018-04-18 14:15:50,731 INFO = Combat phase begins
2018-04-18 14:15:50,775 INFO = Ranged phase begins
2018-04-18 14:15:50,818 INFO = Special phase begins
2018-04-18 14:15:50,861 INFO = Start Turn phase begins
2018-04-18 14:15:50,862 INFO == TURN 7 BEGIN ==
2018-04-18 14:15:50,873 INFO Team.BLUE team acquired 1 resources.
2018-04-18 14:15:50,874 INFO Team.BLUE team acquired 1 resources.
2018-04-18 14:15:50,874 INFO Team.BLUE team acquired 1 resources.
2018-04-18 14:15:50,874 INFO Team.BLUE team acquired 1 resources.
2018-04-18 14:15:50,874 INFO Team.RED team acquired 1 resources.
2018-04-18 14:15:50,874 INFO Team.RED team acquired 2 resources.
2018-04-18 14:15:50,875 INFO Team.BLUE team acquired 2 resources.
2018-04-18 14:15:50,909 INFO = Issue Orders phase begins
2018-04-18 14:15:51,156 INFO BLUE Colonist at tile (5, 6) with 100 HP was assigned the order 'Order: Build a Generator on tile (6, 6)'
2018-04-18 14:15:51,156 INFO = Move phase begins
2018-04-18 14:15:51,201 INFO = Build phase begins
2018-04-18 14:15:51,211 INFO Team.BLUE PieceType.GENERATOR was built on (6, 6). 
2018-04-18 14:15:51,211 INFO Team.BLUE team spent 1 resources.
2018-04-18 14:15:51,244 INFO = Combat phase begins
2018-04-18 14:15:51,290 INFO = Ranged phase begins
2018-04-18 14:15:51,335 INFO = Special phase begins
2018-04-18 14:15:51,380 INFO = Start Turn phase begins
2018-04-18 14:15:51,381 INFO == TURN 8 BEGIN ==
2018-04-18 14:15:51,393 INFO Team.BLUE team acquired 1 resources.
2018-04-18 14:15:51,393 INFO Team.BLUE team acquired 1 resources.
2018-04-18 14:15:51,393 INFO Team.BLUE team acquired 1 resources.
2018-04-18 14:15:51,394 INFO Team.BLUE team acquired 1 resources.
2018-04-18 14:15:51,394 INFO Team.BLUE team acquired 1 resources.
2018-04-18 14:15:51,394 INFO Team.RED team acquired 1 resources.
2018-04-18 14:15:51,394 INFO Team.RED team acquired 2 resources.
2018-04-18 14:15:51,395 INFO Team.BLUE team acquired 2 resources.
2018-04-18 14:15:51,430 INFO = Issue Orders phase begins
2018-04-18 14:15:51,752 INFO BLUE Colonist at tile (5, 6) with 100 HP was assigned the order 'Order: Move to (7, 7)'
2018-04-18 14:15:51,753 INFO = Move phase begins
2018-04-18 14:15:51,764 INFO None moved to (7, 7)
2018-04-18 14:15:51,801 INFO = Build phase begins
2018-04-18 14:15:51,849 INFO = Combat phase begins
2018-04-18 14:15:51,892 INFO = Ranged phase begins
2018-04-18 14:15:51,935 INFO = Special phase begins
2018-04-18 14:15:51,978 INFO = Start Turn phase begins
2018-04-18 14:15:51,979 INFO == TURN 9 BEGIN ==
2018-04-18 14:15:51,990 INFO Team.BLUE team acquired 1 resources.
2018-04-18 14:15:51,991 INFO Team.BLUE team acquired 1 resources.
2018-04-18 14:15:51,991 INFO Team.BLUE team acquired 1 resources.
2018-04-18 14:15:51,992 INFO Team.BLUE team acquired 1 resources.
2018-04-18 14:15:51,992 INFO Team.BLUE team acquired 1 resources.
2018-04-18 14:15:51,992 INFO Team.RED team acquired 1 resources.
2018-04-18 14:15:51,992 INFO Team.RED team acquired 2 resources.
2018-04-18 14:15:51,992 INFO Team.BLUE team acquired 2 resources.
2018-04-18 14:15:52,025 INFO = Issue Orders phase begins
2018-04-18 14:15:52,322 INFO BLUE Colonist at tile (7, 7) with 100 HP was assigned the order 'Order: Move to (9, 6)'
2018-04-18 14:15:52,323 INFO = Move phase begins
2018-04-18 14:15:52,336 INFO None moved to (9, 6)
2018-04-18 14:15:52,378 INFO = Build phase begins
2018-04-18 14:15:52,430 INFO = Combat phase begins
2018-04-18 14:15:52,476 INFO = Ranged phase begins
2018-04-18 14:15:52,520 INFO = Special phase begins
2018-04-18 14:15:52,564 INFO = Start Turn phase begins
2018-04-18 14:15:52,564 INFO == TURN 10 BEGIN ==
2018-04-18 14:15:52,575 INFO Team.BLUE team acquired 1 resources.
2018-04-18 14:15:52,575 INFO Team.BLUE team acquired 1 resources.
2018-04-18 14:15:52,575 INFO Team.BLUE team acquired 1 resources.
2018-04-18 14:15:52,576 INFO Team.BLUE team acquired 1 resources.
2018-04-18 14:15:52,576 INFO Team.BLUE team acquired 1 resources.
2018-04-18 14:15:52,576 INFO Team.RED team acquired 1 resources.
2018-04-18 14:15:52,576 INFO Team.RED team acquired 2 resources.
2018-04-18 14:15:52,576 INFO Team.BLUE team acquired 2 resources.
2018-04-18 14:15:52,609 INFO = Issue Orders phase begins
2018-04-18 14:15:52,850 INFO BLUE Colonist at tile (9, 6) with 100 HP was assigned the order 'Order: Move to (9, 5)'
2018-04-18 14:15:52,850 INFO = Move phase begins
2018-04-18 14:15:52,860 INFO None moved to (9, 5)
2018-04-18 14:15:52,893 INFO = Build phase begins
2018-04-18 14:15:52,935 INFO = Combat phase begins
2018-04-18 14:15:52,978 INFO = Ranged phase begins
2018-04-18 14:15:53,022 INFO = Special phase begins
2018-04-18 14:15:53,066 INFO = Start Turn phase begins
2018-04-18 14:15:53,066 INFO == TURN 11 BEGIN ==
2018-04-18 14:15:53,077 INFO Team.BLUE team acquired 1 resources.
2018-04-18 14:15:53,077 INFO Team.BLUE team acquired 1 resources.
2018-04-18 14:15:53,077 INFO Team.BLUE team acquired 1 resources.
2018-04-18 14:15:53,077 INFO Team.BLUE team acquired 1 resources.
2018-04-18 14:15:53,078 INFO Team.BLUE team acquired 1 resources.
2018-04-18 14:15:53,078 INFO Team.RED team acquired 1 resources.
2018-04-18 14:15:53,078 INFO Team.RED team acquired 2 resources.
2018-04-18 14:15:53,078 INFO Team.BLUE team acquired 2 resources.
2018-04-18 14:15:53,110 INFO = Issue Orders phase begins
2018-04-18 14:15:53,433 INFO BLUE Colonist at tile (9, 5) with 100 HP was assigned the order 'Order: Build a Generator on tile (9, 4)'
2018-04-18 14:15:53,433 INFO = Move phase begins
2018-04-18 14:15:53,477 INFO = Build phase begins
2018-04-18 14:15:53,490 INFO Team.BLUE PieceType.GENERATOR was built on (9, 4). 
2018-04-18 14:15:53,490 INFO Team.BLUE team spent 1 resources.
2018-04-18 14:15:53,527 INFO = Combat phase begins
2018-04-18 14:15:53,569 INFO = Ranged phase begins
2018-04-18 14:15:53,613 INFO = Special phase begins
2018-04-18 14:15:53,659 INFO = Start Turn phase begins
2018-04-18 14:15:53,659 INFO == TURN 12 BEGIN ==
2018-04-18 14:15:53,671 INFO Team.BLUE team acquired 1 resources.
2018-04-18 14:15:53,672 INFO Team.BLUE team acquired 1 resources.
2018-04-18 14:15:53,672 INFO Team.BLUE team acquired 1 resources.
2018-04-18 14:15:53,672 INFO Team.BLUE team acquired 1 resources.
2018-04-18 14:15:53,672 INFO Team.BLUE team acquired 1 resources.
2018-04-18 14:15:53,672 INFO Team.BLUE team acquired 1 resources.
2018-04-18 14:15:53,673 INFO Team.RED team acquired 1 resources.
2018-04-18 14:15:53,673 INFO Team.RED team acquired 2 resources.
2018-04-18 14:15:53,673 INFO Team.BLUE team acquired 2 resources.
2018-04-18 14:15:53,707 INFO = Issue Orders phase begins
2018-04-18 14:15:53,981 INFO = Move phase begins
2018-04-18 14:15:54,024 INFO = Build phase begins
2018-04-18 14:15:54,068 INFO = Combat phase begins
2018-04-18 14:15:54,111 INFO = Ranged phase begins
2018-04-18 14:15:54,154 INFO = Special phase begins
2018-04-18 14:15:54,197 INFO = Start Turn phase begins
2018-04-18 14:15:54,198 INFO == TURN 13 BEGIN ==
2018-04-18 14:15:54,209 INFO Team.BLUE team acquired 1 resources.
2018-04-18 14:15:54,209 INFO Team.BLUE team acquired 1 resources.
2018-04-18 14:15:54,209 INFO Team.BLUE team acquired 1 resources.
2018-04-18 14:15:54,210 INFO Team.BLUE team acquired 1 resources.
2018-04-18 14:15:54,210 INFO Team.BLUE team acquired 1 resources.
2018-04-18 14:15:54,210 INFO Team.BLUE team acquired 1 resources.
2018-04-18 14:15:54,210 INFO Team.RED team acquired 1 resources.
2018-04-18 14:15:54,210 INFO Team.RED team acquired 2 resources.
2018-04-18 14:15:54,210 INFO Team.BLUE team acquired 2 resources.
2018-04-18 14:15:54,242 INFO = Issue Orders phase begins
2018-04-18 14:15:54,625 INFO = Move phase begins
2018-04-18 14:15:54,670 INFO = Build phase begins
2018-04-18 14:15:54,714 INFO = Combat phase begins
2018-04-18 14:15:54,758 INFO = Ranged phase begins
2018-04-18 14:15:54,802 INFO = Special phase begins
2018-04-18 14:15:54,847 INFO = Start Turn phase begins
2018-04-18 14:15:54,847 INFO == TURN 14 BEGIN ==
2018-04-18 14:15:54,859 INFO Team.BLUE team acquired 1 resources.
2018-04-18 14:15:54,859 INFO Team.BLUE team acquired 1 resources.
2018-04-18 14:15:54,859 INFO Team.BLUE team acquired 1 resources.
2018-04-18 14:15:54,859 INFO Team.BLUE team acquired 1 resources.
2018-04-18 14:15:54,860 INFO Team.BLUE team acquired 1 resources.
2018-04-18 14:15:54,860 INFO Team.BLUE team acquired 1 resources.
2018-04-18 14:15:54,860 INFO Team.RED team acquired 1 resources.
2018-04-18 14:15:54,860 INFO Team.RED team acquired 2 resources.
2018-04-18 14:15:54,860 INFO Team.BLUE team acquired 2 resources.
2018-04-18 14:15:54,894 INFO = Issue Orders phase begins
2018-04-18 14:15:55,578 INFO = Move phase begins
2018-04-18 14:15:55,621 INFO = Build phase begins
2018-04-18 14:15:55,664 INFO = Combat phase begins
2018-04-18 14:15:55,709 INFO = Ranged phase begins
2018-04-18 14:15:55,754 INFO = Special phase begins
2018-04-18 14:15:55,799 INFO = Start Turn phase begins
2018-04-18 14:15:55,800 INFO == TURN 15 BEGIN ==
2018-04-18 14:15:55,811 INFO Team.BLUE team acquired 1 resources.
2018-04-18 14:15:55,812 INFO Team.BLUE team acquired 1 resources.
2018-04-18 14:15:55,812 INFO Team.BLUE team acquired 1 resources.
2018-04-18 14:15:55,813 INFO Team.BLUE team acquired 1 resources.
2018-04-18 14:15:55,813 INFO Team.BLUE team acquired 1 resources.
2018-04-18 14:15:55,813 INFO Team.BLUE team acquired 1 resources.
2018-04-18 14:15:55,814 INFO Team.RED team acquired 1 resources.
2018-04-18 14:15:55,814 INFO Team.RED team acquired 2 resources.
2018-04-18 14:15:55,814 INFO Team.BLUE team acquired 2 resources.
2018-04-18 14:15:55,850 INFO = Issue Orders phase begins
