2018-04-17 14:30:41,275 INFO Team.RED team acquired 500 resources.
2018-04-17 14:30:41,275 INFO Team.BLUE team acquired 500 resources.
2018-04-17 14:40:02,948 INFO RED Ghost at tile (3, 5) with 80 HP was assigned the order 'Order: Move to (4, 3)'
2018-04-17 14:40:02,949 INFO = Move phase begins
2018-04-17 14:40:02,959 INFO None moved to (4, 3)
2018-04-17 14:40:03,126 INFO = Build phase begins
2018-04-17 14:40:03,292 INFO = Combat phase begins
2018-04-17 14:40:03,451 INFO = Ranged phase begins
2018-04-17 14:40:03,612 INFO = Special phase begins
2018-04-17 14:40:03,775 INFO = Start Turn phase begins
2018-04-17 14:40:03,776 INFO == TURN 2 BEGIN ==
2018-04-17 14:40:03,786 INFO Team.BLUE team acquired 1 resources.
2018-04-17 14:40:03,786 INFO Team.BLUE team acquired 1 resources.
2018-04-17 14:40:03,786 INFO Team.RED team acquired 1 resources.
2018-04-17 14:40:03,787 INFO Team.RED team acquired 1 resources.
2018-04-17 14:40:03,787 INFO Team.BLUE team acquired 2 resources.
2018-04-17 14:40:03,787 INFO Team.RED team acquired 2 resources.
2018-04-17 14:40:03,943 INFO = Issue Orders phase begins
2018-04-17 14:40:09,002 INFO RED Ghost at tile (4, 3) with 80 HP was assigned the order 'Order: Move to (6, 2)'
2018-04-17 14:40:09,003 INFO = Move phase begins
2018-04-17 14:40:09,014 INFO None moved to (6, 2)
2018-04-17 14:40:09,161 INFO = Build phase begins
2018-04-17 14:40:09,321 INFO = Combat phase begins
2018-04-17 14:40:09,479 INFO = Ranged phase begins
2018-04-17 14:40:09,640 INFO = Special phase begins
2018-04-17 14:40:09,799 INFO = Start Turn phase begins
2018-04-17 14:40:09,799 INFO == TURN 3 BEGIN ==
2018-04-17 14:40:09,810 INFO Team.BLUE team acquired 1 resources.
2018-04-17 14:40:09,810 INFO Team.BLUE team acquired 1 resources.
2018-04-17 14:40:09,811 INFO Team.RED team acquired 1 resources.
2018-04-17 14:40:09,811 INFO Team.RED team acquired 1 resources.
2018-04-17 14:40:09,811 INFO Team.BLUE team acquired 2 resources.
2018-04-17 14:40:09,811 INFO Team.RED team acquired 2 resources.
2018-04-17 14:40:09,968 INFO = Issue Orders phase begins
2018-04-17 14:40:13,162 INFO RED Ghost at tile (6, 2) with 80 HP was assigned the order 'Order: Move to (9, 2)'
2018-04-17 14:40:13,162 INFO = Move phase begins
2018-04-17 14:40:13,172 INFO None moved to (9, 2)
2018-04-17 14:40:13,322 INFO = Build phase begins
2018-04-17 14:40:13,482 INFO = Combat phase begins
2018-04-17 14:40:13,643 INFO = Ranged phase begins
2018-04-17 14:40:13,806 INFO = Special phase begins
2018-04-17 14:40:13,970 INFO = Start Turn phase begins
2018-04-17 14:40:13,970 INFO == TURN 4 BEGIN ==
2018-04-17 14:40:13,981 INFO Team.BLUE team acquired 1 resources.
2018-04-17 14:40:13,981 INFO Team.BLUE team acquired 1 resources.
2018-04-17 14:40:13,981 INFO Team.RED team acquired 1 resources.
2018-04-17 14:40:13,982 INFO Team.RED team acquired 1 resources.
2018-04-17 14:40:13,982 INFO Team.BLUE team acquired 2 resources.
2018-04-17 14:40:13,982 INFO Team.RED team acquired 2 resources.
2018-04-17 14:40:14,137 INFO = Issue Orders phase begins
2018-04-17 14:40:18,268 INFO RED Ghost at tile (9, 2) with 80 HP was assigned the order 'Order: Move to (9, 5)'
2018-04-17 14:40:18,268 INFO = Move phase begins
2018-04-17 14:40:18,278 INFO None moved to (9, 5)
2018-04-17 14:40:18,426 INFO = Build phase begins
2018-04-17 14:40:18,588 INFO = Combat phase begins
2018-04-17 14:40:18,749 INFO = Ranged phase begins
2018-04-17 14:40:18,905 INFO = Special phase begins
2018-04-17 14:40:19,061 INFO = Start Turn phase begins
2018-04-17 14:40:19,062 INFO == TURN 5 BEGIN ==
2018-04-17 14:40:19,072 INFO Team.BLUE team acquired 1 resources.
2018-04-17 14:40:19,072 INFO Team.BLUE team acquired 1 resources.
2018-04-17 14:40:19,072 INFO Team.RED team acquired 1 resources.
2018-04-17 14:40:19,072 INFO Team.RED team acquired 1 resources.
2018-04-17 14:40:19,073 INFO Team.BLUE team acquired 2 resources.
2018-04-17 14:40:19,073 INFO Team.RED team acquired 2 resources.
2018-04-17 14:40:19,224 INFO = Issue Orders phase begins
2018-04-17 14:40:44,279 INFO RED Ghost at tile (9, 5) with 80 HP was assigned the order 'Order: Move to (10, 6)'
2018-04-17 14:40:44,279 INFO = Move phase begins
2018-04-17 14:40:44,289 INFO None moved to (10, 6)
2018-04-17 14:40:44,431 INFO = Build phase begins
2018-04-17 14:40:44,594 INFO = Combat phase begins
2018-04-17 14:40:44,604 INFO [<terra.piece.piece.Piece object at 0x02A1B2B0>, <terra.piece.piece.Piece object at 0x02A1B270>] are contesting the tile at (10, 6)!
2018-04-17 14:40:44,604 INFO BLUE Ranger at tile (10, 6) with 18 HP took 36 damage from RED Ghost at tile (10, 6) with 80 HP!
2018-04-17 14:40:44,604 INFO RED Ghost at tile (10, 6) with 80 HP took 0 damage from BLUE Ranger at tile (10, 6) with 18 HP!
2018-04-17 14:40:44,604 INFO RED Ghost at tile (10, 6) with 80 HP took 0 damage from BLUE Ranger at tile (10, 6) with 18 HP!
2018-04-17 14:40:44,605 INFO BLUE Ranger at tile (10, 6) with 18 HP took 36 damage from RED Ghost at tile (10, 6) with 80 HP!
2018-04-17 14:40:44,751 INFO = Ranged phase begins
2018-04-17 14:40:44,907 INFO = Special phase begins
2018-04-17 14:40:45,068 INFO = Start Turn phase begins
2018-04-17 14:40:45,069 INFO == TURN 6 BEGIN ==
2018-04-17 14:40:45,080 INFO Team.BLUE team acquired 1 resources.
2018-04-17 14:40:45,080 INFO Team.BLUE team acquired 1 resources.
2018-04-17 14:40:45,080 INFO Team.RED team acquired 1 resources.
2018-04-17 14:40:45,080 INFO Team.RED team acquired 1 resources.
2018-04-17 14:40:45,080 INFO Team.BLUE team acquired 2 resources.
2018-04-17 14:40:45,081 INFO Team.RED team acquired 2 resources.
2018-04-17 14:40:45,229 INFO = Issue Orders phase begins
2018-04-17 14:40:48,085 INFO = Move phase begins
2018-04-17 14:40:48,245 INFO = Build phase begins
2018-04-17 14:40:48,406 INFO = Combat phase begins
2018-04-17 14:40:48,417 INFO [<terra.piece.piece.Piece object at 0x02A1B2B0>, <terra.piece.piece.Piece object at 0x02A1B270>] are contesting the tile at (10, 6)!
2018-04-17 14:40:48,417 INFO BLUE Ranger at tile (10, 6) with -54 HP took 36 damage from RED Ghost at tile (10, 6) with 80 HP!
2018-04-17 14:40:48,418 INFO RED Ghost at tile (10, 6) with 80 HP took 0 damage from BLUE Ranger at tile (10, 6) with -54 HP!
2018-04-17 14:40:48,418 INFO RED Ghost at tile (10, 6) with 80 HP took 0 damage from BLUE Ranger at tile (10, 6) with -54 HP!
2018-04-17 14:40:48,418 INFO BLUE Ranger at tile (10, 6) with -54 HP took 36 damage from RED Ghost at tile (10, 6) with 80 HP!
2018-04-17 14:40:48,569 INFO = Ranged phase begins
2018-04-17 14:40:48,728 INFO = Special phase begins
2018-04-17 14:40:48,891 INFO = Start Turn phase begins
2018-04-17 14:40:48,892 INFO == TURN 7 BEGIN ==
2018-04-17 14:40:48,901 INFO Team.BLUE team acquired 1 resources.
2018-04-17 14:40:48,902 INFO Team.BLUE team acquired 1 resources.
2018-04-17 14:40:48,902 INFO Team.RED team acquired 1 resources.
2018-04-17 14:40:48,902 INFO Team.RED team acquired 1 resources.
2018-04-17 14:40:48,902 INFO Team.BLUE team acquired 2 resources.
2018-04-17 14:40:48,902 INFO Team.RED team acquired 2 resources.
2018-04-17 14:40:49,053 INFO = Issue Orders phase begins
2018-04-17 14:40:55,477 INFO RED Ghost at tile (10, 6) with 80 HP was assigned the order 'Order: Move to (11, 5)'
2018-04-17 14:40:55,477 INFO = Move phase begins
2018-04-17 14:40:55,487 INFO None moved to (11, 5)
2018-04-17 14:40:55,643 INFO = Build phase begins
2018-04-17 14:40:55,803 INFO = Combat phase begins
2018-04-17 14:40:55,813 INFO [<terra.piece.piece.Piece object at 0x02A1B2F0>, <terra.piece.piece.Piece object at 0x02A1B270>] are contesting the tile at (11, 5)!
2018-04-17 14:40:55,813 INFO BLUE Ghost at tile (11, 5) with 32 HP took 24 damage from RED Ghost at tile (11, 5) with 20 HP!
2018-04-17 14:40:55,814 INFO RED Ghost at tile (11, 5) with 20 HP took 30 damage from BLUE Ghost at tile (11, 5) with 32 HP!
2018-04-17 14:40:55,814 INFO RED Ghost at tile (11, 5) with 20 HP took 30 damage from BLUE Ghost at tile (11, 5) with 32 HP!
2018-04-17 14:40:55,814 INFO BLUE Ghost at tile (11, 5) with 32 HP took 24 damage from RED Ghost at tile (11, 5) with 20 HP!
2018-04-17 14:40:55,967 INFO = Ranged phase begins
2018-04-17 14:40:56,135 INFO = Special phase begins
2018-04-17 14:40:56,300 INFO = Start Turn phase begins
2018-04-17 14:40:56,301 INFO == TURN 8 BEGIN ==
2018-04-17 14:40:56,312 INFO Team.BLUE team acquired 1 resources.
2018-04-17 14:40:56,312 INFO Team.BLUE team acquired 1 resources.
2018-04-17 14:40:56,312 INFO Team.RED team acquired 1 resources.
2018-04-17 14:40:56,312 INFO Team.RED team acquired 1 resources.
2018-04-17 14:40:56,312 INFO Team.BLUE team acquired 2 resources.
2018-04-17 14:40:56,313 INFO Team.RED team acquired 2 resources.
2018-04-17 14:40:56,463 INFO = Issue Orders phase begins
2018-04-17 14:40:59,365 INFO = Move phase begins
2018-04-17 14:40:59,527 INFO = Build phase begins
2018-04-17 14:40:59,680 INFO = Combat phase begins
2018-04-17 14:40:59,691 INFO [<terra.piece.piece.Piece object at 0x02A1B2F0>, <terra.piece.piece.Piece object at 0x02A1B270>] are contesting the tile at (11, 5)!
2018-04-17 14:40:59,692 INFO BLUE Ghost at tile (11, 5) with -16 HP took 24 damage from RED Ghost at tile (11, 5) with -28 HP!
2018-04-17 14:40:59,692 INFO RED Ghost at tile (11, 5) with -28 HP took 24 damage from BLUE Ghost at tile (11, 5) with -16 HP!
2018-04-17 14:40:59,692 INFO RED Ghost at tile (11, 5) with -28 HP took 24 damage from BLUE Ghost at tile (11, 5) with -16 HP!
2018-04-17 14:40:59,692 INFO BLUE Ghost at tile (11, 5) with -16 HP took 24 damage from RED Ghost at tile (11, 5) with -28 HP!
2018-04-17 14:40:59,870 INFO = Ranged phase begins
2018-04-17 14:41:00,033 INFO = Special phase begins
2018-04-17 14:41:00,191 INFO = Start Turn phase begins
2018-04-17 14:41:00,192 INFO == TURN 9 BEGIN ==
2018-04-17 14:41:00,202 INFO Team.BLUE team acquired 1 resources.
2018-04-17 14:41:00,202 INFO Team.BLUE team acquired 1 resources.
2018-04-17 14:41:00,203 INFO Team.RED team acquired 1 resources.
2018-04-17 14:41:00,203 INFO Team.RED team acquired 1 resources.
2018-04-17 14:41:00,203 INFO Team.BLUE team acquired 2 resources.
2018-04-17 14:41:00,203 INFO Team.RED team acquired 2 resources.
2018-04-17 14:41:00,352 INFO = Issue Orders phase begins
2018-04-17 14:41:04,091 INFO === BATTLE OVER! ===
2018-04-17 14:41:04,091 INFO Team.RED team has lost.
2018-04-17 14:41:04,091 INFO -- Stats for team Team.RED --
2018-04-17 14:41:04,091 INFO   * Tiles Moved: 16
2018-04-17 14:41:04,091 INFO   * Ranged Attacks: 0
2018-04-17 14:41:04,092 INFO   * Piece Conflicts: 4
2018-04-17 14:41:04,092 INFO   * Pieces Lost: 1
2018-04-17 14:41:04,092 INFO   * Pieces Built: 0
2018-04-17 14:41:04,092 INFO   * Upgrades Researched: 0
2018-04-17 14:41:04,092 INFO Team.BLUE team has won!
2018-04-17 14:41:04,092 INFO -- Stats for team Team.BLUE --
2018-04-17 14:41:04,092 INFO   * Tiles Moved: 0
2018-04-17 14:41:04,092 INFO   * Ranged Attacks: 0
2018-04-17 14:41:04,092 INFO   * Piece Conflicts: 4
2018-04-17 14:41:04,092 INFO   * Pieces Lost: 2
2018-04-17 14:41:04,092 INFO   * Pieces Built: 0
2018-04-17 14:41:04,093 INFO   * Upgrades Researched: 0
