2018-04-09 22:22:24,543 INFO = Issue Orders phase begins
2018-04-09 22:27:18,729 INFO = Issue Orders phase begins
2018-04-09 22:27:42,242 INFO = Issue Orders phase begins
2018-04-09 22:29:44,684 INFO = Issue Orders phase begins
2018-04-09 22:33:42,736 INFO = Issue Orders phase begins
2018-04-09 22:34:28,052 INFO = Issue Orders phase begins
2018-04-09 22:35:55,148 INFO = Issue Orders phase begins
2018-04-09 22:36:09,303 INFO = Issue Orders phase begins
2018-04-09 22:40:12,547 INFO = Issue Orders phase begins
2018-04-09 22:43:18,652 INFO = Issue Orders phase begins
2018-04-09 22:47:29,443 INFO = Issue Orders phase begins
2018-04-09 22:58:09,219 INFO = Issue Orders phase begins
2018-04-09 23:01:24,386 INFO = Issue Orders phase begins
2018-04-09 23:05:30,314 INFO = Issue Orders phase begins
2018-04-09 23:09:48,924 INFO = Issue Orders phase begins
2018-04-09 23:22:01,423 INFO Team.RED PieceType.BASE was built on (3, 1). 
2018-04-09 23:22:02,497 INFO Team.BLUE PieceType.BASE was built on (6, 1). 
2018-04-09 23:22:05,866 INFO Team.RED PieceType.GENERATOR was built on (2, 1). 
2018-04-09 23:22:06,274 INFO Team.RED PieceType.GENERATOR was built on (2, 2). 
2018-04-09 23:22:06,639 INFO Team.RED PieceType.GENERATOR was built on (1, 2). 
2018-04-09 23:22:08,338 INFO Team.BLUE PieceType.GENERATOR was built on (7, 1). 
2018-04-09 23:22:08,771 INFO Team.BLUE PieceType.GENERATOR was built on (8, 2). 
2018-04-09 23:22:48,165 INFO Team.BLUE PieceType.BARRACKS was built on (8, 6). 
2018-04-09 23:22:49,855 INFO Team.RED PieceType.BARRACKS was built on (1, 6). 
2018-04-09 23:24:20,568 INFO === BATTLE OVER! ===
2018-04-09 23:24:20,568 INFO === BATTLE OVER! ===
2018-04-09 23:24:20,568 INFO Team.RED team has lost.
2018-04-09 23:24:20,568 INFO Team.RED team has lost.
2018-04-09 23:24:20,569 INFO -- Stats for team Team.RED --
2018-04-09 23:24:20,569 INFO -- Stats for team Team.RED --
2018-04-09 23:24:20,569 INFO   * Tiles Moved: 0
2018-04-09 23:24:20,569 INFO   * Tiles Moved: 0
2018-04-09 23:24:20,569 INFO   * Ranged Attacks: 0
2018-04-09 23:24:20,569 INFO   * Ranged Attacks: 0
2018-04-09 23:24:20,569 INFO   * Piece Conflicts: 0
2018-04-09 23:24:20,569 INFO   * Piece Conflicts: 0
2018-04-09 23:24:20,569 INFO   * Pieces Lost: 0
2018-04-09 23:24:20,569 INFO   * Pieces Lost: 0
2018-04-09 23:24:20,569 INFO   * Pieces Built: 0
2018-04-09 23:24:20,569 INFO   * Pieces Built: 0
2018-04-09 23:24:20,569 INFO   * Upgrades Researched: 0
2018-04-09 23:24:20,569 INFO   * Upgrades Researched: 0
2018-04-09 23:24:20,569 INFO Team.BLUE team has won!
2018-04-09 23:24:20,569 INFO Team.BLUE team has won!
2018-04-09 23:24:20,569 INFO -- Stats for team Team.BLUE --
2018-04-09 23:24:20,569 INFO -- Stats for team Team.BLUE --
2018-04-09 23:24:20,569 INFO   * Tiles Moved: 0
2018-04-09 23:24:20,569 INFO   * Tiles Moved: 0
2018-04-09 23:24:20,569 INFO   * Ranged Attacks: 0
2018-04-09 23:24:20,569 INFO   * Ranged Attacks: 0
2018-04-09 23:24:20,570 INFO   * Piece Conflicts: 0
2018-04-09 23:24:20,570 INFO   * Piece Conflicts: 0
2018-04-09 23:24:20,570 INFO   * Pieces Lost: 0
2018-04-09 23:24:20,570 INFO   * Pieces Lost: 0
2018-04-09 23:24:20,570 INFO   * Pieces Built: 0
2018-04-09 23:24:20,570 INFO   * Pieces Built: 0
2018-04-09 23:24:20,570 INFO   * Upgrades Researched: 0
2018-04-09 23:24:20,570 INFO   * Upgrades Researched: 0
