2018-04-17 14:09:12,420 INFO RED Ghost at tile (8, 4) with 80 HP was assigned the order 'Order: Move to (9, 4)'
2018-04-17 14:09:12,420 INFO BLUE Ranger at tile (10, 5) with 90 HP was assigned the order 'Order: Move to (9, 4)'
2018-04-17 14:09:12,420 INFO = Move phase begins
2018-04-17 14:09:12,435 INFO None moved to (9, 4)
2018-04-17 14:09:12,436 INFO None moved to (9, 4)
2018-04-17 14:09:12,651 INFO = Build phase begins
2018-04-17 14:09:12,890 INFO = Combat phase begins
2018-04-17 14:09:12,906 INFO [<terra.piece.piece.Piece object at 0x09627EB0>, <terra.piece.piece.Piece object at 0x09627ED0>] are contesting the tile at (9, 4)!
2018-04-17 14:09:12,907 INFO BLUE Ranger at tile (9, 4) with 0 HP took 45 damage from RED Ghost at tile (9, 4) with 80 HP!
2018-04-17 14:09:12,907 INFO RED Ghost at tile (9, 4) with 80 HP took 0 damage from BLUE Ranger at tile (9, 4) with 0 HP!
2018-04-17 14:09:12,907 INFO RED Ghost at tile (9, 4) with 80 HP took 0 damage from BLUE Ranger at tile (9, 4) with 0 HP!
2018-04-17 14:09:12,907 INFO BLUE Ranger at tile (9, 4) with 0 HP took 45 damage from RED Ghost at tile (9, 4) with 80 HP!
2018-04-17 14:09:19,750 INFO = Ranged phase begins
2018-04-17 14:09:19,768 INFO Team.BLUE team spent 2 resources.
2018-04-17 14:09:19,768 INFO Team.RED team acquired 2 resources.
2018-04-17 14:09:19,988 INFO = Special phase begins
2018-04-17 14:09:20,220 INFO = Start Turn phase begins
2018-04-17 14:09:20,221 INFO == TURN 9 BEGIN ==
2018-04-17 14:09:20,236 INFO Team.BLUE team acquired 1 resources.
2018-04-17 14:09:20,237 INFO Team.BLUE team acquired 1 resources.
2018-04-17 14:09:20,237 INFO Team.RED team acquired 1 resources.
2018-04-17 14:09:20,237 INFO Team.RED team acquired 1 resources.
2018-04-17 14:09:20,237 INFO Team.BLUE team acquired 2 resources.
2018-04-17 14:09:20,237 INFO Team.RED team acquired 2 resources.
2018-04-17 14:09:20,539 INFO = Issue Orders phase begins
2018-04-17 14:10:06,173 INFO RED Ghost at tile (8, 4) with 80 HP was assigned the order 'Order: Move to (9, 4)'
2018-04-17 14:10:06,173 INFO RED Ghost at tile (8, 4) with 80 HP was assigned the order 'Order: Move to (9, 4)'
2018-04-17 14:10:06,174 INFO BLUE Ranger at tile (10, 5) with 90 HP was assigned the order 'Order: Move to (9, 4)'
2018-04-17 14:10:06,174 INFO BLUE Ranger at tile (10, 5) with 90 HP was assigned the order 'Order: Move to (9, 4)'
2018-04-17 14:10:06,177 INFO = Move phase begins
2018-04-17 14:10:06,177 INFO = Move phase begins
2018-04-17 14:10:06,279 INFO None moved to (9, 4)
2018-04-17 14:10:06,279 INFO None moved to (9, 4)
2018-04-17 14:10:06,283 INFO None moved to (9, 4)
2018-04-17 14:10:06,283 INFO None moved to (9, 4)
2018-04-17 14:10:07,528 INFO = Build phase begins
2018-04-17 14:10:07,528 INFO = Build phase begins
2018-04-17 14:10:08,853 INFO = Combat phase begins
2018-04-17 14:10:08,853 INFO = Combat phase begins
2018-04-17 14:10:08,944 INFO [<terra.piece.piece.Piece object at 0x02FCCBD0>, <terra.piece.piece.Piece object at 0x02FCCBF0>] are contesting the tile at (9, 4)!
2018-04-17 14:10:08,944 INFO [<terra.piece.piece.Piece object at 0x02FCCBD0>, <terra.piece.piece.Piece object at 0x02FCCBF0>] are contesting the tile at (9, 4)!
2018-04-17 14:10:08,947 INFO BLUE Ranger at tile (9, 4) with 0 HP took 45 damage from RED Ghost at tile (9, 4) with 80 HP!
2018-04-17 14:10:08,947 INFO BLUE Ranger at tile (9, 4) with 0 HP took 45 damage from RED Ghost at tile (9, 4) with 80 HP!
2018-04-17 14:10:08,950 INFO RED Ghost at tile (9, 4) with 80 HP took 0 damage from BLUE Ranger at tile (9, 4) with 0 HP!
2018-04-17 14:10:08,950 INFO RED Ghost at tile (9, 4) with 80 HP took 0 damage from BLUE Ranger at tile (9, 4) with 0 HP!
2018-04-17 14:10:08,953 INFO RED Ghost at tile (9, 4) with 80 HP took 0 damage from BLUE Ranger at tile (9, 4) with 0 HP!
2018-04-17 14:10:08,953 INFO RED Ghost at tile (9, 4) with 80 HP took 0 damage from BLUE Ranger at tile (9, 4) with 0 HP!
2018-04-17 14:10:08,957 INFO BLUE Ranger at tile (9, 4) with 0 HP took 45 damage from RED Ghost at tile (9, 4) with 80 HP!
2018-04-17 14:10:08,957 INFO BLUE Ranger at tile (9, 4) with 0 HP took 45 damage from RED Ghost at tile (9, 4) with 80 HP!
2018-04-17 14:10:13,419 INFO = Ranged phase begins
2018-04-17 14:10:13,419 INFO = Ranged phase begins
2018-04-17 14:10:36,511 INFO Team.BLUE team spent 2 resources.
2018-04-17 14:10:36,511 INFO Team.BLUE team spent 2 resources.
2018-04-17 14:10:36,514 INFO Team.RED team acquired 2 resources.
2018-04-17 14:10:36,514 INFO Team.RED team acquired 2 resources.
2018-04-17 14:11:21,858 INFO RED Ghost at tile (8, 4) with 80 HP was assigned the order 'Order: Move to (9, 4)'
2018-04-17 14:11:21,858 INFO BLUE Ranger at tile (10, 5) with 90 HP was assigned the order 'Order: Move to (9, 4)'
2018-04-17 14:11:21,858 INFO = Move phase begins
2018-04-17 14:11:21,869 INFO None moved to (9, 4)
2018-04-17 14:11:21,869 INFO None moved to (9, 4)
2018-04-17 14:11:22,029 INFO = Build phase begins
2018-04-17 14:11:22,199 INFO = Combat phase begins
2018-04-17 14:11:22,210 INFO [<terra.piece.piece.Piece object at 0x09357DB0>, <terra.piece.piece.Piece object at 0x09357DD0>] are contesting the tile at (9, 4)!
2018-04-17 14:11:22,210 INFO BLUE Ranger at tile (9, 4) with 0 HP took 45 damage from RED Ghost at tile (9, 4) with 80 HP!
2018-04-17 14:11:22,210 INFO RED Ghost at tile (9, 4) with 80 HP took 0 damage from BLUE Ranger at tile (9, 4) with 0 HP!
2018-04-17 14:11:22,210 INFO RED Ghost at tile (9, 4) with 80 HP took 0 damage from BLUE Ranger at tile (9, 4) with 0 HP!
2018-04-17 14:11:22,210 INFO BLUE Ranger at tile (9, 4) with 0 HP took 45 damage from RED Ghost at tile (9, 4) with 80 HP!
2018-04-17 14:11:22,368 INFO = Ranged phase begins
2018-04-17 14:11:22,380 INFO Team.BLUE team spent 2 resources.
2018-04-17 14:11:22,380 INFO Team.RED team acquired 2 resources.
2018-04-17 14:11:22,540 INFO = Special phase begins
2018-04-17 14:11:22,708 INFO = Start Turn phase begins
2018-04-17 14:11:22,708 INFO == TURN 9 BEGIN ==
2018-04-17 14:11:22,719 INFO Team.BLUE team acquired 1 resources.
2018-04-17 14:11:22,719 INFO Team.BLUE team acquired 1 resources.
2018-04-17 14:11:22,720 INFO Team.RED team acquired 1 resources.
2018-04-17 14:11:22,720 INFO Team.RED team acquired 1 resources.
2018-04-17 14:11:22,720 INFO Team.BLUE team acquired 2 resources.
2018-04-17 14:11:22,720 INFO Team.RED team acquired 2 resources.
2018-04-17 14:11:22,874 INFO = Issue Orders phase begins
2018-04-17 14:12:07,876 INFO RED Ghost at tile (8, 4) with 80 HP was assigned the order 'Order: Move to (9, 4)'
2018-04-17 14:12:07,876 INFO RED Ghost at tile (8, 4) with 80 HP was assigned the order 'Order: Move to (9, 4)'
2018-04-17 14:12:07,876 INFO BLUE Ranger at tile (10, 5) with 90 HP was assigned the order 'Order: Move to (9, 4)'
2018-04-17 14:12:07,876 INFO BLUE Ranger at tile (10, 5) with 90 HP was assigned the order 'Order: Move to (9, 4)'
2018-04-17 14:12:07,876 INFO = Move phase begins
2018-04-17 14:12:07,876 INFO = Move phase begins
2018-04-17 14:12:07,886 INFO None moved to (9, 4)
2018-04-17 14:12:07,886 INFO None moved to (9, 4)
2018-04-17 14:12:07,886 INFO None moved to (9, 4)
2018-04-17 14:12:07,886 INFO None moved to (9, 4)
2018-04-17 14:12:08,036 INFO = Build phase begins
2018-04-17 14:12:08,036 INFO = Build phase begins
2018-04-17 14:12:08,197 INFO = Combat phase begins
2018-04-17 14:12:08,197 INFO = Combat phase begins
2018-04-17 14:12:08,207 INFO [<terra.piece.piece.Piece object at 0x0937A650>, <terra.piece.piece.Piece object at 0x0937A670>] are contesting the tile at (9, 4)!
2018-04-17 14:12:08,207 INFO [<terra.piece.piece.Piece object at 0x0937A650>, <terra.piece.piece.Piece object at 0x0937A670>] are contesting the tile at (9, 4)!
2018-04-17 14:12:08,208 INFO BLUE Ranger at tile (9, 4) with 0 HP took 45 damage from RED Ghost at tile (9, 4) with 80 HP!
2018-04-17 14:12:08,208 INFO BLUE Ranger at tile (9, 4) with 0 HP took 45 damage from RED Ghost at tile (9, 4) with 80 HP!
2018-04-17 14:12:08,208 INFO RED Ghost at tile (9, 4) with 80 HP took 0 damage from BLUE Ranger at tile (9, 4) with 0 HP!
2018-04-17 14:12:08,208 INFO RED Ghost at tile (9, 4) with 80 HP took 0 damage from BLUE Ranger at tile (9, 4) with 0 HP!
2018-04-17 14:12:08,208 INFO RED Ghost at tile (9, 4) with 80 HP took 0 damage from BLUE Ranger at tile (9, 4) with 0 HP!
2018-04-17 14:12:08,208 INFO RED Ghost at tile (9, 4) with 80 HP took 0 damage from BLUE Ranger at tile (9, 4) with 0 HP!
2018-04-17 14:12:08,208 INFO BLUE Ranger at tile (9, 4) with 0 HP took 45 damage from RED Ghost at tile (9, 4) with 80 HP!
2018-04-17 14:12:08,208 INFO BLUE Ranger at tile (9, 4) with 0 HP took 45 damage from RED Ghost at tile (9, 4) with 80 HP!
2018-04-17 14:12:08,361 INFO = Ranged phase begins
2018-04-17 14:12:08,361 INFO = Ranged phase begins
2018-04-17 14:12:08,371 INFO Team.BLUE team spent 2 resources.
2018-04-17 14:12:08,371 INFO Team.BLUE team spent 2 resources.
2018-04-17 14:12:08,372 INFO Team.RED team acquired 2 resources.
2018-04-17 14:12:08,372 INFO Team.RED team acquired 2 resources.
2018-04-17 14:12:08,529 INFO = Special phase begins
2018-04-17 14:12:08,529 INFO = Special phase begins
2018-04-17 14:12:08,694 INFO = Start Turn phase begins
2018-04-17 14:12:08,694 INFO = Start Turn phase begins
2018-04-17 14:12:08,695 INFO == TURN 9 BEGIN ==
2018-04-17 14:12:08,695 INFO == TURN 9 BEGIN ==
2018-04-17 14:12:08,704 INFO Team.BLUE team acquired 1 resources.
2018-04-17 14:12:08,704 INFO Team.BLUE team acquired 1 resources.
2018-04-17 14:12:08,704 INFO Team.BLUE team acquired 1 resources.
2018-04-17 14:12:08,704 INFO Team.BLUE team acquired 1 resources.
2018-04-17 14:12:08,705 INFO Team.RED team acquired 1 resources.
2018-04-17 14:12:08,705 INFO Team.RED team acquired 1 resources.
2018-04-17 14:12:08,705 INFO Team.RED team acquired 1 resources.
2018-04-17 14:12:08,705 INFO Team.RED team acquired 1 resources.
2018-04-17 14:12:08,705 INFO Team.BLUE team acquired 2 resources.
2018-04-17 14:12:08,705 INFO Team.BLUE team acquired 2 resources.
2018-04-17 14:12:08,705 INFO Team.RED team acquired 2 resources.
2018-04-17 14:12:08,705 INFO Team.RED team acquired 2 resources.
2018-04-17 14:12:08,852 INFO = Issue Orders phase begins
2018-04-17 14:12:08,852 INFO = Issue Orders phase begins
2018-04-17 14:12:19,140 INFO === BATTLE OVER! ===
2018-04-17 14:12:19,140 INFO === BATTLE OVER! ===
2018-04-17 14:12:19,140 INFO Team.RED team has won!
2018-04-17 14:12:19,140 INFO Team.RED team has won!
2018-04-17 14:12:19,141 INFO -- Stats for team Team.RED --
2018-04-17 14:12:19,141 INFO -- Stats for team Team.RED --
2018-04-17 14:12:19,141 INFO   * Tiles Moved: 1
2018-04-17 14:12:19,141 INFO   * Tiles Moved: 1
2018-04-17 14:12:19,141 INFO   * Ranged Attacks: 0
2018-04-17 14:12:19,141 INFO   * Ranged Attacks: 0
2018-04-17 14:12:19,141 INFO   * Piece Conflicts: 1
2018-04-17 14:12:19,141 INFO   * Piece Conflicts: 1
2018-04-17 14:12:19,141 INFO   * Pieces Lost: 0
2018-04-17 14:12:19,141 INFO   * Pieces Lost: 0
2018-04-17 14:12:19,141 INFO   * Pieces Built: 0
2018-04-17 14:12:19,141 INFO   * Pieces Built: 0
2018-04-17 14:12:19,141 INFO   * Upgrades Researched: 0
2018-04-17 14:12:19,141 INFO   * Upgrades Researched: 0
2018-04-17 14:12:19,141 INFO Team.BLUE team has lost.
2018-04-17 14:12:19,141 INFO Team.BLUE team has lost.
2018-04-17 14:12:19,141 INFO -- Stats for team Team.BLUE --
2018-04-17 14:12:19,141 INFO -- Stats for team Team.BLUE --
2018-04-17 14:12:19,141 INFO   * Tiles Moved: 2
2018-04-17 14:12:19,141 INFO   * Tiles Moved: 2
2018-04-17 14:12:19,141 INFO   * Ranged Attacks: 0
2018-04-17 14:12:19,141 INFO   * Ranged Attacks: 0
2018-04-17 14:12:19,141 INFO   * Piece Conflicts: 1
2018-04-17 14:12:19,141 INFO   * Piece Conflicts: 1
2018-04-17 14:12:19,141 INFO   * Pieces Lost: 1
2018-04-17 14:12:19,141 INFO   * Pieces Lost: 1
2018-04-17 14:12:19,141 INFO   * Pieces Built: 0
2018-04-17 14:12:19,141 INFO   * Pieces Built: 0
2018-04-17 14:12:19,141 INFO   * Upgrades Researched: 0
2018-04-17 14:12:19,141 INFO   * Upgrades Researched: 0
2018-04-17 14:12:26,483 INFO BLUE Ranger at tile (10, 5) with 90 HP was assigned the order 'Order: Ranged attack tile (9, 4)'
2018-04-17 14:12:26,483 INFO BLUE Ranger at tile (10, 5) with 90 HP was assigned the order 'Order: Ranged attack tile (9, 4)'
2018-04-17 14:12:26,483 INFO BLUE Ranger at tile (10, 5) with 90 HP was assigned the order 'Order: Ranged attack tile (9, 4)'
2018-04-17 14:12:26,484 INFO = Move phase begins
2018-04-17 14:12:26,484 INFO = Move phase begins
2018-04-17 14:12:26,484 INFO = Move phase begins
2018-04-17 14:12:26,648 INFO = Build phase begins
2018-04-17 14:12:26,648 INFO = Build phase begins
2018-04-17 14:12:26,648 INFO = Build phase begins
2018-04-17 14:12:26,825 INFO = Combat phase begins
2018-04-17 14:12:26,825 INFO = Combat phase begins
2018-04-17 14:12:26,825 INFO = Combat phase begins
2018-04-17 14:12:26,988 INFO = Ranged phase begins
2018-04-17 14:12:26,988 INFO = Ranged phase begins
2018-04-17 14:12:26,988 INFO = Ranged phase begins
2018-04-17 14:12:27,000 INFO BLUE Ranger at tile (10, 5) with 90 HP conducted a ranged attack on (9, 4)
2018-04-17 14:12:27,000 INFO BLUE Ranger at tile (10, 5) with 90 HP conducted a ranged attack on (9, 4)
2018-04-17 14:12:27,000 INFO BLUE Ranger at tile (10, 5) with 90 HP conducted a ranged attack on (9, 4)
2018-04-17 14:12:27,154 INFO = Special phase begins
2018-04-17 14:12:27,154 INFO = Special phase begins
2018-04-17 14:12:27,154 INFO = Special phase begins
2018-04-17 14:12:27,319 INFO = Start Turn phase begins
2018-04-17 14:12:27,319 INFO = Start Turn phase begins
2018-04-17 14:12:27,319 INFO = Start Turn phase begins
2018-04-17 14:12:27,320 INFO == TURN 9 BEGIN ==
2018-04-17 14:12:27,320 INFO == TURN 9 BEGIN ==
2018-04-17 14:12:27,320 INFO == TURN 9 BEGIN ==
2018-04-17 14:12:27,331 INFO Team.BLUE team acquired 1 resources.
2018-04-17 14:12:27,331 INFO Team.BLUE team acquired 1 resources.
2018-04-17 14:12:27,331 INFO Team.BLUE team acquired 1 resources.
2018-04-17 14:12:27,331 INFO Team.BLUE team acquired 1 resources.
2018-04-17 14:12:27,331 INFO Team.BLUE team acquired 1 resources.
2018-04-17 14:12:27,331 INFO Team.BLUE team acquired 1 resources.
2018-04-17 14:12:27,331 INFO Team.RED team acquired 1 resources.
2018-04-17 14:12:27,331 INFO Team.RED team acquired 1 resources.
2018-04-17 14:12:27,331 INFO Team.RED team acquired 1 resources.
2018-04-17 14:12:27,331 INFO Team.RED team acquired 1 resources.
2018-04-17 14:12:27,331 INFO Team.RED team acquired 1 resources.
2018-04-17 14:12:27,331 INFO Team.RED team acquired 1 resources.
2018-04-17 14:12:27,331 INFO Team.BLUE team acquired 2 resources.
2018-04-17 14:12:27,331 INFO Team.BLUE team acquired 2 resources.
2018-04-17 14:12:27,331 INFO Team.BLUE team acquired 2 resources.
2018-04-17 14:12:27,331 INFO Team.RED team acquired 2 resources.
2018-04-17 14:12:27,331 INFO Team.RED team acquired 2 resources.
2018-04-17 14:12:27,331 INFO Team.RED team acquired 2 resources.
2018-04-17 14:12:27,487 INFO = Issue Orders phase begins
2018-04-17 14:12:27,487 INFO = Issue Orders phase begins
2018-04-17 14:12:27,487 INFO = Issue Orders phase begins
2018-04-17 14:12:46,026 INFO RED Base at tile (5, 1) with 150 HP was assigned the order 'Order: purchase upgrade UpgradeType.COLONIST_TERRAFORMING'
2018-04-17 14:12:46,026 INFO = Move phase begins
2018-04-17 14:12:46,188 INFO = Build phase begins
2018-04-17 14:12:46,354 INFO = Combat phase begins
2018-04-17 14:12:46,522 INFO = Ranged phase begins
2018-04-17 14:12:46,687 INFO = Special phase begins
2018-04-17 14:12:46,698 INFO Team.RED team researched the upgrade UpgradeType.COLONIST_TERRAFORMING
2018-04-17 14:12:46,698 INFO Team.RED team spent 4 resources.
2018-04-17 14:12:46,860 INFO = Start Turn phase begins
2018-04-17 14:12:46,860 INFO == TURN 9 BEGIN ==
2018-04-17 14:12:46,870 INFO Team.BLUE team acquired 1 resources.
2018-04-17 14:12:46,870 INFO Team.BLUE team acquired 1 resources.
2018-04-17 14:12:46,870 INFO Team.RED team acquired 1 resources.
2018-04-17 14:12:46,870 INFO Team.RED team acquired 1 resources.
2018-04-17 14:12:46,870 INFO Team.BLUE team acquired 2 resources.
2018-04-17 14:12:46,870 INFO Team.RED team acquired 2 resources.
2018-04-17 14:12:47,026 INFO = Issue Orders phase begins
2018-04-17 14:12:50,308 INFO RED Colonist at tile (5, 4) with 100 HP was assigned the order 'Order: raise terrain on tile (6, 4)'
2018-04-17 14:12:50,308 INFO = Move phase begins
2018-04-17 14:12:50,476 INFO = Build phase begins
2018-04-17 14:12:50,645 INFO = Combat phase begins
2018-04-17 14:12:50,811 INFO = Ranged phase begins
2018-04-17 14:12:50,976 INFO = Special phase begins
2018-04-17 14:12:50,987 INFO Tile at (6, 4) was raised
2018-04-17 14:12:51,147 INFO = Start Turn phase begins
2018-04-17 14:12:51,148 INFO == TURN 10 BEGIN ==
2018-04-17 14:12:51,158 INFO Team.BLUE team acquired 1 resources.
2018-04-17 14:12:51,158 INFO Team.BLUE team acquired 1 resources.
2018-04-17 14:12:51,158 INFO Team.RED team acquired 1 resources.
2018-04-17 14:12:51,158 INFO Team.RED team acquired 1 resources.
2018-04-17 14:12:51,158 INFO Team.BLUE team acquired 2 resources.
2018-04-17 14:12:51,158 INFO Team.RED team acquired 2 resources.
2018-04-17 14:12:51,314 INFO = Issue Orders phase begins
2018-04-17 14:13:50,579 INFO BLUE Ranger at tile (10, 5) with 90 HP was assigned the order 'Order: Ranged attack tile (9, 4)'
2018-04-17 14:13:50,580 INFO = Move phase begins
2018-04-17 14:13:50,742 INFO = Build phase begins
2018-04-17 14:13:50,906 INFO = Combat phase begins
2018-04-17 14:13:51,066 INFO = Ranged phase begins
2018-04-17 14:14:05,749 INFO BLUE Ranger at tile (10, 5) with 90 HP was assigned the order 'Order: Ranged attack tile (9, 4)'
2018-04-17 14:14:05,749 INFO = Move phase begins
2018-04-17 14:14:05,941 INFO = Build phase begins
2018-04-17 14:14:06,125 INFO = Combat phase begins
2018-04-17 14:14:06,285 INFO = Ranged phase begins
2018-04-17 14:14:06,295 INFO BLUE Ranger at tile (10, 5) with 90 HP conducted a ranged attack on (9, 4)
2018-04-17 14:14:06,453 INFO = Special phase begins
2018-04-17 14:14:06,623 INFO = Start Turn phase begins
2018-04-17 14:14:06,624 INFO == TURN 9 BEGIN ==
2018-04-17 14:14:06,634 INFO Team.BLUE team acquired 1 resources.
2018-04-17 14:14:06,634 INFO Team.BLUE team acquired 1 resources.
2018-04-17 14:14:06,634 INFO Team.RED team acquired 1 resources.
2018-04-17 14:14:06,634 INFO Team.RED team acquired 1 resources.
2018-04-17 14:14:06,634 INFO Team.BLUE team acquired 2 resources.
2018-04-17 14:14:06,635 INFO Team.RED team acquired 2 resources.
2018-04-17 14:14:06,792 INFO = Issue Orders phase begins
2018-04-17 14:14:17,347 INFO BLUE Ranger at tile (10, 5) with 90 HP was assigned the order 'Order: Ranged attack tile (9, 4)'
2018-04-17 14:14:17,347 INFO = Move phase begins
2018-04-17 14:14:17,508 INFO = Build phase begins
2018-04-17 14:14:17,668 INFO = Combat phase begins
2018-04-17 14:14:17,833 INFO = Ranged phase begins
2018-04-17 14:14:17,844 INFO BLUE Ranger at tile (10, 5) with 90 HP conducted a ranged attack on (9, 4)
2018-04-17 14:14:17,998 INFO = Special phase begins
2018-04-17 14:14:18,167 INFO = Start Turn phase begins
2018-04-17 14:14:18,167 INFO == TURN 10 BEGIN ==
2018-04-17 14:14:18,177 INFO Team.BLUE team acquired 1 resources.
2018-04-17 14:14:18,178 INFO Team.BLUE team acquired 1 resources.
2018-04-17 14:14:18,178 INFO Team.RED team acquired 1 resources.
2018-04-17 14:14:18,178 INFO Team.RED team acquired 1 resources.
2018-04-17 14:14:18,178 INFO Team.BLUE team acquired 2 resources.
2018-04-17 14:14:18,178 INFO Team.RED team acquired 2 resources.
2018-04-17 14:14:18,327 INFO = Issue Orders phase begins
2018-04-17 14:16:13,882 INFO BLUE Ranger at tile (10, 5) with 90 HP was assigned the order 'Order: Ranged attack tile (9, 4)'
2018-04-17 14:16:13,882 INFO = Move phase begins
2018-04-17 14:16:14,046 INFO = Build phase begins
2018-04-17 14:16:14,212 INFO = Combat phase begins
2018-04-17 14:16:14,375 INFO = Ranged phase begins
2018-04-17 14:16:14,385 INFO BLUE Ranger at tile (10, 5) with 90 HP conducted a ranged attack on (9, 4)
2018-04-17 14:16:14,534 INFO = Special phase begins
2018-04-17 14:16:14,701 INFO = Start Turn phase begins
2018-04-17 14:16:14,701 INFO == TURN 9 BEGIN ==
2018-04-17 14:16:14,712 INFO Team.BLUE team acquired 1 resources.
2018-04-17 14:16:14,712 INFO Team.BLUE team acquired 1 resources.
2018-04-17 14:16:14,712 INFO Team.RED team acquired 1 resources.
2018-04-17 14:16:14,712 INFO Team.RED team acquired 1 resources.
2018-04-17 14:16:14,712 INFO Team.BLUE team acquired 2 resources.
2018-04-17 14:16:14,712 INFO Team.RED team acquired 2 resources.
2018-04-17 14:16:14,881 INFO = Issue Orders phase begins
2018-04-17 14:18:24,109 INFO RED Ghost at tile (8, 4) with 80 HP was assigned the order 'Order: Move to (9, 4)'
2018-04-17 14:18:24,109 INFO BLUE Ranger at tile (10, 5) with 90 HP was assigned the order 'Order: Move to (9, 4)'
2018-04-17 14:18:24,109 INFO = Move phase begins
2018-04-17 14:18:24,120 INFO None moved to (9, 4)
2018-04-17 14:18:24,120 INFO None moved to (9, 4)
2018-04-17 14:18:24,271 INFO = Build phase begins
2018-04-17 14:18:24,430 INFO = Combat phase begins
2018-04-17 14:18:24,440 INFO [<terra.piece.piece.Piece object at 0x087766F0>, <terra.piece.piece.Piece object at 0x08776710>] are contesting the tile at (9, 4)!
2018-04-17 14:18:24,440 INFO BLUE Ranger at tile (9, 4) with 0 HP took 45 damage from RED Ghost at tile (9, 4) with 80 HP!
2018-04-17 14:18:24,441 INFO RED Ghost at tile (9, 4) with 80 HP took 0 damage from BLUE Ranger at tile (9, 4) with 0 HP!
2018-04-17 14:18:24,441 INFO RED Ghost at tile (9, 4) with 80 HP took 0 damage from BLUE Ranger at tile (9, 4) with 0 HP!
2018-04-17 14:18:24,441 INFO BLUE Ranger at tile (9, 4) with 0 HP took 45 damage from RED Ghost at tile (9, 4) with 80 HP!
2018-04-17 14:18:24,592 INFO = Ranged phase begins
2018-04-17 14:18:24,603 INFO Team.BLUE team spent 2 resources.
2018-04-17 14:18:24,603 INFO Team.RED team acquired 2 resources.
2018-04-17 14:18:24,761 INFO = Special phase begins
2018-04-17 14:18:24,927 INFO = Start Turn phase begins
2018-04-17 14:18:24,927 INFO == TURN 9 BEGIN ==
2018-04-17 14:18:24,938 INFO Team.BLUE team acquired 1 resources.
2018-04-17 14:18:24,939 INFO Team.BLUE team acquired 1 resources.
2018-04-17 14:18:24,939 INFO Team.RED team acquired 1 resources.
2018-04-17 14:18:24,939 INFO Team.RED team acquired 1 resources.
2018-04-17 14:18:24,939 INFO Team.BLUE team acquired 2 resources.
2018-04-17 14:18:24,939 INFO Team.RED team acquired 2 resources.
2018-04-17 14:18:25,101 INFO = Issue Orders phase begins
2018-04-17 14:18:47,696 INFO BLUE Barracks at tile (10, 6) with 100 HP was assigned the order 'Order: Build a Ranger on tile (10, 5)'
2018-04-17 14:18:47,696 INFO RED Barracks at tile (3, 6) with 100 HP was assigned the order 'Order: Build a Banshee on tile (3, 5)'
2018-04-17 14:18:47,696 INFO RED Tech Lab at tile (4, 2) with 50 HP was assigned the order 'Order: purchase upgrade UpgradeType.BANSHEE_SABOTAGE'
2018-04-17 14:18:47,696 INFO = Move phase begins
2018-04-17 14:18:47,860 INFO = Build phase begins
2018-04-17 14:18:47,871 INFO Team.RED PieceType.BANSHEE was built on (3, 5). 
2018-04-17 14:18:47,872 INFO Team.RED team spent 5 resources.
2018-04-17 14:18:47,872 INFO Team.BLUE PieceType.RANGER was built on (10, 5). 
2018-04-17 14:18:47,872 INFO Team.BLUE team spent 3 resources.
2018-04-17 14:18:48,028 INFO = Combat phase begins
2018-04-17 14:18:48,195 INFO = Ranged phase begins
2018-04-17 14:18:48,362 INFO = Special phase begins
2018-04-17 14:18:48,373 INFO Team.RED team researched the upgrade UpgradeType.BANSHEE_SABOTAGE
2018-04-17 14:18:48,373 INFO Team.RED team spent 6 resources.
2018-04-17 14:18:48,533 INFO = Start Turn phase begins
2018-04-17 14:18:48,534 INFO == TURN 10 BEGIN ==
2018-04-17 14:18:48,544 INFO Team.BLUE team acquired 1 resources.
2018-04-17 14:18:48,545 INFO Team.BLUE team acquired 1 resources.
2018-04-17 14:18:48,545 INFO Team.RED team acquired 1 resources.
2018-04-17 14:18:48,545 INFO Team.RED team acquired 1 resources.
2018-04-17 14:18:48,545 INFO Team.BLUE team acquired 2 resources.
2018-04-17 14:18:48,545 INFO Team.RED team acquired 2 resources.
2018-04-17 14:18:48,701 INFO = Issue Orders phase begins
2018-04-17 14:19:02,674 INFO RED Ghost at tile (9, 4) with 80 HP was assigned the order 'Order: Move to (8, 2)'
2018-04-17 14:19:02,674 INFO RED Banshee at tile (3, 5) with 40 HP was assigned the order 'Order: Move to (6, 4)'
2018-04-17 14:19:02,674 INFO BLUE Ranger at tile (10, 5) with 90 HP was assigned the order 'Order: Move to (9, 4)'
2018-04-17 14:19:02,675 INFO = Move phase begins
2018-04-17 14:19:02,686 INFO None moved to (9, 4)
2018-04-17 14:19:02,686 INFO None moved to (6, 4)
2018-04-17 14:19:02,686 INFO None moved to (8, 2)
2018-04-17 14:19:02,839 INFO = Build phase begins
2018-04-17 14:19:03,004 INFO = Combat phase begins
2018-04-17 14:19:03,167 INFO = Ranged phase begins
2018-04-17 14:19:03,327 INFO = Special phase begins
2018-04-17 14:19:03,491 INFO = Start Turn phase begins
2018-04-17 14:19:03,492 INFO == TURN 11 BEGIN ==
2018-04-17 14:19:03,503 INFO Team.BLUE team acquired 1 resources.
2018-04-17 14:19:03,503 INFO Team.BLUE team acquired 1 resources.
2018-04-17 14:19:03,503 INFO Team.RED team acquired 1 resources.
2018-04-17 14:19:03,503 INFO Team.RED team acquired 1 resources.
2018-04-17 14:19:03,504 INFO Team.BLUE team acquired 2 resources.
2018-04-17 14:19:03,504 INFO Team.RED team acquired 2 resources.
2018-04-17 14:19:03,659 INFO = Issue Orders phase begins
2018-04-17 14:19:07,259 INFO RED Banshee at tile (6, 4) with 40 HP was assigned the order 'Order: Move to (9, 4)'
2018-04-17 14:19:07,260 INFO = Move phase begins
2018-04-17 14:19:07,270 INFO None moved to (9, 4)
2018-04-17 14:19:07,416 INFO = Build phase begins
2018-04-17 14:19:07,577 INFO = Combat phase begins
2018-04-17 14:19:07,587 INFO [<terra.piece.piece.Piece object at 0x08776AF0>, <terra.piece.piece.Piece object at 0x0876DB30>] are contesting the tile at (9, 4)!
2018-04-17 14:19:07,587 INFO BLUE Ranger at tile (9, 4) with -38 HP took 64 damage from RED Banshee at tile (9, 4) with 40 HP!
2018-04-17 14:19:07,587 INFO RED Banshee at tile (9, 4) with 40 HP took 0 damage from BLUE Ranger at tile (9, 4) with -38 HP!
2018-04-17 14:19:07,587 INFO RED Banshee at tile (9, 4) with 40 HP took 0 damage from BLUE Ranger at tile (9, 4) with -38 HP!
2018-04-17 14:19:07,587 INFO BLUE Ranger at tile (9, 4) with -38 HP took 64 damage from RED Banshee at tile (9, 4) with 40 HP!
2018-04-17 14:19:07,744 INFO = Ranged phase begins
2018-04-17 14:19:07,911 INFO = Special phase begins
2018-04-17 14:19:08,080 INFO = Start Turn phase begins
2018-04-17 14:19:08,080 INFO == TURN 12 BEGIN ==
2018-04-17 14:19:08,090 INFO Team.BLUE team acquired 1 resources.
2018-04-17 14:19:08,090 INFO Team.BLUE team acquired 1 resources.
2018-04-17 14:19:08,090 INFO Team.RED team acquired 1 resources.
2018-04-17 14:19:08,091 INFO Team.RED team acquired 1 resources.
2018-04-17 14:19:08,091 INFO Team.BLUE team acquired 2 resources.
2018-04-17 14:19:08,091 INFO Team.RED team acquired 2 resources.
2018-04-17 14:19:08,251 INFO = Issue Orders phase begins
2018-04-17 14:23:27,053 INFO RED Ghost at tile (8, 4) with 80 HP was assigned the order 'Order: Move to (9, 4)'
2018-04-17 14:23:27,054 INFO BLUE Ranger at tile (10, 5) with 90 HP was assigned the order 'Order: Move to (9, 4)'
2018-04-17 14:23:27,054 INFO = Move phase begins
2018-04-17 14:23:27,064 INFO None moved to (9, 4)
2018-04-17 14:23:27,064 INFO None moved to (9, 4)
2018-04-17 14:23:27,222 INFO = Build phase begins
2018-04-17 14:23:27,393 INFO = Combat phase begins
2018-04-17 14:23:27,403 INFO [<terra.piece.piece.Piece object at 0x08869DF0>, <terra.piece.piece.Piece object at 0x08869E10>] are contesting the tile at (9, 4)!
2018-04-17 14:23:27,403 INFO BLUE Ranger at tile (9, 4) with 0 HP took 45 damage from RED Ghost at tile (9, 4) with 80 HP!
2018-04-17 14:23:27,403 INFO RED Ghost at tile (9, 4) with 80 HP took 0 damage from BLUE Ranger at tile (9, 4) with 0 HP!
2018-04-17 14:23:27,404 INFO RED Ghost at tile (9, 4) with 80 HP took 0 damage from BLUE Ranger at tile (9, 4) with 0 HP!
2018-04-17 14:23:27,404 INFO BLUE Ranger at tile (9, 4) with 0 HP took 45 damage from RED Ghost at tile (9, 4) with 80 HP!
2018-04-17 14:23:27,557 INFO = Ranged phase begins
2018-04-17 14:23:27,567 INFO Team.BLUE team spent 2 resources.
2018-04-17 14:23:27,567 INFO Team.RED team acquired 2 resources.
2018-04-17 14:23:27,717 INFO = Special phase begins
2018-04-17 14:23:27,882 INFO = Start Turn phase begins
2018-04-17 14:23:27,883 INFO == TURN 9 BEGIN ==
2018-04-17 14:23:27,894 INFO Team.BLUE team acquired 1 resources.
2018-04-17 14:23:27,894 INFO Team.BLUE team acquired 1 resources.
2018-04-17 14:23:27,894 INFO Team.RED team acquired 1 resources.
2018-04-17 14:23:27,894 INFO Team.RED team acquired 1 resources.
2018-04-17 14:23:27,894 INFO Team.BLUE team acquired 2 resources.
2018-04-17 14:23:27,894 INFO Team.RED team acquired 2 resources.
2018-04-17 14:23:28,049 INFO = Issue Orders phase begins
2018-04-17 14:23:38,206 INFO BLUE Barracks at tile (10, 6) with 100 HP was assigned the order 'Order: Build a Ghost on tile (10, 5)'
2018-04-17 14:23:38,206 INFO RED Ghost at tile (9, 4) with 80 HP was assigned the order 'Order: Move to (10, 5)'
2018-04-17 14:23:38,206 INFO = Move phase begins
2018-04-17 14:23:38,216 INFO None moved to (10, 5)
2018-04-17 14:23:38,366 INFO = Build phase begins
2018-04-17 14:23:38,376 INFO Team.BLUE PieceType.GHOST was built on (10, 5). 
2018-04-17 14:23:38,377 INFO Team.BLUE team spent 3 resources.
2018-04-17 14:23:38,525 INFO = Combat phase begins
2018-04-17 14:23:38,536 INFO [<terra.piece.piece.Piece object at 0x08869E10>, <terra.piece.piece.Piece object at 0x088667F0>] are contesting the tile at (10, 5)!
2018-04-17 14:23:38,536 INFO RED Ghost at tile (10, 5) with 20 HP took 30 damage from BLUE Ghost at tile (10, 5) with 20 HP!
2018-04-17 14:23:38,536 INFO BLUE Ghost at tile (10, 5) with 20 HP took 30 damage from RED Ghost at tile (10, 5) with 20 HP!
2018-04-17 14:23:38,536 INFO BLUE Ghost at tile (10, 5) with 20 HP took 30 damage from RED Ghost at tile (10, 5) with 20 HP!
2018-04-17 14:23:38,536 INFO RED Ghost at tile (10, 5) with 20 HP took 30 damage from BLUE Ghost at tile (10, 5) with 20 HP!
2018-04-17 14:23:38,690 INFO = Ranged phase begins
2018-04-17 14:23:38,855 INFO = Special phase begins
2018-04-17 14:23:39,016 INFO = Start Turn phase begins
2018-04-17 14:23:39,017 INFO == TURN 10 BEGIN ==
2018-04-17 14:23:39,028 INFO Team.BLUE team acquired 1 resources.
2018-04-17 14:23:39,028 INFO Team.BLUE team acquired 1 resources.
2018-04-17 14:23:39,028 INFO Team.RED team acquired 1 resources.
2018-04-17 14:23:39,028 INFO Team.RED team acquired 1 resources.
2018-04-17 14:23:39,028 INFO Team.BLUE team acquired 2 resources.
2018-04-17 14:23:39,028 INFO Team.RED team acquired 2 resources.
2018-04-17 14:23:39,178 INFO = Issue Orders phase begins
2018-04-17 14:26:12,751 INFO BLUE Barracks at tile (10, 6) with 100 HP was assigned the order 'Order: Build a Trooper on tile (10, 5)'
2018-04-17 14:26:12,751 INFO RED Ghost at tile (8, 4) with 80 HP was assigned the order 'Order: Move to (10, 5)'
2018-04-17 14:26:12,751 INFO BLUE Ranger at tile (10, 5) with 90 HP was assigned the order 'Order: Move to (10, 3)'
2018-04-17 14:26:12,751 INFO = Move phase begins
2018-04-17 14:26:12,762 INFO None moved to (10, 3)
2018-04-17 14:26:12,762 INFO None moved to (10, 5)
2018-04-17 14:26:12,917 INFO = Build phase begins
2018-04-17 14:26:12,928 INFO Team.BLUE PieceType.TROOPER was built on (10, 5). 
2018-04-17 14:26:12,928 INFO Team.BLUE team spent 3 resources.
2018-04-17 14:26:13,084 INFO = Combat phase begins
2018-04-17 14:26:13,095 INFO [<terra.piece.piece.Piece object at 0x08749E30>, <terra.piece.piece.Piece object at 0x08746690>] are contesting the tile at (10, 5)!
2018-04-17 14:26:13,095 INFO RED Ghost at tile (10, 5) with -18 HP took 49 damage from BLUE Trooper at tile (10, 5) with 70 HP!
2018-04-17 14:26:13,095 INFO BLUE Trooper at tile (10, 5) with 70 HP took 15 damage from RED Ghost at tile (10, 5) with -18 HP!
2018-04-17 14:26:13,095 INFO BLUE Trooper at tile (10, 5) with 70 HP took 15 damage from RED Ghost at tile (10, 5) with -18 HP!
2018-04-17 14:26:13,095 INFO RED Ghost at tile (10, 5) with -18 HP took 49 damage from BLUE Trooper at tile (10, 5) with 70 HP!
2018-04-17 14:26:13,246 INFO = Ranged phase begins
2018-04-17 14:26:13,410 INFO = Special phase begins
2018-04-17 14:26:13,585 INFO = Start Turn phase begins
2018-04-17 14:26:13,586 INFO == TURN 9 BEGIN ==
2018-04-17 14:26:13,597 INFO Team.BLUE team acquired 1 resources.
2018-04-17 14:26:13,598 INFO Team.BLUE team acquired 1 resources.
2018-04-17 14:26:13,598 INFO Team.RED team acquired 1 resources.
2018-04-17 14:26:13,598 INFO Team.RED team acquired 1 resources.
2018-04-17 14:26:13,598 INFO Team.BLUE team acquired 2 resources.
2018-04-17 14:26:13,598 INFO Team.RED team acquired 2 resources.
2018-04-17 14:26:13,753 INFO = Issue Orders phase begins
2018-04-17 14:26:21,826 INFO RED Barracks at tile (3, 6) with 100 HP was assigned the order 'Order: Build a Trooper on tile (3, 5)'
2018-04-17 14:26:21,826 INFO BLUE Trooper at tile (10, 5) with 70 HP was assigned the order 'Order: Move to (8, 5)'
2018-04-17 14:26:21,826 INFO = Move phase begins
2018-04-17 14:26:21,837 INFO None moved to (8, 5)
2018-04-17 14:26:21,993 INFO = Build phase begins
2018-04-17 14:26:22,006 INFO Team.RED PieceType.TROOPER was built on (3, 5). 
2018-04-17 14:26:22,006 INFO Team.RED team spent 3 resources.
2018-04-17 14:26:22,164 INFO = Combat phase begins
2018-04-17 14:26:22,326 INFO = Ranged phase begins
2018-04-17 14:26:22,489 INFO = Special phase begins
2018-04-17 14:26:22,651 INFO = Start Turn phase begins
2018-04-17 14:26:22,652 INFO == TURN 10 BEGIN ==
2018-04-17 14:26:22,662 INFO Team.BLUE team acquired 1 resources.
2018-04-17 14:26:22,662 INFO Team.BLUE team acquired 1 resources.
2018-04-17 14:26:22,662 INFO Team.RED team acquired 1 resources.
2018-04-17 14:26:22,662 INFO Team.RED team acquired 1 resources.
2018-04-17 14:26:22,662 INFO Team.BLUE team acquired 2 resources.
2018-04-17 14:26:22,663 INFO Team.RED team acquired 2 resources.
2018-04-17 14:26:22,814 INFO = Issue Orders phase begins
2018-04-17 14:26:27,625 INFO BLUE Trooper at tile (8, 5) with 70 HP was assigned the order 'Order: Move to (7, 6)'
2018-04-17 14:26:27,626 INFO RED Trooper at tile (3, 5) with 100 HP was assigned the order 'Order: Move to (5, 5)'
2018-04-17 14:26:27,626 INFO = Move phase begins
2018-04-17 14:26:27,635 INFO None moved to (5, 5)
2018-04-17 14:26:27,635 INFO None moved to (7, 6)
2018-04-17 14:26:27,781 INFO = Build phase begins
2018-04-17 14:26:27,934 INFO = Combat phase begins
2018-04-17 14:26:28,109 INFO = Ranged phase begins
2018-04-17 14:26:28,277 INFO = Special phase begins
2018-04-17 14:26:28,446 INFO = Start Turn phase begins
2018-04-17 14:26:28,447 INFO == TURN 11 BEGIN ==
2018-04-17 14:26:28,457 INFO Team.BLUE team acquired 1 resources.
2018-04-17 14:26:28,457 INFO Team.BLUE team acquired 1 resources.
2018-04-17 14:26:28,457 INFO Team.RED team acquired 1 resources.
2018-04-17 14:26:28,457 INFO Team.RED team acquired 1 resources.
2018-04-17 14:26:28,458 INFO Team.BLUE team acquired 2 resources.
2018-04-17 14:26:28,458 INFO Team.RED team acquired 2 resources.
2018-04-17 14:26:28,614 INFO = Issue Orders phase begins
2018-04-17 14:26:33,285 INFO RED Trooper at tile (5, 5) with 100 HP was assigned the order 'Order: Move to (6, 6)'
2018-04-17 14:26:33,285 INFO BLUE Trooper at tile (7, 6) with 70 HP was assigned the order 'Order: Move to (6, 6)'
2018-04-17 14:26:33,286 INFO = Move phase begins
2018-04-17 14:26:33,296 INFO None moved to (6, 6)
2018-04-17 14:26:33,296 INFO None moved to (6, 6)
2018-04-17 14:26:33,453 INFO = Build phase begins
2018-04-17 14:26:33,621 INFO = Combat phase begins
2018-04-17 14:26:33,632 INFO [<terra.piece.piece.Piece object at 0x08746FB0>, <terra.piece.piece.Piece object at 0x08746690>] are contesting the tile at (6, 6)!
2018-04-17 14:26:33,633 INFO RED Trooper at tile (6, 6) with 40 HP took 30 damage from BLUE Trooper at tile (6, 6) with 16 HP!
2018-04-17 14:26:33,633 INFO BLUE Trooper at tile (6, 6) with 16 HP took 27 damage from RED Trooper at tile (6, 6) with 40 HP!
2018-04-17 14:26:33,633 INFO BLUE Trooper at tile (6, 6) with 16 HP took 27 damage from RED Trooper at tile (6, 6) with 40 HP!
2018-04-17 14:26:33,633 INFO RED Trooper at tile (6, 6) with 40 HP took 30 damage from BLUE Trooper at tile (6, 6) with 16 HP!
2018-04-17 14:26:33,790 INFO = Ranged phase begins
2018-04-17 14:26:33,953 INFO = Special phase begins
2018-04-17 14:26:34,118 INFO = Start Turn phase begins
2018-04-17 14:26:34,118 INFO == TURN 12 BEGIN ==
2018-04-17 14:26:34,129 INFO Team.BLUE team acquired 1 resources.
2018-04-17 14:26:34,129 INFO Team.BLUE team acquired 1 resources.
2018-04-17 14:26:34,129 INFO Team.RED team acquired 1 resources.
2018-04-17 14:26:34,130 INFO Team.RED team acquired 1 resources.
2018-04-17 14:26:34,130 INFO Team.BLUE team acquired 2 resources.
2018-04-17 14:26:34,130 INFO Team.RED team acquired 2 resources.
2018-04-17 14:26:34,281 INFO = Issue Orders phase begins
2018-04-17 14:26:40,553 INFO BLUE Ranger at tile (10, 3) with 90 HP was assigned the order 'Order: Ranged attack tile (9, 4)'
2018-04-17 14:26:40,553 INFO = Move phase begins
2018-04-17 14:26:40,717 INFO = Build phase begins
2018-04-17 14:26:40,887 INFO = Combat phase begins
2018-04-17 14:26:40,897 INFO [<terra.piece.piece.Piece object at 0x08746FB0>, <terra.piece.piece.Piece object at 0x08746690>] are contesting the tile at (6, 6)!
2018-04-17 14:26:40,897 INFO RED Trooper at tile (6, 6) with -8 HP took 24 damage from BLUE Trooper at tile (6, 6) with -32 HP!
2018-04-17 14:26:40,897 INFO BLUE Trooper at tile (6, 6) with -32 HP took 24 damage from RED Trooper at tile (6, 6) with -8 HP!
2018-04-17 14:26:40,897 INFO BLUE Trooper at tile (6, 6) with -32 HP took 24 damage from RED Trooper at tile (6, 6) with -8 HP!
2018-04-17 14:26:40,898 INFO RED Trooper at tile (6, 6) with -8 HP took 24 damage from BLUE Trooper at tile (6, 6) with -32 HP!
2018-04-17 14:26:41,054 INFO = Ranged phase begins
2018-04-17 14:26:41,065 INFO BLUE Ranger at tile (10, 3) with 90 HP conducted a ranged attack on (9, 4)
2018-04-17 14:26:41,222 INFO = Special phase begins
2018-04-17 14:26:41,384 INFO = Start Turn phase begins
2018-04-17 14:26:41,384 INFO == TURN 13 BEGIN ==
2018-04-17 14:26:41,395 INFO Team.BLUE team acquired 1 resources.
2018-04-17 14:26:41,395 INFO Team.BLUE team acquired 1 resources.
2018-04-17 14:26:41,395 INFO Team.RED team acquired 1 resources.
2018-04-17 14:26:41,395 INFO Team.RED team acquired 1 resources.
2018-04-17 14:26:41,395 INFO Team.BLUE team acquired 2 resources.
2018-04-17 14:26:41,395 INFO Team.RED team acquired 2 resources.
2018-04-17 14:26:41,550 INFO = Issue Orders phase begins
2018-04-17 14:26:45,565 INFO BLUE Ranger at tile (10, 3) with 90 HP was assigned the order 'Order: Ranged attack tile (9, 4)'
2018-04-17 14:26:45,565 INFO = Move phase begins
2018-04-17 14:26:45,729 INFO = Build phase begins
2018-04-17 14:26:45,894 INFO = Combat phase begins
2018-04-17 14:26:46,055 INFO = Ranged phase begins
2018-04-17 14:26:46,067 INFO BLUE Ranger at tile (10, 3) with 90 HP conducted a ranged attack on (9, 4)
2018-04-17 14:26:46,223 INFO = Special phase begins
2018-04-17 14:26:46,388 INFO = Start Turn phase begins
2018-04-17 14:26:46,389 INFO == TURN 14 BEGIN ==
2018-04-17 14:26:46,400 INFO Team.BLUE team acquired 1 resources.
2018-04-17 14:26:46,400 INFO Team.BLUE team acquired 1 resources.
2018-04-17 14:26:46,400 INFO Team.RED team acquired 1 resources.
2018-04-17 14:26:46,401 INFO Team.RED team acquired 1 resources.
2018-04-17 14:26:46,401 INFO Team.BLUE team acquired 2 resources.
2018-04-17 14:26:46,401 INFO Team.RED team acquired 2 resources.
2018-04-17 14:26:46,555 INFO = Issue Orders phase begins
