2018-04-16 18:45:48,437 INFO Team.RED team acquired 500 resources.
2018-04-16 18:45:48,437 INFO Team.BLUE team acquired 500 resources.
2018-04-17 11:10:53,776 INFO = Issue Orders phase begins
2018-04-18 14:08:36,468 INFO == TURN 1 BEGIN ==
2018-04-18 14:08:36,468 INFO = Issue Orders phase begins
2018-04-18 14:08:38,518 INFO BLUE Colonist at tile (15, 3) with 100 HP was assigned the order 'Order: Build a Generator on tile (14, 3)'
2018-04-18 14:08:38,518 INFO = Move phase begins
2018-04-18 14:08:38,573 INFO = Build phase begins
2018-04-18 14:08:38,587 INFO Team.BLUE PieceType.GENERATOR was built on (14, 3). 
2018-04-18 14:08:38,587 INFO Team.BLUE team spent 1 resources.
2018-04-18 14:08:38,628 INFO = Combat phase begins
2018-04-18 14:08:38,685 INFO = Ranged phase begins
2018-04-18 14:08:38,742 INFO = Special phase begins
2018-04-18 14:08:38,798 INFO = Start Turn phase begins
2018-04-18 14:08:38,798 INFO == TURN 2 BEGIN ==
2018-04-18 14:08:38,813 INFO Team.BLUE team acquired 1 resources.
2018-04-18 14:08:38,813 INFO Team.BLUE team acquired 1 resources.
2018-04-18 14:08:38,814 INFO Team.BLUE team acquired 1 resources.
2018-04-18 14:08:38,814 INFO Team.BLUE team acquired 1 resources.
2018-04-18 14:08:38,814 INFO Team.RED team acquired 1 resources.
2018-04-18 14:08:38,814 INFO Team.RED team acquired 1 resources.
2018-04-18 14:08:38,814 INFO Team.RED team acquired 1 resources.
2018-04-18 14:08:38,815 INFO Team.BLUE team acquired 2 resources.
2018-04-18 14:08:38,815 INFO Team.RED team acquired 2 resources.
2018-04-18 14:08:38,857 INFO = Issue Orders phase begins
2018-04-18 14:08:39,825 INFO BLUE Colonist at tile (15, 3) with 100 HP was assigned the order 'Order: Build a Generator on tile (15, 4)'
2018-04-18 14:08:39,825 INFO = Move phase begins
2018-04-18 14:08:39,879 INFO = Build phase begins
2018-04-18 14:08:39,893 INFO Team.BLUE PieceType.GENERATOR was built on (15, 4). 
2018-04-18 14:08:39,894 INFO Team.BLUE team spent 1 resources.
2018-04-18 14:08:39,936 INFO = Combat phase begins
2018-04-18 14:08:39,996 INFO = Ranged phase begins
2018-04-18 14:08:40,054 INFO = Special phase begins
2018-04-18 14:08:40,108 INFO = Start Turn phase begins
2018-04-18 14:08:40,109 INFO == TURN 3 BEGIN ==
2018-04-18 14:08:40,122 INFO Team.BLUE team acquired 1 resources.
2018-04-18 14:08:40,123 INFO Team.BLUE team acquired 1 resources.
2018-04-18 14:08:40,123 INFO Team.BLUE team acquired 1 resources.
2018-04-18 14:08:40,123 INFO Team.BLUE team acquired 1 resources.
2018-04-18 14:08:40,123 INFO Team.BLUE team acquired 1 resources.
2018-04-18 14:08:40,123 INFO Team.RED team acquired 1 resources.
2018-04-18 14:08:40,123 INFO Team.RED team acquired 1 resources.
2018-04-18 14:08:40,123 INFO Team.RED team acquired 1 resources.
2018-04-18 14:08:40,124 INFO Team.BLUE team acquired 2 resources.
2018-04-18 14:08:40,124 INFO Team.RED team acquired 2 resources.
2018-04-18 14:08:40,164 INFO = Issue Orders phase begins
2018-04-18 14:08:40,938 INFO BLUE Colonist at tile (15, 3) with 100 HP was assigned the order 'Order: Move to (12, 3)'
2018-04-18 14:08:40,938 INFO = Move phase begins
2018-04-18 14:08:40,951 INFO None moved to (12, 3)
2018-04-18 14:08:40,991 INFO = Build phase begins
2018-04-18 14:08:41,046 INFO = Combat phase begins
2018-04-18 14:08:41,101 INFO = Ranged phase begins
2018-04-18 14:08:41,155 INFO = Special phase begins
2018-04-18 14:08:41,210 INFO = Start Turn phase begins
2018-04-18 14:08:41,211 INFO == TURN 4 BEGIN ==
2018-04-18 14:08:41,226 INFO Team.BLUE team acquired 1 resources.
2018-04-18 14:08:41,227 INFO Team.BLUE team acquired 1 resources.
2018-04-18 14:08:41,227 INFO Team.BLUE team acquired 1 resources.
2018-04-18 14:08:41,227 INFO Team.BLUE team acquired 1 resources.
2018-04-18 14:08:41,227 INFO Team.BLUE team acquired 1 resources.
2018-04-18 14:08:41,227 INFO Team.RED team acquired 1 resources.
2018-04-18 14:08:41,228 INFO Team.RED team acquired 1 resources.
2018-04-18 14:08:41,228 INFO Team.RED team acquired 1 resources.
2018-04-18 14:08:41,228 INFO Team.BLUE team acquired 2 resources.
2018-04-18 14:08:41,228 INFO Team.RED team acquired 2 resources.
2018-04-18 14:08:41,271 INFO = Issue Orders phase begins
2018-04-18 14:08:42,437 INFO BLUE Colonist at tile (12, 3) with 100 HP was assigned the order 'Order: Move to (11, 4)'
2018-04-18 14:08:42,438 INFO = Move phase begins
2018-04-18 14:08:42,452 INFO None moved to (11, 4)
2018-04-18 14:08:42,492 INFO = Build phase begins
2018-04-18 14:08:42,546 INFO = Combat phase begins
2018-04-18 14:08:42,600 INFO = Ranged phase begins
2018-04-18 14:08:42,656 INFO = Special phase begins
2018-04-18 14:08:42,713 INFO = Start Turn phase begins
2018-04-18 14:08:42,714 INFO == TURN 5 BEGIN ==
2018-04-18 14:08:42,728 INFO Team.BLUE team acquired 1 resources.
2018-04-18 14:08:42,728 INFO Team.BLUE team acquired 1 resources.
2018-04-18 14:08:42,728 INFO Team.BLUE team acquired 1 resources.
2018-04-18 14:08:42,729 INFO Team.BLUE team acquired 1 resources.
2018-04-18 14:08:42,729 INFO Team.BLUE team acquired 1 resources.
2018-04-18 14:08:42,730 INFO Team.RED team acquired 1 resources.
2018-04-18 14:08:42,730 INFO Team.RED team acquired 1 resources.
2018-04-18 14:08:42,730 INFO Team.RED team acquired 1 resources.
2018-04-18 14:08:42,730 INFO Team.BLUE team acquired 2 resources.
2018-04-18 14:08:42,730 INFO Team.RED team acquired 2 resources.
2018-04-18 14:08:42,771 INFO = Issue Orders phase begins
2018-04-18 14:09:03,735 INFO == TURN 1 BEGIN ==
2018-04-18 14:09:03,735 INFO = Issue Orders phase begins
2018-04-18 14:09:06,209 INFO BLUE Colonist at tile (15, 3) with 100 HP was assigned the order 'Order: Build a Generator on tile (14, 3)'
2018-04-18 14:09:06,209 INFO = Move phase begins
2018-04-18 14:09:06,265 INFO = Build phase begins
2018-04-18 14:09:06,277 INFO Team.BLUE PieceType.GENERATOR was built on (14, 3). 
2018-04-18 14:09:06,277 INFO Team.BLUE team spent 1 resources.
2018-04-18 14:09:06,317 INFO = Combat phase begins
2018-04-18 14:09:06,369 INFO = Ranged phase begins
2018-04-18 14:09:06,424 INFO = Special phase begins
2018-04-18 14:09:06,476 INFO = Start Turn phase begins
2018-04-18 14:09:06,476 INFO == TURN 2 BEGIN ==
2018-04-18 14:09:06,491 INFO Team.BLUE team acquired 1 resources.
2018-04-18 14:09:06,491 INFO Team.BLUE team acquired 1 resources.
2018-04-18 14:09:06,491 INFO Team.BLUE team acquired 1 resources.
2018-04-18 14:09:06,491 INFO Team.BLUE team acquired 1 resources.
2018-04-18 14:09:06,491 INFO Team.RED team acquired 1 resources.
2018-04-18 14:09:06,491 INFO Team.RED team acquired 1 resources.
2018-04-18 14:09:06,492 INFO Team.RED team acquired 1 resources.
2018-04-18 14:09:06,492 INFO Team.BLUE team acquired 2 resources.
2018-04-18 14:09:06,492 INFO Team.RED team acquired 2 resources.
2018-04-18 14:09:06,532 INFO = Issue Orders phase begins
2018-04-18 14:09:07,305 INFO BLUE Colonist at tile (15, 3) with 100 HP was assigned the order 'Order: Build a Generator on tile (15, 4)'
2018-04-18 14:09:07,305 INFO = Move phase begins
2018-04-18 14:09:07,357 INFO = Build phase begins
2018-04-18 14:09:07,371 INFO Team.BLUE PieceType.GENERATOR was built on (15, 4). 
2018-04-18 14:09:07,371 INFO Team.BLUE team spent 1 resources.
2018-04-18 14:09:07,409 INFO = Combat phase begins
2018-04-18 14:09:07,460 INFO = Ranged phase begins
2018-04-18 14:09:07,516 INFO = Special phase begins
2018-04-18 14:09:07,568 INFO = Start Turn phase begins
2018-04-18 14:09:07,569 INFO == TURN 3 BEGIN ==
2018-04-18 14:09:07,581 INFO Team.BLUE team acquired 1 resources.
2018-04-18 14:09:07,582 INFO Team.BLUE team acquired 1 resources.
2018-04-18 14:09:07,582 INFO Team.BLUE team acquired 1 resources.
2018-04-18 14:09:07,582 INFO Team.BLUE team acquired 1 resources.
2018-04-18 14:09:07,582 INFO Team.BLUE team acquired 1 resources.
2018-04-18 14:09:07,582 INFO Team.RED team acquired 1 resources.
2018-04-18 14:09:07,582 INFO Team.RED team acquired 1 resources.
2018-04-18 14:09:07,582 INFO Team.RED team acquired 1 resources.
2018-04-18 14:09:07,582 INFO Team.BLUE team acquired 2 resources.
2018-04-18 14:09:07,582 INFO Team.RED team acquired 2 resources.
2018-04-18 14:09:07,623 INFO = Issue Orders phase begins
2018-04-18 14:09:08,625 INFO BLUE Colonist at tile (15, 3) with 100 HP was assigned the order 'Order: Move to (12, 3)'
2018-04-18 14:09:08,625 INFO = Move phase begins
2018-04-18 14:09:08,640 INFO None moved to (12, 3)
2018-04-18 14:09:08,690 INFO = Build phase begins
2018-04-18 14:09:08,752 INFO = Combat phase begins
2018-04-18 14:09:08,806 INFO = Ranged phase begins
2018-04-18 14:09:08,859 INFO = Special phase begins
2018-04-18 14:09:08,912 INFO = Start Turn phase begins
2018-04-18 14:09:08,912 INFO == TURN 4 BEGIN ==
2018-04-18 14:09:08,926 INFO Team.BLUE team acquired 1 resources.
2018-04-18 14:09:08,926 INFO Team.BLUE team acquired 1 resources.
2018-04-18 14:09:08,927 INFO Team.BLUE team acquired 1 resources.
2018-04-18 14:09:08,927 INFO Team.BLUE team acquired 1 resources.
2018-04-18 14:09:08,927 INFO Team.BLUE team acquired 1 resources.
2018-04-18 14:09:08,927 INFO Team.RED team acquired 1 resources.
2018-04-18 14:09:08,927 INFO Team.RED team acquired 1 resources.
2018-04-18 14:09:08,927 INFO Team.RED team acquired 1 resources.
2018-04-18 14:09:08,927 INFO Team.BLUE team acquired 2 resources.
2018-04-18 14:09:08,927 INFO Team.RED team acquired 2 resources.
2018-04-18 14:09:08,967 INFO = Issue Orders phase begins
2018-04-18 14:09:09,837 INFO BLUE Colonist at tile (12, 3) with 100 HP was assigned the order 'Order: Move to (11, 4)'
2018-04-18 14:09:09,837 INFO = Move phase begins
2018-04-18 14:09:09,851 INFO None moved to (11, 4)
2018-04-18 14:09:09,890 INFO = Build phase begins
2018-04-18 14:09:09,943 INFO = Combat phase begins
2018-04-18 14:09:09,997 INFO = Ranged phase begins
2018-04-18 14:09:10,050 INFO = Special phase begins
2018-04-18 14:09:10,105 INFO = Start Turn phase begins
2018-04-18 14:09:10,106 INFO == TURN 5 BEGIN ==
2018-04-18 14:09:10,119 INFO Team.BLUE team acquired 1 resources.
2018-04-18 14:09:10,120 INFO Team.BLUE team acquired 1 resources.
2018-04-18 14:09:10,120 INFO Team.BLUE team acquired 1 resources.
2018-04-18 14:09:10,120 INFO Team.BLUE team acquired 1 resources.
2018-04-18 14:09:10,120 INFO Team.BLUE team acquired 1 resources.
2018-04-18 14:09:10,120 INFO Team.RED team acquired 1 resources.
2018-04-18 14:09:10,120 INFO Team.RED team acquired 1 resources.
2018-04-18 14:09:10,120 INFO Team.RED team acquired 1 resources.
2018-04-18 14:09:10,120 INFO Team.BLUE team acquired 2 resources.
2018-04-18 14:09:10,120 INFO Team.RED team acquired 2 resources.
2018-04-18 14:09:10,160 INFO = Issue Orders phase begins
2018-04-18 14:09:11,268 INFO BLUE Colonist at tile (11, 4) with 100 HP was assigned the order 'Order: Build a Generator on tile (11, 5)'
2018-04-18 14:09:11,268 INFO = Move phase begins
2018-04-18 14:09:11,347 INFO = Build phase begins
2018-04-18 14:09:11,363 INFO Team.BLUE PieceType.GENERATOR was built on (11, 5). 
2018-04-18 14:09:11,364 INFO Team.BLUE team spent 1 resources.
2018-04-18 14:09:11,402 INFO = Combat phase begins
2018-04-18 14:09:11,455 INFO = Ranged phase begins
2018-04-18 14:09:11,508 INFO = Special phase begins
2018-04-18 14:09:11,564 INFO = Start Turn phase begins
2018-04-18 14:09:11,564 INFO == TURN 6 BEGIN ==
2018-04-18 14:09:11,580 INFO Team.BLUE team acquired 1 resources.
2018-04-18 14:09:11,581 INFO Team.BLUE team acquired 1 resources.
2018-04-18 14:09:11,581 INFO Team.BLUE team acquired 1 resources.
2018-04-18 14:09:11,581 INFO Team.BLUE team acquired 1 resources.
2018-04-18 14:09:11,581 INFO Team.BLUE team acquired 1 resources.
2018-04-18 14:09:11,581 INFO Team.BLUE team acquired 1 resources.
2018-04-18 14:09:11,581 INFO Team.RED team acquired 1 resources.
2018-04-18 14:09:11,581 INFO Team.RED team acquired 1 resources.
2018-04-18 14:09:11,581 INFO Team.RED team acquired 1 resources.
2018-04-18 14:09:11,581 INFO Team.BLUE team acquired 2 resources.
2018-04-18 14:09:11,581 INFO Team.RED team acquired 2 resources.
2018-04-18 14:09:11,629 INFO = Issue Orders phase begins
2018-04-18 14:09:19,614 INFO BLUE Colonist at tile (11, 4) with 100 HP was assigned the order 'Order: Move to (11, 6)'
2018-04-18 14:09:19,614 INFO = Move phase begins
2018-04-18 14:09:19,627 INFO None moved to (11, 6)
2018-04-18 14:09:19,668 INFO = Build phase begins
2018-04-18 14:09:19,720 INFO = Combat phase begins
2018-04-18 14:09:19,775 INFO = Ranged phase begins
2018-04-18 14:09:19,831 INFO = Special phase begins
2018-04-18 14:09:19,885 INFO = Start Turn phase begins
2018-04-18 14:09:19,885 INFO == TURN 7 BEGIN ==
2018-04-18 14:09:19,898 INFO Team.BLUE team acquired 1 resources.
2018-04-18 14:09:19,898 INFO Team.BLUE team acquired 1 resources.
2018-04-18 14:09:19,898 INFO Team.BLUE team acquired 1 resources.
2018-04-18 14:09:19,898 INFO Team.BLUE team acquired 1 resources.
2018-04-18 14:09:19,899 INFO Team.BLUE team acquired 1 resources.
2018-04-18 14:09:19,899 INFO Team.BLUE team acquired 1 resources.
2018-04-18 14:09:19,899 INFO Team.RED team acquired 1 resources.
2018-04-18 14:09:19,899 INFO Team.RED team acquired 1 resources.
2018-04-18 14:09:19,899 INFO Team.RED team acquired 1 resources.
2018-04-18 14:09:19,899 INFO Team.BLUE team acquired 2 resources.
2018-04-18 14:09:19,899 INFO Team.RED team acquired 2 resources.
2018-04-18 14:09:19,938 INFO = Issue Orders phase begins
2018-04-18 14:09:20,997 INFO BLUE Colonist at tile (11, 6) with 100 HP was assigned the order 'Order: Build a Generator on tile (12, 6)'
2018-04-18 14:09:20,998 INFO = Move phase begins
2018-04-18 14:09:21,064 INFO = Build phase begins
2018-04-18 14:09:21,086 INFO Team.BLUE PieceType.GENERATOR was built on (12, 6). 
2018-04-18 14:09:21,087 INFO Team.BLUE team spent 1 resources.
2018-04-18 14:09:21,127 INFO = Combat phase begins
2018-04-18 14:09:21,197 INFO = Ranged phase begins
2018-04-18 14:09:21,253 INFO = Special phase begins
2018-04-18 14:09:21,307 INFO = Start Turn phase begins
2018-04-18 14:09:21,307 INFO == TURN 8 BEGIN ==
2018-04-18 14:09:21,321 INFO Team.BLUE team acquired 1 resources.
2018-04-18 14:09:21,322 INFO Team.BLUE team acquired 1 resources.
2018-04-18 14:09:21,322 INFO Team.BLUE team acquired 1 resources.
2018-04-18 14:09:21,322 INFO Team.BLUE team acquired 1 resources.
2018-04-18 14:09:21,322 INFO Team.BLUE team acquired 1 resources.
2018-04-18 14:09:21,322 INFO Team.BLUE team acquired 1 resources.
2018-04-18 14:09:21,322 INFO Team.BLUE team acquired 1 resources.
2018-04-18 14:09:21,322 INFO Team.RED team acquired 1 resources.
2018-04-18 14:09:21,322 INFO Team.RED team acquired 1 resources.
2018-04-18 14:09:21,322 INFO Team.RED team acquired 1 resources.
2018-04-18 14:09:21,322 INFO Team.BLUE team acquired 2 resources.
2018-04-18 14:09:21,323 INFO Team.RED team acquired 2 resources.
2018-04-18 14:09:21,361 INFO = Issue Orders phase begins
2018-04-18 14:09:23,804 INFO BLUE Colonist at tile (11, 6) with 100 HP was assigned the order 'Order: Move to (8, 6)'
2018-04-18 14:09:23,804 INFO = Move phase begins
2018-04-18 14:09:23,818 INFO None moved to (8, 6)
2018-04-18 14:09:23,858 INFO = Build phase begins
2018-04-18 14:09:23,908 INFO = Combat phase begins
2018-04-18 14:09:23,958 INFO = Ranged phase begins
2018-04-18 14:09:24,008 INFO = Special phase begins
2018-04-18 14:09:24,063 INFO = Start Turn phase begins
2018-04-18 14:09:24,063 INFO == TURN 9 BEGIN ==
2018-04-18 14:09:24,076 INFO Team.BLUE team acquired 1 resources.
2018-04-18 14:09:24,076 INFO Team.BLUE team acquired 1 resources.
2018-04-18 14:09:24,076 INFO Team.BLUE team acquired 1 resources.
2018-04-18 14:09:24,076 INFO Team.BLUE team acquired 1 resources.
2018-04-18 14:09:24,077 INFO Team.BLUE team acquired 1 resources.
2018-04-18 14:09:24,077 INFO Team.BLUE team acquired 1 resources.
2018-04-18 14:09:24,077 INFO Team.BLUE team acquired 1 resources.
2018-04-18 14:09:24,077 INFO Team.RED team acquired 1 resources.
2018-04-18 14:09:24,077 INFO Team.RED team acquired 1 resources.
2018-04-18 14:09:24,077 INFO Team.RED team acquired 1 resources.
2018-04-18 14:09:24,077 INFO Team.BLUE team acquired 2 resources.
2018-04-18 14:09:24,077 INFO Team.RED team acquired 2 resources.
2018-04-18 14:09:24,115 INFO = Issue Orders phase begins
2018-04-18 14:09:25,641 INFO BLUE Colonist at tile (8, 6) with 100 HP was assigned the order 'Order: Move to (8, 8)'
2018-04-18 14:09:25,642 INFO = Move phase begins
2018-04-18 14:09:25,656 INFO None moved to (8, 8)
2018-04-18 14:09:25,696 INFO = Build phase begins
2018-04-18 14:09:25,747 INFO = Combat phase begins
2018-04-18 14:09:25,799 INFO = Ranged phase begins
2018-04-18 14:09:25,851 INFO = Special phase begins
2018-04-18 14:09:25,905 INFO = Start Turn phase begins
2018-04-18 14:09:25,905 INFO == TURN 10 BEGIN ==
2018-04-18 14:09:25,919 INFO Team.BLUE team acquired 1 resources.
2018-04-18 14:09:25,919 INFO Team.BLUE team acquired 1 resources.
2018-04-18 14:09:25,919 INFO Team.BLUE team acquired 1 resources.
2018-04-18 14:09:25,919 INFO Team.BLUE team acquired 1 resources.
2018-04-18 14:09:25,919 INFO Team.BLUE team acquired 1 resources.
2018-04-18 14:09:25,919 INFO Team.BLUE team acquired 1 resources.
2018-04-18 14:09:25,919 INFO Team.BLUE team acquired 1 resources.
2018-04-18 14:09:25,920 INFO Team.RED team acquired 1 resources.
2018-04-18 14:09:25,920 INFO Team.RED team acquired 1 resources.
2018-04-18 14:09:25,920 INFO Team.RED team acquired 1 resources.
2018-04-18 14:09:25,920 INFO Team.BLUE team acquired 2 resources.
2018-04-18 14:09:25,920 INFO Team.RED team acquired 2 resources.
2018-04-18 14:09:25,959 INFO = Issue Orders phase begins
2018-04-18 14:09:26,803 INFO BLUE Colonist at tile (8, 8) with 100 HP was assigned the order 'Order: Build a Generator on tile (7, 8)'
2018-04-18 14:09:26,803 INFO = Move phase begins
2018-04-18 14:09:26,854 INFO = Build phase begins
2018-04-18 14:09:26,867 INFO Team.BLUE PieceType.GENERATOR was built on (7, 8). 
2018-04-18 14:09:26,867 INFO Team.BLUE team spent 1 resources.
2018-04-18 14:09:26,906 INFO = Combat phase begins
2018-04-18 14:09:26,958 INFO = Ranged phase begins
2018-04-18 14:09:27,011 INFO = Special phase begins
2018-04-18 14:09:27,063 INFO = Start Turn phase begins
2018-04-18 14:09:27,064 INFO == TURN 11 BEGIN ==
2018-04-18 14:09:27,076 INFO Team.BLUE team acquired 1 resources.
2018-04-18 14:09:27,076 INFO Team.BLUE team acquired 1 resources.
2018-04-18 14:09:27,076 INFO Team.BLUE team acquired 1 resources.
2018-04-18 14:09:27,076 INFO Team.BLUE team acquired 1 resources.
2018-04-18 14:09:27,076 INFO Team.BLUE team acquired 1 resources.
2018-04-18 14:09:27,076 INFO Team.BLUE team acquired 1 resources.
2018-04-18 14:09:27,076 INFO Team.BLUE team acquired 1 resources.
2018-04-18 14:09:27,077 INFO Team.BLUE team acquired 1 resources.
2018-04-18 14:09:27,077 INFO Team.RED team acquired 1 resources.
2018-04-18 14:09:27,077 INFO Team.RED team acquired 1 resources.
2018-04-18 14:09:27,077 INFO Team.RED team acquired 1 resources.
2018-04-18 14:09:27,078 INFO Team.BLUE team acquired 2 resources.
2018-04-18 14:09:27,078 INFO Team.RED team acquired 2 resources.
2018-04-18 14:09:27,117 INFO = Issue Orders phase begins
2018-04-18 14:09:28,000 INFO BLUE Colonist at tile (8, 8) with 100 HP was assigned the order 'Order: Build a Generator on tile (8, 9)'
2018-04-18 14:09:28,000 INFO = Move phase begins
2018-04-18 14:09:28,054 INFO = Build phase begins
2018-04-18 14:09:28,067 INFO Team.BLUE PieceType.GENERATOR was built on (8, 9). 
2018-04-18 14:09:28,067 INFO Team.BLUE team spent 1 resources.
2018-04-18 14:09:28,107 INFO = Combat phase begins
2018-04-18 14:09:28,159 INFO = Ranged phase begins
2018-04-18 14:09:28,209 INFO = Special phase begins
2018-04-18 14:09:28,261 INFO = Start Turn phase begins
2018-04-18 14:09:28,263 INFO == TURN 12 BEGIN ==
2018-04-18 14:09:28,275 INFO Team.BLUE team acquired 1 resources.
2018-04-18 14:09:28,275 INFO Team.BLUE team acquired 1 resources.
2018-04-18 14:09:28,275 INFO Team.BLUE team acquired 1 resources.
2018-04-18 14:09:28,275 INFO Team.BLUE team acquired 1 resources.
2018-04-18 14:09:28,276 INFO Team.BLUE team acquired 1 resources.
2018-04-18 14:09:28,276 INFO Team.BLUE team acquired 1 resources.
2018-04-18 14:09:28,276 INFO Team.BLUE team acquired 1 resources.
2018-04-18 14:09:28,276 INFO Team.BLUE team acquired 1 resources.
2018-04-18 14:09:28,276 INFO Team.BLUE team acquired 1 resources.
2018-04-18 14:09:28,276 INFO Team.RED team acquired 1 resources.
2018-04-18 14:09:28,276 INFO Team.RED team acquired 1 resources.
2018-04-18 14:09:28,276 INFO Team.RED team acquired 1 resources.
2018-04-18 14:09:28,277 INFO Team.BLUE team acquired 2 resources.
2018-04-18 14:09:28,277 INFO Team.RED team acquired 2 resources.
2018-04-18 14:09:28,316 INFO = Issue Orders phase begins
2018-04-18 14:09:29,230 INFO BLUE Colonist at tile (8, 8) with 100 HP was assigned the order 'Order: Move to (5, 8)'
2018-04-18 14:09:29,230 INFO = Move phase begins
2018-04-18 14:09:29,243 INFO None moved to (5, 8)
2018-04-18 14:09:29,282 INFO = Build phase begins
2018-04-18 14:09:29,334 INFO = Combat phase begins
2018-04-18 14:09:29,389 INFO = Ranged phase begins
2018-04-18 14:09:29,453 INFO = Special phase begins
2018-04-18 14:09:29,513 INFO = Start Turn phase begins
2018-04-18 14:09:29,514 INFO == TURN 13 BEGIN ==
2018-04-18 14:09:29,526 INFO Team.BLUE team acquired 1 resources.
2018-04-18 14:09:29,526 INFO Team.BLUE team acquired 1 resources.
2018-04-18 14:09:29,527 INFO Team.BLUE team acquired 1 resources.
2018-04-18 14:09:29,527 INFO Team.BLUE team acquired 1 resources.
2018-04-18 14:09:29,527 INFO Team.BLUE team acquired 1 resources.
2018-04-18 14:09:29,527 INFO Team.BLUE team acquired 1 resources.
2018-04-18 14:09:29,528 INFO Team.BLUE team acquired 1 resources.
2018-04-18 14:09:29,528 INFO Team.BLUE team acquired 1 resources.
2018-04-18 14:09:29,528 INFO Team.BLUE team acquired 1 resources.
2018-04-18 14:09:29,528 INFO Team.RED team acquired 1 resources.
2018-04-18 14:09:29,528 INFO Team.RED team acquired 1 resources.
2018-04-18 14:09:29,529 INFO Team.RED team acquired 1 resources.
2018-04-18 14:09:29,529 INFO Team.BLUE team acquired 2 resources.
2018-04-18 14:09:29,529 INFO Team.RED team acquired 2 resources.
2018-04-18 14:09:29,568 INFO = Issue Orders phase begins
2018-04-18 14:09:32,615 INFO BLUE Colonist at tile (5, 8) with 100 HP was assigned the order 'Order: Move to (4, 9)'
2018-04-18 14:09:32,616 INFO = Move phase begins
2018-04-18 14:09:32,629 INFO None moved to (4, 9)
2018-04-18 14:09:32,669 INFO = Build phase begins
2018-04-18 14:09:32,720 INFO = Combat phase begins
2018-04-18 14:09:32,771 INFO = Ranged phase begins
2018-04-18 14:09:32,822 INFO = Special phase begins
2018-04-18 14:09:32,874 INFO = Start Turn phase begins
2018-04-18 14:09:32,875 INFO == TURN 14 BEGIN ==
2018-04-18 14:09:32,888 INFO Team.BLUE team acquired 1 resources.
2018-04-18 14:09:32,888 INFO Team.BLUE team acquired 1 resources.
2018-04-18 14:09:32,888 INFO Team.BLUE team acquired 1 resources.
2018-04-18 14:09:32,888 INFO Team.BLUE team acquired 1 resources.
2018-04-18 14:09:32,888 INFO Team.BLUE team acquired 1 resources.
2018-04-18 14:09:32,889 INFO Team.BLUE team acquired 1 resources.
2018-04-18 14:09:32,889 INFO Team.BLUE team acquired 1 resources.
2018-04-18 14:09:32,889 INFO Team.BLUE team acquired 1 resources.
2018-04-18 14:09:32,889 INFO Team.BLUE team acquired 1 resources.
2018-04-18 14:09:32,889 INFO Team.RED team acquired 1 resources.
2018-04-18 14:09:32,889 INFO Team.RED team acquired 1 resources.
2018-04-18 14:09:32,889 INFO Team.RED team acquired 1 resources.
2018-04-18 14:09:32,889 INFO Team.BLUE team acquired 2 resources.
2018-04-18 14:09:32,889 INFO Team.RED team acquired 2 resources.
2018-04-18 14:09:32,927 INFO = Issue Orders phase begins
2018-04-18 14:09:33,576 INFO BLUE Colonist at tile (4, 9) with 100 HP was assigned the order 'Order: Build a Generator on tile (4, 10)'
2018-04-18 14:09:33,576 INFO = Move phase begins
2018-04-18 14:09:33,627 INFO = Build phase begins
2018-04-18 14:09:33,641 INFO Team.BLUE PieceType.GENERATOR was built on (4, 10). 
2018-04-18 14:09:33,641 INFO Team.BLUE team spent 1 resources.
2018-04-18 14:09:33,680 INFO = Combat phase begins
2018-04-18 14:09:33,741 INFO = Ranged phase begins
2018-04-18 14:09:33,795 INFO = Special phase begins
2018-04-18 14:09:33,848 INFO = Start Turn phase begins
2018-04-18 14:09:33,849 INFO == TURN 15 BEGIN ==
2018-04-18 14:09:33,862 INFO Team.BLUE team acquired 1 resources.
2018-04-18 14:09:33,862 INFO Team.BLUE team acquired 1 resources.
2018-04-18 14:09:33,862 INFO Team.BLUE team acquired 1 resources.
2018-04-18 14:09:33,862 INFO Team.BLUE team acquired 1 resources.
2018-04-18 14:09:33,863 INFO Team.BLUE team acquired 1 resources.
2018-04-18 14:09:33,863 INFO Team.BLUE team acquired 1 resources.
2018-04-18 14:09:33,863 INFO Team.BLUE team acquired 1 resources.
2018-04-18 14:09:33,863 INFO Team.BLUE team acquired 1 resources.
2018-04-18 14:09:33,863 INFO Team.BLUE team acquired 1 resources.
2018-04-18 14:09:33,863 INFO Team.BLUE team acquired 1 resources.
2018-04-18 14:09:33,863 INFO Team.RED team acquired 1 resources.
2018-04-18 14:09:33,863 INFO Team.RED team acquired 1 resources.
2018-04-18 14:09:33,863 INFO Team.RED team acquired 1 resources.
2018-04-18 14:09:33,863 INFO Team.BLUE team acquired 2 resources.
2018-04-18 14:09:33,864 INFO Team.RED team acquired 2 resources.
2018-04-18 14:09:33,902 INFO = Issue Orders phase begins
2018-04-18 14:09:34,425 INFO BLUE Colonist at tile (4, 9) with 100 HP was assigned the order 'Order: Move to (5, 10)'
2018-04-18 14:09:34,426 INFO = Move phase begins
2018-04-18 14:09:34,438 INFO None moved to (5, 10)
2018-04-18 14:09:34,477 INFO = Build phase begins
2018-04-18 14:09:34,528 INFO = Combat phase begins
2018-04-18 14:09:34,579 INFO = Ranged phase begins
2018-04-18 14:09:34,629 INFO = Special phase begins
2018-04-18 14:09:34,681 INFO = Start Turn phase begins
2018-04-18 14:09:34,681 INFO == TURN 16 BEGIN ==
2018-04-18 14:09:34,693 INFO Team.BLUE team acquired 1 resources.
2018-04-18 14:09:34,693 INFO Team.BLUE team acquired 1 resources.
2018-04-18 14:09:34,693 INFO Team.BLUE team acquired 1 resources.
2018-04-18 14:09:34,694 INFO Team.BLUE team acquired 1 resources.
2018-04-18 14:09:34,694 INFO Team.BLUE team acquired 1 resources.
2018-04-18 14:09:34,694 INFO Team.BLUE team acquired 1 resources.
2018-04-18 14:09:34,694 INFO Team.BLUE team acquired 1 resources.
2018-04-18 14:09:34,694 INFO Team.BLUE team acquired 1 resources.
2018-04-18 14:09:34,694 INFO Team.BLUE team acquired 1 resources.
2018-04-18 14:09:34,694 INFO Team.BLUE team acquired 1 resources.
2018-04-18 14:09:34,694 INFO Team.RED team acquired 1 resources.
2018-04-18 14:09:34,694 INFO Team.RED team acquired 1 resources.
2018-04-18 14:09:34,695 INFO Team.RED team acquired 1 resources.
2018-04-18 14:09:34,695 INFO Team.BLUE team acquired 2 resources.
2018-04-18 14:09:34,695 INFO Team.RED team acquired 2 resources.
2018-04-18 14:09:34,734 INFO = Issue Orders phase begins
2018-04-18 14:09:35,224 INFO BLUE Colonist at tile (5, 10) with 100 HP was assigned the order 'Order: Build a Generator on tile (5, 11)'
2018-04-18 14:09:35,224 INFO = Move phase begins
2018-04-18 14:09:35,275 INFO = Build phase begins
2018-04-18 14:09:35,288 INFO Team.BLUE PieceType.GENERATOR was built on (5, 11). 
2018-04-18 14:09:35,288 INFO Team.BLUE team spent 1 resources.
2018-04-18 14:09:35,334 INFO = Combat phase begins
2018-04-18 14:09:35,395 INFO = Ranged phase begins
2018-04-18 14:09:35,449 INFO = Special phase begins
2018-04-18 14:09:35,501 INFO = Start Turn phase begins
2018-04-18 14:09:35,501 INFO == TURN 17 BEGIN ==
2018-04-18 14:09:35,514 INFO Team.BLUE team acquired 1 resources.
2018-04-18 14:09:35,515 INFO Team.BLUE team acquired 1 resources.
2018-04-18 14:09:35,515 INFO Team.BLUE team acquired 1 resources.
2018-04-18 14:09:35,515 INFO Team.BLUE team acquired 1 resources.
2018-04-18 14:09:35,515 INFO Team.BLUE team acquired 1 resources.
2018-04-18 14:09:35,515 INFO Team.BLUE team acquired 1 resources.
2018-04-18 14:09:35,515 INFO Team.BLUE team acquired 1 resources.
2018-04-18 14:09:35,515 INFO Team.BLUE team acquired 1 resources.
2018-04-18 14:09:35,515 INFO Team.BLUE team acquired 1 resources.
2018-04-18 14:09:35,515 INFO Team.BLUE team acquired 1 resources.
2018-04-18 14:09:35,516 INFO Team.BLUE team acquired 1 resources.
2018-04-18 14:09:35,516 INFO Team.RED team acquired 1 resources.
2018-04-18 14:09:35,516 INFO Team.RED team acquired 1 resources.
2018-04-18 14:09:35,516 INFO Team.RED team acquired 1 resources.
2018-04-18 14:09:35,516 INFO Team.BLUE team acquired 2 resources.
2018-04-18 14:09:35,516 INFO Team.RED team acquired 2 resources.
2018-04-18 14:09:35,554 INFO = Issue Orders phase begins
2018-04-18 14:09:36,094 INFO BLUE Colonist at tile (5, 10) with 100 HP was assigned the order 'Order: Move to (6, 12)'
2018-04-18 14:09:36,094 INFO = Move phase begins
2018-04-18 14:09:36,108 INFO None moved to (6, 12)
2018-04-18 14:09:36,146 INFO = Build phase begins
2018-04-18 14:09:36,197 INFO = Combat phase begins
2018-04-18 14:09:36,249 INFO = Ranged phase begins
2018-04-18 14:09:36,301 INFO = Special phase begins
2018-04-18 14:09:36,353 INFO = Start Turn phase begins
2018-04-18 14:09:36,354 INFO == TURN 18 BEGIN ==
2018-04-18 14:09:36,367 INFO Team.BLUE team acquired 1 resources.
2018-04-18 14:09:36,367 INFO Team.BLUE team acquired 1 resources.
2018-04-18 14:09:36,367 INFO Team.BLUE team acquired 1 resources.
2018-04-18 14:09:36,367 INFO Team.BLUE team acquired 1 resources.
2018-04-18 14:09:36,367 INFO Team.BLUE team acquired 1 resources.
2018-04-18 14:09:36,367 INFO Team.BLUE team acquired 1 resources.
2018-04-18 14:09:36,367 INFO Team.BLUE team acquired 1 resources.
2018-04-18 14:09:36,368 INFO Team.BLUE team acquired 1 resources.
2018-04-18 14:09:36,368 INFO Team.BLUE team acquired 1 resources.
2018-04-18 14:09:36,368 INFO Team.BLUE team acquired 1 resources.
2018-04-18 14:09:36,368 INFO Team.BLUE team acquired 1 resources.
2018-04-18 14:09:36,368 INFO Team.RED team acquired 1 resources.
2018-04-18 14:09:36,368 INFO Team.RED team acquired 1 resources.
2018-04-18 14:09:36,368 INFO Team.RED team acquired 1 resources.
2018-04-18 14:09:36,368 INFO Team.BLUE team acquired 2 resources.
2018-04-18 14:09:36,368 INFO Team.RED team acquired 2 resources.
2018-04-18 14:09:36,408 INFO = Issue Orders phase begins
2018-04-18 14:09:37,969 INFO BLUE Colonist at tile (6, 12) with 100 HP was assigned the order 'Order: Move to (9, 12)'
2018-04-18 14:09:37,969 INFO = Move phase begins
2018-04-18 14:09:37,981 INFO None moved to (9, 12)
2018-04-18 14:09:38,021 INFO = Build phase begins
2018-04-18 14:09:38,074 INFO = Combat phase begins
2018-04-18 14:09:38,122 INFO = Ranged phase begins
2018-04-18 14:09:38,171 INFO = Special phase begins
2018-04-18 14:09:38,224 INFO = Start Turn phase begins
2018-04-18 14:09:38,225 INFO == TURN 19 BEGIN ==
2018-04-18 14:09:38,237 INFO Team.BLUE team acquired 1 resources.
2018-04-18 14:09:38,238 INFO Team.BLUE team acquired 1 resources.
2018-04-18 14:09:38,238 INFO Team.BLUE team acquired 1 resources.
2018-04-18 14:09:38,238 INFO Team.BLUE team acquired 1 resources.
2018-04-18 14:09:38,238 INFO Team.BLUE team acquired 1 resources.
2018-04-18 14:09:38,238 INFO Team.BLUE team acquired 1 resources.
2018-04-18 14:09:38,238 INFO Team.BLUE team acquired 1 resources.
2018-04-18 14:09:38,238 INFO Team.BLUE team acquired 1 resources.
2018-04-18 14:09:38,239 INFO Team.BLUE team acquired 1 resources.
2018-04-18 14:09:38,239 INFO Team.BLUE team acquired 1 resources.
2018-04-18 14:09:38,239 INFO Team.BLUE team acquired 1 resources.
2018-04-18 14:09:38,239 INFO Team.RED team acquired 1 resources.
2018-04-18 14:09:38,239 INFO Team.RED team acquired 1 resources.
2018-04-18 14:09:38,239 INFO Team.RED team acquired 1 resources.
2018-04-18 14:09:38,239 INFO Team.BLUE team acquired 2 resources.
2018-04-18 14:09:38,239 INFO Team.RED team acquired 2 resources.
2018-04-18 14:09:38,276 INFO = Issue Orders phase begins
2018-04-18 14:09:38,865 INFO BLUE Colonist at tile (9, 12) with 100 HP was assigned the order 'Order: Build a Generator on tile (10, 12)'
2018-04-18 14:09:38,866 INFO = Move phase begins
2018-04-18 14:09:38,916 INFO = Build phase begins
2018-04-18 14:09:38,928 INFO Team.BLUE PieceType.GENERATOR was built on (10, 12). 
2018-04-18 14:09:38,928 INFO Team.BLUE team spent 1 resources.
2018-04-18 14:09:38,965 INFO = Combat phase begins
2018-04-18 14:09:39,016 INFO = Ranged phase begins
2018-04-18 14:09:39,066 INFO = Special phase begins
2018-04-18 14:09:39,119 INFO = Start Turn phase begins
2018-04-18 14:09:39,120 INFO == TURN 20 BEGIN ==
2018-04-18 14:09:39,133 INFO Team.BLUE team acquired 1 resources.
2018-04-18 14:09:39,133 INFO Team.BLUE team acquired 1 resources.
2018-04-18 14:09:39,133 INFO Team.BLUE team acquired 1 resources.
2018-04-18 14:09:39,133 INFO Team.BLUE team acquired 1 resources.
2018-04-18 14:09:39,133 INFO Team.BLUE team acquired 1 resources.
2018-04-18 14:09:39,133 INFO Team.BLUE team acquired 1 resources.
2018-04-18 14:09:39,134 INFO Team.BLUE team acquired 1 resources.
2018-04-18 14:09:39,134 INFO Team.BLUE team acquired 1 resources.
2018-04-18 14:09:39,134 INFO Team.BLUE team acquired 1 resources.
2018-04-18 14:09:39,134 INFO Team.BLUE team acquired 1 resources.
2018-04-18 14:09:39,134 INFO Team.BLUE team acquired 1 resources.
2018-04-18 14:09:39,134 INFO Team.BLUE team acquired 1 resources.
2018-04-18 14:09:39,134 INFO Team.RED team acquired 1 resources.
2018-04-18 14:09:39,134 INFO Team.RED team acquired 1 resources.
2018-04-18 14:09:39,134 INFO Team.RED team acquired 1 resources.
2018-04-18 14:09:39,135 INFO Team.BLUE team acquired 2 resources.
2018-04-18 14:09:39,135 INFO Team.RED team acquired 2 resources.
2018-04-18 14:09:39,172 INFO = Issue Orders phase begins
2018-04-18 14:09:39,711 INFO BLUE Colonist at tile (9, 12) with 100 HP was assigned the order 'Order: Build a Generator on tile (9, 13)'
2018-04-18 14:09:39,711 INFO = Move phase begins
2018-04-18 14:09:39,765 INFO = Build phase begins
2018-04-18 14:09:39,777 INFO Team.BLUE PieceType.GENERATOR was built on (9, 13). 
2018-04-18 14:09:39,778 INFO Team.BLUE team spent 1 resources.
2018-04-18 14:09:39,815 INFO = Combat phase begins
2018-04-18 14:09:39,867 INFO = Ranged phase begins
2018-04-18 14:09:39,917 INFO = Special phase begins
2018-04-18 14:09:39,967 INFO = Start Turn phase begins
2018-04-18 14:09:39,968 INFO == TURN 21 BEGIN ==
2018-04-18 14:09:39,980 INFO Team.BLUE team acquired 1 resources.
2018-04-18 14:09:39,980 INFO Team.BLUE team acquired 1 resources.
2018-04-18 14:09:39,980 INFO Team.BLUE team acquired 1 resources.
2018-04-18 14:09:39,980 INFO Team.BLUE team acquired 1 resources.
2018-04-18 14:09:39,980 INFO Team.BLUE team acquired 1 resources.
2018-04-18 14:09:39,981 INFO Team.BLUE team acquired 1 resources.
2018-04-18 14:09:39,981 INFO Team.BLUE team acquired 1 resources.
2018-04-18 14:09:39,981 INFO Team.BLUE team acquired 1 resources.
2018-04-18 14:09:39,981 INFO Team.BLUE team acquired 1 resources.
2018-04-18 14:09:39,981 INFO Team.BLUE team acquired 1 resources.
2018-04-18 14:09:39,981 INFO Team.BLUE team acquired 1 resources.
2018-04-18 14:09:39,981 INFO Team.BLUE team acquired 1 resources.
2018-04-18 14:09:39,981 INFO Team.BLUE team acquired 1 resources.
2018-04-18 14:09:39,982 INFO Team.RED team acquired 1 resources.
2018-04-18 14:09:39,982 INFO Team.RED team acquired 1 resources.
2018-04-18 14:09:39,982 INFO Team.RED team acquired 1 resources.
2018-04-18 14:09:39,982 INFO Team.BLUE team acquired 2 resources.
2018-04-18 14:09:39,982 INFO Team.RED team acquired 2 resources.
2018-04-18 14:09:40,021 INFO = Issue Orders phase begins
2018-04-18 14:09:41,052 INFO BLUE Colonist at tile (9, 12) with 100 HP was assigned the order 'Order: Move to (10, 13)'
2018-04-18 14:09:41,052 INFO = Move phase begins
2018-04-18 14:09:41,065 INFO None moved to (10, 13)
2018-04-18 14:09:41,102 INFO = Build phase begins
2018-04-18 14:09:41,156 INFO = Combat phase begins
2018-04-18 14:09:41,205 INFO = Ranged phase begins
2018-04-18 14:09:41,257 INFO = Special phase begins
2018-04-18 14:09:41,305 INFO = Start Turn phase begins
2018-04-18 14:09:41,306 INFO == TURN 22 BEGIN ==
2018-04-18 14:09:41,319 INFO Team.BLUE team acquired 1 resources.
2018-04-18 14:09:41,319 INFO Team.BLUE team acquired 1 resources.
2018-04-18 14:09:41,319 INFO Team.BLUE team acquired 1 resources.
2018-04-18 14:09:41,319 INFO Team.BLUE team acquired 1 resources.
2018-04-18 14:09:41,319 INFO Team.BLUE team acquired 1 resources.
2018-04-18 14:09:41,320 INFO Team.BLUE team acquired 1 resources.
2018-04-18 14:09:41,320 INFO Team.BLUE team acquired 1 resources.
2018-04-18 14:09:41,320 INFO Team.BLUE team acquired 1 resources.
2018-04-18 14:09:41,320 INFO Team.BLUE team acquired 1 resources.
2018-04-18 14:09:41,320 INFO Team.BLUE team acquired 1 resources.
2018-04-18 14:09:41,320 INFO Team.BLUE team acquired 1 resources.
2018-04-18 14:09:41,320 INFO Team.BLUE team acquired 1 resources.
2018-04-18 14:09:41,320 INFO Team.BLUE team acquired 1 resources.
2018-04-18 14:09:41,320 INFO Team.RED team acquired 1 resources.
2018-04-18 14:09:41,321 INFO Team.RED team acquired 1 resources.
2018-04-18 14:09:41,321 INFO Team.RED team acquired 1 resources.
2018-04-18 14:09:41,321 INFO Team.BLUE team acquired 2 resources.
2018-04-18 14:09:41,321 INFO Team.RED team acquired 2 resources.
2018-04-18 14:09:41,358 INFO = Issue Orders phase begins
2018-04-18 14:09:41,899 INFO BLUE Colonist at tile (10, 13) with 100 HP was assigned the order 'Order: Build a Generator on tile (11, 13)'
2018-04-18 14:09:41,900 INFO = Move phase begins
2018-04-18 14:09:41,949 INFO = Build phase begins
2018-04-18 14:09:41,962 INFO Team.BLUE PieceType.GENERATOR was built on (11, 13). 
2018-04-18 14:09:41,963 INFO Team.BLUE team spent 1 resources.
2018-04-18 14:09:42,001 INFO = Combat phase begins
2018-04-18 14:09:42,054 INFO = Ranged phase begins
2018-04-18 14:09:42,105 INFO = Special phase begins
2018-04-18 14:09:42,157 INFO = Start Turn phase begins
2018-04-18 14:09:42,157 INFO == TURN 23 BEGIN ==
2018-04-18 14:09:42,170 INFO Team.BLUE team acquired 1 resources.
2018-04-18 14:09:42,170 INFO Team.BLUE team acquired 1 resources.
2018-04-18 14:09:42,170 INFO Team.BLUE team acquired 1 resources.
2018-04-18 14:09:42,170 INFO Team.BLUE team acquired 1 resources.
2018-04-18 14:09:42,170 INFO Team.BLUE team acquired 1 resources.
2018-04-18 14:09:42,170 INFO Team.BLUE team acquired 1 resources.
2018-04-18 14:09:42,170 INFO Team.BLUE team acquired 1 resources.
2018-04-18 14:09:42,171 INFO Team.BLUE team acquired 1 resources.
2018-04-18 14:09:42,171 INFO Team.BLUE team acquired 1 resources.
2018-04-18 14:09:42,171 INFO Team.BLUE team acquired 1 resources.
2018-04-18 14:09:42,171 INFO Team.BLUE team acquired 1 resources.
2018-04-18 14:09:42,171 INFO Team.BLUE team acquired 1 resources.
2018-04-18 14:09:42,171 INFO Team.BLUE team acquired 1 resources.
2018-04-18 14:09:42,171 INFO Team.BLUE team acquired 1 resources.
2018-04-18 14:09:42,171 INFO Team.RED team acquired 1 resources.
2018-04-18 14:09:42,171 INFO Team.RED team acquired 1 resources.
2018-04-18 14:09:42,172 INFO Team.RED team acquired 1 resources.
2018-04-18 14:09:42,172 INFO Team.BLUE team acquired 2 resources.
2018-04-18 14:09:42,172 INFO Team.RED team acquired 2 resources.
2018-04-18 14:09:42,209 INFO = Issue Orders phase begins
2018-04-18 14:09:42,880 INFO BLUE Colonist at tile (10, 13) with 100 HP was assigned the order 'Order: Move to (10, 10)'
2018-04-18 14:09:42,880 INFO = Move phase begins
2018-04-18 14:09:42,892 INFO None moved to (10, 10)
2018-04-18 14:09:42,931 INFO = Build phase begins
2018-04-18 14:09:42,983 INFO = Combat phase begins
2018-04-18 14:09:43,035 INFO = Ranged phase begins
2018-04-18 14:09:43,087 INFO = Special phase begins
2018-04-18 14:09:43,138 INFO = Start Turn phase begins
2018-04-18 14:09:43,139 INFO == TURN 24 BEGIN ==
2018-04-18 14:09:43,151 INFO Team.BLUE team acquired 1 resources.
2018-04-18 14:09:43,151 INFO Team.BLUE team acquired 1 resources.
2018-04-18 14:09:43,152 INFO Team.BLUE team acquired 1 resources.
2018-04-18 14:09:43,152 INFO Team.BLUE team acquired 1 resources.
2018-04-18 14:09:43,152 INFO Team.BLUE team acquired 1 resources.
2018-04-18 14:09:43,152 INFO Team.BLUE team acquired 1 resources.
2018-04-18 14:09:43,152 INFO Team.BLUE team acquired 1 resources.
2018-04-18 14:09:43,152 INFO Team.BLUE team acquired 1 resources.
2018-04-18 14:09:43,152 INFO Team.BLUE team acquired 1 resources.
2018-04-18 14:09:43,152 INFO Team.BLUE team acquired 1 resources.
2018-04-18 14:09:43,152 INFO Team.BLUE team acquired 1 resources.
2018-04-18 14:09:43,153 INFO Team.BLUE team acquired 1 resources.
2018-04-18 14:09:43,153 INFO Team.BLUE team acquired 1 resources.
2018-04-18 14:09:43,153 INFO Team.BLUE team acquired 1 resources.
2018-04-18 14:09:43,153 INFO Team.RED team acquired 1 resources.
2018-04-18 14:09:43,153 INFO Team.RED team acquired 1 resources.
2018-04-18 14:09:43,153 INFO Team.RED team acquired 1 resources.
2018-04-18 14:09:43,153 INFO Team.BLUE team acquired 2 resources.
2018-04-18 14:09:43,153 INFO Team.RED team acquired 2 resources.
2018-04-18 14:09:43,191 INFO = Issue Orders phase begins
2018-04-18 14:09:43,758 INFO BLUE Colonist at tile (10, 10) with 100 HP was assigned the order 'Order: Move to (13, 10)'
2018-04-18 14:09:43,758 INFO = Move phase begins
2018-04-18 14:09:43,771 INFO None moved to (13, 10)
2018-04-18 14:09:43,809 INFO = Build phase begins
2018-04-18 14:09:43,862 INFO = Combat phase begins
2018-04-18 14:09:43,914 INFO = Ranged phase begins
2018-04-18 14:09:43,965 INFO = Special phase begins
2018-04-18 14:09:44,015 INFO = Start Turn phase begins
2018-04-18 14:09:44,016 INFO == TURN 25 BEGIN ==
2018-04-18 14:09:44,029 INFO Team.BLUE team acquired 1 resources.
2018-04-18 14:09:44,029 INFO Team.BLUE team acquired 1 resources.
2018-04-18 14:09:44,029 INFO Team.BLUE team acquired 1 resources.
2018-04-18 14:09:44,029 INFO Team.BLUE team acquired 1 resources.
2018-04-18 14:09:44,029 INFO Team.BLUE team acquired 1 resources.
2018-04-18 14:09:44,030 INFO Team.BLUE team acquired 1 resources.
2018-04-18 14:09:44,030 INFO Team.BLUE team acquired 1 resources.
2018-04-18 14:09:44,030 INFO Team.BLUE team acquired 1 resources.
2018-04-18 14:09:44,030 INFO Team.BLUE team acquired 1 resources.
2018-04-18 14:09:44,030 INFO Team.BLUE team acquired 1 resources.
2018-04-18 14:09:44,030 INFO Team.BLUE team acquired 1 resources.
2018-04-18 14:09:44,030 INFO Team.BLUE team acquired 1 resources.
2018-04-18 14:09:44,030 INFO Team.BLUE team acquired 1 resources.
2018-04-18 14:09:44,031 INFO Team.BLUE team acquired 1 resources.
2018-04-18 14:09:44,031 INFO Team.RED team acquired 1 resources.
2018-04-18 14:09:44,031 INFO Team.RED team acquired 1 resources.
2018-04-18 14:09:44,031 INFO Team.RED team acquired 1 resources.
2018-04-18 14:09:44,031 INFO Team.BLUE team acquired 2 resources.
2018-04-18 14:09:44,031 INFO Team.RED team acquired 2 resources.
2018-04-18 14:09:44,068 INFO = Issue Orders phase begins
2018-04-18 14:09:44,679 INFO BLUE Colonist at tile (13, 10) with 100 HP was assigned the order 'Order: Build a Generator on tile (14, 10)'
2018-04-18 14:09:44,679 INFO = Move phase begins
2018-04-18 14:09:44,729 INFO = Build phase begins
2018-04-18 14:09:44,742 INFO Team.BLUE PieceType.GENERATOR was built on (14, 10). 
2018-04-18 14:09:44,742 INFO Team.BLUE team spent 1 resources.
2018-04-18 14:09:44,779 INFO = Combat phase begins
2018-04-18 14:09:44,830 INFO = Ranged phase begins
2018-04-18 14:09:44,882 INFO = Special phase begins
2018-04-18 14:09:44,934 INFO = Start Turn phase begins
2018-04-18 14:09:44,935 INFO == TURN 26 BEGIN ==
2018-04-18 14:09:44,948 INFO Team.BLUE team acquired 1 resources.
2018-04-18 14:09:44,948 INFO Team.BLUE team acquired 1 resources.
2018-04-18 14:09:44,948 INFO Team.BLUE team acquired 1 resources.
2018-04-18 14:09:44,949 INFO Team.BLUE team acquired 1 resources.
2018-04-18 14:09:44,949 INFO Team.BLUE team acquired 1 resources.
2018-04-18 14:09:44,949 INFO Team.BLUE team acquired 1 resources.
2018-04-18 14:09:44,949 INFO Team.BLUE team acquired 1 resources.
2018-04-18 14:09:44,949 INFO Team.BLUE team acquired 1 resources.
2018-04-18 14:09:44,949 INFO Team.BLUE team acquired 1 resources.
2018-04-18 14:09:44,949 INFO Team.BLUE team acquired 1 resources.
2018-04-18 14:09:44,949 INFO Team.BLUE team acquired 1 resources.
2018-04-18 14:09:44,949 INFO Team.BLUE team acquired 1 resources.
2018-04-18 14:09:44,950 INFO Team.BLUE team acquired 1 resources.
2018-04-18 14:09:44,950 INFO Team.BLUE team acquired 1 resources.
2018-04-18 14:09:44,950 INFO Team.BLUE team acquired 1 resources.
2018-04-18 14:09:44,950 INFO Team.RED team acquired 1 resources.
2018-04-18 14:09:44,950 INFO Team.RED team acquired 1 resources.
2018-04-18 14:09:44,950 INFO Team.RED team acquired 1 resources.
2018-04-18 14:09:44,950 INFO Team.BLUE team acquired 2 resources.
2018-04-18 14:09:44,950 INFO Team.RED team acquired 2 resources.
2018-04-18 14:09:44,989 INFO = Issue Orders phase begins
2018-04-18 14:09:45,733 INFO BLUE Colonist at tile (13, 10) with 100 HP was assigned the order 'Order: Move to (14, 9)'
2018-04-18 14:09:45,734 INFO = Move phase begins
2018-04-18 14:09:45,746 INFO None moved to (14, 9)
2018-04-18 14:09:45,784 INFO = Build phase begins
2018-04-18 14:09:45,836 INFO = Combat phase begins
2018-04-18 14:09:45,886 INFO = Ranged phase begins
2018-04-18 14:09:45,937 INFO = Special phase begins
2018-04-18 14:09:45,990 INFO = Start Turn phase begins
2018-04-18 14:09:45,991 INFO == TURN 27 BEGIN ==
2018-04-18 14:09:46,005 INFO Team.BLUE team acquired 1 resources.
2018-04-18 14:09:46,006 INFO Team.BLUE team acquired 1 resources.
2018-04-18 14:09:46,006 INFO Team.BLUE team acquired 1 resources.
2018-04-18 14:09:46,006 INFO Team.BLUE team acquired 1 resources.
2018-04-18 14:09:46,006 INFO Team.BLUE team acquired 1 resources.
2018-04-18 14:09:46,006 INFO Team.BLUE team acquired 1 resources.
2018-04-18 14:09:46,006 INFO Team.BLUE team acquired 1 resources.
2018-04-18 14:09:46,006 INFO Team.BLUE team acquired 1 resources.
2018-04-18 14:09:46,007 INFO Team.BLUE team acquired 1 resources.
2018-04-18 14:09:46,007 INFO Team.BLUE team acquired 1 resources.
2018-04-18 14:09:46,007 INFO Team.BLUE team acquired 1 resources.
2018-04-18 14:09:46,007 INFO Team.BLUE team acquired 1 resources.
2018-04-18 14:09:46,007 INFO Team.BLUE team acquired 1 resources.
2018-04-18 14:09:46,007 INFO Team.BLUE team acquired 1 resources.
2018-04-18 14:09:46,007 INFO Team.BLUE team acquired 1 resources.
2018-04-18 14:09:46,007 INFO Team.RED team acquired 1 resources.
2018-04-18 14:09:46,008 INFO Team.RED team acquired 1 resources.
2018-04-18 14:09:46,008 INFO Team.RED team acquired 1 resources.
2018-04-18 14:09:46,008 INFO Team.BLUE team acquired 2 resources.
2018-04-18 14:09:46,008 INFO Team.RED team acquired 2 resources.
2018-04-18 14:09:46,050 INFO = Issue Orders phase begins
2018-04-18 14:09:46,640 INFO BLUE Colonist at tile (14, 9) with 100 HP was assigned the order 'Order: Build a Generator on tile (15, 9)'
2018-04-18 14:09:46,640 INFO = Move phase begins
2018-04-18 14:09:46,695 INFO = Build phase begins
2018-04-18 14:09:46,709 INFO Team.BLUE PieceType.GENERATOR was built on (15, 9). 
2018-04-18 14:09:46,709 INFO Team.BLUE team spent 1 resources.
2018-04-18 14:09:46,749 INFO = Combat phase begins
2018-04-18 14:09:46,801 INFO = Ranged phase begins
2018-04-18 14:09:46,851 INFO = Special phase begins
2018-04-18 14:09:46,903 INFO = Start Turn phase begins
2018-04-18 14:09:46,903 INFO == TURN 28 BEGIN ==
2018-04-18 14:09:46,917 INFO Team.BLUE team acquired 1 resources.
2018-04-18 14:09:46,917 INFO Team.BLUE team acquired 1 resources.
2018-04-18 14:09:46,917 INFO Team.BLUE team acquired 1 resources.
2018-04-18 14:09:46,917 INFO Team.BLUE team acquired 1 resources.
2018-04-18 14:09:46,917 INFO Team.BLUE team acquired 1 resources.
2018-04-18 14:09:46,917 INFO Team.BLUE team acquired 1 resources.
2018-04-18 14:09:46,917 INFO Team.BLUE team acquired 1 resources.
2018-04-18 14:09:46,917 INFO Team.BLUE team acquired 1 resources.
2018-04-18 14:09:46,918 INFO Team.BLUE team acquired 1 resources.
2018-04-18 14:09:46,918 INFO Team.BLUE team acquired 1 resources.
2018-04-18 14:09:46,918 INFO Team.BLUE team acquired 1 resources.
2018-04-18 14:09:46,918 INFO Team.BLUE team acquired 1 resources.
2018-04-18 14:09:46,918 INFO Team.BLUE team acquired 1 resources.
2018-04-18 14:09:46,918 INFO Team.BLUE team acquired 1 resources.
2018-04-18 14:09:46,918 INFO Team.BLUE team acquired 1 resources.
2018-04-18 14:09:46,918 INFO Team.BLUE team acquired 1 resources.
2018-04-18 14:09:46,919 INFO Team.RED team acquired 1 resources.
2018-04-18 14:09:46,919 INFO Team.RED team acquired 1 resources.
2018-04-18 14:09:46,919 INFO Team.RED team acquired 1 resources.
2018-04-18 14:09:46,919 INFO Team.BLUE team acquired 2 resources.
2018-04-18 14:09:46,919 INFO Team.RED team acquired 2 resources.
2018-04-18 14:09:46,956 INFO = Issue Orders phase begins
2018-04-18 14:09:48,720 INFO BLUE Colonist at tile (14, 9) with 100 HP was assigned the order 'Order: Move to (13, 7)'
2018-04-18 14:09:48,720 INFO = Move phase begins
2018-04-18 14:09:48,734 INFO None moved to (13, 7)
2018-04-18 14:09:48,775 INFO = Build phase begins
2018-04-18 14:09:48,832 INFO = Combat phase begins
2018-04-18 14:09:48,887 INFO = Ranged phase begins
2018-04-18 14:09:48,942 INFO = Special phase begins
2018-04-18 14:09:48,996 INFO = Start Turn phase begins
2018-04-18 14:09:48,997 INFO == TURN 29 BEGIN ==
2018-04-18 14:09:49,012 INFO Team.BLUE team acquired 1 resources.
2018-04-18 14:09:49,012 INFO Team.BLUE team acquired 1 resources.
2018-04-18 14:09:49,013 INFO Team.BLUE team acquired 1 resources.
2018-04-18 14:09:49,013 INFO Team.BLUE team acquired 1 resources.
2018-04-18 14:09:49,013 INFO Team.BLUE team acquired 1 resources.
2018-04-18 14:09:49,013 INFO Team.BLUE team acquired 1 resources.
2018-04-18 14:09:49,013 INFO Team.BLUE team acquired 1 resources.
2018-04-18 14:09:49,013 INFO Team.BLUE team acquired 1 resources.
2018-04-18 14:09:49,013 INFO Team.BLUE team acquired 1 resources.
2018-04-18 14:09:49,013 INFO Team.BLUE team acquired 1 resources.
2018-04-18 14:09:49,014 INFO Team.BLUE team acquired 1 resources.
2018-04-18 14:09:49,014 INFO Team.BLUE team acquired 1 resources.
2018-04-18 14:09:49,014 INFO Team.BLUE team acquired 1 resources.
2018-04-18 14:09:49,014 INFO Team.BLUE team acquired 1 resources.
2018-04-18 14:09:49,014 INFO Team.BLUE team acquired 1 resources.
2018-04-18 14:09:49,014 INFO Team.BLUE team acquired 1 resources.
2018-04-18 14:09:49,014 INFO Team.RED team acquired 1 resources.
2018-04-18 14:09:49,014 INFO Team.RED team acquired 1 resources.
2018-04-18 14:09:49,014 INFO Team.RED team acquired 1 resources.
2018-04-18 14:09:49,015 INFO Team.BLUE team acquired 2 resources.
2018-04-18 14:09:49,015 INFO Team.RED team acquired 2 resources.
2018-04-18 14:09:49,057 INFO = Issue Orders phase begins
2018-04-18 14:09:49,693 INFO BLUE Colonist at tile (13, 7) with 100 HP was assigned the order 'Order: Move to (11, 6)'
2018-04-18 14:09:49,693 INFO = Move phase begins
2018-04-18 14:09:49,707 INFO None moved to (11, 6)
2018-04-18 14:09:49,749 INFO = Build phase begins
2018-04-18 14:09:49,804 INFO = Combat phase begins
2018-04-18 14:09:49,858 INFO = Ranged phase begins
2018-04-18 14:09:49,912 INFO = Special phase begins
2018-04-18 14:09:49,966 INFO = Start Turn phase begins
2018-04-18 14:09:49,967 INFO == TURN 30 BEGIN ==
2018-04-18 14:09:49,982 INFO Team.BLUE team acquired 1 resources.
2018-04-18 14:09:49,982 INFO Team.BLUE team acquired 1 resources.
2018-04-18 14:09:49,983 INFO Team.BLUE team acquired 1 resources.
2018-04-18 14:09:49,983 INFO Team.BLUE team acquired 1 resources.
2018-04-18 14:09:49,983 INFO Team.BLUE team acquired 1 resources.
2018-04-18 14:09:49,983 INFO Team.BLUE team acquired 1 resources.
2018-04-18 14:09:49,983 INFO Team.BLUE team acquired 1 resources.
2018-04-18 14:09:49,983 INFO Team.BLUE team acquired 1 resources.
2018-04-18 14:09:49,983 INFO Team.BLUE team acquired 1 resources.
2018-04-18 14:09:49,983 INFO Team.BLUE team acquired 1 resources.
2018-04-18 14:09:49,983 INFO Team.BLUE team acquired 1 resources.
2018-04-18 14:09:49,984 INFO Team.BLUE team acquired 1 resources.
2018-04-18 14:09:49,984 INFO Team.BLUE team acquired 1 resources.
2018-04-18 14:09:49,984 INFO Team.BLUE team acquired 1 resources.
2018-04-18 14:09:49,984 INFO Team.BLUE team acquired 1 resources.
2018-04-18 14:09:49,984 INFO Team.BLUE team acquired 1 resources.
2018-04-18 14:09:49,984 INFO Team.RED team acquired 1 resources.
2018-04-18 14:09:49,984 INFO Team.RED team acquired 1 resources.
2018-04-18 14:09:49,984 INFO Team.RED team acquired 1 resources.
2018-04-18 14:09:49,985 INFO Team.BLUE team acquired 2 resources.
2018-04-18 14:09:49,985 INFO Team.RED team acquired 2 resources.
2018-04-18 14:09:50,027 INFO = Issue Orders phase begins
2018-04-18 14:09:50,526 INFO BLUE Colonist at tile (11, 6) with 100 HP was assigned the order 'Order: Move to (9, 5)'
2018-04-18 14:09:50,526 INFO = Move phase begins
2018-04-18 14:09:50,540 INFO None moved to (9, 5)
2018-04-18 14:09:50,581 INFO = Build phase begins
2018-04-18 14:09:50,635 INFO = Combat phase begins
2018-04-18 14:09:50,691 INFO = Ranged phase begins
2018-04-18 14:09:50,747 INFO = Special phase begins
2018-04-18 14:09:50,804 INFO = Start Turn phase begins
2018-04-18 14:09:50,805 INFO == TURN 31 BEGIN ==
2018-04-18 14:09:50,818 INFO Team.BLUE team acquired 1 resources.
2018-04-18 14:09:50,818 INFO Team.BLUE team acquired 1 resources.
2018-04-18 14:09:50,819 INFO Team.BLUE team acquired 1 resources.
2018-04-18 14:09:50,819 INFO Team.BLUE team acquired 1 resources.
2018-04-18 14:09:50,819 INFO Team.BLUE team acquired 1 resources.
2018-04-18 14:09:50,819 INFO Team.BLUE team acquired 1 resources.
2018-04-18 14:09:50,819 INFO Team.BLUE team acquired 1 resources.
2018-04-18 14:09:50,819 INFO Team.BLUE team acquired 1 resources.
2018-04-18 14:09:50,819 INFO Team.BLUE team acquired 1 resources.
2018-04-18 14:09:50,819 INFO Team.BLUE team acquired 1 resources.
2018-04-18 14:09:50,819 INFO Team.BLUE team acquired 1 resources.
2018-04-18 14:09:50,820 INFO Team.BLUE team acquired 1 resources.
2018-04-18 14:09:50,820 INFO Team.BLUE team acquired 1 resources.
2018-04-18 14:09:50,820 INFO Team.BLUE team acquired 1 resources.
2018-04-18 14:09:50,820 INFO Team.BLUE team acquired 1 resources.
2018-04-18 14:09:50,820 INFO Team.BLUE team acquired 1 resources.
2018-04-18 14:09:50,820 INFO Team.RED team acquired 1 resources.
2018-04-18 14:09:50,820 INFO Team.RED team acquired 1 resources.
2018-04-18 14:09:50,820 INFO Team.RED team acquired 1 resources.
2018-04-18 14:09:50,820 INFO Team.BLUE team acquired 2 resources.
2018-04-18 14:09:50,821 INFO Team.RED team acquired 2 resources.
2018-04-18 14:09:50,862 INFO = Issue Orders phase begins
2018-04-18 14:09:51,398 INFO BLUE Colonist at tile (9, 5) with 100 HP was assigned the order 'Order: Move to (9, 2)'
2018-04-18 14:09:51,398 INFO = Move phase begins
2018-04-18 14:09:51,413 INFO None moved to (9, 2)
2018-04-18 14:09:51,455 INFO = Build phase begins
2018-04-18 14:09:51,513 INFO = Combat phase begins
2018-04-18 14:09:51,567 INFO = Ranged phase begins
2018-04-18 14:09:51,621 INFO = Special phase begins
2018-04-18 14:09:51,676 INFO = Start Turn phase begins
2018-04-18 14:09:51,677 INFO == TURN 32 BEGIN ==
2018-04-18 14:09:51,689 INFO Team.BLUE team acquired 1 resources.
2018-04-18 14:09:51,689 INFO Team.BLUE team acquired 1 resources.
2018-04-18 14:09:51,689 INFO Team.BLUE team acquired 1 resources.
2018-04-18 14:09:51,690 INFO Team.BLUE team acquired 1 resources.
2018-04-18 14:09:51,690 INFO Team.BLUE team acquired 1 resources.
2018-04-18 14:09:51,690 INFO Team.BLUE team acquired 1 resources.
2018-04-18 14:09:51,690 INFO Team.BLUE team acquired 1 resources.
2018-04-18 14:09:51,690 INFO Team.BLUE team acquired 1 resources.
2018-04-18 14:09:51,690 INFO Team.BLUE team acquired 1 resources.
2018-04-18 14:09:51,690 INFO Team.BLUE team acquired 1 resources.
2018-04-18 14:09:51,690 INFO Team.BLUE team acquired 1 resources.
2018-04-18 14:09:51,690 INFO Team.BLUE team acquired 1 resources.
2018-04-18 14:09:51,691 INFO Team.BLUE team acquired 1 resources.
2018-04-18 14:09:51,691 INFO Team.BLUE team acquired 1 resources.
2018-04-18 14:09:51,691 INFO Team.BLUE team acquired 1 resources.
2018-04-18 14:09:51,691 INFO Team.BLUE team acquired 1 resources.
2018-04-18 14:09:51,691 INFO Team.RED team acquired 1 resources.
2018-04-18 14:09:51,691 INFO Team.RED team acquired 1 resources.
2018-04-18 14:09:51,691 INFO Team.RED team acquired 1 resources.
2018-04-18 14:09:51,691 INFO Team.BLUE team acquired 2 resources.
2018-04-18 14:09:51,692 INFO Team.RED team acquired 2 resources.
2018-04-18 14:09:51,733 INFO = Issue Orders phase begins
2018-04-18 14:11:02,201 INFO == TURN 1 BEGIN ==
2018-04-18 14:11:02,202 INFO = Issue Orders phase begins
2018-04-18 14:11:04,413 INFO BLUE Colonist at tile (12, 2) with 100 HP was assigned the order 'Order: Move to (12, 0)'
2018-04-18 14:11:04,414 INFO = Move phase begins
2018-04-18 14:11:04,423 INFO None moved to (12, 0)
2018-04-18 14:11:04,452 INFO = Build phase begins
2018-04-18 14:11:04,490 INFO = Combat phase begins
2018-04-18 14:11:04,530 INFO = Ranged phase begins
2018-04-18 14:11:04,568 INFO = Special phase begins
2018-04-18 14:11:04,609 INFO = Start Turn phase begins
2018-04-18 14:11:04,610 INFO == TURN 2 BEGIN ==
2018-04-18 14:11:04,621 INFO Team.RED team acquired 1 resources.
2018-04-18 14:11:04,622 INFO Team.BLUE team acquired 1 resources.
2018-04-18 14:11:04,622 INFO Team.BLUE team acquired 2 resources.
2018-04-18 14:11:04,622 INFO Team.RED team acquired 2 resources.
2018-04-18 14:11:04,655 INFO = Issue Orders phase begins
2018-04-18 14:11:05,191 INFO BLUE Colonist at tile (12, 0) with 100 HP was assigned the order 'Order: Build a Generator on tile (13, 0)'
2018-04-18 14:11:05,191 INFO = Move phase begins
2018-04-18 14:11:05,231 INFO = Build phase begins
2018-04-18 14:11:05,241 INFO Team.BLUE PieceType.GENERATOR was built on (13, 0). 
2018-04-18 14:11:05,241 INFO Team.BLUE team spent 1 resources.
2018-04-18 14:11:05,271 INFO = Combat phase begins
2018-04-18 14:11:05,313 INFO = Ranged phase begins
2018-04-18 14:11:05,352 INFO = Special phase begins
2018-04-18 14:11:05,390 INFO = Start Turn phase begins
2018-04-18 14:11:05,391 INFO == TURN 3 BEGIN ==
2018-04-18 14:11:05,401 INFO Team.BLUE team acquired 1 resources.
2018-04-18 14:11:05,401 INFO Team.RED team acquired 1 resources.
2018-04-18 14:11:05,401 INFO Team.BLUE team acquired 1 resources.
2018-04-18 14:11:05,401 INFO Team.BLUE team acquired 2 resources.
2018-04-18 14:11:05,401 INFO Team.RED team acquired 2 resources.
2018-04-18 14:11:05,430 INFO = Issue Orders phase begins
2018-04-18 14:11:05,977 INFO BLUE Colonist at tile (12, 0) with 100 HP was assigned the order 'Order: Move to (13, 1)'
2018-04-18 14:11:05,977 INFO = Move phase begins
2018-04-18 14:11:05,987 INFO None moved to (13, 1)
2018-04-18 14:11:06,016 INFO = Build phase begins
2018-04-18 14:11:06,058 INFO = Combat phase begins
2018-04-18 14:11:06,098 INFO = Ranged phase begins
2018-04-18 14:11:06,136 INFO = Special phase begins
2018-04-18 14:11:06,173 INFO = Start Turn phase begins
2018-04-18 14:11:06,173 INFO == TURN 4 BEGIN ==
2018-04-18 14:11:06,184 INFO Team.BLUE team acquired 1 resources.
2018-04-18 14:11:06,184 INFO Team.RED team acquired 1 resources.
2018-04-18 14:11:06,184 INFO Team.BLUE team acquired 1 resources.
2018-04-18 14:11:06,184 INFO Team.BLUE team acquired 2 resources.
2018-04-18 14:11:06,184 INFO Team.RED team acquired 2 resources.
2018-04-18 14:11:06,213 INFO = Issue Orders phase begins
2018-04-18 14:11:06,815 INFO BLUE Colonist at tile (13, 1) with 100 HP was assigned the order 'Order: Build a Generator on tile (14, 1)'
2018-04-18 14:11:06,815 INFO = Move phase begins
2018-04-18 14:11:06,853 INFO = Build phase begins
2018-04-18 14:11:06,864 INFO Team.BLUE PieceType.GENERATOR was built on (14, 1). 
2018-04-18 14:11:06,864 INFO Team.BLUE team spent 1 resources.
2018-04-18 14:11:06,893 INFO = Combat phase begins
2018-04-18 14:11:06,931 INFO = Ranged phase begins
2018-04-18 14:11:06,969 INFO = Special phase begins
2018-04-18 14:11:07,006 INFO = Start Turn phase begins
2018-04-18 14:11:07,007 INFO == TURN 5 BEGIN ==
2018-04-18 14:11:07,017 INFO Team.BLUE team acquired 1 resources.
2018-04-18 14:11:07,017 INFO Team.BLUE team acquired 1 resources.
2018-04-18 14:11:07,018 INFO Team.RED team acquired 1 resources.
2018-04-18 14:11:07,018 INFO Team.BLUE team acquired 1 resources.
2018-04-18 14:11:07,018 INFO Team.BLUE team acquired 2 resources.
2018-04-18 14:11:07,018 INFO Team.RED team acquired 2 resources.
2018-04-18 14:11:07,047 INFO = Issue Orders phase begins
2018-04-18 14:11:07,805 INFO BLUE Colonist at tile (13, 1) with 100 HP was assigned the order 'Order: Move to (10, 1)'
2018-04-18 14:11:07,805 INFO = Move phase begins
2018-04-18 14:11:07,817 INFO None moved to (10, 1)
2018-04-18 14:11:07,846 INFO = Build phase begins
2018-04-18 14:11:07,885 INFO = Combat phase begins
2018-04-18 14:11:07,922 INFO = Ranged phase begins
2018-04-18 14:11:07,960 INFO = Special phase begins
2018-04-18 14:11:08,000 INFO = Start Turn phase begins
2018-04-18 14:11:08,001 INFO == TURN 6 BEGIN ==
2018-04-18 14:11:08,011 INFO Team.BLUE team acquired 1 resources.
2018-04-18 14:11:08,011 INFO Team.BLUE team acquired 1 resources.
2018-04-18 14:11:08,012 INFO Team.RED team acquired 1 resources.
2018-04-18 14:11:08,012 INFO Team.BLUE team acquired 1 resources.
2018-04-18 14:11:08,012 INFO Team.BLUE team acquired 2 resources.
2018-04-18 14:11:08,012 INFO Team.RED team acquired 2 resources.
2018-04-18 14:11:08,046 INFO = Issue Orders phase begins
2018-04-18 14:11:08,488 INFO BLUE Colonist at tile (10, 1) with 100 HP was assigned the order 'Order: Move to (8, 1)'
2018-04-18 14:11:08,488 INFO = Move phase begins
2018-04-18 14:11:08,498 INFO None moved to (8, 1)
2018-04-18 14:11:08,528 INFO = Build phase begins
2018-04-18 14:11:08,567 INFO = Combat phase begins
2018-04-18 14:11:08,609 INFO = Ranged phase begins
2018-04-18 14:11:08,655 INFO = Special phase begins
2018-04-18 14:11:08,693 INFO = Start Turn phase begins
2018-04-18 14:11:08,693 INFO == TURN 7 BEGIN ==
2018-04-18 14:11:08,703 INFO Team.BLUE team acquired 1 resources.
2018-04-18 14:11:08,703 INFO Team.BLUE team acquired 1 resources.
2018-04-18 14:11:08,703 INFO Team.RED team acquired 1 resources.
2018-04-18 14:11:08,703 INFO Team.BLUE team acquired 1 resources.
2018-04-18 14:11:08,703 INFO Team.BLUE team acquired 2 resources.
2018-04-18 14:11:08,703 INFO Team.RED team acquired 2 resources.
2018-04-18 14:11:08,732 INFO = Issue Orders phase begins
2018-04-18 14:11:09,221 INFO BLUE Colonist at tile (8, 1) with 100 HP was assigned the order 'Order: Build a Generator on tile (7, 1)'
2018-04-18 14:11:09,222 INFO = Move phase begins
2018-04-18 14:11:09,260 INFO = Build phase begins
2018-04-18 14:11:09,270 INFO Team.BLUE PieceType.GENERATOR was built on (7, 1). 
2018-04-18 14:11:09,270 INFO Team.BLUE team spent 1 resources.
2018-04-18 14:11:09,299 INFO = Combat phase begins
2018-04-18 14:11:09,337 INFO = Ranged phase begins
2018-04-18 14:11:09,375 INFO = Special phase begins
2018-04-18 14:11:09,413 INFO = Start Turn phase begins
2018-04-18 14:11:09,414 INFO == TURN 8 BEGIN ==
2018-04-18 14:11:09,423 INFO Team.BLUE team acquired 1 resources.
2018-04-18 14:11:09,424 INFO Team.BLUE team acquired 1 resources.
2018-04-18 14:11:09,424 INFO Team.BLUE team acquired 1 resources.
2018-04-18 14:11:09,424 INFO Team.RED team acquired 1 resources.
2018-04-18 14:11:09,424 INFO Team.BLUE team acquired 1 resources.
2018-04-18 14:11:09,424 INFO Team.BLUE team acquired 2 resources.
2018-04-18 14:11:09,424 INFO Team.RED team acquired 2 resources.
2018-04-18 14:11:09,453 INFO = Issue Orders phase begins
2018-04-18 14:11:10,111 INFO BLUE Colonist at tile (8, 1) with 100 HP was assigned the order 'Order: Move to (5, 1)'
2018-04-18 14:11:10,111 INFO = Move phase begins
2018-04-18 14:11:10,121 INFO None moved to (5, 1)
2018-04-18 14:11:10,151 INFO = Build phase begins
2018-04-18 14:11:10,191 INFO = Combat phase begins
2018-04-18 14:11:10,229 INFO = Ranged phase begins
2018-04-18 14:11:10,267 INFO = Special phase begins
2018-04-18 14:11:10,306 INFO = Start Turn phase begins
2018-04-18 14:11:10,307 INFO == TURN 9 BEGIN ==
2018-04-18 14:11:10,317 INFO Team.BLUE team acquired 1 resources.
2018-04-18 14:11:10,317 INFO Team.BLUE team acquired 1 resources.
2018-04-18 14:11:10,317 INFO Team.BLUE team acquired 1 resources.
2018-04-18 14:11:10,317 INFO Team.RED team acquired 1 resources.
2018-04-18 14:11:10,318 INFO Team.BLUE team acquired 1 resources.
2018-04-18 14:11:10,318 INFO Team.BLUE team acquired 2 resources.
2018-04-18 14:11:10,318 INFO Team.RED team acquired 2 resources.
2018-04-18 14:11:10,347 INFO = Issue Orders phase begins
2018-04-18 14:11:10,716 INFO BLUE Colonist at tile (5, 1) with 100 HP was assigned the order 'Order: Move to (2, 1)'
2018-04-18 14:11:10,716 INFO = Move phase begins
2018-04-18 14:11:10,726 INFO None moved to (2, 1)
2018-04-18 14:11:10,754 INFO = Build phase begins
2018-04-18 14:11:10,794 INFO = Combat phase begins
2018-04-18 14:11:10,832 INFO = Ranged phase begins
2018-04-18 14:11:10,869 INFO = Special phase begins
2018-04-18 14:11:10,909 INFO = Start Turn phase begins
2018-04-18 14:11:10,910 INFO == TURN 10 BEGIN ==
2018-04-18 14:11:10,919 INFO Team.BLUE team acquired 1 resources.
2018-04-18 14:11:10,919 INFO Team.BLUE team acquired 1 resources.
2018-04-18 14:11:10,919 INFO Team.BLUE team acquired 1 resources.
2018-04-18 14:11:10,919 INFO Team.RED team acquired 1 resources.
2018-04-18 14:11:10,920 INFO Team.BLUE team acquired 1 resources.
2018-04-18 14:11:10,920 INFO Team.BLUE team acquired 2 resources.
2018-04-18 14:11:10,920 INFO Team.RED team acquired 2 resources.
2018-04-18 14:11:10,950 INFO = Issue Orders phase begins
2018-04-18 14:11:11,404 INFO BLUE Colonist at tile (2, 1) with 100 HP was assigned the order 'Order: Build a Generator on tile (1, 1)'
2018-04-18 14:11:11,404 INFO = Move phase begins
2018-04-18 14:11:11,443 INFO = Build phase begins
2018-04-18 14:11:11,453 INFO Team.BLUE PieceType.GENERATOR was built on (1, 1). 
2018-04-18 14:11:11,453 INFO Team.BLUE team spent 1 resources.
2018-04-18 14:11:11,482 INFO = Combat phase begins
2018-04-18 14:11:11,522 INFO = Ranged phase begins
2018-04-18 14:11:11,562 INFO = Special phase begins
2018-04-18 14:11:11,601 INFO = Start Turn phase begins
2018-04-18 14:11:11,602 INFO == TURN 11 BEGIN ==
2018-04-18 14:11:11,614 INFO Team.BLUE team acquired 1 resources.
2018-04-18 14:11:11,614 INFO Team.BLUE team acquired 1 resources.
2018-04-18 14:11:11,614 INFO Team.BLUE team acquired 1 resources.
2018-04-18 14:11:11,614 INFO Team.BLUE team acquired 1 resources.
2018-04-18 14:11:11,614 INFO Team.RED team acquired 1 resources.
2018-04-18 14:11:11,615 INFO Team.BLUE team acquired 1 resources.
2018-04-18 14:11:11,615 INFO Team.BLUE team acquired 2 resources.
2018-04-18 14:11:11,615 INFO Team.RED team acquired 2 resources.
2018-04-18 14:11:11,645 INFO = Issue Orders phase begins
2018-04-18 14:11:12,285 INFO BLUE Colonist at tile (2, 1) with 100 HP was assigned the order 'Order: Move to (1, 3)'
2018-04-18 14:11:12,285 INFO = Move phase begins
2018-04-18 14:11:12,295 INFO None moved to (1, 3)
2018-04-18 14:11:12,326 INFO = Build phase begins
2018-04-18 14:11:12,364 INFO = Combat phase begins
2018-04-18 14:11:12,403 INFO = Ranged phase begins
2018-04-18 14:11:12,442 INFO = Special phase begins
2018-04-18 14:11:12,481 INFO = Start Turn phase begins
2018-04-18 14:11:12,482 INFO == TURN 12 BEGIN ==
2018-04-18 14:11:12,491 INFO Team.BLUE team acquired 1 resources.
2018-04-18 14:11:12,492 INFO Team.BLUE team acquired 1 resources.
2018-04-18 14:11:12,492 INFO Team.BLUE team acquired 1 resources.
2018-04-18 14:11:12,492 INFO Team.BLUE team acquired 1 resources.
2018-04-18 14:11:12,492 INFO Team.RED team acquired 1 resources.
2018-04-18 14:11:12,492 INFO Team.BLUE team acquired 1 resources.
2018-04-18 14:11:12,492 INFO Team.BLUE team acquired 2 resources.
2018-04-18 14:11:12,492 INFO Team.RED team acquired 2 resources.
2018-04-18 14:11:12,521 INFO = Issue Orders phase begins
2018-04-18 14:11:12,828 INFO BLUE Colonist at tile (1, 3) with 100 HP was assigned the order 'Order: Move to (1, 6)'
2018-04-18 14:11:12,828 INFO = Move phase begins
2018-04-18 14:11:12,837 INFO None moved to (1, 6)
2018-04-18 14:11:12,865 INFO = Build phase begins
2018-04-18 14:11:12,904 INFO = Combat phase begins
2018-04-18 14:11:12,943 INFO = Ranged phase begins
2018-04-18 14:11:12,980 INFO = Special phase begins
2018-04-18 14:11:13,018 INFO = Start Turn phase begins
2018-04-18 14:11:13,019 INFO == TURN 13 BEGIN ==
2018-04-18 14:11:13,031 INFO Team.BLUE team acquired 1 resources.
2018-04-18 14:11:13,032 INFO Team.BLUE team acquired 1 resources.
2018-04-18 14:11:13,032 INFO Team.BLUE team acquired 1 resources.
2018-04-18 14:11:13,032 INFO Team.BLUE team acquired 1 resources.
2018-04-18 14:11:13,032 INFO Team.RED team acquired 1 resources.
2018-04-18 14:11:13,032 INFO Team.BLUE team acquired 1 resources.
2018-04-18 14:11:13,032 INFO Team.BLUE team acquired 2 resources.
2018-04-18 14:11:13,032 INFO Team.RED team acquired 2 resources.
2018-04-18 14:11:13,062 INFO = Issue Orders phase begins
2018-04-18 14:11:13,848 INFO BLUE Colonist at tile (1, 6) with 100 HP was assigned the order 'Order: Move to (0, 7)'
2018-04-18 14:11:13,849 INFO = Move phase begins
2018-04-18 14:11:13,859 INFO None moved to (0, 7)
2018-04-18 14:11:13,888 INFO = Build phase begins
2018-04-18 14:11:13,928 INFO = Combat phase begins
2018-04-18 14:11:13,969 INFO = Ranged phase begins
2018-04-18 14:11:14,009 INFO = Special phase begins
2018-04-18 14:11:14,047 INFO = Start Turn phase begins
2018-04-18 14:11:14,048 INFO == TURN 14 BEGIN ==
2018-04-18 14:11:14,058 INFO Team.BLUE team acquired 1 resources.
2018-04-18 14:11:14,058 INFO Team.BLUE team acquired 1 resources.
2018-04-18 14:11:14,059 INFO Team.BLUE team acquired 1 resources.
2018-04-18 14:11:14,059 INFO Team.BLUE team acquired 1 resources.
2018-04-18 14:11:14,059 INFO Team.RED team acquired 1 resources.
2018-04-18 14:11:14,059 INFO Team.BLUE team acquired 1 resources.
2018-04-18 14:11:14,059 INFO Team.BLUE team acquired 2 resources.
2018-04-18 14:11:14,059 INFO Team.RED team acquired 2 resources.
2018-04-18 14:11:14,087 INFO = Issue Orders phase begins
2018-04-18 14:11:14,822 INFO BLUE Colonist at tile (0, 7) with 100 HP was assigned the order 'Order: Build a Generator on tile (0, 8)'
2018-04-18 14:11:14,822 INFO = Move phase begins
2018-04-18 14:11:14,861 INFO = Build phase begins
2018-04-18 14:11:14,871 INFO Team.BLUE PieceType.GENERATOR was built on (0, 8). 
2018-04-18 14:11:14,871 INFO Team.BLUE team spent 1 resources.
2018-04-18 14:11:14,900 INFO = Combat phase begins
2018-04-18 14:11:14,938 INFO = Ranged phase begins
2018-04-18 14:11:14,977 INFO = Special phase begins
2018-04-18 14:11:15,015 INFO = Start Turn phase begins
2018-04-18 14:11:15,016 INFO == TURN 15 BEGIN ==
2018-04-18 14:11:15,026 INFO Team.BLUE team acquired 1 resources.
2018-04-18 14:11:15,026 INFO Team.BLUE team acquired 1 resources.
2018-04-18 14:11:15,026 INFO Team.BLUE team acquired 1 resources.
2018-04-18 14:11:15,026 INFO Team.BLUE team acquired 1 resources.
2018-04-18 14:11:15,026 INFO Team.BLUE team acquired 1 resources.
2018-04-18 14:11:15,027 INFO Team.RED team acquired 1 resources.
2018-04-18 14:11:15,027 INFO Team.BLUE team acquired 1 resources.
2018-04-18 14:11:15,027 INFO Team.BLUE team acquired 2 resources.
2018-04-18 14:11:15,027 INFO Team.RED team acquired 2 resources.
2018-04-18 14:11:15,054 INFO = Issue Orders phase begins
2018-04-18 14:11:15,814 INFO BLUE Colonist at tile (0, 7) with 100 HP was assigned the order 'Order: Move to (1, 8)'
2018-04-18 14:11:15,814 INFO = Move phase begins
2018-04-18 14:11:15,825 INFO None moved to (1, 8)
2018-04-18 14:11:15,857 INFO = Build phase begins
2018-04-18 14:11:15,899 INFO = Combat phase begins
2018-04-18 14:11:15,940 INFO = Ranged phase begins
2018-04-18 14:11:15,994 INFO = Special phase begins
2018-04-18 14:11:16,039 INFO = Start Turn phase begins
2018-04-18 14:11:16,040 INFO == TURN 16 BEGIN ==
2018-04-18 14:11:16,052 INFO Team.BLUE team acquired 1 resources.
2018-04-18 14:11:16,053 INFO Team.BLUE team acquired 1 resources.
2018-04-18 14:11:16,053 INFO Team.BLUE team acquired 1 resources.
2018-04-18 14:11:16,053 INFO Team.BLUE team acquired 1 resources.
2018-04-18 14:11:16,053 INFO Team.BLUE team acquired 1 resources.
2018-04-18 14:11:16,053 INFO Team.RED team acquired 1 resources.
2018-04-18 14:11:16,054 INFO Team.BLUE team acquired 1 resources.
2018-04-18 14:11:16,054 INFO Team.BLUE team acquired 2 resources.
2018-04-18 14:11:16,054 INFO Team.RED team acquired 2 resources.
2018-04-18 14:11:16,089 INFO = Issue Orders phase begins
2018-04-18 14:11:17,967 INFO BLUE Colonist at tile (1, 8) with 100 HP was assigned the order 'Order: Build a Generator on tile (1, 9)'
2018-04-18 14:11:17,967 INFO = Move phase begins
2018-04-18 14:11:18,006 INFO = Build phase begins
2018-04-18 14:11:18,017 INFO Team.BLUE PieceType.GENERATOR was built on (1, 9). 
2018-04-18 14:11:18,018 INFO Team.BLUE team spent 1 resources.
2018-04-18 14:11:18,049 INFO = Combat phase begins
2018-04-18 14:11:18,091 INFO = Ranged phase begins
2018-04-18 14:11:18,130 INFO = Special phase begins
2018-04-18 14:11:18,168 INFO = Start Turn phase begins
2018-04-18 14:11:18,169 INFO == TURN 17 BEGIN ==
2018-04-18 14:11:18,179 INFO Team.BLUE team acquired 1 resources.
2018-04-18 14:11:18,179 INFO Team.BLUE team acquired 1 resources.
2018-04-18 14:11:18,179 INFO Team.BLUE team acquired 1 resources.
2018-04-18 14:11:18,179 INFO Team.BLUE team acquired 1 resources.
2018-04-18 14:11:18,179 INFO Team.BLUE team acquired 1 resources.
2018-04-18 14:11:18,180 INFO Team.BLUE team acquired 1 resources.
2018-04-18 14:11:18,180 INFO Team.RED team acquired 1 resources.
2018-04-18 14:11:18,180 INFO Team.BLUE team acquired 1 resources.
2018-04-18 14:11:18,180 INFO Team.BLUE team acquired 2 resources.
2018-04-18 14:11:18,180 INFO Team.RED team acquired 2 resources.
2018-04-18 14:11:18,209 INFO = Issue Orders phase begins
2018-04-18 14:11:19,281 INFO BLUE Colonist at tile (1, 8) with 100 HP was assigned the order 'Order: Move to (4, 8)'
2018-04-18 14:11:19,281 INFO = Move phase begins
2018-04-18 14:11:19,292 INFO None moved to (4, 8)
2018-04-18 14:11:19,321 INFO = Build phase begins
2018-04-18 14:11:19,361 INFO = Combat phase begins
2018-04-18 14:11:19,399 INFO = Ranged phase begins
2018-04-18 14:11:19,437 INFO = Special phase begins
2018-04-18 14:11:19,478 INFO = Start Turn phase begins
2018-04-18 14:11:19,479 INFO == TURN 18 BEGIN ==
2018-04-18 14:11:19,488 INFO Team.BLUE team acquired 1 resources.
2018-04-18 14:11:19,488 INFO Team.BLUE team acquired 1 resources.
2018-04-18 14:11:19,488 INFO Team.BLUE team acquired 1 resources.
2018-04-18 14:11:19,488 INFO Team.BLUE team acquired 1 resources.
2018-04-18 14:11:19,489 INFO Team.BLUE team acquired 1 resources.
2018-04-18 14:11:19,489 INFO Team.BLUE team acquired 1 resources.
2018-04-18 14:11:19,489 INFO Team.RED team acquired 1 resources.
2018-04-18 14:11:19,489 INFO Team.BLUE team acquired 1 resources.
2018-04-18 14:11:19,490 INFO Team.BLUE team acquired 2 resources.
2018-04-18 14:11:19,490 INFO Team.RED team acquired 2 resources.
2018-04-18 14:11:19,519 INFO = Issue Orders phase begins
2018-04-18 14:11:20,009 INFO BLUE Colonist at tile (4, 8) with 100 HP was assigned the order 'Order: Move to (6, 8)'
2018-04-18 14:11:20,010 INFO = Move phase begins
2018-04-18 14:11:20,019 INFO None moved to (6, 8)
2018-04-18 14:11:20,049 INFO = Build phase begins
2018-04-18 14:11:20,086 INFO = Combat phase begins
2018-04-18 14:11:20,125 INFO = Ranged phase begins
2018-04-18 14:11:20,163 INFO = Special phase begins
2018-04-18 14:11:20,201 INFO = Start Turn phase begins
2018-04-18 14:11:20,202 INFO == TURN 19 BEGIN ==
2018-04-18 14:11:20,212 INFO Team.BLUE team acquired 1 resources.
2018-04-18 14:11:20,212 INFO Team.BLUE team acquired 1 resources.
2018-04-18 14:11:20,212 INFO Team.BLUE team acquired 1 resources.
2018-04-18 14:11:20,212 INFO Team.BLUE team acquired 1 resources.
2018-04-18 14:11:20,212 INFO Team.BLUE team acquired 1 resources.
2018-04-18 14:11:20,212 INFO Team.BLUE team acquired 1 resources.
2018-04-18 14:11:20,212 INFO Team.RED team acquired 1 resources.
2018-04-18 14:11:20,213 INFO Team.BLUE team acquired 1 resources.
2018-04-18 14:11:20,213 INFO Team.BLUE team acquired 2 resources.
2018-04-18 14:11:20,213 INFO Team.RED team acquired 2 resources.
2018-04-18 14:11:20,242 INFO = Issue Orders phase begins
2018-04-18 14:11:20,790 INFO BLUE Colonist at tile (6, 8) with 100 HP was assigned the order 'Order: Build a Generator on tile (7, 8)'
2018-04-18 14:11:20,790 INFO = Move phase begins
2018-04-18 14:11:20,831 INFO = Build phase begins
2018-04-18 14:11:20,842 INFO Team.BLUE PieceType.GENERATOR was built on (7, 8). 
2018-04-18 14:11:20,842 INFO Team.BLUE team spent 1 resources.
2018-04-18 14:11:20,871 INFO = Combat phase begins
2018-04-18 14:11:20,911 INFO = Ranged phase begins
2018-04-18 14:11:20,949 INFO = Special phase begins
2018-04-18 14:11:20,988 INFO = Start Turn phase begins
2018-04-18 14:11:20,988 INFO == TURN 20 BEGIN ==
2018-04-18 14:11:20,999 INFO Team.BLUE team acquired 1 resources.
2018-04-18 14:11:20,999 INFO Team.BLUE team acquired 1 resources.
2018-04-18 14:11:20,999 INFO Team.BLUE team acquired 1 resources.
2018-04-18 14:11:20,999 INFO Team.BLUE team acquired 1 resources.
2018-04-18 14:11:20,999 INFO Team.BLUE team acquired 1 resources.
2018-04-18 14:11:20,999 INFO Team.BLUE team acquired 1 resources.
2018-04-18 14:11:21,000 INFO Team.BLUE team acquired 1 resources.
2018-04-18 14:11:21,000 INFO Team.RED team acquired 1 resources.
2018-04-18 14:11:21,000 INFO Team.BLUE team acquired 1 resources.
2018-04-18 14:11:21,000 INFO Team.BLUE team acquired 2 resources.
2018-04-18 14:11:21,000 INFO Team.RED team acquired 2 resources.
2018-04-18 14:11:21,032 INFO = Issue Orders phase begins
2018-04-18 14:11:21,805 INFO BLUE Colonist at tile (6, 8) with 100 HP was assigned the order 'Order: Move to (9, 8)'
2018-04-18 14:11:21,805 INFO = Move phase begins
2018-04-18 14:11:21,816 INFO None moved to (9, 8)
2018-04-18 14:11:21,846 INFO = Build phase begins
2018-04-18 14:11:21,886 INFO = Combat phase begins
2018-04-18 14:11:21,925 INFO = Ranged phase begins
2018-04-18 14:11:21,964 INFO = Special phase begins
2018-04-18 14:11:22,004 INFO = Start Turn phase begins
2018-04-18 14:11:22,004 INFO == TURN 21 BEGIN ==
2018-04-18 14:11:22,014 INFO Team.BLUE team acquired 1 resources.
2018-04-18 14:11:22,014 INFO Team.BLUE team acquired 1 resources.
2018-04-18 14:11:22,014 INFO Team.BLUE team acquired 1 resources.
2018-04-18 14:11:22,014 INFO Team.BLUE team acquired 1 resources.
2018-04-18 14:11:22,014 INFO Team.BLUE team acquired 1 resources.
2018-04-18 14:11:22,015 INFO Team.BLUE team acquired 1 resources.
2018-04-18 14:11:22,015 INFO Team.BLUE team acquired 1 resources.
2018-04-18 14:11:22,015 INFO Team.RED team acquired 1 resources.
2018-04-18 14:11:22,015 INFO Team.BLUE team acquired 1 resources.
2018-04-18 14:11:22,015 INFO Team.BLUE team acquired 2 resources.
2018-04-18 14:11:22,015 INFO Team.RED team acquired 2 resources.
2018-04-18 14:11:22,046 INFO = Issue Orders phase begins
2018-04-18 14:11:22,481 INFO BLUE Colonist at tile (9, 8) with 100 HP was assigned the order 'Order: Move to (8, 8)'
2018-04-18 14:11:22,481 INFO = Move phase begins
2018-04-18 14:11:22,492 INFO None moved to (8, 8)
2018-04-18 14:11:22,525 INFO = Build phase begins
2018-04-18 14:11:22,565 INFO = Combat phase begins
2018-04-18 14:11:22,605 INFO = Ranged phase begins
2018-04-18 14:11:22,644 INFO = Special phase begins
2018-04-18 14:11:22,683 INFO = Start Turn phase begins
2018-04-18 14:11:22,684 INFO == TURN 22 BEGIN ==
2018-04-18 14:11:22,694 INFO Team.BLUE team acquired 1 resources.
2018-04-18 14:11:22,694 INFO Team.BLUE team acquired 1 resources.
2018-04-18 14:11:22,694 INFO Team.BLUE team acquired 1 resources.
2018-04-18 14:11:22,695 INFO Team.BLUE team acquired 1 resources.
2018-04-18 14:11:22,695 INFO Team.BLUE team acquired 1 resources.
2018-04-18 14:11:22,695 INFO Team.BLUE team acquired 1 resources.
2018-04-18 14:11:22,695 INFO Team.BLUE team acquired 1 resources.
2018-04-18 14:11:22,695 INFO Team.RED team acquired 1 resources.
2018-04-18 14:11:22,695 INFO Team.BLUE team acquired 1 resources.
2018-04-18 14:11:22,695 INFO Team.BLUE team acquired 2 resources.
2018-04-18 14:11:22,696 INFO Team.RED team acquired 2 resources.
2018-04-18 14:11:22,724 INFO = Issue Orders phase begins
2018-04-18 14:11:23,511 INFO BLUE Colonist at tile (8, 8) with 100 HP was assigned the order 'Order: Move to (9, 8)'
2018-04-18 14:11:23,512 INFO = Move phase begins
2018-04-18 14:11:23,521 INFO None moved to (9, 8)
2018-04-18 14:11:23,552 INFO = Build phase begins
2018-04-18 14:11:23,594 INFO = Combat phase begins
2018-04-18 14:11:23,634 INFO = Ranged phase begins
2018-04-18 14:11:23,673 INFO = Special phase begins
2018-04-18 14:11:23,712 INFO = Start Turn phase begins
2018-04-18 14:11:23,713 INFO == TURN 23 BEGIN ==
2018-04-18 14:11:23,722 INFO Team.BLUE team acquired 1 resources.
2018-04-18 14:11:23,723 INFO Team.BLUE team acquired 1 resources.
2018-04-18 14:11:23,723 INFO Team.BLUE team acquired 1 resources.
2018-04-18 14:11:23,723 INFO Team.BLUE team acquired 1 resources.
2018-04-18 14:11:23,723 INFO Team.BLUE team acquired 1 resources.
2018-04-18 14:11:23,723 INFO Team.BLUE team acquired 1 resources.
2018-04-18 14:11:23,723 INFO Team.BLUE team acquired 1 resources.
2018-04-18 14:11:23,723 INFO Team.RED team acquired 1 resources.
2018-04-18 14:11:23,723 INFO Team.BLUE team acquired 1 resources.
2018-04-18 14:11:23,724 INFO Team.BLUE team acquired 2 resources.
2018-04-18 14:11:23,724 INFO Team.RED team acquired 2 resources.
2018-04-18 14:11:23,753 INFO = Issue Orders phase begins
2018-04-18 14:11:24,156 INFO BLUE Colonist at tile (9, 8) with 100 HP was assigned the order 'Order: Move to (8, 8)'
2018-04-18 14:11:24,157 INFO = Move phase begins
2018-04-18 14:11:24,168 INFO None moved to (8, 8)
2018-04-18 14:11:24,199 INFO = Build phase begins
2018-04-18 14:11:24,238 INFO = Combat phase begins
2018-04-18 14:11:24,278 INFO = Ranged phase begins
2018-04-18 14:11:24,317 INFO = Special phase begins
2018-04-18 14:11:24,355 INFO = Start Turn phase begins
2018-04-18 14:11:24,356 INFO == TURN 24 BEGIN ==
2018-04-18 14:11:24,368 INFO Team.BLUE team acquired 1 resources.
2018-04-18 14:11:24,368 INFO Team.BLUE team acquired 1 resources.
2018-04-18 14:11:24,368 INFO Team.BLUE team acquired 1 resources.
2018-04-18 14:11:24,368 INFO Team.BLUE team acquired 1 resources.
2018-04-18 14:11:24,369 INFO Team.BLUE team acquired 1 resources.
2018-04-18 14:11:24,369 INFO Team.BLUE team acquired 1 resources.
2018-04-18 14:11:24,369 INFO Team.BLUE team acquired 1 resources.
2018-04-18 14:11:24,369 INFO Team.RED team acquired 1 resources.
2018-04-18 14:11:24,369 INFO Team.BLUE team acquired 1 resources.
2018-04-18 14:11:24,369 INFO Team.BLUE team acquired 2 resources.
2018-04-18 14:11:24,369 INFO Team.RED team acquired 2 resources.
2018-04-18 14:11:24,399 INFO = Issue Orders phase begins
2018-04-18 14:11:24,617 INFO BLUE Colonist at tile (8, 8) with 100 HP was assigned the order 'Order: Move to (9, 8)'
2018-04-18 14:11:24,617 INFO = Move phase begins
2018-04-18 14:11:24,627 INFO None moved to (9, 8)
2018-04-18 14:11:24,665 INFO = Build phase begins
2018-04-18 14:11:24,718 INFO = Combat phase begins
2018-04-18 14:11:24,756 INFO = Ranged phase begins
2018-04-18 14:11:24,793 INFO = Special phase begins
2018-04-18 14:11:24,831 INFO = Start Turn phase begins
2018-04-18 14:11:24,832 INFO == TURN 25 BEGIN ==
2018-04-18 14:11:24,842 INFO Team.BLUE team acquired 1 resources.
2018-04-18 14:11:24,842 INFO Team.BLUE team acquired 1 resources.
2018-04-18 14:11:24,842 INFO Team.BLUE team acquired 1 resources.
2018-04-18 14:11:24,843 INFO Team.BLUE team acquired 1 resources.
2018-04-18 14:11:24,843 INFO Team.BLUE team acquired 1 resources.
2018-04-18 14:11:24,843 INFO Team.BLUE team acquired 1 resources.
2018-04-18 14:11:24,843 INFO Team.BLUE team acquired 1 resources.
2018-04-18 14:11:24,843 INFO Team.RED team acquired 1 resources.
2018-04-18 14:11:24,843 INFO Team.BLUE team acquired 1 resources.
2018-04-18 14:11:24,843 INFO Team.BLUE team acquired 2 resources.
2018-04-18 14:11:24,844 INFO Team.RED team acquired 2 resources.
2018-04-18 14:11:24,871 INFO = Issue Orders phase begins
2018-04-18 14:11:34,203 INFO BLUE Colonist at tile (9, 8) with 100 HP was assigned the order 'Order: Move to (8, 8)'
2018-04-18 14:11:34,203 INFO = Move phase begins
2018-04-18 14:11:34,213 INFO None moved to (8, 8)
2018-04-18 14:11:34,242 INFO = Build phase begins
2018-04-18 14:11:34,281 INFO = Combat phase begins
2018-04-18 14:11:34,322 INFO = Ranged phase begins
2018-04-18 14:11:34,366 INFO = Special phase begins
2018-04-18 14:11:34,408 INFO = Start Turn phase begins
2018-04-18 14:11:34,409 INFO == TURN 26 BEGIN ==
2018-04-18 14:11:34,418 INFO Team.BLUE team acquired 1 resources.
2018-04-18 14:11:34,418 INFO Team.BLUE team acquired 1 resources.
2018-04-18 14:11:34,419 INFO Team.BLUE team acquired 1 resources.
2018-04-18 14:11:34,419 INFO Team.BLUE team acquired 1 resources.
2018-04-18 14:11:34,419 INFO Team.BLUE team acquired 1 resources.
2018-04-18 14:11:34,419 INFO Team.BLUE team acquired 1 resources.
2018-04-18 14:11:34,419 INFO Team.BLUE team acquired 1 resources.
2018-04-18 14:11:34,419 INFO Team.RED team acquired 1 resources.
2018-04-18 14:11:34,419 INFO Team.BLUE team acquired 1 resources.
2018-04-18 14:11:34,419 INFO Team.BLUE team acquired 2 resources.
2018-04-18 14:11:34,420 INFO Team.RED team acquired 2 resources.
2018-04-18 14:11:34,449 INFO = Issue Orders phase begins
2018-04-18 14:11:35,086 INFO BLUE Colonist at tile (8, 8) with 100 HP was assigned the order 'Order: Move to (9, 8)'
2018-04-18 14:11:35,086 INFO = Move phase begins
2018-04-18 14:11:35,098 INFO None moved to (9, 8)
2018-04-18 14:11:35,128 INFO = Build phase begins
2018-04-18 14:11:35,169 INFO = Combat phase begins
2018-04-18 14:11:35,208 INFO = Ranged phase begins
2018-04-18 14:11:35,247 INFO = Special phase begins
2018-04-18 14:11:35,287 INFO = Start Turn phase begins
2018-04-18 14:11:35,287 INFO == TURN 27 BEGIN ==
2018-04-18 14:11:35,299 INFO Team.BLUE team acquired 1 resources.
2018-04-18 14:11:35,300 INFO Team.BLUE team acquired 1 resources.
2018-04-18 14:11:35,300 INFO Team.BLUE team acquired 1 resources.
2018-04-18 14:11:35,300 INFO Team.BLUE team acquired 1 resources.
2018-04-18 14:11:35,300 INFO Team.BLUE team acquired 1 resources.
2018-04-18 14:11:35,300 INFO Team.BLUE team acquired 1 resources.
2018-04-18 14:11:35,300 INFO Team.BLUE team acquired 1 resources.
2018-04-18 14:11:35,300 INFO Team.RED team acquired 1 resources.
2018-04-18 14:11:35,300 INFO Team.BLUE team acquired 1 resources.
2018-04-18 14:11:35,300 INFO Team.BLUE team acquired 2 resources.
2018-04-18 14:11:35,301 INFO Team.RED team acquired 2 resources.
2018-04-18 14:11:35,330 INFO = Issue Orders phase begins
