== ROUND 1 BEGIN ==
== ROUND 1 BEGIN ==
== ROUND 1 BEGIN ==
RED Colonist at tile (4, 8) with 100 HP was assigned the order 'Order: Move to (7, 8)'
= Phase Move begins
RED Colonist at tile (7, 8) with 100 HP successfully executed 'Order: Move to (7, 8)'
= Phase Build begins
= Phase Combat begins
= Phase Ranged begins
= Phase Special begins
= Phase Start Turn begins
= Phase Issue Orders begins
BLUE Trooper at tile (10, 9) with 100 HP was assigned the order 'Order: Move to (8, 9)'
= Phase Move begins
BLUE Trooper at tile (8, 9) with 100 HP successfully executed 'Order: Move to (8, 9)'
= Phase Build begins
= Phase Combat begins
= Phase Ranged begins
= Phase Special begins
= Phase Start Turn begins
= Phase Issue Orders begins
RED Base at tile (5, 3) with 100 HP was assigned the order 'Order: purchase upgrade UpgradeType.COLONIST_UNCONTESTABLE'
RED Colonist at tile (7, 8) with 100 HP was assigned the order 'Order: Build a Carbon Gen on tile (8, 8)'
BLUE Trooper at tile (8, 9) with 100 HP was assigned the order 'Order: Move to (7, 8)'
= Phase Move begins
BLUE Trooper at tile (7, 8) with 100 HP successfully executed 'Order: Move to (7, 8)'
= Phase Build begins
RED Colonist at tile (7, 8) with 100 HP failed to execute 'Order: Build a Carbon Gen on tile (8, 8)'
= Phase Combat begins
RED Colonist at tile (7, 8) with 100 HP and BLUE Trooper at tile (7, 8) with 100 HP are contesting the tile at (7, 8)!
RED Colonist at tile (7, 8) with 76 HP took 24 damage!
BLUE Trooper at tile (7, 8) with 100 HP took 0 damage!
= Phase Ranged begins
= Phase Special begins
RED Base at tile (5, 3) with 100 HP successfully executed 'Order: purchase upgrade UpgradeType.COLONIST_UNCONTESTABLE'
= Phase Start Turn begins
= Phase Issue Orders begins
RED Colonist at tile (7, 8) with 76 HP was assigned the order 'Order: Build a Mineral Gen on tile (8, 8)'
= Phase Move begins
= Phase Build begins
RED Colonist at tile (7, 8) with 76 HP successfully executed 'Order: Build a Mineral Gen on tile (8, 8)'
= Phase Combat begins
RED Colonist at tile (7, 8) with 76 HP and BLUE Trooper at tile (7, 8) with 100 HP are contesting the tile at (7, 8)!
RED Colonist at tile (7, 8) with 52 HP took 24 damage!
BLUE Trooper at tile (7, 8) with 100 HP took 0 damage!
= Phase Ranged begins
= Phase Special begins
= Phase Start Turn begins
= Phase Issue Orders begins
RED Ranger at tile (6, 7) with 100 HP was assigned the order 'Order: Ranged attack tile (7, 8)'
RED Trooper at tile (6, 9) with 100 HP was assigned the order 'Order: Move to (7, 8)'
RED Colonist at tile (7, 8) with 52 HP was assigned the order 'Order: Move to (4, 8)'
= Phase Move begins
RED Trooper at tile (7, 8) with 100 HP successfully executed 'Order: Move to (7, 8)'
RED Colonist at tile (4, 8) with 52 HP successfully executed 'Order: Move to (4, 8)'
= Phase Build begins
= Phase Combat begins
BLUE Trooper at tile (7, 8) with 100 HP and RED Trooper at tile (7, 8) with 100 HP are contesting the tile at (7, 8)!
BLUE Trooper at tile (7, 8) with 76 HP took 24 damage!
RED Trooper at tile (7, 8) with 70 HP took 30 damage!
= Phase Ranged begins
RED Ranger at tile (6, 7) with 100 HP successfully executed 'Order: Ranged attack tile (7, 8)'
= Phase Special begins
BLUE Trooper at tile (7, 8) with 40 HP took 36 damage!
= Phase Start Turn begins
= Phase Issue Orders begins
BLUE Trooper at tile (7, 8) with 40 HP was assigned the order 'Order: Move to (8, 9)'
= Phase Move begins
BLUE Trooper at tile (8, 9) with 40 HP successfully executed 'Order: Move to (8, 9)'
= Phase Build begins
= Phase Combat begins
= Phase Ranged begins
= Phase Special begins
= Phase Start Turn begins
= Phase Issue Orders begins
BLUE Barracks at tile (9, 10) with 100 HP was assigned the order 'Order: purchase upgrade UpgradeType.TROOPER_REGEN'
= Phase Move begins
= Phase Build begins
= Phase Combat begins
= Phase Ranged begins
= Phase Special begins
BLUE Barracks at tile (9, 10) with 100 HP successfully executed 'Order: purchase upgrade UpgradeType.TROOPER_REGEN'
= Phase Start Turn begins
== ROUND 1 BEGIN ==
RED Barracks at tile (4, 4) with 100 HP was assigned the order 'Order: purchase upgrade UpgradeType.TROOPER_REGEN'
= Phase Move begins
= Phase Build begins
= Phase Combat begins
= Phase Ranged begins
= Phase Special begins
RED Barracks at tile (4, 4) with 100 HP successfully executed 'Order: purchase upgrade UpgradeType.TROOPER_REGEN'
= Phase Start Turn begins
= Phase Issue Orders begins
== ROUND 1 BEGIN ==
RED Barracks at tile (4, 4) with 100 HP was assigned the order 'Order: purchase upgrade UpgradeType.TROOPER_REGEN'
BLUE Trooper at tile (10, 9) with 100 HP was assigned the order 'Order: Move to (8, 9)'
RED Trooper at tile (6, 9) with 100 HP was assigned the order 'Order: Move to (8, 9)'
= Phase Move begins
BLUE Trooper at tile (8, 9) with 100 HP successfully executed 'Order: Move to (8, 9)'
RED Trooper at tile (8, 9) with 100 HP successfully executed 'Order: Move to (8, 9)'
= Phase Build begins
= Phase Combat begins
BLUE Trooper at tile (8, 9) with 100 HP and RED Trooper at tile (8, 9) with 100 HP are contesting the tile at (8, 9)!
BLUE Trooper at tile (8, 9) with 70 HP took 30 damage!
RED Trooper at tile (8, 9) with 70 HP took 30 damage!
= Phase Ranged begins
= Phase Special begins
RED Barracks at tile (4, 4) with 100 HP successfully executed 'Order: purchase upgrade UpgradeType.TROOPER_REGEN'
= Phase Start Turn begins
= Phase Issue Orders begins
= Phase Move begins
= Phase Build begins
= Phase Combat begins
BLUE Trooper at tile (8, 9) with 70 HP and RED Trooper at tile (8, 9) with 80 HP are contesting the tile at (8, 9)!
BLUE Trooper at tile (8, 9) with 46 HP took 24 damage!
RED Trooper at tile (8, 9) with 56 HP took 24 damage!
= Phase Ranged begins
= Phase Special begins
= Phase Start Turn begins
= Phase Issue Orders begins
= Phase Move begins
= Phase Build begins
= Phase Combat begins
BLUE Trooper at tile (8, 9) with 46 HP and RED Trooper at tile (8, 9) with 66 HP are contesting the tile at (8, 9)!
BLUE Trooper at tile (8, 9) with 22 HP took 24 damage!
RED Trooper at tile (8, 9) with 42 HP took 24 damage!
= Phase Ranged begins
= Phase Special begins
= Phase Start Turn begins
= Phase Issue Orders begins
= Phase Move begins
= Phase Build begins
= Phase Combat begins
BLUE Trooper at tile (8, 9) with 22 HP and RED Trooper at tile (8, 9) with 52 HP are contesting the tile at (8, 9)!
BLUE Trooper at tile (8, 9) with -2 HP took 24 damage!
RED Trooper at tile (8, 9) with 28 HP took 24 damage!
= Phase Ranged begins
= Phase Special begins
= Phase Start Turn begins
= Phase Issue Orders begins
= Phase Move begins
= Phase Build begins
= Phase Combat begins
= Phase Ranged begins
= Phase Special begins
= Phase Start Turn begins
= Phase Issue Orders begins
= Phase Move begins
= Phase Build begins
= Phase Combat begins
= Phase Ranged begins
= Phase Special begins
= Phase Start Turn begins
= Phase Issue Orders begins
= Phase Move begins
= Phase Build begins
= Phase Combat begins
= Phase Ranged begins
= Phase Special begins
= Phase Start Turn begins
= Phase Issue Orders begins
= Phase Move begins
= Phase Build begins
= Phase Combat begins
= Phase Ranged begins
= Phase Special begins
= Phase Start Turn begins
= Phase Issue Orders begins
= Phase Move begins
= Phase Build begins
= Phase Combat begins
= Phase Ranged begins
= Phase Special begins
= Phase Start Turn begins
= Phase Issue Orders begins
= Phase Move begins
= Phase Build begins
= Phase Combat begins
= Phase Ranged begins
= Phase Special begins
= Phase Start Turn begins
= Phase Issue Orders begins
= Phase Move begins
= Phase Build begins
= Phase Combat begins
= Phase Ranged begins
= Phase Special begins
= Phase Start Turn begins
= Phase Issue Orders begins
= Phase Move begins
= Phase Build begins
= Phase Combat begins
= Phase Ranged begins
= Phase Special begins
= Phase Start Turn begins
= Phase Issue Orders begins
= Phase Move begins
= Phase Build begins
= Phase Combat begins
= Phase Ranged begins
= Phase Special begins
= Phase Start Turn begins
= Phase Issue Orders begins
= Phase Move begins
= Phase Build begins
= Phase Combat begins
= Phase Ranged begins
= Phase Special begins
= Phase Start Turn begins
= Phase Issue Orders begins
BLUE Ghost at tile (7, 10) with 100 HP was assigned the order 'Order: Move to (8, 9)'
= Phase Move begins
BLUE Ghost at tile (8, 9) with 100 HP successfully executed 'Order: Move to (8, 9)'
= Phase Build begins
= Phase Combat begins
RED Trooper at tile (8, 9) with 100 HP and BLUE Ghost at tile (8, 9) with 100 HP are contesting the tile at (8, 9)!
RED Trooper at tile (8, 9) with 88 HP took 12 damage!
BLUE Ghost at tile (8, 9) with 55 HP took 45 damage!
= Phase Ranged begins
= Phase Special begins
= Phase Start Turn begins
= Phase Issue Orders begins
= Phase Move begins
= Phase Build begins
= Phase Combat begins
RED Trooper at tile (8, 9) with 98 HP and BLUE Ghost at tile (8, 9) with 55 HP are contesting the tile at (8, 9)!
RED Trooper at tile (8, 9) with 86 HP took 12 damage!
BLUE Ghost at tile (8, 9) with 19 HP took 36 damage!
= Phase Ranged begins
= Phase Special begins
= Phase Start Turn begins
= Phase Issue Orders begins
= Phase Move begins
= Phase Build begins
= Phase Combat begins
RED Trooper at tile (8, 9) with 96 HP and BLUE Ghost at tile (8, 9) with 19 HP are contesting the tile at (8, 9)!
RED Trooper at tile (8, 9) with 84 HP took 12 damage!
BLUE Ghost at tile (8, 9) with -17 HP took 36 damage!
= Phase Ranged begins
= Phase Special begins
= Phase Start Turn begins
= Phase Issue Orders begins
= Phase Move begins
= Phase Build begins
= Phase Combat begins
= Phase Ranged begins
= Phase Special begins
= Phase Start Turn begins
= Phase Issue Orders begins
== ROUND 1 BEGIN ==
RED Barracks at tile (4, 4) with 100 HP was assigned the order 'Order: purchase upgrade UpgradeType.TROOPER_ATTACK'
RED Barracks at tile (4, 7) with 100 HP was assigned the order 'Order: purchase upgrade UpgradeType.TROOPER_ATTACK'
= Phase Move begins
= Phase Build begins
= Phase Combat begins
= Phase Ranged begins
= Phase Special begins
RED Barracks at tile (4, 4) with 100 HP successfully executed 'Order: purchase upgrade UpgradeType.TROOPER_ATTACK'
RED Barracks at tile (4, 7) with 100 HP successfully executed 'Order: purchase upgrade UpgradeType.TROOPER_ATTACK'
= Phase Start Turn begins
== ROUND 1 BEGIN ==
== ROUND 1 BEGIN ==
RED Barracks at tile (4, 4) with 100 HP was assigned the order 'Order: purchase upgrade UpgradeType.TROOPER_ATTACK'
= Phase Move begins
= Phase Build begins
= Phase Combat begins
= Phase Ranged begins
= Phase Special begins
RED Barracks at tile (4, 4) with 100 HP successfully executed 'Order: purchase upgrade UpgradeType.TROOPER_ATTACK'
= Phase Start Turn begins
= Phase Issue Orders begins
RED Barracks at tile (4, 4) with 100 HP was assigned the order 'Order: purchase upgrade UpgradeType.TROOPER_ARMOR'
= Phase Move begins
= Phase Build begins
= Phase Combat begins
= Phase Ranged begins
= Phase Special begins
RED Barracks at tile (4, 4) with 100 HP successfully executed 'Order: purchase upgrade UpgradeType.TROOPER_ARMOR'
= Phase Start Turn begins
== ROUND 1 BEGIN ==
RED Barracks at tile (4, 4) with 100 HP was assigned the order 'Order: purchase upgrade UpgradeType.TROOPER_ATTACK'
= Phase Move begins
= Phase Build begins
= Phase Combat begins
= Phase Ranged begins
= Phase Special begins
RED Barracks at tile (4, 4) with 100 HP successfully executed 'Order: purchase upgrade UpgradeType.TROOPER_ATTACK'
= Phase Start Turn begins
= Phase Issue Orders begins
RED Trooper at tile (6, 9) with 100 HP was assigned the order 'Order: Move to (7, 10)'
= Phase Move begins
RED Trooper at tile (7, 10) with 100 HP successfully executed 'Order: Move to (7, 10)'
= Phase Build begins
= Phase Combat begins
BLUE Ghost at tile (7, 10) with 100 HP and RED Trooper at tile (7, 10) with 100 HP are contesting the tile at (7, 10)!
BLUE Ghost at tile (7, 10) with 52 HP took 48 damage!
RED Trooper at tile (7, 10) with 85 HP took 15 damage!
= Phase Ranged begins
= Phase Special begins
= Phase Start Turn begins
= Phase Issue Orders begins
= Phase Move begins
= Phase Build begins
= Phase Combat begins
BLUE Ghost at tile (7, 10) with 52 HP and RED Trooper at tile (7, 10) with 85 HP are contesting the tile at (7, 10)!
BLUE Ghost at tile (7, 10) with 4 HP took 48 damage!
RED Trooper at tile (7, 10) with 73 HP took 12 damage!
= Phase Ranged begins
= Phase Special begins
= Phase Start Turn begins
= Phase Issue Orders begins
RED Barracks at tile (4, 4) with 100 HP was assigned the order 'Order: purchase upgrade UpgradeType.TROOPER_ARMOR'
= Phase Move begins
= Phase Build begins
= Phase Combat begins
= Phase Ranged begins
= Phase Special begins
RED Barracks at tile (4, 4) with 100 HP successfully executed 'Order: purchase upgrade UpgradeType.TROOPER_ARMOR'
= Phase Start Turn begins
= Phase Issue Orders begins
BLUE Trooper at tile (10, 9) with 100 HP was assigned the order 'Order: Move to (8, 9)'
RED Trooper at tile (7, 10) with 73 HP was assigned the order 'Order: Move to (8, 9)'
= Phase Move begins
BLUE Trooper at tile (8, 9) with 100 HP successfully executed 'Order: Move to (8, 9)'
RED Trooper at tile (8, 9) with 73 HP successfully executed 'Order: Move to (8, 9)'
= Phase Build begins
= Phase Combat begins
BLUE Trooper at tile (8, 9) with 100 HP and RED Trooper at tile (8, 9) with 73 HP are contesting the tile at (8, 9)!
BLUE Trooper at tile (8, 9) with 60 HP took 40 damage!
RED Trooper at tile (8, 9) with 46 HP took 27 damage!
= Phase Ranged begins
= Phase Special begins
= Phase Start Turn begins
= Phase Issue Orders begins
= Phase Move begins
= Phase Build begins
= Phase Combat begins
BLUE Trooper at tile (8, 9) with 60 HP and RED Trooper at tile (8, 9) with 46 HP are contesting the tile at (8, 9)!
BLUE Trooper at tile (8, 9) with 28 HP took 32 damage!
RED Trooper at tile (8, 9) with 25 HP took 21 damage!
= Phase Ranged begins
= Phase Special begins
= Phase Start Turn begins
= Phase Issue Orders begins
= Phase Move begins
= Phase Build begins
= Phase Combat begins
BLUE Trooper at tile (8, 9) with 28 HP and RED Trooper at tile (8, 9) with 25 HP are contesting the tile at (8, 9)!
BLUE Trooper at tile (8, 9) with -4 HP took 32 damage!
RED Trooper at tile (8, 9) with 4 HP took 21 damage!
= Phase Ranged begins
= Phase Special begins
= Phase Start Turn begins
= Phase Issue Orders begins
RED Barracks at tile (4, 4) with 100 HP was assigned the order 'Order: purchase upgrade UpgradeType.TROOPER_REGEN'
= Phase Move begins
= Phase Build begins
= Phase Combat begins
= Phase Ranged begins
= Phase Special begins
RED Barracks at tile (4, 4) with 100 HP successfully executed 'Order: purchase upgrade UpgradeType.TROOPER_REGEN'
= Phase Start Turn begins
= Phase Issue Orders begins
RED Trooper at tile (5, 7) with 100 HP was assigned the order 'Order: Move to (6, 8)'
BLUE Barracks at tile (9, 10) with 100 HP was assigned the order 'Order: Build a Trooper on tile (8, 10)'
= Phase Move begins
RED Trooper at tile (6, 8) with 100 HP successfully executed 'Order: Move to (6, 8)'
= Phase Build begins
BLUE Barracks at tile (9, 10) with 100 HP successfully executed 'Order: Build a Trooper on tile (8, 10)'
= Phase Combat begins
= Phase Ranged begins
= Phase Special begins
= Phase Start Turn begins
= Phase Issue Orders begins
RED Trooper at tile (6, 8) with 100 HP was assigned the order 'Order: Move to (7, 9)'
BLUE Trooper at tile (8, 10) with 100 HP was assigned the order 'Order: Move to (7, 9)'
= Phase Move begins
RED Trooper at tile (7, 9) with 100 HP successfully executed 'Order: Move to (7, 9)'
BLUE Trooper at tile (7, 9) with 100 HP successfully executed 'Order: Move to (7, 9)'
= Phase Build begins
= Phase Combat begins
RED Trooper at tile (7, 9) with 100 HP and BLUE Trooper at tile (7, 9) with 100 HP are contesting the tile at (7, 9)!
RED Trooper at tile (7, 9) with 73 HP took 27 damage!
BLUE Trooper at tile (7, 9) with 60 HP took 40 damage!
= Phase Ranged begins
= Phase Special begins
= Phase Start Turn begins
= Phase Issue Orders begins
RED Trooper at tile (7, 9) with 83 HP was assigned the order 'Order: Move to (6, 9)'
= Phase Move begins
RED Trooper at tile (6, 9) with 83 HP successfully executed 'Order: Move to (6, 9)'
= Phase Build begins
= Phase Combat begins
= Phase Ranged begins
= Phase Special begins
= Phase Start Turn begins
= Phase Issue Orders begins
RED Barracks at tile (4, 7) with 100 HP was assigned the order 'Order: purchase upgrade UpgradeType.TROOPER_ENTRENCHMENT'
BLUE Trooper at tile (7, 9) with 60 HP was assigned the order 'Order: Move to (7, 8)'
RED Trooper at tile (6, 9) with 93 HP was assigned the order 'Order: Move to (7, 8)'
= Phase Move begins
BLUE Trooper at tile (7, 8) with 60 HP successfully executed 'Order: Move to (7, 8)'
RED Trooper at tile (7, 8) with 93 HP successfully executed 'Order: Move to (7, 8)'
= Phase Build begins
= Phase Combat begins
BLUE Trooper at tile (7, 8) with 60 HP and RED Trooper at tile (7, 8) with 93 HP are contesting the tile at (7, 8)!
BLUE Trooper at tile (7, 8) with 24 HP took 36 damage!
RED Trooper at tile (7, 8) with 66 HP took 27 damage!
= Phase Ranged begins
= Phase Special begins
RED Barracks at tile (4, 7) with 100 HP successfully executed 'Order: purchase upgrade UpgradeType.TROOPER_ENTRENCHMENT'
= Phase Start Turn begins
== ROUND 1 BEGIN ==
RED Barracks at tile (4, 4) with 100 HP was assigned the order 'Order: purchase upgrade UpgradeType.TROOPER_ATTACK'
= Phase Move begins
= Phase Build begins
= Phase Combat begins
= Phase Ranged begins
= Phase Special begins
RED Barracks at tile (4, 4) with 100 HP successfully executed 'Order: purchase upgrade UpgradeType.TROOPER_ATTACK'
= Phase Start Turn begins
= Phase Issue Orders begins
RED Barracks at tile (4, 4) with 100 HP was assigned the order 'Order: purchase upgrade UpgradeType.TROOPER_ARMOR'
RED Barracks at tile (4, 7) with 100 HP was assigned the order 'Order: purchase upgrade UpgradeType.TROOPER_REGEN'
= Phase Move begins
= Phase Build begins
= Phase Combat begins
= Phase Ranged begins
= Phase Special begins
RED Barracks at tile (4, 4) with 100 HP successfully executed 'Order: purchase upgrade UpgradeType.TROOPER_ARMOR'
RED Barracks at tile (4, 7) with 100 HP successfully executed 'Order: purchase upgrade UpgradeType.TROOPER_REGEN'
= Phase Start Turn begins
= Phase Issue Orders begins
RED Barracks at tile (4, 4) with 100 HP was assigned the order 'Order: purchase upgrade UpgradeType.TROOPER_ENTRENCHMENT'
= Phase Move begins
= Phase Build begins
= Phase Combat begins
= Phase Ranged begins
= Phase Special begins
RED Barracks at tile (4, 4) with 100 HP successfully executed 'Order: purchase upgrade UpgradeType.TROOPER_ENTRENCHMENT'
= Phase Start Turn begins
= Phase Issue Orders begins
RED Barracks at tile (4, 4) with 100 HP was assigned the order 'Order: purchase upgrade UpgradeType.RANGER_ATTACK'
RED Barracks at tile (4, 7) with 100 HP was assigned the order 'Order: purchase upgrade UpgradeType.RANGER_DISTANCE'
= Phase Move begins
= Phase Build begins
= Phase Combat begins
= Phase Ranged begins
= Phase Special begins
RED Barracks at tile (4, 4) with 100 HP successfully executed 'Order: purchase upgrade UpgradeType.RANGER_ATTACK'
RED Barracks at tile (4, 7) with 100 HP successfully executed 'Order: purchase upgrade UpgradeType.RANGER_DISTANCE'
= Phase Start Turn begins
= Phase Issue Orders begins
RED Barracks at tile (4, 4) with 100 HP was assigned the order 'Order: purchase upgrade UpgradeType.RANGER_MOVEMENT'
RED Barracks at tile (4, 7) with 100 HP was assigned the order 'Order: purchase upgrade UpgradeType.RANGER_UNCONTESTABLE'
= Phase Move begins
= Phase Build begins
= Phase Combat begins
= Phase Ranged begins
= Phase Special begins
RED Barracks at tile (4, 4) with 100 HP successfully executed 'Order: purchase upgrade UpgradeType.RANGER_MOVEMENT'
RED Barracks at tile (4, 7) with 100 HP successfully executed 'Order: purchase upgrade UpgradeType.RANGER_UNCONTESTABLE'
= Phase Start Turn begins
= Phase Issue Orders begins
RED Barracks at tile (4, 4) with 100 HP was assigned the order 'Order: purchase upgrade UpgradeType.GHOST_MOVEMENT'
RED Barracks at tile (4, 7) with 100 HP was assigned the order 'Order: purchase upgrade UpgradeType.GHOST_ANTI_COLONIST'
= Phase Move begins
= Phase Build begins
= Phase Combat begins
= Phase Ranged begins
= Phase Special begins
RED Barracks at tile (4, 4) with 100 HP successfully executed 'Order: purchase upgrade UpgradeType.GHOST_MOVEMENT'
RED Barracks at tile (4, 7) with 100 HP successfully executed 'Order: purchase upgrade UpgradeType.GHOST_ANTI_COLONIST'
= Phase Start Turn begins
= Phase Issue Orders begins
RED Base at tile (5, 3) with 100 HP was assigned the order 'Order: purchase upgrade UpgradeType.RESOURCE_PRODUCTION_1'
= Phase Move begins
= Phase Build begins
= Phase Combat begins
= Phase Ranged begins
= Phase Special begins
RED Base at tile (5, 3) with 100 HP successfully executed 'Order: purchase upgrade UpgradeType.RESOURCE_PRODUCTION_1'
= Phase Start Turn begins
= Phase Issue Orders begins
RED Base at tile (5, 3) with 100 HP was assigned the order 'Order: purchase upgrade UpgradeType.COLONIST_ATTACK'
= Phase Move begins
= Phase Build begins
= Phase Combat begins
= Phase Ranged begins
= Phase Special begins
RED Base at tile (5, 3) with 100 HP successfully executed 'Order: purchase upgrade UpgradeType.COLONIST_ATTACK'
= Phase Start Turn begins
= Phase Issue Orders begins
RED Base at tile (5, 3) with 100 HP was assigned the order 'Order: purchase upgrade UpgradeType.COLONIST_MAX_HP'
= Phase Move begins
= Phase Build begins
= Phase Combat begins
= Phase Ranged begins
= Phase Special begins
RED Base at tile (5, 3) with 100 HP successfully executed 'Order: purchase upgrade UpgradeType.COLONIST_MAX_HP'
= Phase Start Turn begins
= Phase Issue Orders begins
RED Base at tile (5, 3) with 100 HP was assigned the order 'Order: purchase upgrade UpgradeType.COLONIST_UNCONTESTABLE'
= Phase Move begins
= Phase Build begins
= Phase Combat begins
= Phase Ranged begins
= Phase Special begins
RED Base at tile (5, 3) with 100 HP successfully executed 'Order: purchase upgrade UpgradeType.COLONIST_UNCONTESTABLE'
= Phase Start Turn begins
= Phase Issue Orders begins
RED Base at tile (5, 3) with 100 HP was assigned the order 'Order: purchase upgrade UpgradeType.RESOURCE_PRODUCTION_2'
= Phase Move begins
= Phase Build begins
= Phase Combat begins
= Phase Ranged begins
= Phase Special begins
RED Base at tile (5, 3) with 100 HP successfully executed 'Order: purchase upgrade UpgradeType.RESOURCE_PRODUCTION_2'
= Phase Start Turn begins
= Phase Issue Orders begins
RED Base at tile (5, 3) with 100 HP was assigned the order 'Order: purchase upgrade UpgradeType.RESEARCH_GUARDIAN'
= Phase Move begins
= Phase Build begins
= Phase Combat begins
= Phase Ranged begins
= Phase Special begins
RED Base at tile (5, 3) with 100 HP successfully executed 'Order: purchase upgrade UpgradeType.RESEARCH_GUARDIAN'
= Phase Start Turn begins
= Phase Issue Orders begins
RED Base at tile (5, 3) with 100 HP was assigned the order 'Order: purchase upgrade UpgradeType.RESEARCH_BOLTCASTER'
= Phase Move begins
= Phase Build begins
= Phase Combat begins
= Phase Ranged begins
= Phase Special begins
RED Base at tile (5, 3) with 100 HP successfully executed 'Order: purchase upgrade UpgradeType.RESEARCH_BOLTCASTER'
= Phase Start Turn begins
= Phase Issue Orders begins
RED Base at tile (5, 3) with 100 HP was assigned the order 'Order: purchase upgrade UpgradeType.RESEARCH_BANSHEE'
= Phase Move begins
= Phase Build begins
= Phase Combat begins
= Phase Ranged begins
= Phase Special begins
RED Base at tile (5, 3) with 100 HP successfully executed 'Order: purchase upgrade UpgradeType.RESEARCH_BANSHEE'
= Phase Start Turn begins
= Phase Issue Orders begins
RED Ranger at tile (6, 7) with 100 HP was assigned the order 'Order: Move to (7, 8)'
= Phase Move begins
RED Ranger at tile (7, 8) with 100 HP successfully executed 'Order: Move to (7, 8)'
= Phase Build begins
= Phase Combat begins
= Phase Ranged begins
= Phase Special begins
= Phase Start Turn begins
= Phase Issue Orders begins
BLUE Ghost at tile (7, 10) with 100 HP was assigned the order 'Order: Move to (7, 8)'
RED Ranger at tile (7, 8) with 100 HP was assigned the order 'Order: Ranged attack tile (7, 10)'
= Phase Move begins
BLUE Ghost at tile (7, 8) with 100 HP successfully executed 'Order: Move to (7, 8)'
= Phase Build begins
= Phase Combat begins
RED Ranger at tile (7, 8) with 100 HP and BLUE Ghost at tile (7, 8) with 100 HP are contesting the tile at (7, 8)!
RED Ranger at tile (7, 8) with 64 HP took 36 damage!
BLUE Ghost at tile (7, 8) with 100 HP took 0 damage!
= Phase Ranged begins
RED Ranger at tile (7, 8) with 64 HP successfully executed 'Order: Ranged attack tile (7, 10)'
= Phase Special begins
= Phase Start Turn begins
= Phase Issue Orders begins
BLUE Trooper at tile (10, 9) with 100 HP was assigned the order 'Order: Move to (8, 9)'
RED Ranger at tile (7, 8) with 64 HP was assigned the order 'Order: Ranged attack tile (8, 9)'
= Phase Move begins
BLUE Trooper at tile (8, 9) with 100 HP successfully executed 'Order: Move to (8, 9)'
= Phase Build begins
= Phase Combat begins
RED Ranger at tile (7, 8) with 64 HP and BLUE Ghost at tile (7, 8) with 100 HP are contesting the tile at (7, 8)!
RED Ranger at tile (7, 8) with 28 HP took 36 damage!
BLUE Ghost at tile (7, 8) with 100 HP took 0 damage!
= Phase Ranged begins
RED Ranger at tile (7, 8) with 28 HP successfully executed 'Order: Ranged attack tile (8, 9)'
= Phase Special begins
BLUE Trooper at tile (8, 9) with 40 HP took 60 damage!
= Phase Start Turn begins
= Phase Issue Orders begins
RED Colonist at tile (12, 3) with 100 HP was assigned the order 'Order: Build a Barracks on tile (12, 2)'
= Phase Move begins
= Phase Build begins
RED Colonist at tile (12, 3) with 100 HP successfully executed 'Order: Build a Barracks on tile (12, 2)'
= Phase Combat begins
RED Ranger at tile (7, 8) with 28 HP and BLUE Ghost at tile (7, 8) with 100 HP are contesting the tile at (7, 8)!
RED Ranger at tile (7, 8) with -8 HP took 36 damage!
BLUE Ghost at tile (7, 8) with 100 HP took 0 damage!
= Phase Ranged begins
= Phase Special begins
= Phase Start Turn begins
= Phase Issue Orders begins
= Phase Move begins
= Phase Build begins
= Phase Combat begins
= Phase Ranged begins
= Phase Special begins
= Phase Start Turn begins
= Phase Issue Orders begins
RED Trooper at tile (5, 7) with 100 HP was assigned the order 'Order: Move to (6, 8)'
RED Barracks at tile (4, 7) with 100 HP was assigned the order 'Order: Build a Guardian on tile (5, 7)'
= Phase Move begins
RED Trooper at tile (6, 8) with 100 HP successfully executed 'Order: Move to (6, 8)'
= Phase Build begins
RED Barracks at tile (4, 7) with 100 HP successfully executed 'Order: Build a Guardian on tile (5, 7)'
= Phase Combat begins
= Phase Ranged begins
= Phase Special begins
= Phase Start Turn begins
= Phase Issue Orders begins
RED Guardian at tile (5, 7) with 80 HP was assigned the order 'Order: Move to (5, 9)'
= Phase Move begins
RED Guardian at tile (5, 9) with 80 HP successfully executed 'Order: Move to (5, 9)'
= Phase Build begins
= Phase Combat begins
= Phase Ranged begins
= Phase Special begins
= Phase Start Turn begins
= Phase Issue Orders begins
= Phase Move begins
= Phase Build begins
= Phase Combat begins
= Phase Ranged begins
= Phase Special begins
= Phase Start Turn begins
= Phase Issue Orders begins
RED Trooper at tile (6, 9) with 100 HP was assigned the order 'Order: Move to (8, 9)'
RED Trooper at tile (6, 8) with 100 HP was assigned the order 'Order: Move to (7, 8)'
RED Guardian at tile (5, 9) with 80 HP was assigned the order 'Order: Move to (7, 9)'
= Phase Move begins
RED Trooper at tile (8, 9) with 100 HP successfully executed 'Order: Move to (8, 9)'
RED Trooper at tile (7, 8) with 100 HP successfully executed 'Order: Move to (7, 8)'
RED Guardian at tile (7, 9) with 80 HP successfully executed 'Order: Move to (7, 9)'
= Phase Build begins
= Phase Combat begins
BLUE Ghost at tile (7, 8) with 100 HP and RED Trooper at tile (7, 8) with 100 HP are contesting the tile at (7, 8)!
BLUE Ghost at tile (7, 8) with 52 HP took 48 damage!
RED Trooper at tile (7, 8) with 90 HP took 10 damage!
BLUE Trooper at tile (8, 9) with 40 HP and RED Trooper at tile (8, 9) with 100 HP are contesting the tile at (8, 9)!
BLUE Trooper at tile (8, 9) with 8 HP took 32 damage!
RED Trooper at tile (8, 9) with 73 HP took 27 damage!
= Phase Ranged begins
= Phase Special begins
= Phase Start Turn begins
= Phase Issue Orders begins
= Phase Move begins
= Phase Build begins
= Phase Combat begins
BLUE Ghost at tile (7, 8) with 52 HP and RED Trooper at tile (7, 8) with 100 HP are contesting the tile at (7, 8)!
BLUE Ghost at tile (7, 8) with 4 HP took 48 damage!
RED Trooper at tile (7, 8) with 93 HP took 7 damage!
BLUE Trooper at tile (8, 9) with 8 HP and RED Trooper at tile (8, 9) with 83 HP are contesting the tile at (8, 9)!
BLUE Trooper at tile (8, 9) with -24 HP took 32 damage!
RED Trooper at tile (8, 9) with 68 HP took 15 damage!
= Phase Ranged begins
= Phase Special begins
= Phase Start Turn begins
= Phase Issue Orders begins
RED Trooper at tile (7, 8) with 100 HP was assigned the order 'Order: Move to (7, 10)'
RED Trooper at tile (8, 9) with 78 HP was assigned the order 'Order: Move to (9, 10)'
RED Guardian at tile (7, 9) with 80 HP was assigned the order 'Order: Move to (8, 10)'
= Phase Move begins
RED Trooper at tile (7, 10) with 100 HP successfully executed 'Order: Move to (7, 10)'
RED Trooper at tile (9, 10) with 78 HP successfully executed 'Order: Move to (9, 10)'
RED Guardian at tile (8, 10) with 80 HP successfully executed 'Order: Move to (8, 10)'
= Phase Build begins
= Phase Combat begins
BLUE Barracks at tile (9, 10) with 100 HP and RED Trooper at tile (9, 10) with 78 HP are contesting the tile at (9, 10)!
BLUE Barracks at tile (9, 10) with 60 HP took 40 damage!
RED Trooper at tile (9, 10) with 78 HP took 0 damage!
= Phase Ranged begins
= Phase Special begins
= Phase Start Turn begins
= Phase Issue Orders begins
= Phase Move begins
= Phase Build begins
= Phase Combat begins
BLUE Barracks at tile (9, 10) with 60 HP and RED Trooper at tile (9, 10) with 88 HP are contesting the tile at (9, 10)!
BLUE Barracks at tile (9, 10) with 20 HP took 40 damage!
RED Trooper at tile (9, 10) with 88 HP took 0 damage!
= Phase Ranged begins
= Phase Special begins
= Phase Start Turn begins
= Phase Issue Orders begins
= Phase Move begins
= Phase Build begins
= Phase Combat begins
BLUE Barracks at tile (9, 10) with 20 HP and RED Trooper at tile (9, 10) with 98 HP are contesting the tile at (9, 10)!
BLUE Barracks at tile (9, 10) with -20 HP took 40 damage!
RED Trooper at tile (9, 10) with 98 HP took 0 damage!
= Phase Ranged begins
= Phase Special begins
= Phase Start Turn begins
= Phase Issue Orders begins
RED Trooper at tile (9, 10) with 100 HP was assigned the order 'Order: Move to (10, 11)'
RED Trooper at tile (7, 10) with 100 HP was assigned the order 'Order: Move to (8, 11)'
RED Guardian at tile (8, 10) with 80 HP was assigned the order 'Order: Move to (9, 11)'
= Phase Move begins
RED Trooper at tile (10, 11) with 100 HP successfully executed 'Order: Move to (10, 11)'
RED Trooper at tile (8, 11) with 100 HP successfully executed 'Order: Move to (8, 11)'
RED Guardian at tile (9, 11) with 80 HP successfully executed 'Order: Move to (9, 11)'
= Phase Build begins
= Phase Combat begins
BLUE Mineral Gen at tile (10, 11) with 100 HP and RED Trooper at tile (10, 11) with 100 HP are contesting the tile at (10, 11)!
BLUE Mineral Gen at tile (10, 11) with 40 HP took 60 damage!
RED Trooper at tile (10, 11) with 100 HP took 0 damage!
= Phase Ranged begins
= Phase Special begins
= Phase Start Turn begins
= Phase Issue Orders begins
RED Trooper at tile (8, 11) with 100 HP was assigned the order 'Order: Move to (9, 12)'
= Phase Move begins
RED Trooper at tile (9, 12) with 100 HP successfully executed 'Order: Move to (9, 12)'
= Phase Build begins
= Phase Combat begins
BLUE Mineral Gen at tile (10, 11) with 40 HP and RED Trooper at tile (10, 11) with 100 HP are contesting the tile at (10, 11)!
BLUE Mineral Gen at tile (10, 11) with -20 HP took 60 damage!
RED Trooper at tile (10, 11) with 100 HP took 0 damage!
BLUE Carbon Gen at tile (9, 12) with 100 HP and RED Trooper at tile (9, 12) with 100 HP are contesting the tile at (9, 12)!
BLUE Carbon Gen at tile (9, 12) with 40 HP took 60 damage!
RED Trooper at tile (9, 12) with 100 HP took 0 damage!
= Phase Ranged begins
= Phase Special begins
= Phase Start Turn begins
= Phase Issue Orders begins
RED Trooper at tile (10, 11) with 100 HP was assigned the order 'Order: Move to (11, 12)'
RED Guardian at tile (9, 11) with 80 HP was assigned the order 'Order: Move to (10, 12)'
= Phase Move begins
RED Trooper at tile (11, 12) with 100 HP successfully executed 'Order: Move to (11, 12)'
RED Guardian at tile (10, 12) with 80 HP successfully executed 'Order: Move to (10, 12)'
= Phase Build begins
= Phase Combat begins
BLUE Carbon Gen at tile (9, 12) with 40 HP and RED Trooper at tile (9, 12) with 100 HP are contesting the tile at (9, 12)!
BLUE Carbon Gen at tile (9, 12) with -20 HP took 60 damage!
RED Trooper at tile (9, 12) with 100 HP took 0 damage!
BLUE Gas Gen at tile (11, 12) with 100 HP and RED Trooper at tile (11, 12) with 100 HP are contesting the tile at (11, 12)!
BLUE Gas Gen at tile (11, 12) with 40 HP took 60 damage!
RED Trooper at tile (11, 12) with 100 HP took 0 damage!
= Phase Ranged begins
= Phase Special begins
= Phase Start Turn begins
= Phase Issue Orders begins
RED Trooper at tile (9, 12) with 100 HP was assigned the order 'Order: Move to (10, 11)'
= Phase Move begins
RED Trooper at tile (10, 11) with 100 HP successfully executed 'Order: Move to (10, 11)'
= Phase Build begins
= Phase Combat begins
BLUE Gas Gen at tile (11, 12) with 40 HP and RED Trooper at tile (11, 12) with 100 HP are contesting the tile at (11, 12)!
BLUE Gas Gen at tile (11, 12) with -20 HP took 60 damage!
RED Trooper at tile (11, 12) with 100 HP took 0 damage!
= Phase Ranged begins
= Phase Special begins
= Phase Start Turn begins
= Phase Issue Orders begins
RED Trooper at tile (11, 12) with 100 HP was assigned the order 'Order: Move to (12, 11)'
RED Guardian at tile (10, 12) with 80 HP was assigned the order 'Order: Move to (11, 11)'
RED Trooper at tile (10, 11) with 100 HP was assigned the order 'Order: Move to (11, 12)'
= Phase Move begins
RED Trooper at tile (12, 11) with 100 HP successfully executed 'Order: Move to (12, 11)'
RED Guardian at tile (11, 11) with 80 HP successfully executed 'Order: Move to (11, 11)'
RED Trooper at tile (11, 12) with 100 HP successfully executed 'Order: Move to (11, 12)'
= Phase Build begins
= Phase Combat begins
BLUE Colonist at tile (11, 11) with 100 HP and RED Guardian at tile (11, 11) with 80 HP are contesting the tile at (11, 11)!
BLUE Colonist at tile (11, 11) with 76 HP took 24 damage!
RED Guardian at tile (11, 11) with 80 HP took 0 damage!
= Phase Ranged begins
= Phase Special begins
= Phase Start Turn begins
= Phase Issue Orders begins
= Phase Move begins
= Phase Build begins
= Phase Combat begins
BLUE Colonist at tile (11, 11) with 76 HP and RED Guardian at tile (11, 11) with 80 HP are contesting the tile at (11, 11)!
BLUE Colonist at tile (11, 11) with 52 HP took 24 damage!
RED Guardian at tile (11, 11) with 80 HP took 0 damage!
= Phase Ranged begins
= Phase Special begins
= Phase Start Turn begins
= Phase Issue Orders begins
= Phase Move begins
= Phase Build begins
= Phase Combat begins
BLUE Colonist at tile (11, 11) with 52 HP and RED Guardian at tile (11, 11) with 80 HP are contesting the tile at (11, 11)!
BLUE Colonist at tile (11, 11) with 28 HP took 24 damage!
RED Guardian at tile (11, 11) with 80 HP took 0 damage!
= Phase Ranged begins
= Phase Special begins
= Phase Start Turn begins
= Phase Issue Orders begins
= Phase Move begins
= Phase Build begins
= Phase Combat begins
BLUE Colonist at tile (11, 11) with 28 HP and RED Guardian at tile (11, 11) with 80 HP are contesting the tile at (11, 11)!
BLUE Colonist at tile (11, 11) with 4 HP took 24 damage!
RED Guardian at tile (11, 11) with 80 HP took 0 damage!
= Phase Ranged begins
= Phase Special begins
= Phase Start Turn begins
= Phase Issue Orders begins
RED Guardian at tile (11, 11) with 80 HP was assigned the order 'Order: Move to (13, 11)'
RED Trooper at tile (12, 11) with 100 HP was assigned the order 'Order: Move to (13, 10)'
RED Trooper at tile (11, 12) with 100 HP was assigned the order 'Order: Move to (13, 12)'
= Phase Move begins
RED Guardian at tile (13, 11) with 80 HP successfully executed 'Order: Move to (13, 11)'
RED Trooper at tile (13, 10) with 100 HP successfully executed 'Order: Move to (13, 10)'
RED Trooper at tile (13, 12) with 100 HP successfully executed 'Order: Move to (13, 12)'
= Phase Build begins
= Phase Combat begins
= Phase Ranged begins
= Phase Special begins
= Phase Start Turn begins
= Phase Issue Orders begins
RED Guardian at tile (13, 11) with 80 HP was assigned the order 'Order: Move to (14, 11)'
RED Trooper at tile (13, 10) with 100 HP was assigned the order 'Order: Move to (14, 10)'
RED Trooper at tile (13, 12) with 100 HP was assigned the order 'Order: Move to (14, 12)'
= Phase Move begins
RED Guardian at tile (14, 11) with 80 HP successfully executed 'Order: Move to (14, 11)'
RED Trooper at tile (14, 10) with 100 HP successfully executed 'Order: Move to (14, 10)'
RED Trooper at tile (14, 12) with 100 HP successfully executed 'Order: Move to (14, 12)'
= Phase Build begins
= Phase Combat begins
BLUE Base at tile (14, 10) with 100 HP and RED Trooper at tile (14, 10) with 100 HP are contesting the tile at (14, 10)!
BLUE Base at tile (14, 10) with 60 HP took 40 damage!
RED Trooper at tile (14, 10) with 100 HP took 0 damage!
BLUE Carbon Gen at tile (14, 12) with 100 HP and RED Trooper at tile (14, 12) with 100 HP are contesting the tile at (14, 12)!
BLUE Carbon Gen at tile (14, 12) with 40 HP took 60 damage!
RED Trooper at tile (14, 12) with 100 HP took 0 damage!
= Phase Ranged begins
= Phase Special begins
= Phase Start Turn begins
= Phase Issue Orders begins
= Phase Move begins
= Phase Build begins
= Phase Combat begins
BLUE Base at tile (14, 10) with 60 HP and RED Trooper at tile (14, 10) with 100 HP are contesting the tile at (14, 10)!
BLUE Base at tile (14, 10) with 20 HP took 40 damage!
RED Trooper at tile (14, 10) with 100 HP took 0 damage!
BLUE Carbon Gen at tile (14, 12) with 40 HP and RED Trooper at tile (14, 12) with 100 HP are contesting the tile at (14, 12)!
BLUE Carbon Gen at tile (14, 12) with -20 HP took 60 damage!
RED Trooper at tile (14, 12) with 100 HP took 0 damage!
= Phase Ranged begins
= Phase Special begins
= Phase Start Turn begins
= Phase Issue Orders begins
= Phase Move begins
= Phase Build begins
= Phase Combat begins
BLUE Base at tile (14, 10) with 20 HP and RED Trooper at tile (14, 10) with 100 HP are contesting the tile at (14, 10)!
BLUE Base at tile (14, 10) with -20 HP took 40 damage!
RED Trooper at tile (14, 10) with 100 HP took 0 damage!
= Phase Ranged begins
= Phase Special begins
= Phase Start Turn begins
= Phase Issue Orders begins
== ROUND 1 BEGIN ==
RED Trooper at tile (5, 7) with 100 HP was assigned the order 'Order: Move to (6, 8)'
RED Trooper at tile (6, 9) with 100 HP was assigned the order 'Order: Move to (7, 10)'
= Phase Move begins
RED Trooper at tile (6, 8) with 100 HP successfully executed 'Order: Move to (6, 8)'
RED Trooper at tile (7, 10) with 100 HP successfully executed 'Order: Move to (7, 10)'
= Phase Build begins
= Phase Combat begins
BLUE Ghost at tile (7, 10) with 100 HP and RED Trooper at tile (7, 10) with 100 HP are contesting the tile at (7, 10)!
BLUE Ghost at tile (7, 10) with 64 HP took 36 damage from RED Trooper at tile (7, 10) with 100 HP!
RED Trooper at tile (7, 10) with 85 HP took 15 damage from BLUE Ghost at tile (7, 10) with 64 HP!
= Phase Ranged begins
= Phase Special begins
= Phase Start Turn begins
= Phase Issue Orders begins
= Phase Move begins
= Phase Build begins
= Phase Combat begins
BLUE Ghost at tile (7, 10) with 64 HP and RED Trooper at tile (7, 10) with 85 HP are contesting the tile at (7, 10)!
BLUE Ghost at tile (7, 10) with 28 HP took 36 damage from RED Trooper at tile (7, 10) with 85 HP!
RED Trooper at tile (7, 10) with 73 HP took 12 damage from BLUE Ghost at tile (7, 10) with 28 HP!
= Phase Ranged begins
= Phase Special begins
= Phase Start Turn begins
= Phase Issue Orders begins
= Phase Move begins
= Phase Build begins
= Phase Combat begins
BLUE Ghost at tile (7, 10) with 28 HP and RED Trooper at tile (7, 10) with 73 HP are contesting the tile at (7, 10)!
BLUE Ghost at tile (7, 10) with -8 HP took 36 damage from RED Trooper at tile (7, 10) with 73 HP!
RED Trooper at tile (7, 10) with 61 HP took 12 damage from BLUE Ghost at tile (7, 10) with -8 HP!
= Phase Ranged begins
= Phase Special begins
= Phase Start Turn begins
= Phase Issue Orders begins
RED Barracks at tile (4, 7) with 100 HP was assigned the order 'Order: purchase upgrade UpgradeType.TROOPER_ENTRENCHMENT'
= Phase Move begins
= Phase Build begins
= Phase Combat begins
= Phase Ranged begins
= Phase Special begins
RED Barracks at tile (4, 7) with 100 HP successfully executed 'Order: purchase upgrade UpgradeType.TROOPER_ENTRENCHMENT'
= Phase Start Turn begins
Team.RED team researched the upgrade UpgradeType.TROOPER_ENTRENCHMENT
= Phase Issue Orders begins
RED Barracks at tile (4, 7) with 100 HP was assigned the order 'Order: purchase upgrade UpgradeType.TROOPER_REGEN'
= Phase Move begins
= Phase Build begins
= Phase Combat begins
= Phase Ranged begins
= Phase Special begins
RED Barracks at tile (4, 7) with 100 HP successfully executed 'Order: purchase upgrade UpgradeType.TROOPER_REGEN'
= Phase Start Turn begins
Team.RED team researched the upgrade UpgradeType.TROOPER_REGEN
RED Trooper at tile (7, 10) with 71 HP healed for 10 health.
= Phase Issue Orders begins
= Phase Move begins
= Phase Build begins
= Phase Combat begins
= Phase Ranged begins
= Phase Special begins
= Phase Start Turn begins
RED Trooper at tile (7, 10) with 81 HP healed for 10 health.
= Phase Issue Orders begins
= Phase Move begins
= Phase Build begins
= Phase Combat begins
= Phase Ranged begins
= Phase Special begins
= Phase Start Turn begins
RED Trooper at tile (7, 10) with 91 HP healed for 10 health.
= Phase Issue Orders begins
