== ROUND 1 BEGIN ==
RED Base at tile (5, 3) with 100 HP was assigned the order 'Order: Build a Colonist on tile (6, 3)'
BLUE Barracks at tile (15, 9) with 100 HP was assigned the order 'Order: Build a Trooper on tile (15, 8)'
= Phase Move begins
= Phase Build begins
RED Base at tile (5, 3) with 100 HP successfully executed 'Order: Build a Colonist on tile (6, 3)'
BLUE Barracks at tile (15, 9) with 100 HP successfully executed 'Order: Build a Trooper on tile (15, 8)'
= Phase Combat begins
= Phase Ranged begins
= Phase Special begins
= Phase Start Turn begins
== ROUND 2 BEGIN ==
= Phase Issue Orders begins
RED Colonist at tile (6, 3) with 100 HP was assigned the order 'Order: Move to (8, 2)'
= Phase Move begins
RED Colonist at tile (8, 2) with 100 HP successfully executed 'Order: Move to (8, 2)'
= Phase Build begins
= Phase Combat begins
= Phase Ranged begins
= Phase Special begins
= Phase Start Turn begins
== ROUND 3 BEGIN ==
= Phase Issue Orders begins
RED Barracks at tile (4, 4) with 100 HP was assigned the order 'Order: Build a Trooper on tile (5, 4)'
RED Colonist at tile (8, 2) with 100 HP was assigned the order 'Order: Build a Carbon Gen on tile (9, 2)'
= Phase Move begins
= Phase Build begins
RED Barracks at tile (4, 4) with 100 HP successfully executed 'Order: Build a Trooper on tile (5, 4)'
RED Colonist at tile (8, 2) with 100 HP successfully executed 'Order: Build a Carbon Gen on tile (9, 2)'
= Phase Combat begins
= Phase Ranged begins
= Phase Special begins
= Phase Start Turn begins
== ROUND 4 BEGIN ==
= Phase Issue Orders begins
RED Barracks at tile (4, 4) with 100 HP was assigned the order 'Order: Build a Ghost on tile (5, 4)'
BLUE Barracks at tile (15, 9) with 100 HP was assigned the order 'Order: Build a Ranger on tile (15, 8)'
BLUE Trooper at tile (15, 8) with 100 HP was assigned the order 'Order: Move to (14, 7)'
RED Colonist at tile (8, 2) with 100 HP was assigned the order 'Order: Build a Gas Gen on tile (8, 1)'
RED Trooper at tile (5, 4) with 100 HP was assigned the order 'Order: Move to (7, 4)'
= Phase Move begins
BLUE Trooper at tile (14, 7) with 100 HP successfully executed 'Order: Move to (14, 7)'
RED Trooper at tile (7, 4) with 100 HP successfully executed 'Order: Move to (7, 4)'
= Phase Build begins
RED Barracks at tile (4, 4) with 100 HP successfully executed 'Order: Build a Ghost on tile (5, 4)'
BLUE Barracks at tile (15, 9) with 100 HP successfully executed 'Order: Build a Ranger on tile (15, 8)'
RED Colonist at tile (8, 2) with 100 HP successfully executed 'Order: Build a Gas Gen on tile (8, 1)'
= Phase Combat begins
= Phase Ranged begins
= Phase Special begins
= Phase Start Turn begins
== ROUND 5 BEGIN ==
= Phase Issue Orders begins
BLUE Trooper at tile (14, 7) with 100 HP was assigned the order 'Order: Move to (14, 5)'
RED Trooper at tile (7, 4) with 100 HP was assigned the order 'Order: Move to (9, 4)'
RED Ghost at tile (5, 4) with 100 HP was assigned the order 'Order: Move to (8, 4)'
BLUE Ranger at tile (15, 8) with 100 HP was assigned the order 'Order: Move to (14, 7)'
= Phase Move begins
BLUE Trooper at tile (14, 5) with 100 HP successfully executed 'Order: Move to (14, 5)'
RED Trooper at tile (9, 4) with 100 HP successfully executed 'Order: Move to (9, 4)'
RED Ghost at tile (8, 4) with 100 HP successfully executed 'Order: Move to (8, 4)'
BLUE Ranger at tile (14, 7) with 100 HP successfully executed 'Order: Move to (14, 7)'
= Phase Build begins
= Phase Combat begins
= Phase Ranged begins
= Phase Special begins
= Phase Start Turn begins
== ROUND 6 BEGIN ==
= Phase Issue Orders begins
BLUE Trooper at tile (14, 5) with 100 HP was assigned the order 'Order: Move to (13, 4)'
RED Trooper at tile (9, 4) with 100 HP was assigned the order 'Order: Move to (11, 4)'
RED Ghost at tile (8, 4) with 100 HP was assigned the order 'Order: Move to (10, 4)'
BLUE Ranger at tile (14, 7) with 100 HP was assigned the order 'Order: Move to (14, 5)'
= Phase Move begins
BLUE Trooper at tile (13, 4) with 100 HP successfully executed 'Order: Move to (13, 4)'
RED Trooper at tile (11, 4) with 100 HP successfully executed 'Order: Move to (11, 4)'
RED Ghost at tile (10, 4) with 100 HP successfully executed 'Order: Move to (10, 4)'
BLUE Ranger at tile (14, 5) with 100 HP successfully executed 'Order: Move to (14, 5)'
= Phase Build begins
= Phase Combat begins
= Phase Ranged begins
= Phase Special begins
= Phase Start Turn begins
== ROUND 7 BEGIN ==
= Phase Issue Orders begins
BLUE Trooper at tile (13, 4) with 100 HP was assigned the order 'Order: Move to (12, 5)'
RED Trooper at tile (11, 4) with 100 HP was assigned the order 'Order: Move to (12, 5)'
RED Ghost at tile (10, 4) with 100 HP was assigned the order 'Order: Move to (13, 4)'
BLUE Ranger at tile (14, 5) with 100 HP was assigned the order 'Order: Ranged attack tile (13, 4)'
= Phase Move begins
BLUE Trooper at tile (12, 5) with 100 HP successfully executed 'Order: Move to (12, 5)'
RED Trooper at tile (12, 5) with 100 HP successfully executed 'Order: Move to (12, 5)'
RED Ghost at tile (13, 4) with 100 HP successfully executed 'Order: Move to (13, 4)'
= Phase Build begins
= Phase Combat begins
BLUE Trooper at tile (12, 5) with 100 HP and RED Trooper at tile (12, 5) with 100 HP are contesting the tile at (12, 5)!
BLUE Trooper at tile (12, 5) with 70 HP took 30 damage!
RED Trooper at tile (12, 5) with 70 HP took 30 damage!
= Phase Ranged begins
BLUE Ranger at tile (14, 5) with 100 HP successfully executed 'Order: Ranged attack tile (13, 4)'
= Phase Special begins
RED Ghost at tile (13, 4) with 84 HP took 16 damage!
= Phase Start Turn begins
== ROUND 8 BEGIN ==
= Phase Issue Orders begins
BLUE Ranger at tile (14, 5) with 100 HP was assigned the order 'Order: Ranged attack tile (13, 4)'
= Phase Move begins
= Phase Build begins
= Phase Combat begins
BLUE Trooper at tile (12, 5) with 70 HP and RED Trooper at tile (12, 5) with 70 HP are contesting the tile at (12, 5)!
BLUE Trooper at tile (12, 5) with 46 HP took 24 damage!
RED Trooper at tile (12, 5) with 46 HP took 24 damage!
= Phase Ranged begins
BLUE Ranger at tile (14, 5) with 100 HP successfully executed 'Order: Ranged attack tile (13, 4)'
= Phase Special begins
RED Ghost at tile (13, 4) with 72 HP took 12 damage!
= Phase Start Turn begins
== ROUND 9 BEGIN ==
= Phase Issue Orders begins
