2018-05-01 14:40:25,277 INFO == TURN 1 BEGIN ==
2018-05-01 14:40:25,277 INFO = Issue Orders phase begins
2018-05-01 14:40:35,056 INFO RED Colonist at tile (2, 7) with 100 HP was assigned the order 'Order: Build a Barracks on tile (3, 7)'
2018-05-01 14:40:35,057 INFO BLUE Colonist at tile (12, 2) with 100 HP was assigned the order 'Order: Build a Barracks on tile (11, 2)'
2018-05-01 14:40:35,057 INFO = Move phase begins
2018-05-01 14:40:35,108 INFO = Build phase begins
2018-05-01 14:40:35,119 INFO Team.BLUE PieceType.BARRACKS was built on (11, 2). 
2018-05-01 14:40:35,119 INFO Team.BLUE team spent 5 resources.
2018-05-01 14:40:35,120 INFO Team.RED PieceType.BARRACKS was built on (3, 7). 
2018-05-01 14:40:35,120 INFO Team.RED team spent 5 resources.
2018-05-01 14:40:35,160 INFO = Combat phase begins
2018-05-01 14:40:35,208 INFO = Ranged phase begins
2018-05-01 14:40:35,259 INFO = Special phase begins
2018-05-01 14:40:35,307 INFO = Start Turn phase begins
2018-05-01 14:40:35,308 INFO == TURN 2 BEGIN ==
2018-05-01 14:40:35,317 INFO Team.RED team acquired 1 resources.
2018-05-01 14:40:35,317 INFO Team.BLUE team acquired 1 resources.
2018-05-01 14:40:35,317 INFO Team.BLUE team acquired 2 resources.
2018-05-01 14:40:35,318 INFO Team.RED team acquired 2 resources.
2018-05-01 14:40:35,355 INFO = Issue Orders phase begins
2018-05-01 14:40:42,643 INFO RED Colonist at tile (2, 7) with 100 HP was assigned the order 'Order: Move to (1, 8)'
2018-05-01 14:40:42,643 INFO BLUE Colonist at tile (12, 2) with 100 HP was assigned the order 'Order: Move to (13, 1)'
2018-05-01 14:40:42,643 INFO BLUE Barracks at tile (11, 2) with 100 HP was assigned the order 'Order: Build a Trooper on tile (10, 2)'
2018-05-01 14:40:42,643 INFO RED Barracks at tile (3, 7) with 100 HP was assigned the order 'Order: Build a Ghost on tile (4, 7)'
2018-05-01 14:40:42,643 INFO = Move phase begins
2018-05-01 14:40:42,653 INFO None moved to (13, 1)
2018-05-01 14:40:42,653 INFO None moved to (1, 8)
2018-05-01 14:40:42,695 INFO = Build phase begins
2018-05-01 14:40:42,705 INFO Team.RED PieceType.GHOST was built on (4, 7). 
2018-05-01 14:40:42,705 INFO Team.RED team spent 3 resources.
2018-05-01 14:40:42,706 INFO Team.BLUE PieceType.TROOPER was built on (10, 2). 
2018-05-01 14:40:42,706 INFO Team.BLUE team spent 3 resources.
2018-05-01 14:40:42,747 INFO = Combat phase begins
2018-05-01 14:40:42,797 INFO = Ranged phase begins
2018-05-01 14:40:42,848 INFO = Special phase begins
2018-05-01 14:40:42,906 INFO = Start Turn phase begins
2018-05-01 14:40:42,906 INFO == TURN 3 BEGIN ==
2018-05-01 14:40:42,916 INFO Team.RED team acquired 1 resources.
2018-05-01 14:40:42,916 INFO Team.BLUE team acquired 1 resources.
2018-05-01 14:40:42,916 INFO Team.BLUE team acquired 2 resources.
2018-05-01 14:40:42,917 INFO Team.RED team acquired 2 resources.
2018-05-01 14:40:42,954 INFO = Issue Orders phase begins
2018-05-01 14:40:50,061 INFO BLUE Barracks at tile (11, 2) with 100 HP was assigned the order 'Order: purchase upgrade UpgradeType.TROOPER_ARMOR'
2018-05-01 14:40:50,061 INFO BLUE Colonist at tile (13, 1) with 100 HP was assigned the order 'Order: Build a Generator on tile (14, 1)'
2018-05-01 14:40:50,061 INFO RED Colonist at tile (1, 8) with 100 HP was assigned the order 'Order: Build a Generator on tile (0, 8)'
2018-05-01 14:40:50,061 INFO RED Ghost at tile (4, 7) with 80 HP was assigned the order 'Order: Move to (6, 8)'
2018-05-01 14:40:50,061 INFO BLUE Trooper at tile (10, 2) with 100 HP was assigned the order 'Order: Move to (10, 3)'
2018-05-01 14:40:50,061 INFO = Move phase begins
2018-05-01 14:40:50,071 INFO None moved to (10, 3)
2018-05-01 14:40:50,072 INFO None moved to (6, 8)
2018-05-01 14:40:50,115 INFO = Build phase begins
2018-05-01 14:40:50,132 INFO Team.BLUE PieceType.GENERATOR was built on (14, 1). 
2018-05-01 14:40:50,133 INFO Team.BLUE team spent 1 resources.
2018-05-01 14:40:50,133 INFO Team.RED PieceType.GENERATOR was built on (0, 8). 
2018-05-01 14:40:50,133 INFO Team.RED team spent 1 resources.
2018-05-01 14:40:50,176 INFO = Combat phase begins
2018-05-01 14:40:50,236 INFO = Ranged phase begins
2018-05-01 14:40:50,296 INFO = Special phase begins
2018-05-01 14:40:50,305 INFO Team.BLUE team researched the upgrade UpgradeType.TROOPER_ARMOR
2018-05-01 14:40:50,305 INFO Team.BLUE team spent 2 resources.
2018-05-01 14:40:50,347 INFO = Start Turn phase begins
2018-05-01 14:40:50,348 INFO == TURN 4 BEGIN ==
2018-05-01 14:40:50,358 INFO Team.RED team acquired 1 resources.
2018-05-01 14:40:50,358 INFO Team.BLUE team acquired 1 resources.
2018-05-01 14:40:50,358 INFO Team.RED team acquired 1 resources.
2018-05-01 14:40:50,359 INFO Team.BLUE team acquired 1 resources.
2018-05-01 14:40:50,359 INFO Team.BLUE team acquired 2 resources.
2018-05-01 14:40:50,359 INFO Team.RED team acquired 2 resources.
2018-05-01 14:40:50,399 INFO = Issue Orders phase begins
2018-05-01 14:41:04,788 INFO BLUE Barracks at tile (11, 2) with 100 HP was assigned the order 'Order: Build a Ranger on tile (10, 2)'
2018-05-01 14:41:04,789 INFO RED Barracks at tile (3, 7) with 100 HP was assigned the order 'Order: Build a Trooper on tile (4, 7)'
2018-05-01 14:41:04,789 INFO BLUE Colonist at tile (13, 1) with 100 HP was assigned the order 'Order: Build a Generator on tile (13, 0)'
2018-05-01 14:41:04,789 INFO RED Colonist at tile (1, 8) with 100 HP was assigned the order 'Order: Build a Generator on tile (1, 9)'
2018-05-01 14:41:04,789 INFO BLUE Trooper at tile (10, 3) with 100 HP was assigned the order 'Order: Move to (10, 5)'
2018-05-01 14:41:04,789 INFO = Move phase begins
2018-05-01 14:41:04,799 INFO None moved to (10, 5)
2018-05-01 14:41:04,840 INFO = Build phase begins
2018-05-01 14:41:04,850 INFO Team.RED PieceType.TROOPER was built on (4, 7). 
2018-05-01 14:41:04,850 INFO Team.RED team spent 3 resources.
2018-05-01 14:41:04,850 INFO Team.BLUE PieceType.RANGER was built on (10, 2). 
2018-05-01 14:41:04,850 INFO Team.BLUE team spent 3 resources.
2018-05-01 14:41:04,851 INFO Team.BLUE PieceType.GENERATOR was built on (13, 0). 
2018-05-01 14:41:04,851 INFO Team.BLUE team spent 1 resources.
2018-05-01 14:41:04,851 INFO Team.RED PieceType.GENERATOR was built on (1, 9). 
2018-05-01 14:41:04,851 INFO Team.RED team spent 1 resources.
2018-05-01 14:41:04,888 INFO = Combat phase begins
2018-05-01 14:41:04,940 INFO = Ranged phase begins
2018-05-01 14:41:04,993 INFO = Special phase begins
2018-05-01 14:41:05,046 INFO = Start Turn phase begins
2018-05-01 14:41:05,047 INFO == TURN 5 BEGIN ==
2018-05-01 14:41:05,058 INFO Team.RED team acquired 1 resources.
2018-05-01 14:41:05,058 INFO Team.BLUE team acquired 1 resources.
2018-05-01 14:41:05,059 INFO Team.RED team acquired 1 resources.
2018-05-01 14:41:05,059 INFO Team.BLUE team acquired 1 resources.
2018-05-01 14:41:05,059 INFO Team.RED team acquired 1 resources.
2018-05-01 14:41:05,059 INFO Team.BLUE team acquired 1 resources.
2018-05-01 14:41:05,059 INFO Team.BLUE team acquired 2 resources.
2018-05-01 14:41:05,059 INFO Team.RED team acquired 2 resources.
2018-05-01 14:41:05,101 INFO = Issue Orders phase begins
2018-05-01 14:41:23,263 INFO BLUE Barracks at tile (11, 2) with 100 HP was assigned the order 'Order: Build a Ghost on tile (10, 2)'
2018-05-01 14:41:23,263 INFO RED Barracks at tile (3, 7) with 100 HP was assigned the order 'Order: Build a Trooper on tile (2, 7)'
2018-05-01 14:41:23,263 INFO BLUE Colonist at tile (13, 1) with 100 HP was assigned the order 'Order: Build a Tech Lab on tile (12, 1)'
2018-05-01 14:41:23,263 INFO RED Colonist at tile (1, 8) with 100 HP was assigned the order 'Order: Move to (1, 5)'
2018-05-01 14:41:23,263 INFO RED Ghost at tile (6, 8) with 80 HP was assigned the order 'Order: Move to (9, 8)'
2018-05-01 14:41:23,263 INFO BLUE Trooper at tile (10, 5) with 100 HP was assigned the order 'Order: Move to (11, 6)'
2018-05-01 14:41:23,263 INFO RED Trooper at tile (4, 7) with 100 HP was assigned the order 'Order: Move to (5, 8)'
2018-05-01 14:41:23,263 INFO BLUE Ranger at tile (10, 2) with 90 HP was assigned the order 'Order: Move to (9, 1)'
2018-05-01 14:41:23,263 INFO = Move phase begins
2018-05-01 14:41:23,274 INFO None moved to (9, 1)
2018-05-01 14:41:23,274 INFO None moved to (5, 8)
2018-05-01 14:41:23,274 INFO None moved to (11, 6)
2018-05-01 14:41:23,274 INFO None moved to (9, 8)
2018-05-01 14:41:23,274 INFO None moved to (1, 5)
2018-05-01 14:41:23,313 INFO = Build phase begins
2018-05-01 14:41:23,323 INFO Team.RED PieceType.TROOPER was built on (2, 7). 
2018-05-01 14:41:23,323 INFO Team.RED team spent 3 resources.
2018-05-01 14:41:23,323 INFO Team.BLUE PieceType.GHOST was built on (10, 2). 
2018-05-01 14:41:23,324 INFO Team.BLUE team spent 3 resources.
2018-05-01 14:41:23,324 INFO Team.BLUE PieceType.TECHLAB was built on (12, 1). 
2018-05-01 14:41:23,324 INFO Team.BLUE team spent 2 resources.
2018-05-01 14:41:23,363 INFO = Combat phase begins
2018-05-01 14:41:23,415 INFO = Ranged phase begins
2018-05-01 14:41:23,467 INFO = Special phase begins
2018-05-01 14:41:23,519 INFO = Start Turn phase begins
2018-05-01 14:41:23,519 INFO == TURN 6 BEGIN ==
2018-05-01 14:41:23,531 INFO Team.RED team acquired 1 resources.
2018-05-01 14:41:23,531 INFO Team.BLUE team acquired 1 resources.
2018-05-01 14:41:23,531 INFO Team.RED team acquired 1 resources.
2018-05-01 14:41:23,531 INFO Team.BLUE team acquired 1 resources.
2018-05-01 14:41:23,532 INFO Team.RED team acquired 1 resources.
2018-05-01 14:41:23,532 INFO Team.BLUE team acquired 1 resources.
2018-05-01 14:41:23,532 INFO Team.BLUE team acquired 2 resources.
2018-05-01 14:41:23,532 INFO Team.RED team acquired 2 resources.
2018-05-01 14:41:23,575 INFO = Issue Orders phase begins
2018-05-01 14:41:36,942 INFO RED Base at tile (3, 6) with 150 HP was assigned the order 'Order: purchase upgrade UpgradeType.RESOURCE_PRODUCTION_1'
2018-05-01 14:41:36,942 INFO BLUE Barracks at tile (11, 2) with 100 HP was assigned the order 'Order: Build a Trooper on tile (10, 2)'
2018-05-01 14:41:36,942 INFO BLUE Colonist at tile (13, 1) with 100 HP was assigned the order 'Order: Move to (10, 1)'
2018-05-01 14:41:36,942 INFO BLUE Ranger at tile (9, 1) with 90 HP was assigned the order 'Order: Move to (9, 3)'
2018-05-01 14:41:36,942 INFO RED Trooper at tile (5, 8) with 100 HP was assigned the order 'Order: Move to (7, 8)'
2018-05-01 14:41:36,942 INFO BLUE Trooper at tile (11, 6) with 100 HP was assigned the order 'Order: Move to (10, 7)'
2018-05-01 14:41:36,943 INFO RED Ghost at tile (9, 8) with 80 HP was assigned the order 'Order: Move to (12, 8)'
2018-05-01 14:41:36,943 INFO RED Colonist at tile (1, 5) with 100 HP was assigned the order 'Order: Move to (1, 2)'
2018-05-01 14:41:36,943 INFO RED Trooper at tile (2, 7) with 100 HP was assigned the order 'Order: Move to (2, 5)'
2018-05-01 14:41:36,943 INFO BLUE Ghost at tile (10, 2) with 80 HP was assigned the order 'Order: Move to (8, 1)'
2018-05-01 14:41:36,943 INFO BLUE Tech Lab at tile (12, 1) with 50 HP was assigned the order 'Order: purchase upgrade UpgradeType.COLONIST_ATTACK'
2018-05-01 14:41:36,943 INFO = Move phase begins
2018-05-01 14:41:36,952 INFO None moved to (8, 1)
2018-05-01 14:41:36,953 INFO None moved to (2, 5)
2018-05-01 14:41:36,953 INFO None moved to (9, 3)
2018-05-01 14:41:36,953 INFO None moved to (7, 8)
2018-05-01 14:41:36,953 INFO None moved to (10, 7)
2018-05-01 14:41:36,953 INFO None moved to (12, 8)
2018-05-01 14:41:36,953 INFO None moved to (10, 1)
2018-05-01 14:41:36,953 INFO None moved to (1, 2)
2018-05-01 14:41:36,995 INFO = Build phase begins
2018-05-01 14:41:37,009 INFO Team.BLUE PieceType.TROOPER was built on (10, 2). 
2018-05-01 14:41:37,009 INFO Team.BLUE team spent 3 resources.
2018-05-01 14:41:37,054 INFO = Combat phase begins
2018-05-01 14:41:37,107 INFO = Ranged phase begins
2018-05-01 14:41:37,161 INFO = Special phase begins
2018-05-01 14:41:37,172 INFO Team.BLUE team researched the upgrade UpgradeType.COLONIST_ATTACK
2018-05-01 14:41:37,173 INFO Team.BLUE team spent 2 resources.
2018-05-01 14:41:37,173 INFO Team.RED team researched the upgrade UpgradeType.RESOURCE_PRODUCTION_1
2018-05-01 14:41:37,173 INFO Team.RED team spent 8 resources.
2018-05-01 14:41:37,217 INFO = Start Turn phase begins
2018-05-01 14:41:37,218 INFO == TURN 7 BEGIN ==
2018-05-01 14:41:37,229 INFO Team.RED team acquired 2 resources.
2018-05-01 14:41:37,229 INFO Team.BLUE team acquired 1 resources.
2018-05-01 14:41:37,229 INFO Team.RED team acquired 2 resources.
2018-05-01 14:41:37,229 INFO Team.BLUE team acquired 1 resources.
2018-05-01 14:41:37,229 INFO Team.RED team acquired 2 resources.
2018-05-01 14:41:37,229 INFO Team.BLUE team acquired 1 resources.
2018-05-01 14:41:37,229 INFO Team.BLUE team acquired 2 resources.
2018-05-01 14:41:37,230 INFO Team.RED team acquired 3 resources.
2018-05-01 14:41:37,274 INFO = Issue Orders phase begins
2018-05-01 14:43:39,349 INFO RED Base at tile (3, 6) with 150 HP was assigned the order 'Order: Build a Colonist on tile (4, 6)'
2018-05-01 14:43:39,350 INFO BLUE Barracks at tile (11, 2) with 100 HP was assigned the order 'Order: Build a Ranger on tile (10, 2)'
2018-05-01 14:43:39,350 INFO RED Barracks at tile (3, 7) with 100 HP was assigned the order 'Order: Build a Trooper on tile (4, 7)'
2018-05-01 14:43:39,350 INFO BLUE Ghost at tile (8, 1) with 80 HP was assigned the order 'Order: Move to (5, 1)'
2018-05-01 14:43:39,350 INFO RED Trooper at tile (2, 5) with 100 HP was assigned the order 'Order: Move to (2, 3)'
2018-05-01 14:43:39,350 INFO BLUE Ranger at tile (9, 3) with 90 HP was assigned the order 'Order: Move to (9, 1)'
2018-05-01 14:43:39,350 INFO RED Trooper at tile (7, 8) with 100 HP was assigned the order 'Order: Move to (9, 8)'
2018-05-01 14:43:39,350 INFO BLUE Trooper at tile (10, 7) with 100 HP was assigned the order 'Order: Move to (11, 8)'
2018-05-01 14:43:39,350 INFO RED Ghost at tile (12, 8) with 80 HP was assigned the order 'Order: Move to (12, 5)'
2018-05-01 14:43:39,351 INFO BLUE Colonist at tile (10, 1) with 100 HP was assigned the order 'Order: Move to (8, 1)'
2018-05-01 14:43:39,351 INFO RED Colonist at tile (1, 2) with 100 HP was assigned the order 'Order: Build a Generator on tile (1, 1)'
2018-05-01 14:43:39,351 INFO BLUE Trooper at tile (10, 2) with 100 HP was assigned the order 'Order: Move to (10, 3)'
2018-05-01 14:43:39,351 INFO = Move phase begins
2018-05-01 14:43:39,362 INFO None moved to (10, 3)
2018-05-01 14:43:39,362 INFO None moved to (5, 1)
2018-05-01 14:43:39,362 INFO None moved to (2, 3)
2018-05-01 14:43:39,362 INFO None moved to (9, 1)
2018-05-01 14:43:39,363 INFO None moved to (9, 8)
2018-05-01 14:43:39,363 INFO None moved to (11, 8)
2018-05-01 14:43:39,363 INFO None moved to (12, 5)
2018-05-01 14:43:39,363 INFO None moved to (8, 1)
2018-05-01 14:43:39,405 INFO = Build phase begins
2018-05-01 14:43:39,415 INFO Team.RED PieceType.TROOPER was built on (4, 7). 
2018-05-01 14:43:39,415 INFO Team.RED team spent 3 resources.
2018-05-01 14:43:39,416 INFO Team.BLUE PieceType.RANGER was built on (10, 2). 
2018-05-01 14:43:39,416 INFO Team.BLUE team spent 3 resources.
2018-05-01 14:43:39,416 INFO Team.RED PieceType.GENERATOR was built on (1, 1). 
2018-05-01 14:43:39,416 INFO Team.RED team spent 1 resources.
2018-05-01 14:43:39,416 INFO Team.RED PieceType.COLONIST was built on (4, 6). 
2018-05-01 14:43:39,417 INFO Team.RED team spent 5 resources.
2018-05-01 14:43:39,458 INFO = Combat phase begins
2018-05-01 14:43:39,511 INFO = Ranged phase begins
2018-05-01 14:43:39,563 INFO = Special phase begins
2018-05-01 14:43:39,617 INFO = Start Turn phase begins
2018-05-01 14:43:39,618 INFO == TURN 8 BEGIN ==
2018-05-01 14:43:39,628 INFO Team.RED team acquired 2 resources.
2018-05-01 14:43:39,628 INFO Team.RED team acquired 2 resources.
2018-05-01 14:43:39,628 INFO Team.BLUE team acquired 1 resources.
2018-05-01 14:43:39,629 INFO Team.RED team acquired 2 resources.
2018-05-01 14:43:39,629 INFO Team.BLUE team acquired 1 resources.
2018-05-01 14:43:39,629 INFO Team.RED team acquired 2 resources.
2018-05-01 14:43:39,629 INFO Team.BLUE team acquired 1 resources.
2018-05-01 14:43:39,629 INFO Team.BLUE team acquired 2 resources.
2018-05-01 14:43:39,629 INFO Team.RED team acquired 3 resources.
2018-05-01 14:43:39,673 INFO = Issue Orders phase begins
2018-05-01 14:44:16,365 INFO BLUE Barracks at tile (11, 2) with 100 HP was assigned the order 'Order: Build a Ghost on tile (10, 2)'
2018-05-01 14:44:16,365 INFO RED Barracks at tile (3, 7) with 100 HP was assigned the order 'Order: Build a Ranger on tile (4, 7)'
2018-05-01 14:44:16,365 INFO BLUE Tech Lab at tile (12, 1) with 50 HP was assigned the order 'Order: purchase upgrade UpgradeType.GHOST_ANTI_COLONIST'
2018-05-01 14:44:16,365 INFO RED Colonist at tile (1, 2) with 100 HP was assigned the order 'Order: Build a Barracks on tile (2, 2)'
2018-05-01 14:44:16,365 INFO BLUE Trooper at tile (10, 3) with 100 HP was assigned the order 'Order: Move to (10, 5)'
2018-05-01 14:44:16,366 INFO BLUE Ghost at tile (5, 1) with 80 HP was assigned the order 'Order: Move to (2, 1)'
2018-05-01 14:44:16,366 INFO RED Trooper at tile (2, 3) with 100 HP was assigned the order 'Order: Move to (2, 1)'
2018-05-01 14:44:16,366 INFO BLUE Ranger at tile (9, 1) with 90 HP was assigned the order 'Order: Move to (9, 3)'
2018-05-01 14:44:16,366 INFO BLUE Trooper at tile (11, 8) with 100 HP was assigned the order 'Order: Move to (11, 6)'
2018-05-01 14:44:16,366 INFO RED Ghost at tile (12, 5) with 80 HP was assigned the order 'Order: Move to (12, 2)'
2018-05-01 14:44:16,366 INFO BLUE Colonist at tile (8, 1) with 100 HP was assigned the order 'Order: Build a Generator on tile (7, 1)'
2018-05-01 14:44:16,366 INFO RED Trooper at tile (4, 7) with 100 HP was assigned the order 'Order: Move to (5, 8)'
2018-05-01 14:44:16,366 INFO BLUE Ranger at tile (10, 2) with 90 HP was assigned the order 'Order: Move to (10, 3)'
2018-05-01 14:44:16,366 INFO RED Colonist at tile (4, 6) with 100 HP was assigned the order 'Order: Move to (4, 8)'
2018-05-01 14:44:16,366 INFO = Move phase begins
2018-05-01 14:44:16,377 INFO None moved to (4, 8)
2018-05-01 14:44:16,377 INFO None moved to (10, 3)
2018-05-01 14:44:16,378 INFO None moved to (5, 8)
2018-05-01 14:44:16,378 INFO BLUE Ranger at tile (10, 3) with 90 HP moved to (10, 5)
2018-05-01 14:44:16,378 INFO None moved to (2, 1)
2018-05-01 14:44:16,378 INFO None moved to (2, 1)
2018-05-01 14:44:16,378 INFO None moved to (9, 3)
2018-05-01 14:44:16,378 INFO None moved to (11, 6)
2018-05-01 14:44:16,378 INFO None moved to (12, 2)
2018-05-01 14:44:16,422 INFO = Build phase begins
2018-05-01 14:44:16,433 INFO Team.RED PieceType.RANGER was built on (4, 7). 
2018-05-01 14:44:16,433 INFO Team.RED team spent 3 resources.
2018-05-01 14:44:16,434 INFO Team.BLUE PieceType.GHOST was built on (10, 2). 
2018-05-01 14:44:16,434 INFO Team.BLUE team spent 3 resources.
2018-05-01 14:44:16,434 INFO Team.BLUE PieceType.GENERATOR was built on (7, 1). 
2018-05-01 14:44:16,434 INFO Team.BLUE team spent 1 resources.
2018-05-01 14:44:16,434 INFO Team.RED PieceType.BARRACKS was built on (2, 2). 
2018-05-01 14:44:16,435 INFO Team.RED team spent 5 resources.
2018-05-01 14:44:16,477 INFO = Combat phase begins
2018-05-01 14:44:16,488 INFO [<terra.piece.piece.Piece object at 0x026EB930>, <terra.piece.piece.Piece object at 0x026E8D70>] are contesting the tile at (2, 1)!
2018-05-01 14:44:16,489 INFO BLUE Ghost at tile (2, 1) with -11 HP took 49 damage from RED Trooper at tile (2, 1) with 80 HP!
2018-05-01 14:44:16,489 INFO RED Trooper at tile (2, 1) with 80 HP took 15 damage from BLUE Ghost at tile (2, 1) with -11 HP!
2018-05-01 14:44:16,489 INFO RED Trooper at tile (2, 1) with 80 HP took 5 damage from BLUE Ghost at tile (2, 1) with -11 HP!
2018-05-01 14:44:16,489 INFO BLUE Ghost at tile (2, 1) with -11 HP took 42 damage from RED Trooper at tile (2, 1) with 80 HP!
2018-05-01 14:44:16,538 INFO = Ranged phase begins
2018-05-01 14:44:16,597 INFO = Special phase begins
2018-05-01 14:44:16,610 INFO Team.BLUE team researched the upgrade UpgradeType.GHOST_ANTI_COLONIST
2018-05-01 14:44:16,611 INFO Team.BLUE team spent 2 resources.
2018-05-01 14:44:16,659 INFO = Start Turn phase begins
2018-05-01 14:44:16,660 INFO == TURN 9 BEGIN ==
2018-05-01 14:44:16,672 INFO Team.BLUE team acquired 1 resources.
2018-05-01 14:44:16,672 INFO Team.RED team acquired 2 resources.
2018-05-01 14:44:16,672 INFO Team.RED team acquired 2 resources.
2018-05-01 14:44:16,673 INFO Team.BLUE team acquired 1 resources.
2018-05-01 14:44:16,673 INFO Team.RED team acquired 2 resources.
2018-05-01 14:44:16,673 INFO Team.BLUE team acquired 1 resources.
2018-05-01 14:44:16,673 INFO Team.RED team acquired 2 resources.
2018-05-01 14:44:16,673 INFO Team.BLUE team acquired 1 resources.
2018-05-01 14:44:16,673 INFO Team.BLUE team acquired 2 resources.
2018-05-01 14:44:16,673 INFO Team.RED team acquired 3 resources.
2018-05-01 14:44:16,713 INFO = Issue Orders phase begins
2018-05-01 14:44:51,978 INFO BLUE Barracks at tile (11, 2) with 100 HP was assigned the order 'Order: Build a Ghost on tile (10, 2)'
2018-05-01 14:44:51,978 INFO RED Barracks at tile (3, 7) with 100 HP was assigned the order 'Order: Build a Ghost on tile (4, 7)'
2018-05-01 14:44:51,978 INFO BLUE Tech Lab at tile (12, 1) with 50 HP was assigned the order 'Order: purchase upgrade UpgradeType.RANGER_UNCONTESTABLE'
2018-05-01 14:44:51,979 INFO RED Colonist at tile (1, 2) with 100 HP was assigned the order 'Order: Build a Tech Lab on tile (1, 3)'
2018-05-01 14:44:51,979 INFO BLUE Ranger at tile (10, 3) with 90 HP was assigned the order 'Order: Move to (10, 5)'
2018-05-01 14:44:51,979 INFO RED Trooper at tile (9, 8) with 100 HP was assigned the order 'Order: Move to (10, 8)'
2018-05-01 14:44:51,979 INFO BLUE Colonist at tile (8, 1) with 100 HP was assigned the order 'Order: Move to (9, 3)'
2018-05-01 14:44:51,979 INFO RED Colonist at tile (4, 8) with 100 HP was assigned the order 'Order: Move to (6, 8)'
2018-05-01 14:44:51,979 INFO RED Trooper at tile (5, 8) with 100 HP was assigned the order 'Order: Move to (6, 9)'
2018-05-01 14:44:51,979 INFO BLUE Trooper at tile (10, 5) with 100 HP was assigned the order 'Order: Move to (10, 3)'
2018-05-01 14:44:51,979 INFO RED Trooper at tile (2, 1) with 80 HP was assigned the order 'Order: Move to (4, 1)'
2018-05-01 14:44:51,979 INFO BLUE Ranger at tile (9, 3) with 90 HP was assigned the order 'Order: Move to (9, 4)'
2018-05-01 14:44:51,979 INFO BLUE Trooper at tile (11, 6) with 100 HP was assigned the order 'Order: Move to (11, 4)'
2018-05-01 14:44:51,979 INFO RED Ghost at tile (12, 2) with 80 HP was assigned the order 'Order: Move to (10, 3)'
2018-05-01 14:44:51,979 INFO RED Ranger at tile (4, 7) with 90 HP was assigned the order 'Order: Move to (5, 8)'
2018-05-01 14:44:51,979 INFO BLUE Ghost at tile (10, 2) with 80 HP was assigned the order 'Order: Move to (8, 1)'
2018-05-01 14:44:51,979 INFO RED Barracks at tile (2, 2) with 100 HP was assigned the order 'Order: Build a Ranger on tile (3, 2)'
2018-05-01 14:44:51,979 INFO = Move phase begins
2018-05-01 14:44:51,996 INFO None moved to (8, 1)
2018-05-01 14:44:51,996 INFO None moved to (5, 8)
2018-05-01 14:44:51,996 INFO None moved to (6, 8)
2018-05-01 14:44:51,996 INFO None moved to (10, 5)
2018-05-01 14:44:51,997 INFO RED Ranger at tile (5, 8) with 90 HP moved to (6, 9)
2018-05-01 14:44:51,997 INFO BLUE Ranger at tile (10, 5) with 90 HP moved to (10, 3)
2018-05-01 14:44:51,997 INFO None moved to (4, 1)
2018-05-01 14:44:51,997 INFO None moved to (9, 4)
2018-05-01 14:44:51,997 INFO None moved to (10, 8)
2018-05-01 14:44:51,997 INFO None moved to (11, 4)
2018-05-01 14:44:51,997 INFO None moved to (10, 3)
2018-05-01 14:44:51,998 INFO BLUE Ghost at tile (8, 1) with 80 HP moved to (9, 3)
2018-05-01 14:44:52,039 INFO = Build phase begins
2018-05-01 14:44:52,050 INFO Team.RED PieceType.RANGER was built on (3, 2). 
2018-05-01 14:44:52,050 INFO Team.RED team spent 3 resources.
2018-05-01 14:44:52,050 INFO Team.RED PieceType.GHOST was built on (4, 7). 
2018-05-01 14:44:52,050 INFO Team.RED team spent 3 resources.
2018-05-01 14:44:52,051 INFO Team.BLUE PieceType.GHOST was built on (10, 2). 
2018-05-01 14:44:52,051 INFO Team.BLUE team spent 3 resources.
2018-05-01 14:44:52,051 INFO Team.RED PieceType.TECHLAB was built on (1, 3). 
2018-05-01 14:44:52,051 INFO Team.RED team spent 2 resources.
2018-05-01 14:44:52,092 INFO = Combat phase begins
2018-05-01 14:44:52,104 INFO [<terra.piece.piece.Piece object at 0x04E03DF0>, <terra.piece.piece.Piece object at 0x001DCC90>] are contesting the tile at (10, 3)!
2018-05-01 14:44:52,104 INFO BLUE Trooper at tile (10, 3) with 82 HP took 13 damage from RED Ghost at tile (10, 3) with -12 HP!
2018-05-01 14:44:52,105 INFO RED Ghost at tile (10, 3) with -12 HP took 49 damage from BLUE Trooper at tile (10, 3) with 82 HP!
2018-05-01 14:44:52,105 INFO RED Ghost at tile (10, 3) with -12 HP took 43 damage from BLUE Trooper at tile (10, 3) with 82 HP!
2018-05-01 14:44:52,105 INFO BLUE Trooper at tile (10, 3) with 82 HP took 5 damage from RED Ghost at tile (10, 3) with -12 HP!
2018-05-01 14:44:52,155 INFO = Ranged phase begins
2018-05-01 14:44:52,210 INFO = Special phase begins
2018-05-01 14:44:52,221 INFO Team.BLUE team researched the upgrade UpgradeType.RANGER_UNCONTESTABLE
2018-05-01 14:44:52,221 INFO Team.BLUE team spent 4 resources.
2018-05-01 14:44:52,267 INFO = Start Turn phase begins
2018-05-01 14:44:52,268 INFO == TURN 10 BEGIN ==
2018-05-01 14:44:52,278 INFO Team.BLUE team acquired 1 resources.
2018-05-01 14:44:52,278 INFO Team.RED team acquired 2 resources.
2018-05-01 14:44:52,278 INFO Team.RED team acquired 2 resources.
2018-05-01 14:44:52,279 INFO Team.BLUE team acquired 1 resources.
2018-05-01 14:44:52,279 INFO Team.RED team acquired 2 resources.
2018-05-01 14:44:52,279 INFO Team.BLUE team acquired 1 resources.
2018-05-01 14:44:52,279 INFO Team.RED team acquired 2 resources.
2018-05-01 14:44:52,279 INFO Team.BLUE team acquired 1 resources.
2018-05-01 14:44:52,279 INFO Team.BLUE team acquired 2 resources.
2018-05-01 14:44:52,279 INFO Team.RED team acquired 3 resources.
2018-05-01 14:44:52,322 INFO = Issue Orders phase begins
2018-05-01 14:46:00,107 INFO BLUE Barracks at tile (11, 2) with 100 HP was assigned the order 'Order: Build a Trooper on tile (10, 2)'
2018-05-01 14:46:00,107 INFO RED Barracks at tile (3, 7) with 100 HP was assigned the order 'Order: Build a Trooper on tile (3, 8)'
2018-05-01 14:46:00,107 INFO BLUE Tech Lab at tile (12, 1) with 50 HP was assigned the order 'Order: purchase upgrade UpgradeType.COLONIST_MAX_HP'
2018-05-01 14:46:00,107 INFO RED Colonist at tile (1, 2) with 100 HP was assigned the order 'Order: Move to (3, 1)'
2018-05-01 14:46:00,107 INFO BLUE Ghost at tile (8, 1) with 80 HP was assigned the order 'Order: Move to (5, 1)'
2018-05-01 14:46:00,107 INFO RED Ranger at tile (5, 8) with 90 HP was assigned the order 'Order: Move to (6, 9)'
2018-05-01 14:46:00,108 INFO BLUE Ranger at tile (10, 5) with 90 HP was assigned the order 'Order: Move to (11, 6)'
2018-05-01 14:46:00,108 INFO RED Barracks at tile (2, 2) with 100 HP was assigned the order 'Order: Build a Trooper on tile (3, 2)'
2018-05-01 14:46:00,108 INFO RED Colonist at tile (6, 8) with 100 HP was assigned the order 'Order: Build a Generator on tile (7, 8)'
2018-05-01 14:46:00,108 INFO RED Trooper at tile (6, 9) with 100 HP was assigned the order 'Order: Move to (8, 9)'
2018-05-01 14:46:00,108 INFO BLUE Trooper at tile (10, 3) with 82 HP was assigned the order 'Order: Move to (10, 3)'
2018-05-01 14:46:00,108 INFO RED Trooper at tile (4, 1) with 80 HP was assigned the order 'Order: Move to (6, 1)'
2018-05-01 14:46:00,108 INFO BLUE Ranger at tile (9, 4) with 90 HP was assigned the order 'Order: Move to (10, 5)'
2018-05-01 14:46:00,108 INFO BLUE Trooper at tile (11, 4) with 100 HP was assigned the order 'Order: Move to (11, 5)'
2018-05-01 14:46:00,108 INFO BLUE Colonist at tile (9, 3) with 100 HP was assigned the order 'Order: Move to (9, 4)'
2018-05-01 14:46:00,108 INFO RED Ranger at tile (3, 2) with 90 HP was assigned the order 'Order: Move to (4, 1)'
2018-05-01 14:46:00,108 INFO RED Ghost at tile (4, 7) with 80 HP was assigned the order 'Order: Move to (5, 9)'
2018-05-01 14:46:00,108 INFO BLUE Ghost at tile (10, 2) with 80 HP was assigned the order 'Order: Move to (8, 1)'
2018-05-01 14:46:00,108 INFO RED Tech Lab at tile (1, 3) with 50 HP was assigned the order 'Order: purchase upgrade UpgradeType.RESEARCH_BOLTCASTER'
2018-05-01 14:46:00,108 INFO = Move phase begins
2018-05-01 14:46:00,119 INFO None moved to (8, 1)
2018-05-01 14:46:00,119 INFO None moved to (5, 9)
2018-05-01 14:46:00,120 INFO None moved to (4, 1)
2018-05-01 14:46:00,120 INFO BLUE Ghost at tile (8, 1) with 80 HP moved to (5, 1)
2018-05-01 14:46:00,120 INFO None moved to (6, 9)
2018-05-01 14:46:00,120 INFO None moved to (11, 6)
2018-05-01 14:46:00,120 INFO RED Ranger at tile (6, 9) with 90 HP moved to (8, 9)
2018-05-01 14:46:00,120 INFO BLUE Trooper at tile (10, 3) with 82 HP moved to (10, 3)
2018-05-01 14:46:00,120 INFO RED Ranger at tile (4, 1) with 90 HP moved to (6, 1)
2018-05-01 14:46:00,121 INFO None moved to (10, 5)
2018-05-01 14:46:00,121 INFO None moved to (11, 5)
2018-05-01 14:46:00,121 INFO None moved to (9, 4)
2018-05-01 14:46:00,121 INFO None moved to (3, 1)
2018-05-01 14:46:00,162 INFO = Build phase begins
2018-05-01 14:46:00,173 INFO Team.RED PieceType.TROOPER was built on (3, 2). 
2018-05-01 14:46:00,173 INFO Team.RED team spent 3 resources.
2018-05-01 14:46:00,173 INFO Team.RED PieceType.GENERATOR was built on (7, 8). 
2018-05-01 14:46:00,173 INFO Team.RED team spent 1 resources.
2018-05-01 14:46:00,173 INFO Team.RED PieceType.TROOPER was built on (3, 8). 
2018-05-01 14:46:00,173 INFO Team.RED team spent 3 resources.
2018-05-01 14:46:00,174 INFO Team.BLUE PieceType.TROOPER was built on (10, 2). 
2018-05-01 14:46:00,174 INFO Team.BLUE team spent 3 resources.
2018-05-01 14:46:00,215 INFO = Combat phase begins
2018-05-01 14:46:00,267 INFO = Ranged phase begins
2018-05-01 14:46:00,318 INFO = Special phase begins
2018-05-01 14:46:00,329 INFO Team.RED team researched the upgrade UpgradeType.RESEARCH_BOLTCASTER
2018-05-01 14:46:00,330 INFO Team.RED team spent 6 resources.
2018-05-01 14:46:00,330 INFO Team.BLUE team researched the upgrade UpgradeType.COLONIST_MAX_HP
2018-05-01 14:46:00,330 INFO Team.BLUE team spent 2 resources.
2018-05-01 14:46:00,339 INFO BLUE Colonist at tile (9, 4) with 120 HP healed for 20 health.
2018-05-01 14:46:00,371 INFO = Start Turn phase begins
2018-05-01 14:46:00,372 INFO == TURN 11 BEGIN ==
2018-05-01 14:46:00,382 INFO Team.RED team acquired 2 resources.
2018-05-01 14:46:00,382 INFO Team.BLUE team acquired 1 resources.
2018-05-01 14:46:00,382 INFO Team.RED team acquired 2 resources.
2018-05-01 14:46:00,382 INFO Team.RED team acquired 2 resources.
2018-05-01 14:46:00,383 INFO Team.BLUE team acquired 1 resources.
2018-05-01 14:46:00,383 INFO Team.RED team acquired 2 resources.
2018-05-01 14:46:00,383 INFO Team.BLUE team acquired 1 resources.
2018-05-01 14:46:00,383 INFO Team.RED team acquired 2 resources.
2018-05-01 14:46:00,383 INFO Team.BLUE team acquired 1 resources.
2018-05-01 14:46:00,383 INFO Team.BLUE team acquired 2 resources.
2018-05-01 14:46:00,383 INFO Team.RED team acquired 3 resources.
2018-05-01 14:46:00,430 INFO = Issue Orders phase begins
2018-05-01 14:47:03,834 INFO BLUE Barracks at tile (11, 2) with 100 HP was assigned the order 'Order: Build a Ranger on tile (10, 2)'
2018-05-01 14:47:03,835 INFO RED Barracks at tile (3, 7) with 100 HP was assigned the order 'Order: Build a Boltcaster on tile (4, 7)'
2018-05-01 14:47:03,835 INFO BLUE Tech Lab at tile (12, 1) with 50 HP was assigned the order 'Order: purchase upgrade UpgradeType.RANGER_MOVEMENT'
2018-05-01 14:47:03,835 INFO BLUE Ghost at tile (8, 1) with 80 HP was assigned the order 'Order: Move to (5, 1)'
2018-05-01 14:47:03,835 INFO RED Barracks at tile (2, 2) with 100 HP was assigned the order 'Order: Build a Boltcaster on tile (3, 2)'
2018-05-01 14:47:03,835 INFO RED Colonist at tile (6, 8) with 100 HP was assigned the order 'Order: Build a Barracks on tile (6, 9)'
2018-05-01 14:47:03,835 INFO RED Ranger at tile (6, 9) with 90 HP was assigned the order 'Order: Move to (8, 9)'
2018-05-01 14:47:03,835 INFO RED Ranger at tile (4, 1) with 90 HP was assigned the order 'Order: Move to (4, 0)'
2018-05-01 14:47:03,835 INFO RED Trooper at tile (10, 8) with 100 HP was assigned the order 'Order: Move to (9, 8)'
2018-05-01 14:47:03,835 INFO RED Tech Lab at tile (1, 3) with 50 HP was assigned the order 'Order: purchase upgrade UpgradeType.TROOPER_ARMOR'
2018-05-01 14:47:03,835 INFO RED Ghost at tile (5, 9) with 80 HP was assigned the order 'Order: Move to (7, 9)'
2018-05-01 14:47:03,835 INFO BLUE Ghost at tile (5, 1) with 80 HP was assigned the order 'Order: Move to (3, 1)'
2018-05-01 14:47:03,835 INFO BLUE Ranger at tile (11, 6) with 90 HP was assigned the order 'Order: Move to (11, 7)'
2018-05-01 14:47:03,835 INFO RED Trooper at tile (8, 9) with 100 HP was assigned the order 'Order: Move to (10, 9)'
2018-05-01 14:47:03,836 INFO BLUE Trooper at tile (10, 3) with 82 HP was assigned the order 'Order: Move to (10, 5)'
2018-05-01 14:47:03,836 INFO RED Trooper at tile (6, 1) with 80 HP was assigned the order 'Order: Move to (7, 1)'
2018-05-01 14:47:03,836 INFO BLUE Ranger at tile (10, 5) with 90 HP was assigned the order 'Order: Move to (11, 6)'
2018-05-01 14:47:03,836 INFO BLUE Trooper at tile (11, 5) with 100 HP was assigned the order 'Order: Move to (11, 5)'
2018-05-01 14:47:03,836 INFO BLUE Colonist at tile (9, 4) with 120 HP was assigned the order 'Order: Move to (9, 4)'
2018-05-01 14:47:03,836 INFO RED Colonist at tile (3, 1) with 100 HP was assigned the order 'Order: Move to (3, 0)'
2018-05-01 14:47:03,836 INFO RED Trooper at tile (3, 2) with 100 HP was assigned the order 'Order: Move to (3, 1)'
2018-05-01 14:47:03,836 INFO RED Trooper at tile (3, 8) with 100 HP was assigned the order 'Order: Move to (5, 8)'
2018-05-01 14:47:03,836 INFO BLUE Trooper at tile (10, 2) with 100 HP was assigned the order 'Order: Move to (9, 1)'
2018-05-01 14:47:03,836 INFO = Move phase begins
2018-05-01 14:47:03,847 INFO None moved to (9, 1)
2018-05-01 14:47:03,847 INFO None moved to (5, 8)
2018-05-01 14:47:03,848 INFO None moved to (3, 1)
2018-05-01 14:47:03,848 INFO None moved to (5, 1)
2018-05-01 14:47:03,848 INFO None moved to (7, 9)
2018-05-01 14:47:03,848 INFO None moved to (4, 0)
2018-05-01 14:47:03,848 INFO BLUE Ghost at tile (5, 1) with 80 HP moved to (3, 1)
2018-05-01 14:47:03,848 INFO None moved to (8, 9)
2018-05-01 14:47:03,849 INFO None moved to (11, 7)
2018-05-01 14:47:03,849 INFO RED Ranger at tile (8, 9) with 90 HP moved to (10, 9)
2018-05-01 14:47:03,849 INFO None moved to (10, 5)
2018-05-01 14:47:03,849 INFO None moved to (7, 1)
2018-05-01 14:47:03,849 INFO BLUE Trooper at tile (10, 5) with 82 HP moved to (11, 6)
2018-05-01 14:47:03,850 INFO None moved to (9, 8)
2018-05-01 14:47:03,850 INFO BLUE Trooper at tile (11, 5) with 100 HP moved to (11, 5)
2018-05-01 14:47:03,850 INFO BLUE Colonist at tile (9, 4) with 120 HP moved to (9, 4)
2018-05-01 14:47:03,850 INFO RED Trooper at tile (3, 1) with 100 HP moved to (3, 0)
2018-05-01 14:47:03,893 INFO = Build phase begins
2018-05-01 14:47:03,904 INFO Team.RED PieceType.BOLTCASTER was built on (3, 2). 
2018-05-01 14:47:03,904 INFO Team.RED team spent 5 resources.
2018-05-01 14:47:03,904 INFO Team.RED PieceType.BARRACKS was built on (6, 9). 
2018-05-01 14:47:03,904 INFO Team.RED team spent 5 resources.
2018-05-01 14:47:03,904 INFO Team.RED PieceType.BOLTCASTER was built on (4, 7). 
2018-05-01 14:47:03,905 INFO Team.RED team spent 5 resources.
2018-05-01 14:47:03,905 INFO Team.BLUE PieceType.RANGER was built on (10, 2). 
2018-05-01 14:47:03,905 INFO Team.BLUE team spent 3 resources.
2018-05-01 14:47:03,948 INFO = Combat phase begins
2018-05-01 14:47:03,960 INFO [<terra.piece.piece.Piece object at 0x026EB5B0>, <terra.piece.piece.Piece object at 0x026E8D70>] are contesting the tile at (7, 1)!
2018-05-01 14:47:03,960 INFO BLUE Generator at tile (7, 1) with 28 HP took 36 damage from RED Trooper at tile (7, 1) with 80 HP!
2018-05-01 14:47:03,960 INFO RED Trooper at tile (7, 1) with 80 HP took 0 damage from BLUE Generator at tile (7, 1) with 28 HP!
2018-05-01 14:47:03,960 INFO RED Trooper at tile (7, 1) with 80 HP took 0 damage from BLUE Generator at tile (7, 1) with 28 HP!
2018-05-01 14:47:03,961 INFO BLUE Generator at tile (7, 1) with 28 HP took 36 damage from RED Trooper at tile (7, 1) with 80 HP!
2018-05-01 14:47:03,961 INFO [<terra.piece.piece.Piece object at 0x026E5AB0>, <terra.piece.piece.Piece object at 0x026EBC90>] are contesting the tile at (3, 1)!
2018-05-01 14:47:03,961 INFO RED Trooper at tile (3, 1) with 82 HP took 13 damage from BLUE Ghost at tile (3, 1) with -4 HP!
2018-05-01 14:47:03,961 INFO BLUE Ghost at tile (3, 1) with -4 HP took 45 damage from RED Trooper at tile (3, 1) with 82 HP!
2018-05-01 14:47:03,961 INFO BLUE Ghost at tile (3, 1) with -4 HP took 39 damage from RED Trooper at tile (3, 1) with 82 HP!
2018-05-01 14:47:03,962 INFO RED Trooper at tile (3, 1) with 82 HP took 5 damage from BLUE Ghost at tile (3, 1) with -4 HP!
2018-05-01 14:47:04,006 INFO = Ranged phase begins
2018-05-01 14:47:04,073 INFO = Special phase begins
2018-05-01 14:47:04,084 INFO Team.RED team researched the upgrade UpgradeType.TROOPER_ARMOR
2018-05-01 14:47:04,085 INFO Team.RED team spent 2 resources.
2018-05-01 14:47:04,085 INFO Team.BLUE team researched the upgrade UpgradeType.RANGER_MOVEMENT
2018-05-01 14:47:04,085 INFO Team.BLUE team spent 3 resources.
2018-05-01 14:47:04,130 INFO = Start Turn phase begins
2018-05-01 14:47:04,131 INFO == TURN 12 BEGIN ==
2018-05-01 14:47:04,151 INFO Team.RED team acquired 2 resources.
2018-05-01 14:47:04,151 INFO Team.BLUE team acquired 1 resources.
2018-05-01 14:47:04,151 INFO Team.RED team acquired 2 resources.
2018-05-01 14:47:04,152 INFO Team.RED team acquired 2 resources.
2018-05-01 14:47:04,152 INFO Team.BLUE team acquired 1 resources.
2018-05-01 14:47:04,152 INFO Team.RED team acquired 2 resources.
2018-05-01 14:47:04,152 INFO Team.BLUE team acquired 1 resources.
2018-05-01 14:47:04,152 INFO Team.RED team acquired 2 resources.
2018-05-01 14:47:04,152 INFO Team.BLUE team acquired 1 resources.
2018-05-01 14:47:04,152 INFO Team.BLUE team acquired 2 resources.
2018-05-01 14:47:04,153 INFO Team.RED team acquired 3 resources.
2018-05-01 14:47:04,200 INFO = Issue Orders phase begins
2018-05-01 14:48:03,716 INFO BLUE Barracks at tile (11, 2) with 100 HP was assigned the order 'Order: Build a Ghost on tile (10, 2)'
2018-05-01 14:48:03,716 INFO RED Barracks at tile (3, 7) with 100 HP was assigned the order 'Order: Build a Ghost on tile (3, 8)'
2018-05-01 14:48:03,716 INFO BLUE Tech Lab at tile (12, 1) with 50 HP was assigned the order 'Order: purchase upgrade UpgradeType.GHOST_ATTACK'
2018-05-01 14:48:03,716 INFO RED Barracks at tile (2, 2) with 100 HP was assigned the order 'Order: Build a Trooper on tile (2, 1)'
2018-05-01 14:48:03,716 INFO RED Colonist at tile (6, 8) with 100 HP was assigned the order 'Order: Move to (5, 6)'
2018-05-01 14:48:03,716 INFO BLUE Ghost at tile (5, 1) with 80 HP was assigned the order 'Order: Move to (3, 0)'
2018-05-01 14:48:03,716 INFO RED Ranger at tile (8, 9) with 90 HP was assigned the order 'Order: Move to (9, 8)'
2018-05-01 14:48:03,716 INFO BLUE Trooper at tile (10, 5) with 82 HP was assigned the order 'Order: Move to (11, 6)'
2018-05-01 14:48:03,716 INFO RED Trooper at tile (3, 1) with 82 HP was assigned the order 'Order: Move to (3, 2)'
2018-05-01 14:48:03,716 INFO BLUE Trooper at tile (9, 1) with 100 HP was assigned the order 'Order: Move to (8, 0)'
2018-05-01 14:48:03,716 INFO RED Trooper at tile (5, 8) with 100 HP was assigned the order 'Order: Move to (5, 9)'
2018-05-01 14:48:03,716 INFO RED Ghost at tile (7, 9) with 80 HP was assigned the order 'Order: Move to (10, 9)'
2018-05-01 14:48:03,716 INFO RED Ranger at tile (4, 0) with 90 HP was assigned the order 'Order: Move to (5, 0)'
2018-05-01 14:48:03,716 INFO BLUE Ranger at tile (11, 7) with 90 HP was assigned the order 'Order: Move to (10, 7)'
2018-05-01 14:48:03,717 INFO RED Trooper at tile (10, 9) with 100 HP was assigned the order 'Order: Move to (11, 8)'
2018-05-01 14:48:03,717 INFO BLUE Ranger at tile (11, 6) with 90 HP was assigned the order 'Order: Move to (11, 8)'
2018-05-01 14:48:03,717 INFO RED Trooper at tile (9, 8) with 100 HP was assigned the order 'Order: Move to (10, 7)'
2018-05-01 14:48:03,717 INFO BLUE Trooper at tile (11, 5) with 100 HP was assigned the order 'Order: Move to (11, 7)'
2018-05-01 14:48:03,717 INFO BLUE Colonist at tile (9, 4) with 120 HP was assigned the order 'Order: Move to (11, 5)'
2018-05-01 14:48:03,717 INFO RED Colonist at tile (3, 0) with 100 HP was assigned the order 'Order: Build a Tower on tile (3, 1)'
2018-05-01 14:48:03,717 INFO RED Boltcaster at tile (3, 2) with 60 HP was assigned the order 'Order: Move to (4, 2)'
2018-05-01 14:48:03,717 INFO RED Barracks at tile (6, 9) with 100 HP was assigned the order 'Order: Build a Ghost on tile (6, 8)'
2018-05-01 14:48:03,717 INFO RED Boltcaster at tile (4, 7) with 60 HP was assigned the order 'Order: Move to (5, 7)'
2018-05-01 14:48:03,717 INFO BLUE Ranger at tile (10, 2) with 90 HP was assigned the order 'Order: Move to (9, 1)'
2018-05-01 14:48:03,717 INFO = Move phase begins
2018-05-01 14:48:03,728 INFO None moved to (9, 1)
2018-05-01 14:48:03,728 INFO None moved to (5, 7)
2018-05-01 14:48:03,729 INFO None moved to (4, 2)
2018-05-01 14:48:03,729 INFO BLUE Ranger at tile (9, 1) with 90 HP moved to (8, 0)
2018-05-01 14:48:03,729 INFO None moved to (5, 9)
2018-05-01 14:48:03,729 INFO None moved to (3, 2)
2018-05-01 14:48:03,729 INFO None moved to (3, 0)
2018-05-01 14:48:03,729 INFO None moved to (10, 9)
2018-05-01 14:48:03,729 INFO None moved to (5, 0)
2018-05-01 14:48:03,730 INFO None moved to (9, 8)
2018-05-01 14:48:03,730 INFO None moved to (5, 6)
2018-05-01 14:48:03,730 INFO None moved to (10, 7)
2018-05-01 14:48:03,730 INFO RED Ghost at tile (10, 9) with 80 HP moved to (11, 8)
2018-05-01 14:48:03,730 INFO None moved to (11, 6)
2018-05-01 14:48:03,731 INFO BLUE Trooper at tile (11, 6) with 82 HP moved to (11, 8)
2018-05-01 14:48:03,731 INFO RED Ranger at tile (9, 8) with 90 HP moved to (10, 7)
2018-05-01 14:48:03,731 INFO None moved to (11, 7)
2018-05-01 14:48:03,731 INFO None moved to (11, 5)
2018-05-01 14:48:03,772 INFO = Build phase begins
2018-05-01 14:48:03,783 INFO Team.RED PieceType.GHOST was built on (6, 8). 
2018-05-01 14:48:03,784 INFO Team.RED team spent 3 resources.
2018-05-01 14:48:03,784 INFO Team.RED PieceType.TROOPER was built on (2, 1). 
2018-05-01 14:48:03,784 INFO Team.RED team spent 3 resources.
2018-05-01 14:48:03,784 INFO Team.RED PieceType.GHOST was built on (3, 8). 
2018-05-01 14:48:03,784 INFO Team.RED team spent 3 resources.
2018-05-01 14:48:03,785 INFO Team.BLUE PieceType.GHOST was built on (10, 2). 
2018-05-01 14:48:03,785 INFO Team.BLUE team spent 3 resources.
2018-05-01 14:48:03,785 INFO RED Colonist at tile (3, 0) with 100 HP failed to execute its orders!
2018-05-01 14:48:03,826 INFO = Combat phase begins
2018-05-01 14:48:03,836 INFO [<terra.piece.piece.Piece object at 0x026EB5B0>, <terra.piece.piece.Piece object at 0x026E8D70>] are contesting the tile at (7, 1)!
2018-05-01 14:48:03,837 INFO BLUE Generator at tile (7, 1) with -44 HP took 36 damage from RED Trooper at tile (7, 1) with 80 HP!
2018-05-01 14:48:03,837 INFO RED Trooper at tile (7, 1) with 80 HP took 0 damage from BLUE Generator at tile (7, 1) with -44 HP!
2018-05-01 14:48:03,837 INFO RED Trooper at tile (7, 1) with 80 HP took 0 damage from BLUE Generator at tile (7, 1) with -44 HP!
2018-05-01 14:48:03,837 INFO BLUE Generator at tile (7, 1) with -44 HP took 36 damage from RED Trooper at tile (7, 1) with 80 HP!
2018-05-01 14:48:03,837 INFO [<terra.piece.piece.Piece object at 0x001DCF90>, <terra.piece.piece.Piece object at 0x028552B0>] are contesting the tile at (3, 0)!
2018-05-01 14:48:03,837 INFO RED Colonist at tile (3, 0) with -1100 HP took 600 damage from BLUE Ghost at tile (3, 0) with 80 HP!
2018-05-01 14:48:03,838 INFO BLUE Ghost at tile (3, 0) with 80 HP took 0 damage from RED Colonist at tile (3, 0) with -1100 HP!
2018-05-01 14:48:03,838 INFO BLUE Ghost at tile (3, 0) with 80 HP took 0 damage from RED Colonist at tile (3, 0) with -1100 HP!
2018-05-01 14:48:03,838 INFO RED Colonist at tile (3, 0) with -1100 HP took 600 damage from BLUE Ghost at tile (3, 0) with 80 HP!
2018-05-01 14:48:03,838 INFO [<terra.piece.piece.Piece object at 0x026EB630>, <terra.piece.piece.Piece object at 0x026E56F0>] are contesting the tile at (10, 7)!
2018-05-01 14:48:03,838 INFO BLUE Ranger at tile (10, 7) with 36 HP took 27 damage from RED Trooper at tile (10, 7) with 100 HP!
2018-05-01 14:48:03,838 INFO RED Trooper at tile (10, 7) with 100 HP took 0 damage from BLUE Ranger at tile (10, 7) with 36 HP!
2018-05-01 14:48:03,839 INFO RED Trooper at tile (10, 7) with 100 HP took 0 damage from BLUE Ranger at tile (10, 7) with 36 HP!
2018-05-01 14:48:03,839 INFO BLUE Ranger at tile (10, 7) with 36 HP took 27 damage from RED Trooper at tile (10, 7) with 100 HP!
2018-05-01 14:48:03,839 INFO [<terra.piece.piece.Piece object at 0x04DC0DF0>, <terra.piece.piece.Piece object at 0x026E5610>] are contesting the tile at (11, 8)!
2018-05-01 14:48:03,839 INFO RED Trooper at tile (11, 8) with 100 HP took 0 damage from BLUE Ranger at tile (11, 8) with 30 HP!
2018-05-01 14:48:03,839 INFO BLUE Ranger at tile (11, 8) with 30 HP took 30 damage from RED Trooper at tile (11, 8) with 100 HP!
2018-05-01 14:48:03,839 INFO BLUE Ranger at tile (11, 8) with 30 HP took 30 damage from RED Trooper at tile (11, 8) with 100 HP!
2018-05-01 14:48:03,840 INFO RED Trooper at tile (11, 8) with 100 HP took 0 damage from BLUE Ranger at tile (11, 8) with 30 HP!
2018-05-01 14:48:03,881 INFO = Ranged phase begins
2018-05-01 14:48:03,934 INFO = Special phase begins
2018-05-01 14:48:03,945 INFO Team.BLUE team researched the upgrade UpgradeType.GHOST_ATTACK
2018-05-01 14:48:03,945 INFO Team.BLUE team spent 3 resources.
2018-05-01 14:48:03,997 INFO = Start Turn phase begins
2018-05-01 14:48:03,999 INFO == TURN 13 BEGIN ==
2018-05-01 14:48:04,015 INFO Team.RED team acquired 2 resources.
2018-05-01 14:48:04,015 INFO Team.RED team acquired 2 resources.
2018-05-01 14:48:04,015 INFO Team.RED team acquired 2 resources.
2018-05-01 14:48:04,016 INFO Team.BLUE team acquired 1 resources.
2018-05-01 14:48:04,016 INFO Team.RED team acquired 2 resources.
2018-05-01 14:48:04,016 INFO Team.BLUE team acquired 1 resources.
2018-05-01 14:48:04,016 INFO Team.RED team acquired 2 resources.
2018-05-01 14:48:04,017 INFO Team.BLUE team acquired 1 resources.
2018-05-01 14:48:04,017 INFO Team.BLUE team acquired 2 resources.
2018-05-01 14:48:04,017 INFO Team.RED team acquired 3 resources.
2018-05-01 14:48:04,064 INFO = Issue Orders phase begins
2018-05-01 14:49:07,805 INFO RED Base at tile (3, 6) with 150 HP was assigned the order 'Order: purchase upgrade UpgradeType.COLONIST_TERRAFORMING'
2018-05-01 14:49:07,805 INFO BLUE Barracks at tile (11, 2) with 100 HP was assigned the order 'Order: Build a Ghost on tile (10, 2)'
2018-05-01 14:49:07,805 INFO BLUE Tech Lab at tile (12, 1) with 50 HP was assigned the order 'Order: purchase upgrade UpgradeType.GHOST_STEAL'
2018-05-01 14:49:07,805 INFO RED Trooper at tile (7, 1) with 80 HP was assigned the order 'Order: Move to (6, 1)'
2018-05-01 14:49:07,805 INFO RED Barracks at tile (2, 2) with 100 HP was assigned the order 'Order: Build a Trooper on tile (3, 2)'
2018-05-01 14:49:07,805 INFO RED Tech Lab at tile (1, 3) with 50 HP was assigned the order 'Order: purchase upgrade UpgradeType.RESEARCH_GUARDIAN'
2018-05-01 14:49:07,805 INFO BLUE Ranger at tile (9, 1) with 90 HP was assigned the order 'Order: Ranged attack tile (7, 1)'
2018-05-01 14:49:07,806 INFO RED Ghost at tile (10, 9) with 80 HP was assigned the order 'Order: Move to (12, 8)'
2018-05-01 14:49:07,806 INFO BLUE Trooper at tile (11, 6) with 82 HP was assigned the order 'Order: Move to (11, 8)'
2018-05-01 14:49:07,806 INFO RED Ranger at tile (9, 8) with 90 HP was assigned the order 'Order: Ranged attack tile (11, 8)'
2018-05-01 14:49:07,806 INFO BLUE Ghost at tile (3, 0) with 80 HP was assigned the order 'Order: Move to (3, 3)'
2018-05-01 14:49:07,806 INFO RED Barracks at tile (6, 9) with 100 HP was assigned the order 'Order: Build a Trooper on tile (6, 8)'
2018-05-01 14:49:07,806 INFO RED Boltcaster at tile (5, 7) with 60 HP was assigned the order 'Order: Ranged attack tile (10, 7)'
2018-05-01 14:49:07,806 INFO RED Boltcaster at tile (4, 2) with 60 HP was assigned the order 'Order: Ranged attack tile (9, 2)'
2018-05-01 14:49:07,806 INFO BLUE Trooper at tile (8, 0) with 100 HP was assigned the order 'Order: Move to (7, 1)'
2018-05-01 14:49:07,806 INFO RED Trooper at tile (5, 9) with 100 HP was assigned the order 'Order: Move to (7, 9)'
2018-05-01 14:49:07,806 INFO RED Trooper at tile (3, 2) with 82 HP was assigned the order 'Order: Move to (4, 1)'
2018-05-01 14:49:07,806 INFO RED Ranger at tile (5, 0) with 90 HP was assigned the order 'Order: Ranged attack tile (3, 0)'
2018-05-01 14:49:07,806 INFO BLUE Ranger at tile (10, 7) with 36 HP was assigned the order 'Order: Move to (11, 7)'
2018-05-01 14:49:07,806 INFO BLUE Ranger at tile (11, 8) with 30 HP was assigned the order 'Order: Move to (10, 8)'
2018-05-01 14:49:07,806 INFO BLUE Trooper at tile (11, 7) with 100 HP was assigned the order 'Order: Move to (10, 7)'
2018-05-01 14:49:07,806 INFO BLUE Colonist at tile (11, 5) with 120 HP was assigned the order 'Order: Move to (12, 7)'
2018-05-01 14:49:07,806 INFO RED Ghost at tile (6, 8) with 80 HP was assigned the order 'Order: Move to (8, 8)'
2018-05-01 14:49:07,806 INFO RED Trooper at tile (2, 1) with 100 HP was assigned the order 'Order: Move to (3, 0)'
2018-05-01 14:49:07,806 INFO BLUE Ghost at tile (10, 2) with 80 HP was assigned the order 'Order: Move to (8, 1)'
2018-05-01 14:49:07,807 INFO = Move phase begins
2018-05-01 14:49:07,818 INFO None moved to (8, 1)
2018-05-01 14:49:07,818 INFO None moved to (3, 0)
2018-05-01 14:49:07,818 INFO None moved to (8, 8)
2018-05-01 14:49:07,818 INFO None moved to (7, 1)
2018-05-01 14:49:07,819 INFO None moved to (7, 9)
2018-05-01 14:49:07,819 INFO None moved to (4, 1)
2018-05-01 14:49:07,819 INFO None moved to (3, 3)
2018-05-01 14:49:07,819 INFO None moved to (12, 8)
2018-05-01 14:49:07,819 INFO None moved to (11, 7)
2018-05-01 14:49:07,819 INFO None moved to (11, 8)
2018-05-01 14:49:07,820 INFO None moved to (6, 1)
2018-05-01 14:49:07,820 INFO BLUE Trooper at tile (11, 8) with 82 HP moved to (10, 8)
2018-05-01 14:49:07,820 INFO BLUE Ranger at tile (11, 7) with 36 HP moved to (10, 7)
2018-05-01 14:49:07,820 INFO None moved to (12, 7)
2018-05-01 14:49:07,865 INFO = Build phase begins
2018-05-01 14:49:07,877 INFO Team.RED PieceType.TROOPER was built on (6, 8). 
2018-05-01 14:49:07,877 INFO Team.RED team spent 3 resources.
2018-05-01 14:49:07,877 INFO Team.RED PieceType.TROOPER was built on (3, 2). 
2018-05-01 14:49:07,877 INFO Team.RED team spent 3 resources.
2018-05-01 14:49:07,878 INFO Team.BLUE PieceType.GHOST was built on (10, 2). 
2018-05-01 14:49:07,878 INFO Team.BLUE team spent 3 resources.
2018-05-01 14:49:07,921 INFO = Combat phase begins
2018-05-01 14:49:07,933 INFO [<terra.piece.piece.Piece object at 0x026E56F0>, <terra.piece.piece.Piece object at 0x026E5990>] are contesting the tile at (10, 7)!
2018-05-01 14:49:07,933 INFO RED Trooper at tile (10, 7) with 64 HP took 21 damage from BLUE Trooper at tile (10, 7) with 58 HP!
2018-05-01 14:49:07,933 INFO BLUE Trooper at tile (10, 7) with 58 HP took 24 damage from RED Trooper at tile (10, 7) with 64 HP!
2018-05-01 14:49:07,933 INFO BLUE Trooper at tile (10, 7) with 58 HP took 18 damage from RED Trooper at tile (10, 7) with 64 HP!
2018-05-01 14:49:07,933 INFO RED Trooper at tile (10, 7) with 64 HP took 15 damage from BLUE Trooper at tile (10, 7) with 58 HP!
2018-05-01 14:49:07,934 INFO [<terra.piece.piece.Piece object at 0x04DC0DF0>, <terra.piece.piece.Piece object at 0x04E03DF0>] are contesting the tile at (11, 8)!
2018-05-01 14:49:07,934 INFO RED Trooper at tile (11, 8) with 72 HP took 17 damage from BLUE Trooper at tile (11, 8) with 33 HP!
2018-05-01 14:49:07,934 INFO BLUE Trooper at tile (11, 8) with 33 HP took 27 damage from RED Trooper at tile (11, 8) with 72 HP!
2018-05-01 14:49:07,934 INFO BLUE Trooper at tile (11, 8) with 33 HP took 22 damage from RED Trooper at tile (11, 8) with 72 HP!
2018-05-01 14:49:07,934 INFO RED Trooper at tile (11, 8) with 72 HP took 11 damage from BLUE Trooper at tile (11, 8) with 33 HP!
2018-05-01 14:49:07,979 INFO = Ranged phase begins
2018-05-01 14:49:07,992 INFO BLUE Ranger at tile (9, 1) with 90 HP conducted a ranged attack on (7, 1)
2018-05-01 14:49:07,993 INFO RED Boltcaster at tile (5, 7) with 60 HP conducted a ranged attack on (10, 7)
2018-05-01 14:49:07,993 INFO RED Boltcaster at tile (4, 2) with 60 HP conducted a ranged attack on (9, 2)
2018-05-01 14:49:07,994 INFO RED Ranger at tile (5, 0) with 90 HP conducted a ranged attack on (3, 0)
2018-05-01 14:49:07,994 INFO RED Ranger at tile (9, 8) with 90 HP conducted a ranged attack on (11, 8)
2018-05-01 14:49:08,006 INFO RED Trooper at tile (6, 1) with 62 HP took 18 damage from BLUE Ranger at tile (9, 1) with 66 HP!
2018-05-01 14:49:08,007 INFO BLUE Trooper at tile (10, 7) with 10 HP took 48 damage from RED Boltcaster at tile (5, 7) with 60 HP!
2018-05-01 14:49:08,007 INFO BLUE Ranger at tile (11, 7) with -4 HP took 27 damage from RED Boltcaster at tile (5, 7) with 60 HP!
2018-05-01 14:49:08,007 INFO BLUE Ranger at tile (10, 8) with -10 HP took 27 damage from RED Boltcaster at tile (5, 7) with 60 HP!
2018-05-01 14:49:08,007 INFO BLUE Ghost at tile (10, 2) with 58 HP took 22 damage from RED Boltcaster at tile (4, 2) with 60 HP!
2018-05-01 14:49:08,007 INFO BLUE Ranger at tile (9, 1) with 66 HP took 24 damage from RED Boltcaster at tile (4, 2) with 60 HP!
2018-05-01 14:49:08,008 INFO BLUE Trooper at tile (11, 8) with -7 HP took 40 damage from RED Ranger at tile (9, 8) with 90 HP!
2018-05-01 14:49:08,008 INFO BLUE Ranger at tile (10, 8) with -10 HP took 13 damage from RED Ranger at tile (9, 8) with 90 HP!
2018-05-01 14:49:08,008 INFO BLUE Ranger at tile (11, 7) with -4 HP took 13 damage from RED Ranger at tile (9, 8) with 90 HP!
2018-05-01 14:49:08,043 INFO = Special phase begins
2018-05-01 14:49:08,056 INFO Team.RED team researched the upgrade UpgradeType.RESEARCH_GUARDIAN
2018-05-01 14:49:08,056 INFO Team.RED team spent 6 resources.
2018-05-01 14:49:08,056 INFO Team.BLUE team researched the upgrade UpgradeType.GHOST_STEAL
2018-05-01 14:49:08,056 INFO Team.BLUE team spent 3 resources.
2018-05-01 14:49:08,057 INFO Team.RED team researched the upgrade UpgradeType.COLONIST_TERRAFORMING
2018-05-01 14:49:08,057 INFO Team.RED team spent 4 resources.
2018-05-01 14:49:08,101 INFO = Start Turn phase begins
2018-05-01 14:49:08,102 INFO == TURN 14 BEGIN ==
2018-05-01 14:49:08,114 INFO Team.RED team acquired 2 resources.
2018-05-01 14:49:08,115 INFO Team.RED team acquired 2 resources.
2018-05-01 14:49:08,115 INFO Team.RED team acquired 2 resources.
2018-05-01 14:49:08,115 INFO Team.BLUE team acquired 1 resources.
2018-05-01 14:49:08,115 INFO Team.RED team acquired 2 resources.
2018-05-01 14:49:08,115 INFO Team.BLUE team acquired 1 resources.
2018-05-01 14:49:08,115 INFO Team.RED team acquired 2 resources.
2018-05-01 14:49:08,115 INFO Team.BLUE team acquired 1 resources.
2018-05-01 14:49:08,116 INFO Team.BLUE team acquired 2 resources.
2018-05-01 14:49:08,116 INFO Team.RED team acquired 3 resources.
2018-05-01 14:49:08,160 INFO = Issue Orders phase begins
2018-05-01 14:50:05,072 INFO BLUE Barracks at tile (11, 2) with 100 HP was assigned the order 'Order: Build a Ranger on tile (10, 2)'
2018-05-01 14:50:05,072 INFO RED Barracks at tile (3, 7) with 100 HP was assigned the order 'Order: Build a Guardian on tile (4, 7)'
2018-05-01 14:50:05,072 INFO BLUE Trooper at tile (7, 1) with 100 HP was assigned the order 'Order: Move to (6, 1)'
2018-05-01 14:50:05,072 INFO RED Barracks at tile (2, 2) with 100 HP was assigned the order 'Order: Build a Ghost on tile (2, 1)'
2018-05-01 14:50:05,072 INFO BLUE Ranger at tile (9, 1) with 66 HP was assigned the order 'Order: Move to (7, 1)'
2018-05-01 14:50:05,072 INFO RED Ranger at tile (9, 8) with 90 HP was assigned the order 'Order: Ranged attack tile (11, 8)'
2018-05-01 14:50:05,073 INFO RED Trooper at tile (3, 0) with 100 HP was assigned the order 'Order: Move to (4, 1)'
2018-05-01 14:50:05,073 INFO RED Barracks at tile (6, 9) with 100 HP was assigned the order 'Order: Build a Guardian on tile (7, 9)'
2018-05-01 14:50:05,073 INFO RED Boltcaster at tile (5, 7) with 60 HP was assigned the order 'Order: Ranged attack tile (10, 7)'
2018-05-01 14:50:05,073 INFO RED Boltcaster at tile (4, 2) with 60 HP was assigned the order 'Order: Ranged attack tile (9, 2)'
2018-05-01 14:50:05,073 INFO RED Ranger at tile (5, 0) with 90 HP was assigned the order 'Order: Ranged attack tile (6, 1)'
2018-05-01 14:50:05,073 INFO RED Colonist at tile (5, 6) with 100 HP was assigned the order 'Order: raise terrain on tile (6, 6)'
2018-05-01 14:50:05,073 INFO RED Trooper at tile (10, 7) with 64 HP was assigned the order 'Order: Move to (11, 6)'
2018-05-01 14:50:05,073 INFO BLUE Trooper at tile (10, 7) with 10 HP was assigned the order 'Order: Move to (10, 7)'
2018-05-01 14:50:05,073 INFO RED Trooper at tile (11, 8) with 72 HP was assigned the order 'Order: Move to (11, 7)'
2018-05-01 14:50:05,073 INFO RED Ghost at tile (3, 8) with 80 HP was assigned the order 'Order: Move to (4, 6)'
2018-05-01 14:50:05,073 INFO BLUE Ghost at tile (8, 1) with 80 HP was assigned the order 'Order: Move to (5, 1)'
2018-05-01 14:50:05,073 INFO RED Ghost at tile (8, 8) with 80 HP was assigned the order 'Order: Move to (11, 8)'
2018-05-01 14:50:05,073 INFO RED Trooper at tile (7, 9) with 100 HP was assigned the order 'Order: Move to (9, 9)'
2018-05-01 14:50:05,073 INFO RED Trooper at tile (4, 1) with 82 HP was assigned the order 'Order: Move to (5, 1)'
2018-05-01 14:50:05,073 INFO BLUE Ghost at tile (3, 3) with 80 HP was assigned the order 'Order: Move to (3, 6)'
2018-05-01 14:50:05,073 INFO RED Ghost at tile (12, 8) with 80 HP was assigned the order 'Order: Move to (13, 7)'
2018-05-01 14:50:05,073 INFO RED Trooper at tile (6, 1) with 62 HP was assigned the order 'Order: Heal self'
2018-05-01 14:50:05,073 INFO BLUE Colonist at tile (12, 7) with 120 HP was assigned the order 'Order: Move to (13, 7)'
2018-05-01 14:50:05,073 INFO RED Trooper at tile (6, 8) with 100 HP was assigned the order 'Order: Move to (8, 8)'
2018-05-01 14:50:05,073 INFO RED Trooper at tile (3, 2) with 100 HP was assigned the order 'Order: Move to (3, 3)'
2018-05-01 14:50:05,074 INFO BLUE Ghost at tile (10, 2) with 58 HP was assigned the order 'Order: Move to (8, 1)'
2018-05-01 14:50:05,074 INFO = Move phase begins
2018-05-01 14:50:05,085 INFO None moved to (8, 1)
2018-05-01 14:50:05,085 INFO None moved to (3, 3)
2018-05-01 14:50:05,085 INFO None moved to (8, 8)
2018-05-01 14:50:05,086 INFO BLUE Ghost at tile (8, 1) with 58 HP moved to (5, 1)
2018-05-01 14:50:05,086 INFO None moved to (4, 6)
2018-05-01 14:50:05,086 INFO None moved to (4, 1)
2018-05-01 14:50:05,086 INFO RED Trooper at tile (8, 8) with 100 HP moved to (11, 8)
2018-05-01 14:50:05,086 INFO None moved to (7, 1)
2018-05-01 14:50:05,086 INFO BLUE Ranger at tile (7, 1) with 66 HP moved to (6, 1)
2018-05-01 14:50:05,086 INFO None moved to (9, 9)
2018-05-01 14:50:05,087 INFO RED Trooper at tile (4, 1) with 100 HP moved to (5, 1)
2018-05-01 14:50:05,087 INFO None moved to (3, 6)
2018-05-01 14:50:05,087 INFO None moved to (13, 7)
2018-05-01 14:50:05,087 INFO RED Ghost at tile (11, 8) with 80 HP moved to (11, 7)
2018-05-01 14:50:05,087 INFO None moved to (11, 6)
2018-05-01 14:50:05,087 INFO BLUE Trooper at tile (10, 7) with 10 HP moved to (10, 7)
2018-05-01 14:50:05,088 INFO None moved to (13, 7)
2018-05-01 14:50:05,130 INFO = Build phase begins
2018-05-01 14:50:05,143 INFO Team.RED PieceType.GUARDIAN was built on (7, 9). 
2018-05-01 14:50:05,143 INFO Team.RED team spent 5 resources.
2018-05-01 14:50:05,143 INFO Team.RED PieceType.GHOST was built on (2, 1). 
2018-05-01 14:50:05,144 INFO Team.RED team spent 3 resources.
2018-05-01 14:50:05,144 INFO Team.RED PieceType.GUARDIAN was built on (4, 7). 
2018-05-01 14:50:05,144 INFO Team.RED team spent 5 resources.
2018-05-01 14:50:05,144 INFO Team.BLUE PieceType.RANGER was built on (10, 2). 
2018-05-01 14:50:05,144 INFO Team.BLUE team spent 3 resources.
2018-05-01 14:50:05,186 INFO = Combat phase begins
2018-05-01 14:50:05,198 INFO [<terra.piece.piece.Piece object at 0x026EB330>, <terra.piece.piece.Piece object at 0x028552B0>] are contesting the tile at (3, 6)!
2018-05-01 14:50:05,198 INFO RED Base at tile (3, 6) with 150 HP took 0 damage from BLUE Ghost at tile (3, 6) with 80 HP!
2018-05-01 14:50:05,198 INFO BLUE Ghost at tile (3, 6) with 80 HP took 0 damage from RED Base at tile (3, 6) with 150 HP!
2018-05-01 14:50:05,198 INFO BLUE Ghost at tile (3, 6) with 80 HP took 0 damage from RED Base at tile (3, 6) with 150 HP!
2018-05-01 14:50:05,198 INFO RED Base at tile (3, 6) with 150 HP took 0 damage from BLUE Ghost at tile (3, 6) with 80 HP!
2018-05-01 14:50:05,199 INFO [<terra.piece.piece.Piece object at 0x026E8D70>, <terra.piece.piece.Piece object at 0x02855650>] are contesting the tile at (6, 1)!
2018-05-01 14:50:05,199 INFO RED Trooper at tile (6, 1) with 23 HP took 21 damage from BLUE Trooper at tile (6, 1) with 77 HP!
2018-05-01 14:50:05,199 INFO BLUE Trooper at tile (6, 1) with 77 HP took 14 damage from RED Trooper at tile (6, 1) with 23 HP!
2018-05-01 14:50:05,199 INFO BLUE Trooper at tile (6, 1) with 77 HP took 9 damage from RED Trooper at tile (6, 1) with 23 HP!
2018-05-01 14:50:05,199 INFO RED Trooper at tile (6, 1) with 23 HP took 18 damage from BLUE Trooper at tile (6, 1) with 77 HP!
2018-05-01 14:50:05,199 INFO [<terra.piece.piece.Piece object at 0x02860C30>, <terra.piece.piece.Piece object at 0x026E5AB0>] are contesting the tile at (5, 1)!
2018-05-01 14:50:05,200 INFO BLUE Ghost at tile (5, 1) with 8 HP took 40 damage from RED Trooper at tile (5, 1) with 58 HP!
2018-05-01 14:50:05,200 INFO RED Trooper at tile (5, 1) with 58 HP took 16 damage from BLUE Ghost at tile (5, 1) with 8 HP!
2018-05-01 14:50:05,200 INFO RED Trooper at tile (5, 1) with 58 HP took 8 damage from BLUE Ghost at tile (5, 1) with 8 HP!
2018-05-01 14:50:05,200 INFO BLUE Ghost at tile (5, 1) with 8 HP took 32 damage from RED Trooper at tile (5, 1) with 58 HP!
2018-05-01 14:50:05,200 INFO [<terra.piece.piece.Piece object at 0x02855070>, <terra.piece.piece.Piece object at 0x026EB310>] are contesting the tile at (13, 7)!
2018-05-01 14:50:05,200 INFO RED Ghost at tile (13, 7) with 55 HP took 15 damage from BLUE Colonist at tile (13, 7) with 48 HP!
2018-05-01 14:50:05,201 INFO BLUE Colonist at tile (13, 7) with 48 HP took 40 damage from RED Ghost at tile (13, 7) with 55 HP!
2018-05-01 14:50:05,201 INFO BLUE Colonist at tile (13, 7) with 48 HP took 32 damage from RED Ghost at tile (13, 7) with 55 HP!
2018-05-01 14:50:05,201 INFO RED Ghost at tile (13, 7) with 55 HP took 10 damage from BLUE Colonist at tile (13, 7) with 48 HP!
2018-05-01 14:50:05,243 INFO = Ranged phase begins
2018-05-01 14:50:05,254 INFO RED Boltcaster at tile (5, 7) with 60 HP conducted a ranged attack on (10, 7)
2018-05-01 14:50:05,254 INFO RED Boltcaster at tile (4, 2) with 60 HP conducted a ranged attack on (9, 2)
2018-05-01 14:50:05,255 INFO RED Ranger at tile (5, 0) with 90 HP conducted a ranged attack on (6, 1)
2018-05-01 14:50:05,255 INFO RED Ranger at tile (9, 8) with 90 HP conducted a ranged attack on (11, 8)
2018-05-01 14:50:05,266 INFO BLUE Trooper at tile (10, 7) with -32 HP took 42 damage from RED Boltcaster at tile (5, 7) with 60 HP!
2018-05-01 14:50:05,266 INFO BLUE Ranger at tile (10, 2) with 60 HP took 30 damage from RED Boltcaster at tile (4, 2) with 60 HP!
2018-05-01 14:50:05,266 INFO BLUE Trooper at tile (6, 1) with 41 HP took 36 damage from RED Ranger at tile (5, 0) with 90 HP!
2018-05-01 14:50:05,266 INFO BLUE Ranger at tile (7, 1) with 51 HP took 15 damage from RED Ranger at tile (5, 0) with 90 HP!
2018-05-01 14:50:05,266 INFO BLUE Ghost at tile (5, 1) with -4 HP took 12 damage from RED Ranger at tile (5, 0) with 90 HP!
2018-05-01 14:50:05,298 INFO = Special phase begins
2018-05-01 14:50:05,310 INFO Tile at (6, 6) was raised
2018-05-01 14:50:05,310 INFO RED Trooper at tile (6, 1) with 23 HP failed to execute its orders!
2018-05-01 14:50:05,352 INFO = Start Turn phase begins
2018-05-01 14:50:05,353 INFO == TURN 15 BEGIN ==
2018-05-01 14:50:05,364 INFO Team.RED team acquired 2 resources.
2018-05-01 14:50:05,365 INFO Team.RED team acquired 2 resources.
2018-05-01 14:50:05,365 INFO Team.RED team acquired 2 resources.
2018-05-01 14:50:05,365 INFO Team.BLUE team acquired 1 resources.
2018-05-01 14:50:05,366 INFO Team.RED team acquired 2 resources.
2018-05-01 14:50:05,366 INFO Team.BLUE team acquired 1 resources.
2018-05-01 14:50:05,366 INFO Team.RED team acquired 2 resources.
2018-05-01 14:50:05,366 INFO Team.BLUE team acquired 1 resources.
2018-05-01 14:50:05,367 INFO Team.BLUE team acquired 2 resources.
2018-05-01 14:50:05,367 INFO Team.RED team acquired 3 resources.
2018-05-01 14:50:05,419 INFO = Issue Orders phase begins
2018-05-01 14:52:36,675 INFO BLUE Ghost at tile (3, 6) with 80 HP was assigned the order 'Order: Move to (5, 6)'
2018-05-01 14:52:36,675 INFO BLUE Barracks at tile (11, 2) with 100 HP was assigned the order 'Order: Build a Trooper on tile (10, 2)'
2018-05-01 14:52:36,675 INFO RED Barracks at tile (3, 7) with 100 HP was assigned the order 'Order: Build a Trooper on tile (3, 8)'
2018-05-01 14:52:36,675 INFO BLUE Tech Lab at tile (12, 1) with 50 HP was assigned the order 'Order: purchase upgrade UpgradeType.COLONIST_UNCONTESTABLE'
2018-05-01 14:52:36,675 INFO BLUE Ranger at tile (7, 1) with 51 HP was assigned the order 'Order: Ranged attack tile (6, 1)'
2018-05-01 14:52:36,675 INFO RED Barracks at tile (2, 2) with 100 HP was assigned the order 'Order: Build a Guardian on tile (3, 2)'
2018-05-01 14:52:36,675 INFO RED Tech Lab at tile (1, 3) with 50 HP was assigned the order 'Order: purchase upgrade UpgradeType.RANGER_MOVEMENT'
2018-05-01 14:52:36,675 INFO RED Ranger at tile (9, 8) with 90 HP was assigned the order 'Order: Move to (10, 7)'
2018-05-01 14:52:36,675 INFO RED Barracks at tile (6, 9) with 100 HP was assigned the order 'Order: Build a Trooper on tile (7, 9)'
2018-05-01 14:52:36,675 INFO RED Boltcaster at tile (5, 7) with 60 HP was assigned the order 'Order: Ranged attack tile (3, 6)'
2018-05-01 14:52:36,675 INFO RED Boltcaster at tile (4, 2) with 60 HP was assigned the order 'Order: Ranged attack tile (7, 1)'
2018-05-01 14:52:36,675 INFO RED Ranger at tile (5, 0) with 90 HP was assigned the order 'Order: Ranged attack tile (6, 1)'
2018-05-01 14:52:36,675 INFO RED Colonist at tile (5, 6) with 100 HP was assigned the order 'Order: Move to (5, 9)'
2018-05-01 14:52:36,675 INFO RED Ghost at tile (11, 8) with 80 HP was assigned the order 'Order: Move to (12, 8)'
2018-05-01 14:52:36,675 INFO BLUE Ghost at tile (8, 1) with 58 HP was assigned the order 'Order: Move to (5, 1)'
2018-05-01 14:52:36,676 INFO RED Trooper at tile (8, 8) with 100 HP was assigned the order 'Order: Move to (10, 8)'
2018-05-01 14:52:36,676 INFO RED Trooper at tile (4, 1) with 100 HP was assigned the order 'Order: Move to (6, 1)'
2018-05-01 14:52:36,676 INFO RED Trooper at tile (3, 3) with 100 HP was assigned the order 'Order: Move to (3, 1)'
2018-05-01 14:52:36,676 INFO RED Trooper at tile (6, 1) with 23 HP was assigned the order 'Order: Move to (7, 1)'
2018-05-01 14:52:36,676 INFO BLUE Trooper at tile (6, 1) with 41 HP was assigned the order 'Order: Move to (6, 1)'
2018-05-01 14:52:36,676 INFO RED Trooper at tile (5, 1) with 58 HP was assigned the order 'Order: Move to (6, 0)'
2018-05-01 14:52:36,676 INFO RED Ghost at tile (4, 6) with 80 HP was assigned the order 'Order: Move to (5, 8)'
2018-05-01 14:52:36,676 INFO RED Trooper at tile (9, 9) with 100 HP was assigned the order 'Order: Move to (11, 9)'
2018-05-01 14:52:36,676 INFO RED Ghost at tile (13, 7) with 55 HP was assigned the order 'Order: Heal self'
2018-05-01 14:52:36,676 INFO BLUE Colonist at tile (13, 7) with 48 HP was assigned the order 'Order: Build a Generator on tile (13, 8)'
2018-05-01 14:52:36,676 INFO RED Trooper at tile (11, 7) with 72 HP was assigned the order 'Order: Move to (11, 5)'
2018-05-01 14:52:36,676 INFO RED Trooper at tile (11, 6) with 64 HP was assigned the order 'Order: Move to (12, 5)'
2018-05-01 14:52:36,676 INFO RED Guardian at tile (7, 9) with 80 HP was assigned the order 'Order: Move to (6, 8)'
2018-05-01 14:52:36,676 INFO RED Ghost at tile (2, 1) with 80 HP was assigned the order 'Order: Move to (4, 0)'
2018-05-01 14:52:36,676 INFO RED Guardian at tile (4, 7) with 80 HP was assigned the order 'Order: Move to (4, 6)'
2018-05-01 14:52:36,676 INFO BLUE Ranger at tile (10, 2) with 60 HP was assigned the order 'Order: Move to (8, 1)'
2018-05-01 14:52:36,676 INFO = Move phase begins
2018-05-01 14:52:36,688 INFO None moved to (8, 1)
2018-05-01 14:52:36,688 INFO None moved to (4, 6)
2018-05-01 14:52:36,688 INFO None moved to (4, 0)
2018-05-01 14:52:36,688 INFO None moved to (6, 8)
2018-05-01 14:52:36,688 INFO BLUE Ranger at tile (8, 1) with 60 HP moved to (5, 1)
2018-05-01 14:52:36,689 INFO None moved to (3, 1)
2018-05-01 14:52:36,689 INFO None moved to (10, 8)
2018-05-01 14:52:36,689 INFO RED Guardian at tile (4, 6) with 80 HP moved to (5, 8)
2018-05-01 14:52:36,689 INFO None moved to (6, 1)
2018-05-01 14:52:36,689 INFO None moved to (12, 8)
2018-05-01 14:52:36,689 INFO BLUE Trooper at tile (6, 1) with 41 HP moved to (6, 1)
2018-05-01 14:52:36,690 INFO None moved to (11, 9)
2018-05-01 14:52:36,690 INFO None moved to (6, 0)
2018-05-01 14:52:36,690 INFO None moved to (5, 6)
2018-05-01 14:52:36,690 INFO None moved to (10, 7)
2018-05-01 14:52:36,690 INFO None moved to (5, 9)
2018-05-01 14:52:36,690 INFO None moved to (11, 5)
2018-05-01 14:52:36,691 INFO RED Trooper at tile (6, 1) with 100 HP moved to (7, 1)
2018-05-01 14:52:36,691 INFO None moved to (12, 5)
2018-05-01 14:52:36,736 INFO = Build phase begins
2018-05-01 14:52:36,748 INFO Team.RED PieceType.TROOPER was built on (7, 9). 
2018-05-01 14:52:36,749 INFO Team.RED team spent 3 resources.
2018-05-01 14:52:36,749 INFO Team.RED PieceType.GUARDIAN was built on (3, 2). 
2018-05-01 14:52:36,749 INFO Team.RED team spent 5 resources.
2018-05-01 14:52:36,750 INFO Team.RED PieceType.TROOPER was built on (3, 8). 
2018-05-01 14:52:36,750 INFO Team.RED team spent 3 resources.
2018-05-01 14:52:36,750 INFO Team.BLUE PieceType.TROOPER was built on (10, 2). 
2018-05-01 14:52:36,750 INFO Team.BLUE team spent 3 resources.
2018-05-01 14:52:36,750 INFO BLUE Colonist at tile (13, 7) with 48 HP failed to execute its orders!
2018-05-01 14:52:36,797 INFO = Combat phase begins
2018-05-01 14:52:36,808 INFO [<terra.piece.piece.Piece object at 0x026EB870>, <terra.piece.piece.Piece object at 0x026E8D70>] are contesting the tile at (7, 1)!
2018-05-01 14:52:36,809 INFO BLUE Ranger at tile (7, 1) with 41 HP took 5 damage from RED Trooper at tile (7, 1) with 23 HP!
2018-05-01 14:52:36,809 INFO RED Trooper at tile (7, 1) with 23 HP took 0 damage from BLUE Ranger at tile (7, 1) with 41 HP!
2018-05-01 14:52:36,809 INFO RED Trooper at tile (7, 1) with 23 HP took 0 damage from BLUE Ranger at tile (7, 1) with 41 HP!
2018-05-01 14:52:36,809 INFO BLUE Ranger at tile (7, 1) with 41 HP took 5 damage from RED Trooper at tile (7, 1) with 23 HP!
2018-05-01 14:52:36,809 INFO [<terra.piece.piece.Piece object at 0x02860590>, <terra.piece.piece.Piece object at 0x02855650>] are contesting the tile at (6, 1)!
2018-05-01 14:52:36,810 INFO RED Trooper at tile (6, 1) with 84 HP took 11 damage from BLUE Trooper at tile (6, 1) with 2 HP!
2018-05-01 14:52:36,810 INFO BLUE Trooper at tile (6, 1) with 2 HP took 21 damage from RED Trooper at tile (6, 1) with 84 HP!
2018-05-01 14:52:36,810 INFO BLUE Trooper at tile (6, 1) with 2 HP took 18 damage from RED Trooper at tile (6, 1) with 84 HP!
2018-05-01 14:52:36,810 INFO RED Trooper at tile (6, 1) with 84 HP took 5 damage from BLUE Trooper at tile (6, 1) with 2 HP!
2018-05-01 14:52:36,810 INFO [<terra.piece.piece.Piece object at 0x02855070>, <terra.piece.piece.Piece object at 0x026EB310>] are contesting the tile at (13, 7)!
2018-05-01 14:52:36,810 INFO RED Ghost at tile (13, 7) with 49 HP took 4 damage from BLUE Colonist at tile (13, 7) with 2 HP!
2018-05-01 14:52:36,811 INFO BLUE Colonist at tile (13, 7) with 2 HP took 24 damage from RED Ghost at tile (13, 7) with 49 HP!
2018-05-01 14:52:36,811 INFO BLUE Colonist at tile (13, 7) with 2 HP took 22 damage from RED Ghost at tile (13, 7) with 49 HP!
2018-05-01 14:52:36,811 INFO RED Ghost at tile (13, 7) with 49 HP took 2 damage from BLUE Colonist at tile (13, 7) with 2 HP!
2018-05-01 14:52:36,857 INFO = Ranged phase begins
2018-05-01 14:52:36,868 INFO BLUE Ranger at tile (7, 1) with 41 HP conducted a ranged attack on (6, 1)
2018-05-01 14:52:36,869 INFO RED Boltcaster at tile (5, 7) with 60 HP conducted a ranged attack on (3, 6)
2018-05-01 14:52:36,869 INFO RED Boltcaster at tile (4, 2) with 60 HP conducted a ranged attack on (7, 1)
2018-05-01 14:52:36,869 INFO RED Ranger at tile (5, 0) with 90 HP conducted a ranged attack on (6, 1)
2018-05-01 14:52:36,881 INFO RED Trooper at tile (6, 1) with 66 HP took 18 damage from BLUE Ranger at tile (7, 1) with -3 HP!
2018-05-01 14:52:36,881 INFO RED Trooper at tile (7, 1) with 15 HP took 8 damage from BLUE Ranger at tile (7, 1) with -3 HP!
2018-05-01 14:52:36,881 INFO RED Trooper at tile (6, 0) with 49 HP took 9 damage from BLUE Ranger at tile (7, 1) with -3 HP!
2018-05-01 14:52:36,882 INFO BLUE Ranger at tile (7, 1) with -3 HP took 32 damage from RED Boltcaster at tile (4, 2) with 60 HP!
2018-05-01 14:52:36,882 INFO BLUE Ranger at tile (8, 1) with 27 HP took 33 damage from RED Boltcaster at tile (4, 2) with 60 HP!
2018-05-01 14:52:36,882 INFO BLUE Trooper at tile (6, 1) with -60 HP took 31 damage from RED Boltcaster at tile (4, 2) with 60 HP!
2018-05-01 14:52:36,882 INFO BLUE Trooper at tile (6, 1) with -60 HP took 31 damage from RED Ranger at tile (5, 0) with 90 HP!
2018-05-01 14:52:36,883 INFO BLUE Ranger at tile (7, 1) with -3 HP took 12 damage from RED Ranger at tile (5, 0) with 90 HP!
2018-05-01 14:52:36,883 INFO BLUE Ghost at tile (5, 1) with 46 HP took 12 damage from RED Ranger at tile (5, 0) with 90 HP!
2018-05-01 14:52:36,919 INFO = Special phase begins
2018-05-01 14:52:36,931 INFO Team.RED team researched the upgrade UpgradeType.RANGER_MOVEMENT
2018-05-01 14:52:36,932 INFO Team.RED team spent 3 resources.
2018-05-01 14:52:36,932 INFO RED Ghost at tile (13, 7) with 49 HP failed to execute its orders!
2018-05-01 14:52:36,932 INFO Team.BLUE team researched the upgrade UpgradeType.COLONIST_UNCONTESTABLE
2018-05-01 14:52:36,932 INFO Team.BLUE team spent 3 resources.
2018-05-01 14:52:36,977 INFO = Start Turn phase begins
2018-05-01 14:52:36,980 INFO == TURN 16 BEGIN ==
2018-05-01 14:52:36,995 INFO Team.RED team acquired 2 resources.
2018-05-01 14:52:36,995 INFO Team.RED team acquired 2 resources.
2018-05-01 14:52:36,996 INFO Team.RED team acquired 2 resources.
2018-05-01 14:52:36,996 INFO Team.BLUE team acquired 1 resources.
2018-05-01 14:52:36,996 INFO Team.RED team acquired 2 resources.
2018-05-01 14:52:36,997 INFO Team.BLUE team acquired 1 resources.
2018-05-01 14:52:36,997 INFO Team.RED team acquired 2 resources.
2018-05-01 14:52:36,997 INFO Team.BLUE team acquired 1 resources.
2018-05-01 14:52:36,997 INFO Team.BLUE team acquired 2 resources.
2018-05-01 14:52:36,997 INFO Team.RED team acquired 3 resources.
2018-05-01 14:52:37,045 INFO = Issue Orders phase begins
2018-05-01 14:54:00,991 INFO BLUE Barracks at tile (11, 2) with 100 HP was assigned the order 'Order: Build a Trooper on tile (10, 2)'
2018-05-01 14:54:00,992 INFO RED Barracks at tile (3, 7) with 100 HP was assigned the order 'Order: purchase upgrade UpgradeType.GHOST_ANTI_COLONIST'
2018-05-01 14:54:00,992 INFO RED Trooper at tile (7, 1) with 15 HP was assigned the order 'Order: Heal self'
2018-05-01 14:54:00,992 INFO RED Barracks at tile (2, 2) with 100 HP was assigned the order 'Order: Build a Trooper on tile (2, 1)'
2018-05-01 14:54:00,992 INFO RED Tech Lab at tile (1, 3) with 50 HP was assigned the order 'Order: purchase upgrade UpgradeType.TROOPER_REGEN'
2018-05-01 14:54:00,992 INFO RED Barracks at tile (6, 9) with 100 HP was assigned the order 'Order: Build a Guardian on tile (6, 8)'
2018-05-01 14:54:00,992 INFO RED Boltcaster at tile (5, 7) with 60 HP was assigned the order 'Order: Ranged attack tile (4, 9)'
2018-05-01 14:54:00,992 INFO RED Boltcaster at tile (4, 2) with 60 HP was assigned the order 'Order: Ranged attack tile (8, 1)'
2018-05-01 14:54:00,992 INFO RED Ranger at tile (5, 0) with 90 HP was assigned the order 'Order: Move to (7, 0)'
2018-05-01 14:54:00,993 INFO BLUE Ghost at tile (5, 6) with 80 HP was assigned the order 'Order: Move to (5, 9)'
2018-05-01 14:54:00,993 INFO BLUE Ranger at tile (8, 1) with 27 HP was assigned the order 'Order: Ranged attack tile (7, 1)'
2018-05-01 14:54:00,993 INFO RED Trooper at tile (6, 1) with 66 HP was assigned the order 'Order: Move to (8, 1)'
2018-05-01 14:54:00,993 INFO BLUE Ghost at tile (5, 1) with 46 HP was assigned the order 'Order: Move to (5, 0)'
2018-05-01 14:54:00,993 INFO RED Guardian at tile (4, 6) with 80 HP was assigned the order 'Order: Move to (4, 8)'
2018-05-01 14:54:00,993 INFO BLUE Colonist at tile (13, 7) with 2 HP was assigned the order 'Order: Heal self'
2018-05-01 14:54:00,993 INFO RED Ghost at tile (4, 0) with 80 HP was assigned the order 'Order: Move to (6, 0)'
2018-05-01 14:54:00,993 INFO RED Guardian at tile (6, 8) with 80 HP was assigned the order 'Order: Move to (7, 9)'
2018-05-01 14:54:00,993 INFO RED Trooper at tile (3, 1) with 100 HP was assigned the order 'Order: Move to (5, 1)'
2018-05-01 14:54:00,993 INFO RED Ghost at tile (5, 8) with 80 HP was assigned the order 'Order: Move to (8, 8)'
2018-05-01 14:54:00,993 INFO RED Trooper at tile (6, 0) with 49 HP was assigned the order 'Order: Move to (8, 0)'
2018-05-01 14:54:00,993 INFO RED Colonist at tile (5, 9) with 100 HP was assigned the order 'Order: Move to (8, 9)'
2018-05-01 14:54:00,993 INFO RED Trooper at tile (7, 9) with 100 HP was assigned the order 'Order: Move to (9, 9)'
2018-05-01 14:54:00,993 INFO RED Guardian at tile (3, 2) with 80 HP was assigned the order 'Order: Move to (4, 1)'
2018-05-01 14:54:00,993 INFO RED Trooper at tile (3, 8) with 100 HP was assigned the order 'Order: Move to (5, 8)'
2018-05-01 14:54:00,993 INFO BLUE Trooper at tile (10, 2) with 100 HP was assigned the order 'Order: Move to (9, 1)'
2018-05-01 14:54:00,994 INFO = Move phase begins
2018-05-01 14:54:01,007 INFO None moved to (9, 1)
2018-05-01 14:54:01,007 INFO None moved to (5, 8)
2018-05-01 14:54:01,008 INFO None moved to (4, 1)
2018-05-01 14:54:01,008 INFO None moved to (9, 9)
2018-05-01 14:54:01,008 INFO None moved to (4, 8)
2018-05-01 14:54:01,009 INFO None moved to (6, 0)
2018-05-01 14:54:01,009 INFO None moved to (7, 9)
2018-05-01 14:54:01,009 INFO None moved to (5, 0)
2018-05-01 14:54:01,009 INFO None moved to (5, 1)
2018-05-01 14:54:01,010 INFO RED Trooper at tile (5, 8) with 100 HP moved to (8, 8)
2018-05-01 14:54:01,010 INFO None moved to (8, 1)
2018-05-01 14:54:01,010 INFO RED Ghost at tile (6, 0) with 80 HP moved to (8, 0)
2018-05-01 14:54:01,010 INFO None moved to (5, 9)
2018-05-01 14:54:01,010 INFO None moved to (7, 0)
2018-05-01 14:54:01,011 INFO None moved to (8, 9)
2018-05-01 14:54:01,057 INFO = Build phase begins
2018-05-01 14:54:01,070 INFO Team.RED PieceType.GUARDIAN was built on (6, 8). 
2018-05-01 14:54:01,070 INFO Team.RED team spent 5 resources.
2018-05-01 14:54:01,070 INFO Team.RED PieceType.TROOPER was built on (2, 1). 
2018-05-01 14:54:01,070 INFO Team.RED team spent 3 resources.
2018-05-01 14:54:01,071 INFO Team.BLUE PieceType.TROOPER was built on (10, 2). 
2018-05-01 14:54:01,071 INFO Team.BLUE team spent 3 resources.
2018-05-01 14:54:01,114 INFO = Combat phase begins
2018-05-01 14:54:01,126 INFO [<terra.piece.piece.Piece object at 0x02855FF0>, <terra.piece.piece.Piece object at 0x02860590>] are contesting the tile at (8, 1)!
2018-05-01 14:54:01,126 INFO BLUE Ranger at tile (8, 1) with -3 HP took 15 damage from RED Trooper at tile (8, 1) with 66 HP!
2018-05-01 14:54:01,126 INFO RED Trooper at tile (8, 1) with 66 HP took 0 damage from BLUE Ranger at tile (8, 1) with -3 HP!
2018-05-01 14:54:01,127 INFO RED Trooper at tile (8, 1) with 66 HP took 0 damage from BLUE Ranger at tile (8, 1) with -3 HP!
2018-05-01 14:54:01,127 INFO BLUE Ranger at tile (8, 1) with -3 HP took 15 damage from RED Trooper at tile (8, 1) with 66 HP!
2018-05-01 14:54:01,127 INFO [<terra.piece.piece.Piece object at 0x02855070>, <terra.piece.piece.Piece object at 0x026EB310>] are contesting the tile at (13, 7)!
2018-05-01 14:54:01,127 INFO RED Ghost at tile (13, 7) with 51 HP took 0 damage from BLUE Colonist at tile (13, 7) with -42 HP!
2018-05-01 14:54:01,127 INFO BLUE Colonist at tile (13, 7) with -42 HP took 22 damage from RED Ghost at tile (13, 7) with 51 HP!
2018-05-01 14:54:01,127 INFO BLUE Colonist at tile (13, 7) with -42 HP took 22 damage from RED Ghost at tile (13, 7) with 51 HP!
2018-05-01 14:54:01,128 INFO RED Ghost at tile (13, 7) with 51 HP took -2 damage from BLUE Colonist at tile (13, 7) with -42 HP!
2018-05-01 14:54:01,172 INFO = Ranged phase begins
