2018-05-06 16:57:15,894 INFO = Move phase begins
2018-05-06 16:57:15,992 INFO = Build phase begins
2018-05-06 16:57:16,088 INFO = Combat phase begins
2018-05-06 16:57:16,178 INFO = Ranged phase begins
2018-05-06 16:57:16,273 INFO = Special phase begins
2018-05-06 16:57:16,370 INFO = Start Turn phase begins
2018-05-06 16:57:16,370 INFO == TURN 2 BEGIN ==
2018-05-06 16:57:16,384 INFO Team.RED team acquired 1 resources.
2018-05-06 16:57:16,385 INFO Team.BLUE team acquired 1 resources.
2018-05-06 16:57:16,385 INFO Team.BLUE team acquired 2 resources.
2018-05-06 16:57:16,385 INFO Team.RED team acquired 2 resources.
2018-05-06 16:57:16,468 INFO = Issue Orders phase begins
2018-05-06 16:57:20,353 INFO = Move phase begins
2018-05-06 16:57:20,456 INFO = Build phase begins
2018-05-06 16:57:20,547 INFO = Combat phase begins
2018-05-06 16:57:20,641 INFO = Ranged phase begins
2018-05-06 16:57:20,734 INFO = Special phase begins
2018-05-06 16:57:20,841 INFO = Start Turn phase begins
2018-05-06 16:57:20,841 INFO == TURN 3 BEGIN ==
2018-05-06 16:57:20,853 INFO Team.RED team acquired 1 resources.
2018-05-06 16:57:20,853 INFO Team.BLUE team acquired 1 resources.
2018-05-06 16:57:20,853 INFO Team.BLUE team acquired 2 resources.
2018-05-06 16:57:20,853 INFO Team.RED team acquired 2 resources.
2018-05-06 16:57:20,934 INFO = Issue Orders phase begins
2018-05-06 16:57:26,162 INFO RED Colonist at tile (3, 12) with 100 HP was assigned the order 'Order: Move to (3, 9)'
2018-05-06 16:57:26,163 INFO = Move phase begins
2018-05-06 16:57:26,174 INFO None moved to (3, 9)
2018-05-06 16:57:26,260 INFO = Build phase begins
2018-05-06 16:57:26,355 INFO = Combat phase begins
2018-05-06 16:57:26,451 INFO = Ranged phase begins
2018-05-06 16:57:26,554 INFO = Special phase begins
2018-05-06 16:57:26,648 INFO = Start Turn phase begins
2018-05-06 16:57:26,648 INFO == TURN 4 BEGIN ==
2018-05-06 16:57:26,661 INFO Team.RED team acquired 1 resources.
2018-05-06 16:57:26,661 INFO Team.BLUE team acquired 1 resources.
2018-05-06 16:57:26,661 INFO Team.BLUE team acquired 2 resources.
2018-05-06 16:57:26,661 INFO Team.RED team acquired 2 resources.
2018-05-06 16:57:26,744 INFO = Issue Orders phase begins
2018-05-06 16:57:35,165 INFO BLUE Barracks at tile (10, 10) with 100 HP was assigned the order 'Order: Build a Trooper on tile (10, 9)'
2018-05-06 16:57:35,165 INFO RED Colonist at tile (3, 12) with 100 HP was assigned the order 'Order: Move to (3, 9)'
2018-05-06 16:57:35,165 INFO BLUE Colonist at tile (11, 12) with 100 HP was assigned the order 'Order: Build a Generator on tile (10, 12)'
2018-05-06 16:57:35,165 INFO = Move phase begins
2018-05-06 16:57:35,176 INFO None moved to (3, 9)
2018-05-06 16:57:35,520 INFO = Build phase begins
2018-05-06 16:57:35,532 INFO Team.BLUE PieceType.GENERATOR was built on (10, 12). 
2018-05-06 16:57:35,532 INFO Team.BLUE team spent 1 resources.
2018-05-06 16:57:35,532 INFO Team.BLUE PieceType.TROOPER was built on (10, 9). 
2018-05-06 16:57:35,532 INFO Team.BLUE team spent 3 resources.
2018-05-06 16:57:35,894 INFO = Combat phase begins
2018-05-06 16:57:36,279 INFO = Ranged phase begins
2018-05-06 16:57:36,648 INFO = Special phase begins
2018-05-06 16:57:37,011 INFO = Start Turn phase begins
2018-05-06 16:57:37,011 INFO == TURN 2 BEGIN ==
2018-05-06 16:57:37,025 INFO Team.BLUE team acquired 1 resources.
2018-05-06 16:57:37,026 INFO Team.RED team acquired 1 resources.
2018-05-06 16:57:37,026 INFO Team.BLUE team acquired 1 resources.
2018-05-06 16:57:37,026 INFO Team.BLUE team acquired 2 resources.
2018-05-06 16:57:37,026 INFO Team.RED team acquired 2 resources.
2018-05-06 16:57:37,392 INFO = Issue Orders phase begins
