== ROUND 1 BEGIN ==
== ROUND 1 BEGIN ==
== ROUND 1 BEGIN ==
== ROUND 1 BEGIN ==
== ROUND 1 BEGIN ==
== ROUND 1 BEGIN ==
== ROUND 1 BEGIN ==
== ROUND 1 BEGIN ==
== ROUND 1 BEGIN ==
== ROUND 1 BEGIN ==
== ROUND 1 BEGIN ==
== ROUND 1 BEGIN ==
= Phase Move begins
= Phase Build begins
= Phase Combat begins
= Phase Ranged begins
= Phase Special begins
= Phase Start Turn begins
= Phase Issue Orders begins
== ROUND 1 BEGIN ==
== ROUND 1 BEGIN ==
== ROUND 1 BEGIN ==
== ROUND 1 BEGIN ==
== ROUND 1 BEGIN ==
== ROUND 1 BEGIN ==
== ROUND 1 BEGIN ==
== ROUND 1 BEGIN ==
== ROUND 1 BEGIN ==
== ROUND 1 BEGIN ==
== ROUND 1 BEGIN ==
== ROUND 1 BEGIN ==
== ROUND 1 BEGIN ==
== ROUND 1 BEGIN ==
== ROUND 1 BEGIN ==
== ROUND 1 BEGIN ==
= Phase Move begins
= Phase Build begins
= Phase Combat begins
= Phase Ranged begins
= Phase Special begins
= Phase Start Turn begins
= Phase Issue Orders begins
== ROUND 1 BEGIN ==
== ROUND 1 BEGIN ==
== ROUND 1 BEGIN ==
== ROUND 1 BEGIN ==
== ROUND 1 BEGIN ==
== ROUND 1 BEGIN ==
== ROUND 1 BEGIN ==
== ROUND 1 BEGIN ==
== ROUND 1 BEGIN ==
== ROUND 1 BEGIN ==
== ROUND 1 BEGIN ==
== ROUND 1 BEGIN ==
== ROUND 1 BEGIN ==
RED Base at tile (4, 4) with 150 HP was assigned the order 'Order: Build a Colonist on tile (4, 3)'
RED Colonist at tile (3, 3) with 100 HP was assigned the order 'Order: Build a Generator on tile (2, 3)'
BLUE Colonist at tile (17, 13) with 100 HP was assigned the order 'Order: Build a Generator on tile (18, 13)'
BLUE Barracks at tile (15, 13) with 100 HP was assigned the order 'Order: Build a Ghost on tile (15, 12)'
= Phase Move begins
= Phase Build begins
RED Base at tile (4, 4) with 150 HP successfully executed 'Order: Build a Colonist on tile (4, 3)'
RED Colonist at tile (3, 3) with 100 HP successfully executed 'Order: Build a Generator on tile (2, 3)'
BLUE Colonist at tile (17, 13) with 100 HP successfully executed 'Order: Build a Generator on tile (18, 13)'
BLUE Barracks at tile (15, 13) with 100 HP successfully executed 'Order: Build a Ghost on tile (15, 12)'
= Phase Combat begins
= Phase Ranged begins
= Phase Special begins
= Phase Start Turn begins
= Phase Issue Orders begins
RED Colonist at tile (3, 3) with 100 HP was assigned the order 'Order: Build a Generator on tile (3, 2)'
BLUE Colonist at tile (17, 13) with 100 HP was assigned the order 'Order: Build a Generator on tile (17, 14)'
RED Colonist at tile (4, 3) with 100 HP was assigned the order 'Order: Build a Generator on tile (4, 2)'
BLUE Ghost at tile (15, 12) with 80 HP was assigned the order 'Order: Move to (14, 10)'
= Phase Move begins
BLUE Ghost at tile (14, 10) with 80 HP successfully executed 'Order: Move to (14, 10)'
= Phase Build begins
RED Colonist at tile (3, 3) with 100 HP successfully executed 'Order: Build a Generator on tile (3, 2)'
BLUE Colonist at tile (17, 13) with 100 HP successfully executed 'Order: Build a Generator on tile (17, 14)'
RED Colonist at tile (4, 3) with 100 HP successfully executed 'Order: Build a Generator on tile (4, 2)'
= Phase Combat begins
= Phase Ranged begins
= Phase Special begins
= Phase Start Turn begins
= Phase Issue Orders begins
RED Base at tile (4, 4) with 150 HP was assigned the order 'Order: purchase upgrade UpgradeType.COLONIST_MAX_HP'
BLUE Base at tile (16, 12) with 150 HP was assigned the order 'Order: Build a Colonist on tile (16, 11)'
RED Colonist at tile (3, 3) with 100 HP was assigned the order 'Order: Move to (3, 4)'
BLUE Colonist at tile (17, 13) with 100 HP was assigned the order 'Order: Move to (17, 12)'
RED Barracks at tile (5, 3) with 100 HP was assigned the order 'Order: Build a Trooper on tile (5, 4)'
BLUE Barracks at tile (15, 13) with 100 HP was assigned the order 'Order: Build a Trooper on tile (15, 12)'
RED Colonist at tile (4, 3) with 100 HP was assigned the order 'Order: Move to (6, 4)'
BLUE Ghost at tile (14, 10) with 80 HP was assigned the order 'Order: Move to (12, 9)'
= Phase Move begins
RED Colonist at tile (3, 4) with 100 HP successfully executed 'Order: Move to (3, 4)'
BLUE Colonist at tile (17, 12) with 100 HP successfully executed 'Order: Move to (17, 12)'
RED Colonist at tile (6, 4) with 100 HP successfully executed 'Order: Move to (6, 4)'
BLUE Ghost at tile (12, 9) with 80 HP successfully executed 'Order: Move to (12, 9)'
= Phase Build begins
BLUE Base at tile (16, 12) with 150 HP successfully executed 'Order: Build a Colonist on tile (16, 11)'
RED Barracks at tile (5, 3) with 100 HP successfully executed 'Order: Build a Trooper on tile (5, 4)'
BLUE Barracks at tile (15, 13) with 100 HP successfully executed 'Order: Build a Trooper on tile (15, 12)'
= Phase Combat begins
= Phase Ranged begins
= Phase Special begins
RED Base at tile (4, 4) with 150 HP successfully executed 'Order: purchase upgrade UpgradeType.COLONIST_MAX_HP'
= Phase Start Turn begins
Team.RED team researched the upgrade UpgradeType.COLONIST_MAX_HP
= Phase Issue Orders begins
RED Barracks at tile (5, 3) with 100 HP was assigned the order 'Order: Build a Ranger on tile (5, 4)'
BLUE Barracks at tile (15, 13) with 100 HP was assigned the order 'Order: purchase upgrade UpgradeType.GHOST_ANTI_COLONIST'
RED Colonist at tile (3, 4) with 100 HP was assigned the order 'Order: Build a Generator on tile (2, 4)'
BLUE Colonist at tile (17, 12) with 100 HP was assigned the order 'Order: Build a Generator on tile (18, 12)'
RED Colonist at tile (6, 4) with 100 HP was assigned the order 'Order: Move to (7, 6)'
BLUE Ghost at tile (12, 9) with 80 HP was assigned the order 'Order: Move to (10, 8)'
BLUE Colonist at tile (16, 11) with 100 HP was assigned the order 'Order: Move to (14, 10)'
RED Trooper at tile (5, 4) with 100 HP was assigned the order 'Order: Move to (6, 5)'
BLUE Trooper at tile (15, 12) with 100 HP was assigned the order 'Order: Move to (14, 11)'
= Phase Move begins
RED Colonist at tile (7, 6) with 100 HP successfully executed 'Order: Move to (7, 6)'
BLUE Ghost at tile (10, 8) with 80 HP successfully executed 'Order: Move to (10, 8)'
BLUE Colonist at tile (14, 10) with 100 HP successfully executed 'Order: Move to (14, 10)'
RED Trooper at tile (6, 5) with 100 HP successfully executed 'Order: Move to (6, 5)'
BLUE Trooper at tile (14, 11) with 100 HP successfully executed 'Order: Move to (14, 11)'
= Phase Build begins
RED Barracks at tile (5, 3) with 100 HP successfully executed 'Order: Build a Ranger on tile (5, 4)'
RED Colonist at tile (3, 4) with 100 HP successfully executed 'Order: Build a Generator on tile (2, 4)'
BLUE Colonist at tile (17, 12) with 100 HP successfully executed 'Order: Build a Generator on tile (18, 12)'
= Phase Combat begins
= Phase Ranged begins
= Phase Special begins
BLUE Barracks at tile (15, 13) with 100 HP successfully executed 'Order: purchase upgrade UpgradeType.GHOST_ANTI_COLONIST'
= Phase Start Turn begins
Team.BLUE team researched the upgrade UpgradeType.GHOST_ANTI_COLONIST
= Phase Issue Orders begins
RED Base at tile (4, 4) with 150 HP was assigned the order 'Order: purchase upgrade UpgradeType.COLONIST_TERRAFORMING'
BLUE Base at tile (16, 12) with 150 HP was assigned the order 'Order: Build a Colonist on tile (16, 11)'
RED Barracks at tile (5, 3) with 100 HP was assigned the order 'Order: purchase upgrade UpgradeType.TROOPER_ARMOR'
BLUE Barracks at tile (15, 13) with 100 HP was assigned the order 'Order: Build a Ranger on tile (15, 12)'
RED Colonist at tile (3, 4) with 100 HP was assigned the order 'Order: Move to (3, 7)'
BLUE Colonist at tile (17, 12) with 100 HP was assigned the order 'Order: Move to (16, 13)'
RED Colonist at tile (7, 6) with 100 HP was assigned the order 'Order: Move to (7, 7)'
BLUE Ghost at tile (10, 8) with 80 HP was assigned the order 'Order: Move to (8, 7)'
BLUE Colonist at tile (14, 10) with 100 HP was assigned the order 'Order: Move to (13, 9)'
RED Trooper at tile (6, 5) with 100 HP was assigned the order 'Order: Move to (7, 6)'
BLUE Trooper at tile (14, 11) with 100 HP was assigned the order 'Order: Move to (13, 10)'
RED Ranger at tile (5, 4) with 90 HP was assigned the order 'Order: Move to (7, 4)'
= Phase Move begins
RED Colonist at tile (3, 7) with 100 HP successfully executed 'Order: Move to (3, 7)'
BLUE Colonist at tile (16, 13) with 100 HP successfully executed 'Order: Move to (16, 13)'
RED Colonist at tile (7, 7) with 100 HP successfully executed 'Order: Move to (7, 7)'
BLUE Ghost at tile (8, 7) with 80 HP successfully executed 'Order: Move to (8, 7)'
BLUE Colonist at tile (13, 9) with 100 HP successfully executed 'Order: Move to (13, 9)'
RED Trooper at tile (7, 6) with 100 HP successfully executed 'Order: Move to (7, 6)'
BLUE Trooper at tile (13, 10) with 100 HP successfully executed 'Order: Move to (13, 10)'
RED Ranger at tile (7, 4) with 90 HP successfully executed 'Order: Move to (7, 4)'
= Phase Build begins
BLUE Base at tile (16, 12) with 150 HP successfully executed 'Order: Build a Colonist on tile (16, 11)'
BLUE Barracks at tile (15, 13) with 100 HP successfully executed 'Order: Build a Ranger on tile (15, 12)'
= Phase Combat begins
= Phase Ranged begins
= Phase Special begins
RED Base at tile (4, 4) with 150 HP successfully executed 'Order: purchase upgrade UpgradeType.COLONIST_TERRAFORMING'
RED Barracks at tile (5, 3) with 100 HP successfully executed 'Order: purchase upgrade UpgradeType.TROOPER_ARMOR'
= Phase Start Turn begins
Team.RED team researched the upgrade UpgradeType.COLONIST_TERRAFORMING
Team.RED team researched the upgrade UpgradeType.TROOPER_ARMOR
= Phase Issue Orders begins
RED Base at tile (4, 4) with 150 HP was assigned the order 'Order: purchase upgrade UpgradeType.RESOURCE_PRODUCTION_1'
RED Colonist at tile (3, 7) with 100 HP was assigned the order 'Order: raise terrain on tile (3, 8)'
RED Colonist at tile (7, 7) with 100 HP was assigned the order 'Order: Move to (8, 6)'
BLUE Colonist at tile (13, 9) with 100 HP was assigned the order 'Order: Build a Barracks on tile (12, 9)'
RED Trooper at tile (7, 6) with 100 HP was assigned the order 'Order: Move to (7, 7)'
BLUE Trooper at tile (13, 10) with 100 HP was assigned the order 'Order: Move to (13, 8)'
RED Ranger at tile (7, 4) with 90 HP was assigned the order 'Order: Ranged attack tile (7, 6)'
BLUE Colonist at tile (16, 11) with 100 HP was assigned the order 'Order: Move to (14, 10)'
BLUE Ranger at tile (15, 12) with 90 HP was assigned the order 'Order: Move to (14, 11)'
= Phase Move begins
RED Colonist at tile (8, 6) with 100 HP successfully executed 'Order: Move to (8, 6)'
RED Trooper at tile (7, 7) with 100 HP successfully executed 'Order: Move to (7, 7)'
BLUE Trooper at tile (13, 8) with 100 HP successfully executed 'Order: Move to (13, 8)'
BLUE Colonist at tile (14, 10) with 100 HP successfully executed 'Order: Move to (14, 10)'
BLUE Ranger at tile (14, 11) with 90 HP successfully executed 'Order: Move to (14, 11)'
= Phase Build begins
BLUE Colonist at tile (13, 9) with 100 HP successfully executed 'Order: Build a Barracks on tile (12, 9)'
= Phase Combat begins
= Phase Ranged begins
RED Ranger at tile (7, 4) with 90 HP successfully executed 'Order: Ranged attack tile (7, 6)'
= Phase Special begins
RED Base at tile (4, 4) with 150 HP successfully executed 'Order: purchase upgrade UpgradeType.RESOURCE_PRODUCTION_1'
RED Colonist at tile (3, 7) with 100 HP successfully executed 'Order: raise terrain on tile (3, 8)'
= Phase Start Turn begins
Team.RED team researched the upgrade UpgradeType.RESOURCE_PRODUCTION_1
= Phase Issue Orders begins
RED Base at tile (4, 4) with 150 HP was assigned the order 'Order: Build a Colonist on tile (4, 5)'
RED Barracks at tile (5, 3) with 100 HP was assigned the order 'Order: Build a Trooper on tile (5, 4)'
RED Colonist at tile (3, 7) with 100 HP was assigned the order 'Order: Move to (3, 9)'
BLUE Ghost at tile (8, 7) with 80 HP was assigned the order 'Order: Move to (7, 6)'
BLUE Colonist at tile (13, 9) with 100 HP was assigned the order 'Order: Move to (13, 6)'
RED Ranger at tile (7, 4) with 90 HP was assigned the order 'Order: Move to (7, 6)'
RED Colonist at tile (8, 6) with 100 HP was assigned the order 'Order: Build a Barracks on tile (8, 7)'
BLUE Trooper at tile (13, 8) with 100 HP was assigned the order 'Order: Move to (11, 8)'
BLUE Colonist at tile (14, 10) with 100 HP was assigned the order 'Order: Build a Generator on tile (15, 10)'
BLUE Ranger at tile (14, 11) with 90 HP was assigned the order 'Order: Move to (13, 10)'
BLUE Barracks at tile (12, 9) with 100 HP was assigned the order 'Order: Build a Ghost on tile (11, 9)'
= Phase Move begins
RED Colonist at tile (3, 9) with 100 HP successfully executed 'Order: Move to (3, 9)'
BLUE Ghost at tile (7, 6) with 80 HP successfully executed 'Order: Move to (7, 6)'
BLUE Colonist at tile (13, 6) with 100 HP successfully executed 'Order: Move to (13, 6)'
RED Ranger at tile (7, 6) with 90 HP successfully executed 'Order: Move to (7, 6)'
BLUE Trooper at tile (11, 8) with 100 HP successfully executed 'Order: Move to (11, 8)'
BLUE Ranger at tile (13, 10) with 90 HP successfully executed 'Order: Move to (13, 10)'
= Phase Build begins
RED Base at tile (4, 4) with 150 HP successfully executed 'Order: Build a Colonist on tile (4, 5)'
RED Barracks at tile (5, 3) with 100 HP successfully executed 'Order: Build a Trooper on tile (5, 4)'
RED Colonist at tile (8, 6) with 100 HP successfully executed 'Order: Build a Barracks on tile (8, 7)'
BLUE Colonist at tile (14, 10) with 100 HP successfully executed 'Order: Build a Generator on tile (15, 10)'
BLUE Barracks at tile (12, 9) with 100 HP successfully executed 'Order: Build a Ghost on tile (11, 9)'
= Phase Combat begins
BLUE Ghost at tile (7, 6) with 80 HP and RED Ranger at tile (7, 6) with 90 HP are contesting the tile at (7, 6)!
BLUE Ghost at tile (7, 6) with 80 HP took 0 damage from RED Ranger at tile (7, 6) with 90 HP!
RED Ranger at tile (7, 6) with 45 HP took 45 damage from BLUE Ghost at tile (7, 6) with 80 HP!
= Phase Ranged begins
= Phase Special begins
= Phase Start Turn begins
= Phase Issue Orders begins
RED Base at tile (4, 4) with 150 HP was assigned the order 'Order: purchase upgrade UpgradeType.RESOURCE_PRODUCTION_2'
BLUE Base at tile (16, 12) with 150 HP was assigned the order 'Order: purchase upgrade UpgradeType.RESOURCE_PRODUCTION_1'
RED Barracks at tile (5, 3) with 100 HP was assigned the order 'Order: Build a Ghost on tile (5, 4)'
BLUE Colonist at tile (16, 13) with 100 HP was assigned the order 'Order: Build a Generator on tile (16, 14)'
RED Colonist at tile (8, 6) with 100 HP was assigned the order 'Order: Move to (7, 7)'
RED Trooper at tile (7, 7) with 100 HP was assigned the order 'Order: Move to (7, 6)'
BLUE Colonist at tile (14, 10) with 100 HP was assigned the order 'Order: Move to (13, 9)'
RED Colonist at tile (3, 9) with 100 HP was assigned the order 'Order: raise terrain on tile (4, 9)'
BLUE Ghost at tile (7, 6) with 80 HP was assigned the order 'Order: Move to (4, 6)'
RED Ranger at tile (7, 6) with 45 HP was assigned the order 'Order: Move to (6, 7)'
BLUE Colonist at tile (13, 6) with 100 HP was assigned the order 'Order: Move to (13, 5)'
BLUE Trooper at tile (11, 8) with 100 HP was assigned the order 'Order: Move to (9, 8)'
BLUE Ranger at tile (13, 10) with 90 HP was assigned the order 'Order: Move to (13, 8)'
RED Colonist at tile (4, 5) with 120 HP was assigned the order 'Order: Build a Tech Lab on tile (4, 6)'
RED Trooper at tile (5, 4) with 100 HP was assigned the order 'Order: Move to (5, 5)'
RED Barracks at tile (8, 7) with 100 HP was assigned the order 'Order: Build a Trooper on tile (8, 8)'
BLUE Ghost at tile (11, 9) with 80 HP was assigned the order 'Order: Move to (8, 9)'
= Phase Move begins
RED Colonist at tile (7, 7) with 100 HP successfully executed 'Order: Move to (7, 7)'
RED Trooper at tile (7, 6) with 100 HP successfully executed 'Order: Move to (7, 6)'
BLUE Colonist at tile (13, 9) with 100 HP successfully executed 'Order: Move to (13, 9)'
BLUE Ghost at tile (4, 6) with 80 HP successfully executed 'Order: Move to (4, 6)'
RED Ranger at tile (6, 7) with 45 HP successfully executed 'Order: Move to (6, 7)'
BLUE Colonist at tile (13, 5) with 100 HP successfully executed 'Order: Move to (13, 5)'
BLUE Trooper at tile (9, 8) with 100 HP successfully executed 'Order: Move to (9, 8)'
BLUE Ranger at tile (13, 8) with 90 HP successfully executed 'Order: Move to (13, 8)'
RED Trooper at tile (5, 5) with 100 HP successfully executed 'Order: Move to (5, 5)'
BLUE Ghost at tile (8, 9) with 80 HP successfully executed 'Order: Move to (8, 9)'
= Phase Build begins
RED Barracks at tile (5, 3) with 100 HP successfully executed 'Order: Build a Ghost on tile (5, 4)'
BLUE Colonist at tile (16, 13) with 100 HP successfully executed 'Order: Build a Generator on tile (16, 14)'
RED Colonist at tile (4, 5) with 120 HP successfully executed 'Order: Build a Tech Lab on tile (4, 6)'
RED Barracks at tile (8, 7) with 100 HP successfully executed 'Order: Build a Trooper on tile (8, 8)'
= Phase Combat begins
BLUE Ghost at tile (4, 6) with 80 HP and RED Tech Lab at tile (4, 6) with 50 HP are contesting the tile at (4, 6)!
BLUE Ghost at tile (4, 6) with 80 HP took 0 damage from RED Tech Lab at tile (4, 6) with 50 HP!
RED Tech Lab at tile (4, 6) with 50 HP took 0 damage from BLUE Ghost at tile (4, 6) with 80 HP!
= Phase Ranged begins
= Phase Special begins
RED Base at tile (4, 4) with 150 HP successfully executed 'Order: purchase upgrade UpgradeType.RESOURCE_PRODUCTION_2'
BLUE Base at tile (16, 12) with 150 HP successfully executed 'Order: purchase upgrade UpgradeType.RESOURCE_PRODUCTION_1'
RED Colonist at tile (3, 9) with 100 HP successfully executed 'Order: raise terrain on tile (4, 9)'
= Phase Start Turn begins
Team.RED team researched the upgrade UpgradeType.RESOURCE_PRODUCTION_2
Team.BLUE team researched the upgrade UpgradeType.RESOURCE_PRODUCTION_1
= Phase Issue Orders begins
BLUE Base at tile (16, 12) with 150 HP was assigned the order 'Order: purchase upgrade UpgradeType.RESOURCE_PRODUCTION_2'
BLUE Barracks at tile (15, 13) with 100 HP was assigned the order 'Order: Build a Ghost on tile (14, 13)'
BLUE Colonist at tile (16, 13) with 100 HP was assigned the order 'Order: Move to (15, 12)'
RED Colonist at tile (7, 7) with 100 HP was assigned the order 'Order: Move to (7, 10)'
BLUE Barracks at tile (12, 9) with 100 HP was assigned the order 'Order: Build a Trooper on tile (11, 9)'
RED Trooper at tile (7, 6) with 100 HP was assigned the order 'Order: Move to (8, 6)'
RED Barracks at tile (8, 7) with 100 HP was assigned the order 'Order: Build a Trooper on tile (8, 8)'
BLUE Colonist at tile (13, 9) with 100 HP was assigned the order 'Order: Move to (12, 8)'
RED Tech Lab at tile (4, 6) with 50 HP was assigned the order 'Order: purchase upgrade UpgradeType.RESEARCH_GUARDIAN'
RED Ranger at tile (6, 7) with 45 HP was assigned the order 'Order: Move to (6, 6)'
BLUE Colonist at tile (13, 5) with 100 HP was assigned the order 'Order: Build a Generator on tile (13, 4)'
BLUE Trooper at tile (9, 8) with 100 HP was assigned the order 'Order: Move to (8, 7)'
BLUE Ranger at tile (13, 8) with 90 HP was assigned the order 'Order: Move to (11, 8)'
RED Trooper at tile (5, 5) with 100 HP was assigned the order 'Order: Move to (7, 5)'
BLUE Ghost at tile (8, 9) with 80 HP was assigned the order 'Order: Move to (7, 7)'
RED Trooper at tile (8, 8) with 100 HP was assigned the order 'Order: Move to (8, 9)'
= Phase Move begins
BLUE Colonist at tile (15, 12) with 100 HP successfully executed 'Order: Move to (15, 12)'
RED Colonist at tile (7, 10) with 100 HP successfully executed 'Order: Move to (7, 10)'
RED Trooper at tile (8, 6) with 100 HP successfully executed 'Order: Move to (8, 6)'
BLUE Colonist at tile (12, 8) with 100 HP successfully executed 'Order: Move to (12, 8)'
RED Ranger at tile (6, 6) with 45 HP successfully executed 'Order: Move to (6, 6)'
BLUE Trooper at tile (8, 7) with 100 HP successfully executed 'Order: Move to (8, 7)'
BLUE Ranger at tile (11, 8) with 90 HP successfully executed 'Order: Move to (11, 8)'
RED Trooper at tile (7, 5) with 100 HP successfully executed 'Order: Move to (7, 5)'
BLUE Ghost at tile (7, 7) with 80 HP successfully executed 'Order: Move to (7, 7)'
RED Trooper at tile (8, 9) with 100 HP successfully executed 'Order: Move to (8, 9)'
= Phase Build begins
BLUE Barracks at tile (15, 13) with 100 HP successfully executed 'Order: Build a Ghost on tile (14, 13)'
BLUE Barracks at tile (12, 9) with 100 HP successfully executed 'Order: Build a Trooper on tile (11, 9)'
RED Barracks at tile (8, 7) with 100 HP failed to execute 'Order: Build a Trooper on tile (8, 8)'
BLUE Colonist at tile (13, 5) with 100 HP successfully executed 'Order: Build a Generator on tile (13, 4)'
= Phase Combat begins
RED Barracks at tile (8, 7) with 100 HP and BLUE Trooper at tile (8, 7) with 100 HP are contesting the tile at (8, 7)!
RED Barracks at tile (8, 7) with 70 HP took 30 damage from BLUE Trooper at tile (8, 7) with 100 HP!
BLUE Trooper at tile (8, 7) with 100 HP took 0 damage from RED Barracks at tile (8, 7) with 70 HP!
BLUE Ghost at tile (4, 6) with 80 HP and RED Tech Lab at tile (4, 6) with 50 HP are contesting the tile at (4, 6)!
BLUE Ghost at tile (4, 6) with 80 HP took 0 damage from RED Tech Lab at tile (4, 6) with 50 HP!
RED Tech Lab at tile (4, 6) with 50 HP took 0 damage from BLUE Ghost at tile (4, 6) with 80 HP!
= Phase Ranged begins
= Phase Special begins
BLUE Base at tile (16, 12) with 150 HP successfully executed 'Order: purchase upgrade UpgradeType.RESOURCE_PRODUCTION_2'
RED Tech Lab at tile (4, 6) with 50 HP failed to execute 'Order: purchase upgrade UpgradeType.RESEARCH_GUARDIAN'
= Phase Start Turn begins
Team.BLUE team researched the upgrade UpgradeType.RESOURCE_PRODUCTION_2
= Phase Issue Orders begins
