2018-05-04 13:13:37,930 INFO RED Colonist at tile (4, 11) with 100 HP was assigned the order 'Order: Move to (7, 11)'
2018-05-04 13:13:37,930 INFO = Move phase begins
2018-05-04 13:13:37,944 INFO None moved to (7, 11)
2018-05-04 13:13:37,997 INFO = Build phase begins
2018-05-04 13:13:38,064 INFO = Combat phase begins
2018-05-04 13:13:38,131 INFO = Ranged phase begins
2018-05-04 13:13:38,196 INFO = Special phase begins
2018-05-04 13:13:38,262 INFO = Start Turn phase begins
2018-05-04 13:13:38,262 INFO == TURN 2 BEGIN ==
2018-05-04 13:13:38,274 INFO Team.BLUE team acquired 1 resources.
2018-05-04 13:13:38,275 INFO Team.BLUE team acquired 1 resources.
2018-05-04 13:13:38,275 INFO Team.BLUE team acquired 1 resources.
2018-05-04 13:13:38,275 INFO Team.RED team acquired 1 resources.
2018-05-04 13:13:38,275 INFO Team.RED team acquired 1 resources.
2018-05-04 13:13:38,275 INFO Team.RED team acquired 1 resources.
2018-05-04 13:13:38,275 INFO Team.BLUE team acquired 2 resources.
2018-05-04 13:13:38,276 INFO Team.RED team acquired 2 resources.
2018-05-04 13:13:38,329 INFO = Issue Orders phase begins
2018-05-04 13:13:41,212 INFO RED Colonist at tile (7, 11) with 100 HP was assigned the order 'Order: Build a Tech Lab on tile (8, 11)'
2018-05-04 13:13:41,212 INFO = Move phase begins
2018-05-04 13:13:41,277 INFO = Build phase begins
2018-05-04 13:13:41,290 INFO Team.RED PieceType.TECHLAB was built on (8, 11). 
2018-05-04 13:13:41,290 INFO Team.RED team spent 2 resources.
2018-05-04 13:13:41,345 INFO = Combat phase begins
2018-05-04 13:13:41,411 INFO = Ranged phase begins
2018-05-04 13:13:41,476 INFO = Special phase begins
2018-05-04 13:13:41,546 INFO = Start Turn phase begins
2018-05-04 13:13:41,546 INFO == TURN 3 BEGIN ==
2018-05-04 13:13:41,560 INFO Team.BLUE team acquired 1 resources.
2018-05-04 13:13:41,561 INFO Team.BLUE team acquired 1 resources.
2018-05-04 13:13:41,561 INFO Team.BLUE team acquired 1 resources.
2018-05-04 13:13:41,561 INFO Team.RED team acquired 1 resources.
2018-05-04 13:13:41,561 INFO Team.RED team acquired 1 resources.
2018-05-04 13:13:41,561 INFO Team.RED team acquired 1 resources.
2018-05-04 13:13:41,561 INFO Team.BLUE team acquired 2 resources.
2018-05-04 13:13:41,561 INFO Team.RED team acquired 2 resources.
2018-05-04 13:13:41,614 INFO = Issue Orders phase begins
2018-05-04 13:13:55,641 INFO RED Tech Lab at tile (8, 11) with 50 HP was assigned the order 'Order: purchase upgrade UpgradeType.TROOPER_COST'
2018-05-04 13:13:55,641 INFO = Move phase begins
2018-05-04 13:13:55,704 INFO = Build phase begins
2018-05-04 13:13:55,767 INFO = Combat phase begins
2018-05-04 13:13:55,831 INFO = Ranged phase begins
2018-05-04 13:13:55,894 INFO = Special phase begins
2018-05-04 13:13:55,907 INFO Team.RED team researched the upgrade UpgradeType.TROOPER_COST
2018-05-04 13:13:55,907 INFO Team.RED team spent 4 resources.
2018-05-04 13:13:55,957 INFO = Start Turn phase begins
2018-05-04 13:13:55,958 INFO == TURN 4 BEGIN ==
2018-05-04 13:13:55,971 INFO Team.BLUE team acquired 1 resources.
2018-05-04 13:13:55,971 INFO Team.BLUE team acquired 1 resources.
2018-05-04 13:13:55,971 INFO Team.BLUE team acquired 1 resources.
2018-05-04 13:13:55,971 INFO Team.RED team acquired 1 resources.
2018-05-04 13:13:55,971 INFO Team.RED team acquired 1 resources.
2018-05-04 13:13:55,971 INFO Team.RED team acquired 1 resources.
2018-05-04 13:13:55,972 INFO Team.BLUE team acquired 2 resources.
2018-05-04 13:13:55,972 INFO Team.RED team acquired 2 resources.
2018-05-04 13:13:56,022 INFO = Issue Orders phase begins
2018-05-04 13:14:24,433 INFO BLUE Colonist at tile (15, 3) with 100 HP was assigned the order 'Order: Move to (14, 2)'
2018-05-04 13:14:24,433 INFO = Move phase begins
2018-05-04 13:14:24,448 INFO None moved to (14, 2)
2018-05-04 13:14:24,511 INFO = Build phase begins
2018-05-04 13:14:24,587 INFO = Combat phase begins
2018-05-04 13:14:24,659 INFO = Ranged phase begins
2018-05-04 13:14:24,725 INFO = Special phase begins
2018-05-04 13:14:24,789 INFO = Start Turn phase begins
2018-05-04 13:14:24,790 INFO == TURN 5 BEGIN ==
2018-05-04 13:14:24,804 INFO Team.BLUE team acquired 1 resources.
2018-05-04 13:14:24,804 INFO Team.BLUE team acquired 1 resources.
2018-05-04 13:14:24,804 INFO Team.BLUE team acquired 1 resources.
2018-05-04 13:14:24,804 INFO Team.RED team acquired 1 resources.
2018-05-04 13:14:24,804 INFO Team.RED team acquired 1 resources.
2018-05-04 13:14:24,804 INFO Team.RED team acquired 1 resources.
2018-05-04 13:14:24,804 INFO Team.BLUE team acquired 2 resources.
2018-05-04 13:14:24,804 INFO Team.RED team acquired 2 resources.
2018-05-04 13:14:24,857 INFO = Issue Orders phase begins
2018-05-04 13:14:29,176 INFO BLUE Colonist at tile (14, 2) with 100 HP was assigned the order 'Order: Build a Tech Lab on tile (14, 1)'
2018-05-04 13:14:29,177 INFO = Move phase begins
2018-05-04 13:14:29,243 INFO = Build phase begins
2018-05-04 13:14:29,256 INFO Team.BLUE PieceType.TECHLAB was built on (14, 1). 
2018-05-04 13:14:29,257 INFO Team.BLUE team spent 2 resources.
2018-05-04 13:14:29,310 INFO = Combat phase begins
2018-05-04 13:14:29,378 INFO = Ranged phase begins
2018-05-04 13:14:29,446 INFO = Special phase begins
2018-05-04 13:14:29,514 INFO = Start Turn phase begins
2018-05-04 13:14:29,515 INFO == TURN 6 BEGIN ==
2018-05-04 13:14:29,528 INFO Team.BLUE team acquired 1 resources.
2018-05-04 13:14:29,529 INFO Team.BLUE team acquired 1 resources.
2018-05-04 13:14:29,529 INFO Team.BLUE team acquired 1 resources.
2018-05-04 13:14:29,529 INFO Team.RED team acquired 1 resources.
2018-05-04 13:14:29,529 INFO Team.RED team acquired 1 resources.
2018-05-04 13:14:29,529 INFO Team.RED team acquired 1 resources.
2018-05-04 13:14:29,529 INFO Team.BLUE team acquired 2 resources.
2018-05-04 13:14:29,529 INFO Team.RED team acquired 2 resources.
2018-05-04 13:14:29,584 INFO = Issue Orders phase begins
2018-05-04 13:15:45,754 INFO BLUE Barracks at tile (10, 10) with 100 HP was assigned the order 'Order: Build a Trooper on tile (10, 9)'
2018-05-04 13:15:45,755 INFO BLUE Colonist at tile (11, 12) with 100 HP was assigned the order 'Order: Build a Generator on tile (10, 12)'
2018-05-04 13:15:45,755 INFO = Move phase begins
2018-05-04 13:15:45,816 INFO = Build phase begins
2018-05-04 13:15:45,829 INFO Team.BLUE PieceType.GENERATOR was built on (10, 12). 
2018-05-04 13:15:45,829 INFO Team.BLUE team spent 1 resources.
2018-05-04 13:15:45,829 INFO Team.BLUE PieceType.TROOPER was built on (10, 9). 
2018-05-04 13:15:45,830 INFO Team.BLUE team spent 3 resources.
2018-05-04 13:15:45,880 INFO = Combat phase begins
2018-05-04 13:15:45,940 INFO = Ranged phase begins
2018-05-04 13:15:46,000 INFO = Special phase begins
2018-05-04 13:15:46,066 INFO = Start Turn phase begins
2018-05-04 13:15:46,067 INFO == TURN 2 BEGIN ==
2018-05-04 13:15:46,078 INFO Team.BLUE team acquired 1 resources.
2018-05-04 13:15:46,079 INFO Team.RED team acquired 1 resources.
2018-05-04 13:15:46,079 INFO Team.BLUE team acquired 1 resources.
2018-05-04 13:15:46,079 INFO Team.BLUE team acquired 2 resources.
2018-05-04 13:15:46,079 INFO Team.RED team acquired 2 resources.
2018-05-04 13:15:46,126 INFO = Issue Orders phase begins
2018-05-04 13:15:47,370 INFO BLUE Barracks at tile (10, 10) with 100 HP was assigned the order 'Order: Build a Ranger on tile (10, 9)'
2018-05-04 13:15:47,370 INFO BLUE Colonist at tile (11, 12) with 100 HP was assigned the order 'Order: Build a Generator on tile (12, 12)'
2018-05-04 13:15:47,370 INFO BLUE Trooper at tile (10, 9) with 100 HP was assigned the order 'Order: Move to (9, 8)'
2018-05-04 13:15:47,370 INFO = Move phase begins
2018-05-04 13:15:47,382 INFO None moved to (9, 8)
2018-05-04 13:15:47,428 INFO = Build phase begins
2018-05-04 13:15:47,440 INFO Team.BLUE PieceType.GENERATOR was built on (12, 12). 
2018-05-04 13:15:47,440 INFO Team.BLUE team spent 1 resources.
2018-05-04 13:15:47,441 INFO Team.BLUE PieceType.RANGER was built on (10, 9). 
2018-05-04 13:15:47,441 INFO Team.BLUE team spent 3 resources.
2018-05-04 13:15:47,486 INFO = Combat phase begins
2018-05-04 13:15:47,545 INFO = Ranged phase begins
2018-05-04 13:15:47,604 INFO = Special phase begins
2018-05-04 13:15:47,662 INFO = Start Turn phase begins
2018-05-04 13:15:47,662 INFO == TURN 3 BEGIN ==
2018-05-04 13:15:47,675 INFO Team.BLUE team acquired 1 resources.
2018-05-04 13:15:47,675 INFO Team.BLUE team acquired 1 resources.
2018-05-04 13:15:47,675 INFO Team.RED team acquired 1 resources.
2018-05-04 13:15:47,675 INFO Team.BLUE team acquired 1 resources.
2018-05-04 13:15:47,675 INFO Team.BLUE team acquired 2 resources.
2018-05-04 13:15:47,676 INFO Team.RED team acquired 2 resources.
2018-05-04 13:15:47,725 INFO = Issue Orders phase begins
2018-05-04 13:15:48,438 INFO BLUE Barracks at tile (10, 10) with 100 HP was assigned the order 'Order: Build a Ghost on tile (10, 9)'
2018-05-04 13:15:48,438 INFO BLUE Colonist at tile (11, 12) with 100 HP was assigned the order 'Order: Move to (10, 11)'
2018-05-04 13:15:48,438 INFO BLUE Trooper at tile (9, 8) with 100 HP was assigned the order 'Order: Move to (7, 8)'
2018-05-04 13:15:48,438 INFO BLUE Ranger at tile (10, 9) with 90 HP was assigned the order 'Order: Move to (9, 8)'
2018-05-04 13:15:48,438 INFO = Move phase begins
2018-05-04 13:15:48,450 INFO None moved to (9, 8)
2018-05-04 13:15:48,451 INFO BLUE Ranger at tile (9, 8) with 90 HP moved to (7, 8)
2018-05-04 13:15:48,451 INFO None moved to (10, 11)
2018-05-04 13:15:48,497 INFO = Build phase begins
2018-05-04 13:15:48,510 INFO Team.BLUE PieceType.GHOST was built on (10, 9). 
2018-05-04 13:15:48,510 INFO Team.BLUE team spent 3 resources.
2018-05-04 13:15:48,557 INFO = Combat phase begins
2018-05-04 13:15:48,615 INFO = Ranged phase begins
2018-05-04 13:15:48,676 INFO = Special phase begins
2018-05-04 13:15:48,736 INFO = Start Turn phase begins
2018-05-04 13:15:48,737 INFO == TURN 4 BEGIN ==
2018-05-04 13:15:48,748 INFO Team.BLUE team acquired 1 resources.
2018-05-04 13:15:48,749 INFO Team.BLUE team acquired 1 resources.
2018-05-04 13:15:48,749 INFO Team.RED team acquired 1 resources.
2018-05-04 13:15:48,749 INFO Team.BLUE team acquired 1 resources.
2018-05-04 13:15:48,749 INFO Team.BLUE team acquired 2 resources.
2018-05-04 13:15:48,749 INFO Team.RED team acquired 2 resources.
2018-05-04 13:15:48,797 INFO = Issue Orders phase begins
2018-05-04 13:15:49,493 INFO BLUE Barracks at tile (10, 10) with 100 HP was assigned the order 'Order: Build a Trooper on tile (10, 9)'
2018-05-04 13:15:49,493 INFO BLUE Ranger at tile (9, 8) with 90 HP was assigned the order 'Order: Move to (7, 8)'
2018-05-04 13:15:49,493 INFO BLUE Trooper at tile (7, 8) with 100 HP was assigned the order 'Order: Move to (5, 8)'
2018-05-04 13:15:49,493 INFO BLUE Colonist at tile (10, 11) with 100 HP was assigned the order 'Order: Move to (10, 8)'
2018-05-04 13:15:49,493 INFO BLUE Ghost at tile (10, 9) with 80 HP was assigned the order 'Order: Move to (8, 8)'
2018-05-04 13:15:49,493 INFO = Move phase begins
2018-05-04 13:15:49,506 INFO None moved to (8, 8)
2018-05-04 13:15:49,506 INFO None moved to (7, 8)
2018-05-04 13:15:49,506 INFO BLUE Ranger at tile (7, 8) with 90 HP moved to (5, 8)
2018-05-04 13:15:49,506 INFO None moved to (10, 8)
2018-05-04 13:15:49,555 INFO = Build phase begins
2018-05-04 13:15:49,567 INFO Team.BLUE PieceType.TROOPER was built on (10, 9). 
2018-05-04 13:15:49,567 INFO Team.BLUE team spent 3 resources.
2018-05-04 13:15:49,616 INFO = Combat phase begins
2018-05-04 13:15:49,675 INFO = Ranged phase begins
2018-05-04 13:15:49,737 INFO = Special phase begins
2018-05-04 13:15:49,797 INFO = Start Turn phase begins
2018-05-04 13:15:49,798 INFO == TURN 5 BEGIN ==
2018-05-04 13:15:49,810 INFO Team.BLUE team acquired 1 resources.
2018-05-04 13:15:49,810 INFO Team.BLUE team acquired 1 resources.
2018-05-04 13:15:49,810 INFO Team.RED team acquired 1 resources.
2018-05-04 13:15:49,811 INFO Team.BLUE team acquired 1 resources.
2018-05-04 13:15:49,811 INFO Team.BLUE team acquired 2 resources.
2018-05-04 13:15:49,811 INFO Team.RED team acquired 2 resources.
2018-05-04 13:15:49,859 INFO = Issue Orders phase begins
2018-05-04 13:15:50,489 INFO BLUE Barracks at tile (10, 10) with 100 HP was assigned the order 'Order: Build a Ranger on tile (10, 9)'
2018-05-04 13:15:50,489 INFO BLUE Ranger at tile (7, 8) with 90 HP was assigned the order 'Order: Move to (5, 8)'
2018-05-04 13:15:50,489 INFO BLUE Ghost at tile (8, 8) with 80 HP was assigned the order 'Order: Move to (6, 8)'
2018-05-04 13:15:50,489 INFO BLUE Trooper at tile (5, 8) with 100 HP was assigned the order 'Order: Move to (4, 9)'
2018-05-04 13:15:50,489 INFO BLUE Colonist at tile (10, 8) with 100 HP was assigned the order 'Order: Build a Barracks on tile (11, 8)'
2018-05-04 13:15:50,489 INFO BLUE Trooper at tile (10, 9) with 100 HP was assigned the order 'Order: Move to (9, 8)'
2018-05-04 13:15:50,489 INFO = Move phase begins
2018-05-04 13:15:50,502 INFO None moved to (9, 8)
2018-05-04 13:15:50,502 INFO None moved to (6, 8)
2018-05-04 13:15:50,502 INFO None moved to (5, 8)
2018-05-04 13:15:50,502 INFO BLUE Ranger at tile (5, 8) with 90 HP moved to (4, 9)
2018-05-04 13:15:50,552 INFO = Build phase begins
2018-05-04 13:15:50,565 INFO Team.BLUE PieceType.BARRACKS was built on (11, 8). 
2018-05-04 13:15:50,565 INFO Team.BLUE team spent 5 resources.
2018-05-04 13:15:50,566 INFO Team.BLUE PieceType.RANGER was built on (10, 9). 
2018-05-04 13:15:50,566 INFO Team.BLUE team spent 3 resources.
2018-05-04 13:15:50,613 INFO = Combat phase begins
2018-05-04 13:15:50,673 INFO = Ranged phase begins
2018-05-04 13:15:50,733 INFO = Special phase begins
2018-05-04 13:15:50,794 INFO = Start Turn phase begins
2018-05-04 13:15:50,794 INFO == TURN 6 BEGIN ==
2018-05-04 13:15:50,807 INFO Team.BLUE team acquired 1 resources.
2018-05-04 13:15:50,807 INFO Team.BLUE team acquired 1 resources.
2018-05-04 13:15:50,807 INFO Team.RED team acquired 1 resources.
2018-05-04 13:15:50,808 INFO Team.BLUE team acquired 1 resources.
2018-05-04 13:15:50,808 INFO Team.BLUE team acquired 2 resources.
2018-05-04 13:15:50,808 INFO Team.RED team acquired 2 resources.
2018-05-04 13:15:50,858 INFO = Issue Orders phase begins
2018-05-04 13:15:51,860 INFO BLUE Barracks at tile (10, 10) with 100 HP was assigned the order 'Order: Build a Ghost on tile (10, 9)'
2018-05-04 13:15:51,860 INFO BLUE Ranger at tile (5, 8) with 90 HP was assigned the order 'Order: Move to (4, 8)'
2018-05-04 13:15:51,860 INFO BLUE Colonist at tile (10, 8) with 100 HP was assigned the order 'Order: Move to (8, 8)'
2018-05-04 13:15:51,860 INFO BLUE Trooper at tile (9, 8) with 100 HP was assigned the order 'Order: Move to (7, 8)'
2018-05-04 13:15:51,860 INFO BLUE Ghost at tile (6, 8) with 80 HP was assigned the order 'Order: Move to (3, 8)'
2018-05-04 13:15:51,860 INFO BLUE Trooper at tile (4, 9) with 100 HP was assigned the order 'Order: Move to (4, 10)'
2018-05-04 13:15:51,860 INFO BLUE Barracks at tile (11, 8) with 100 HP was assigned the order 'Order: Build a Ghost on tile (10, 8)'
2018-05-04 13:15:51,861 INFO BLUE Ranger at tile (10, 9) with 90 HP was assigned the order 'Order: Move to (9, 8)'
2018-05-04 13:15:51,861 INFO = Move phase begins
2018-05-04 13:15:51,873 INFO None moved to (9, 8)
2018-05-04 13:15:51,874 INFO BLUE Ranger at tile (9, 8) with 90 HP moved to (7, 8)
2018-05-04 13:15:51,874 INFO None moved to (3, 8)
2018-05-04 13:15:51,874 INFO None moved to (4, 8)
2018-05-04 13:15:51,874 INFO None moved to (4, 10)
2018-05-04 13:15:51,874 INFO None moved to (8, 8)
2018-05-04 13:15:51,924 INFO = Build phase begins
2018-05-04 13:15:51,937 INFO Team.BLUE PieceType.GHOST was built on (10, 8). 
2018-05-04 13:15:51,937 INFO Team.BLUE team spent 3 resources.
2018-05-04 13:15:51,938 INFO Team.BLUE PieceType.GHOST was built on (10, 9). 
2018-05-04 13:15:51,938 INFO Team.BLUE team spent 3 resources.
2018-05-04 13:15:51,988 INFO = Combat phase begins
2018-05-04 13:15:52,001 INFO RED Barracks at tile (4, 10) with 50 HP, BLUE Trooper at tile (4, 10) with 100 HP are contesting the tile at (4, 10)!
2018-05-04 13:15:52,001 INFO RED Barracks at tile (4, 10) with 50 HP took 25 damage from BLUE Trooper at tile (4, 10) with 100 HP!
2018-05-04 13:15:52,001 INFO BLUE Trooper at tile (4, 10) with 100 HP took 0 damage from RED Barracks at tile (4, 10) with 50 HP!
2018-05-04 13:15:52,001 INFO BLUE Trooper at tile (4, 10) with 100 HP took 0 damage from RED Barracks at tile (4, 10) with 50 HP!
2018-05-04 13:15:52,002 INFO RED Barracks at tile (4, 10) with 50 HP took 25 damage from BLUE Trooper at tile (4, 10) with 100 HP!
2018-05-04 13:15:52,054 INFO = Ranged phase begins
2018-05-04 13:15:52,114 INFO = Special phase begins
2018-05-04 13:15:52,175 INFO = Start Turn phase begins
2018-05-04 13:15:52,176 INFO == TURN 7 BEGIN ==
2018-05-04 13:15:52,189 INFO Team.BLUE team acquired 1 resources.
2018-05-04 13:15:52,190 INFO Team.BLUE team acquired 1 resources.
2018-05-04 13:15:52,190 INFO Team.RED team acquired 1 resources.
2018-05-04 13:15:52,190 INFO Team.BLUE team acquired 1 resources.
2018-05-04 13:15:52,190 INFO Team.BLUE team acquired 2 resources.
2018-05-04 13:15:52,190 INFO Team.RED team acquired 2 resources.
2018-05-04 13:15:52,238 INFO = Issue Orders phase begins
2018-05-04 13:15:53,199 INFO BLUE Trooper at tile (4, 10) with 100 HP was assigned the order 'Order: Move to (4, 10)'
2018-05-04 13:15:53,199 INFO BLUE Barracks at tile (10, 10) with 100 HP was assigned the order 'Order: Build a Trooper on tile (10, 9)'
2018-05-04 13:15:53,199 INFO BLUE Ranger at tile (9, 8) with 90 HP was assigned the order 'Order: Move to (7, 8)'
2018-05-04 13:15:53,199 INFO BLUE Barracks at tile (11, 8) with 100 HP was assigned the order 'Order: Build a Trooper on tile (10, 8)'
2018-05-04 13:15:53,199 INFO BLUE Trooper at tile (7, 8) with 100 HP was assigned the order 'Order: Move to (5, 8)'
2018-05-04 13:15:53,199 INFO BLUE Ghost at tile (3, 8) with 80 HP was assigned the order 'Order: Move to (3, 11)'
2018-05-04 13:15:53,199 INFO BLUE Ranger at tile (4, 8) with 90 HP was assigned the order 'Order: Ranged attack tile (4, 10)'
2018-05-04 13:15:53,199 INFO BLUE Colonist at tile (8, 8) with 100 HP was assigned the order 'Order: Move to (6, 8)'
2018-05-04 13:15:53,199 INFO BLUE Ghost at tile (10, 8) with 80 HP was assigned the order 'Order: Move to (9, 8)'
2018-05-04 13:15:53,200 INFO BLUE Ghost at tile (10, 9) with 80 HP was assigned the order 'Order: Move to (8, 8)'
2018-05-04 13:15:53,200 INFO = Move phase begins
2018-05-04 13:15:53,211 INFO None moved to (8, 8)
2018-05-04 13:15:53,212 INFO None moved to (9, 8)
2018-05-04 13:15:53,212 INFO BLUE Ghost at tile (9, 8) with 80 HP moved to (7, 8)
2018-05-04 13:15:53,212 INFO BLUE Ranger at tile (7, 8) with 90 HP moved to (5, 8)
2018-05-04 13:15:53,212 INFO None moved to (3, 11)
2018-05-04 13:15:53,212 INFO BLUE Trooper at tile (4, 10) with 100 HP moved to (4, 10)
2018-05-04 13:15:53,212 INFO BLUE Ghost at tile (8, 8) with 80 HP moved to (6, 8)
2018-05-04 13:15:53,259 INFO = Build phase begins
2018-05-04 13:15:53,271 INFO Team.BLUE PieceType.TROOPER was built on (10, 8). 
2018-05-04 13:15:53,271 INFO Team.BLUE team spent 3 resources.
2018-05-04 13:15:53,271 INFO Team.BLUE PieceType.TROOPER was built on (10, 9). 
2018-05-04 13:15:53,271 INFO Team.BLUE team spent 3 resources.
2018-05-04 13:15:53,320 INFO = Combat phase begins
2018-05-04 13:15:53,333 INFO RED Base at tile (3, 11) with 150 HP, BLUE Ghost at tile (3, 11) with 80 HP are contesting the tile at (3, 11)!
2018-05-04 13:15:53,333 INFO RED Base at tile (3, 11) with 150 HP took 0 damage from BLUE Ghost at tile (3, 11) with 80 HP!
2018-05-04 13:15:53,333 INFO BLUE Ghost at tile (3, 11) with 80 HP took 0 damage from RED Base at tile (3, 11) with 150 HP!
2018-05-04 13:15:53,333 INFO BLUE Ghost at tile (3, 11) with 80 HP took 0 damage from RED Base at tile (3, 11) with 150 HP!
2018-05-04 13:15:53,334 INFO RED Base at tile (3, 11) with 150 HP took 0 damage from BLUE Ghost at tile (3, 11) with 80 HP!
2018-05-04 13:15:53,334 INFO RED Barracks at tile (4, 10) with 0 HP, BLUE Trooper at tile (4, 10) with 100 HP are contesting the tile at (4, 10)!
2018-05-04 13:15:53,334 INFO RED Barracks at tile (4, 10) with 0 HP took 25 damage from BLUE Trooper at tile (4, 10) with 100 HP!
2018-05-04 13:15:53,334 INFO BLUE Trooper at tile (4, 10) with 100 HP took 0 damage from RED Barracks at tile (4, 10) with 0 HP!
2018-05-04 13:15:53,334 INFO BLUE Trooper at tile (4, 10) with 100 HP took 0 damage from RED Barracks at tile (4, 10) with 0 HP!
2018-05-04 13:15:53,334 INFO RED Barracks at tile (4, 10) with 0 HP took 25 damage from BLUE Trooper at tile (4, 10) with 100 HP!
2018-05-04 13:15:53,383 INFO = Ranged phase begins
2018-05-04 13:15:53,397 INFO BLUE Ranger at tile (4, 8) with 90 HP conducted a ranged attack on (4, 10)
2018-05-04 13:15:53,409 INFO RED Barracks at tile (4, 10) with -48 HP took 48 damage from BLUE Ranger at tile (4, 8) with 90 HP!
2018-05-04 13:15:53,447 INFO = Special phase begins
2018-05-04 13:15:53,512 INFO = Start Turn phase begins
2018-05-04 13:15:53,513 INFO == TURN 8 BEGIN ==
2018-05-04 13:15:53,525 INFO Team.BLUE team acquired 1 resources.
2018-05-04 13:15:53,525 INFO Team.BLUE team acquired 1 resources.
2018-05-04 13:15:53,525 INFO Team.RED team acquired 1 resources.
2018-05-04 13:15:53,526 INFO Team.BLUE team acquired 1 resources.
2018-05-04 13:15:53,526 INFO Team.BLUE team acquired 2 resources.
2018-05-04 13:15:53,526 INFO Team.RED team acquired 2 resources.
2018-05-04 13:15:53,575 INFO = Issue Orders phase begins
2018-05-04 13:15:54,565 INFO BLUE Ghost at tile (3, 11) with 80 HP was assigned the order 'Order: Move to (3, 12)'
2018-05-04 13:15:54,566 INFO BLUE Trooper at tile (4, 10) with 100 HP was assigned the order 'Order: Move to (3, 11)'
2018-05-04 13:15:54,566 INFO BLUE Barracks at tile (10, 10) with 100 HP was assigned the order 'Order: Build a Ranger on tile (10, 9)'
2018-05-04 13:15:54,566 INFO BLUE Ghost at tile (9, 8) with 80 HP was assigned the order 'Order: Move to (11, 7)'
2018-05-04 13:15:54,566 INFO BLUE Ranger at tile (7, 8) with 90 HP was assigned the order 'Order: Move to (5, 8)'
2018-05-04 13:15:54,566 INFO BLUE Ranger at tile (4, 8) with 90 HP was assigned the order 'Order: Move to (3, 9)'
2018-05-04 13:15:54,566 INFO BLUE Ghost at tile (8, 8) with 80 HP was assigned the order 'Order: Move to (10, 8)'
2018-05-04 13:15:54,566 INFO BLUE Trooper at tile (5, 8) with 100 HP was assigned the order 'Order: Move to (4, 9)'
2018-05-04 13:15:54,566 INFO BLUE Colonist at tile (6, 8) with 100 HP was assigned the order 'Order: Build a Tech Lab on tile (6, 7)'
2018-05-04 13:15:54,567 INFO BLUE Trooper at tile (10, 8) with 100 HP was assigned the order 'Order: Move to (8, 8)'
2018-05-04 13:15:54,567 INFO BLUE Trooper at tile (10, 9) with 100 HP was assigned the order 'Order: Move to (9, 8)'
2018-05-04 13:15:54,567 INFO = Move phase begins
2018-05-04 13:15:54,581 INFO None moved to (9, 8)
2018-05-04 13:15:54,581 INFO None moved to (8, 8)
2018-05-04 13:15:54,581 INFO BLUE Trooper at tile (8, 8) with 100 HP moved to (10, 8)
2018-05-04 13:15:54,582 INFO BLUE Trooper at tile (9, 8) with 100 HP moved to (11, 7)
2018-05-04 13:15:54,582 INFO None moved to (5, 8)
2018-05-04 13:15:54,582 INFO BLUE Ranger at tile (5, 8) with 90 HP moved to (4, 9)
2018-05-04 13:15:54,582 INFO None moved to (3, 12)
2018-05-04 13:15:54,582 INFO None moved to (3, 9)
2018-05-04 13:15:54,582 INFO None moved to (3, 11)
2018-05-04 13:15:54,643 INFO = Build phase begins
2018-05-04 13:15:54,656 INFO Team.BLUE PieceType.TECHLAB was built on (6, 7). 
2018-05-04 13:15:54,656 INFO Team.BLUE team spent 2 resources.
2018-05-04 13:15:54,656 INFO Team.BLUE PieceType.RANGER was built on (10, 9). 
2018-05-04 13:15:54,656 INFO Team.BLUE team spent 3 resources.
2018-05-04 13:15:54,705 INFO = Combat phase begins
2018-05-04 13:15:54,717 INFO RED Base at tile (3, 11) with 106 HP, BLUE Trooper at tile (3, 11) with 100 HP are contesting the tile at (3, 11)!
2018-05-04 13:15:54,717 INFO RED Base at tile (3, 11) with 106 HP took 22 damage from BLUE Trooper at tile (3, 11) with 100 HP!
2018-05-04 13:15:54,718 INFO BLUE Trooper at tile (3, 11) with 100 HP took 0 damage from RED Base at tile (3, 11) with 106 HP!
2018-05-04 13:15:54,718 INFO BLUE Trooper at tile (3, 11) with 100 HP took 0 damage from RED Base at tile (3, 11) with 106 HP!
2018-05-04 13:15:54,718 INFO RED Base at tile (3, 11) with 106 HP took 22 damage from BLUE Trooper at tile (3, 11) with 100 HP!
2018-05-04 13:15:54,718 INFO RED Colonist at tile (3, 12) with -4 HP, BLUE Ghost at tile (3, 12) with 80 HP are contesting the tile at (3, 12)!
2018-05-04 13:15:54,718 INFO RED Colonist at tile (3, 12) with -4 HP took 52 damage from BLUE Ghost at tile (3, 12) with 80 HP!
2018-05-04 13:15:54,719 INFO BLUE Ghost at tile (3, 12) with 80 HP took 0 damage from RED Colonist at tile (3, 12) with -4 HP!
2018-05-04 13:15:54,719 INFO BLUE Ghost at tile (3, 12) with 80 HP took 0 damage from RED Colonist at tile (3, 12) with -4 HP!
2018-05-04 13:15:54,719 INFO RED Colonist at tile (3, 12) with -4 HP took 52 damage from BLUE Ghost at tile (3, 12) with 80 HP!
2018-05-04 13:15:54,768 INFO = Ranged phase begins
2018-05-04 13:15:54,830 INFO = Special phase begins
2018-05-04 13:15:54,891 INFO = Start Turn phase begins
2018-05-04 13:15:54,891 INFO == TURN 9 BEGIN ==
2018-05-04 13:15:54,904 INFO Team.BLUE team acquired 1 resources.
2018-05-04 13:15:54,905 INFO Team.BLUE team acquired 1 resources.
2018-05-04 13:15:54,905 INFO Team.RED team acquired 1 resources.
2018-05-04 13:15:54,905 INFO Team.BLUE team acquired 1 resources.
2018-05-04 13:15:54,905 INFO Team.BLUE team acquired 2 resources.
2018-05-04 13:15:54,905 INFO Team.RED team acquired 2 resources.
2018-05-04 13:15:54,954 INFO = Issue Orders phase begins
2018-05-04 13:15:59,130 INFO BLUE Trooper at tile (3, 11) with 100 HP was assigned the order 'Order: Move to (3, 11)'
2018-05-04 13:15:59,130 INFO BLUE Barracks at tile (10, 10) with 100 HP was assigned the order 'Order: Build a Ranger on tile (10, 9)'
2018-05-04 13:15:59,130 INFO BLUE Trooper at tile (9, 8) with 100 HP was assigned the order 'Order: Move to (7, 8)'
2018-05-04 13:15:59,131 INFO BLUE Trooper at tile (8, 8) with 100 HP was assigned the order 'Order: Move to (6, 8)'
2018-05-04 13:15:59,131 INFO BLUE Ranger at tile (5, 8) with 90 HP was assigned the order 'Order: Move to (4, 9)'
2018-05-04 13:15:59,131 INFO BLUE Colonist at tile (6, 8) with 100 HP was assigned the order 'Order: Move to (4, 8)'
2018-05-04 13:15:59,131 INFO BLUE Trooper at tile (4, 9) with 100 HP was assigned the order 'Order: Move to (4, 11)'
2018-05-04 13:15:59,131 INFO BLUE Ranger at tile (3, 9) with 90 HP was assigned the order 'Order: Ranged attack tile (3, 11)'
2018-05-04 13:15:59,131 INFO BLUE Ranger at tile (10, 9) with 90 HP was assigned the order 'Order: Move to (9, 8)'
2018-05-04 13:15:59,132 INFO = Move phase begins
2018-05-04 13:15:59,144 INFO None moved to (9, 8)
2018-05-04 13:15:59,144 INFO BLUE Ranger at tile (9, 8) with 90 HP moved to (7, 8)
2018-05-04 13:15:59,144 INFO None moved to (6, 8)
2018-05-04 13:15:59,144 INFO None moved to (4, 9)
2018-05-04 13:15:59,144 INFO BLUE Ranger at tile (4, 9) with 90 HP moved to (4, 11)
2018-05-04 13:15:59,145 INFO BLUE Trooper at tile (3, 11) with 100 HP moved to (3, 11)
2018-05-04 13:15:59,145 INFO BLUE Trooper at tile (6, 8) with 100 HP moved to (4, 8)
2018-05-04 13:15:59,194 INFO = Build phase begins
2018-05-04 13:15:59,208 INFO Team.BLUE PieceType.RANGER was built on (10, 9). 
2018-05-04 13:15:59,208 INFO Team.BLUE team spent 3 resources.
2018-05-04 13:15:59,268 INFO = Combat phase begins
2018-05-04 13:15:59,282 INFO RED Base at tile (3, 11) with 62 HP, BLUE Trooper at tile (3, 11) with 100 HP are contesting the tile at (3, 11)!
2018-05-04 13:15:59,283 INFO RED Base at tile (3, 11) with 62 HP took 22 damage from BLUE Trooper at tile (3, 11) with 100 HP!
2018-05-04 13:15:59,283 INFO BLUE Trooper at tile (3, 11) with 100 HP took 0 damage from RED Base at tile (3, 11) with 62 HP!
2018-05-04 13:15:59,283 INFO BLUE Trooper at tile (3, 11) with 100 HP took 0 damage from RED Base at tile (3, 11) with 62 HP!
2018-05-04 13:15:59,283 INFO RED Base at tile (3, 11) with 62 HP took 22 damage from BLUE Trooper at tile (3, 11) with 100 HP!
2018-05-04 13:15:59,338 INFO = Ranged phase begins
2018-05-04 13:15:59,350 INFO BLUE Ranger at tile (3, 9) with 90 HP conducted a ranged attack on (3, 11)
2018-05-04 13:15:59,363 INFO RED Base at tile (3, 11) with 19 HP took 43 damage from BLUE Ranger at tile (3, 9) with 90 HP!
2018-05-04 13:15:59,401 INFO = Special phase begins
2018-05-04 13:15:59,464 INFO = Start Turn phase begins
2018-05-04 13:15:59,465 INFO == TURN 10 BEGIN ==
2018-05-04 13:15:59,478 INFO Team.BLUE team acquired 1 resources.
2018-05-04 13:15:59,478 INFO Team.BLUE team acquired 1 resources.
2018-05-04 13:15:59,478 INFO Team.RED team acquired 1 resources.
2018-05-04 13:15:59,478 INFO Team.BLUE team acquired 1 resources.
2018-05-04 13:15:59,478 INFO Team.BLUE team acquired 2 resources.
2018-05-04 13:15:59,478 INFO Team.RED team acquired 2 resources.
2018-05-04 13:15:59,529 INFO = Issue Orders phase begins
2018-05-04 13:16:00,755 INFO BLUE Trooper at tile (3, 11) with 100 HP was assigned the order 'Order: Move to (3, 11)'
2018-05-04 13:16:00,755 INFO BLUE Barracks at tile (10, 10) with 100 HP was assigned the order 'Order: Build a Ghost on tile (10, 9)'
2018-05-04 13:16:00,755 INFO BLUE Ghost at tile (3, 12) with 80 HP was assigned the order 'Order: Move to (1, 12)'
2018-05-04 13:16:00,755 INFO BLUE Ranger at tile (9, 8) with 90 HP was assigned the order 'Order: Move to (7, 8)'
2018-05-04 13:16:00,755 INFO BLUE Barracks at tile (11, 8) with 100 HP was assigned the order 'Order: Build a Ghost on tile (10, 8)'
2018-05-04 13:16:00,755 INFO BLUE Trooper at tile (6, 8) with 100 HP was assigned the order 'Order: Move to (4, 8)'
2018-05-04 13:16:00,755 INFO BLUE Ghost at tile (10, 8) with 80 HP was assigned the order 'Order: Move to (11, 10)'
2018-05-04 13:16:00,756 INFO BLUE Ranger at tile (4, 9) with 90 HP was assigned the order 'Order: Move to (4, 10)'
2018-05-04 13:16:00,756 INFO BLUE Ranger at tile (3, 9) with 90 HP was assigned the order 'Order: Ranged attack tile (3, 11)'
2018-05-04 13:16:00,756 INFO BLUE Trooper at tile (7, 8) with 100 HP was assigned the order 'Order: Move to (5, 8)'
2018-05-04 13:16:00,756 INFO BLUE Trooper at tile (4, 11) with 100 HP was assigned the order 'Order: Move to (3, 12)'
2018-05-04 13:16:00,756 INFO BLUE Colonist at tile (4, 8) with 100 HP was assigned the order 'Order: Move to (4, 11)'
2018-05-04 13:16:00,756 INFO BLUE Ranger at tile (10, 9) with 90 HP was assigned the order 'Order: Move to (9, 8)'
2018-05-04 13:16:00,756 INFO = Move phase begins
2018-05-04 13:16:00,771 INFO None moved to (9, 8)
2018-05-04 13:16:00,771 INFO BLUE Ranger at tile (9, 8) with 90 HP moved to (7, 8)
2018-05-04 13:16:00,772 INFO BLUE Ranger at tile (7, 8) with 90 HP moved to (5, 8)
2018-05-04 13:16:00,772 INFO None moved to (4, 8)
2018-05-04 13:16:00,772 INFO None moved to (11, 10)
2018-05-04 13:16:00,772 INFO None moved to (4, 10)
2018-05-04 13:16:00,772 INFO None moved to (3, 12)
2018-05-04 13:16:00,772 INFO BLUE Trooper at tile (3, 12) with 100 HP moved to (1, 12)
2018-05-04 13:16:00,773 INFO BLUE Trooper at tile (3, 11) with 100 HP moved to (3, 11)
2018-05-04 13:16:00,773 INFO BLUE Trooper at tile (4, 8) with 100 HP moved to (4, 11)
2018-05-04 13:16:00,826 INFO = Build phase begins
2018-05-04 13:16:00,839 INFO Team.BLUE PieceType.GHOST was built on (10, 8). 
2018-05-04 13:16:00,839 INFO Team.BLUE team spent 3 resources.
2018-05-04 13:16:00,839 INFO Team.BLUE PieceType.GHOST was built on (10, 9). 
2018-05-04 13:16:00,839 INFO Team.BLUE team spent 3 resources.
2018-05-04 13:16:00,889 INFO = Combat phase begins
2018-05-04 13:16:00,901 INFO RED Base at tile (3, 11) with -25 HP, BLUE Trooper at tile (3, 11) with 100 HP are contesting the tile at (3, 11)!
2018-05-04 13:16:00,901 INFO RED Base at tile (3, 11) with -25 HP took 22 damage from BLUE Trooper at tile (3, 11) with 100 HP!
2018-05-04 13:16:00,901 INFO BLUE Trooper at tile (3, 11) with 100 HP took 0 damage from RED Base at tile (3, 11) with -25 HP!
2018-05-04 13:16:00,901 INFO BLUE Trooper at tile (3, 11) with 100 HP took 0 damage from RED Base at tile (3, 11) with -25 HP!
2018-05-04 13:16:00,902 INFO RED Base at tile (3, 11) with -25 HP took 22 damage from BLUE Trooper at tile (3, 11) with 100 HP!
2018-05-04 13:16:00,949 INFO = Ranged phase begins
2018-05-04 13:16:00,962 INFO BLUE Ranger at tile (3, 9) with 90 HP conducted a ranged attack on (3, 11)
2018-05-04 13:16:00,974 INFO RED Base at tile (3, 11) with -68 HP took 43 damage from BLUE Ranger at tile (3, 9) with 90 HP!
2018-05-04 13:16:01,010 INFO = Special phase begins
2018-05-04 13:16:01,071 INFO = Start Turn phase begins
2018-05-04 13:16:01,072 INFO == TURN 11 BEGIN ==
2018-05-04 13:16:01,084 INFO Team.BLUE team acquired 1 resources.
2018-05-04 13:16:01,085 INFO Team.BLUE team acquired 1 resources.
2018-05-04 13:16:01,085 INFO Team.RED team acquired 1 resources.
2018-05-04 13:16:01,085 INFO Team.BLUE team acquired 1 resources.
2018-05-04 13:16:01,085 INFO Team.BLUE team acquired 2 resources.
2018-05-04 13:16:01,086 INFO Team.RED team acquired 2 resources.
2018-05-04 13:16:01,099 INFO === BATTLE OVER! ===
2018-05-04 13:16:01,099 INFO Team.RED team has lost.
2018-05-04 13:16:01,099 INFO -- Stats for team Team.RED --
2018-05-04 13:16:01,099 INFO   * Tiles Moved: 0
2018-05-04 13:16:01,099 INFO   * Ranged Attacks: 0
2018-05-04 13:16:01,099 INFO   * Piece Conflicts: 7
2018-05-04 13:16:01,099 INFO   * Pieces Lost: 3
2018-05-04 13:16:01,099 INFO   * Pieces Built: 0
2018-05-04 13:16:01,100 INFO   * Upgrades Researched: 0
2018-05-04 13:16:01,100 INFO Team.BLUE team has won!
2018-05-04 13:16:01,100 INFO -- Stats for team Team.BLUE --
2018-05-04 13:16:01,100 INFO   * Tiles Moved: 99
2018-05-04 13:16:01,100 INFO   * Ranged Attacks: 3
2018-05-04 13:16:01,100 INFO   * Piece Conflicts: 7
2018-05-04 13:16:01,100 INFO   * Pieces Lost: 0
2018-05-04 13:16:01,100 INFO   * Pieces Built: 17
2018-05-04 13:16:01,100 INFO   * Upgrades Researched: 0
2018-05-06 14:03:18,949 INFO BLUE Base at tile (17, 2) with 150 HP was assigned the order 'Order: Build a Colonist on tile (16, 2)'
2018-05-06 14:03:18,949 INFO BLUE Barracks at tile (15, 1) with 100 HP was assigned the order 'Order: Build a Trooper on tile (14, 1)'
2018-05-06 14:03:18,949 INFO BLUE Colonist at tile (15, 3) with 100 HP was assigned the order 'Order: Build a Generator on tile (14, 3)'
2018-05-06 14:03:18,949 INFO = Move phase begins
2018-05-06 14:03:19,014 INFO = Build phase begins
2018-05-06 14:03:19,028 INFO Team.BLUE PieceType.GENERATOR was built on (14, 3). 
2018-05-06 14:03:19,029 INFO Team.BLUE team spent 1 resources.
2018-05-06 14:03:19,029 INFO Team.BLUE PieceType.TROOPER was built on (14, 1). 
2018-05-06 14:03:19,029 INFO Team.BLUE team spent 3 resources.
2018-05-06 14:03:19,029 INFO Team.BLUE PieceType.COLONIST was built on (16, 2). 
2018-05-06 14:03:19,029 INFO Team.BLUE team spent 3 resources.
2018-05-06 14:03:19,081 INFO = Combat phase begins
2018-05-06 14:03:19,144 INFO = Ranged phase begins
2018-05-06 14:03:19,208 INFO = Special phase begins
2018-05-06 14:03:19,272 INFO = Start Turn phase begins
2018-05-06 14:03:19,272 INFO == TURN 2 BEGIN ==
2018-05-06 14:03:19,285 INFO Team.BLUE team acquired 1 resources.
2018-05-06 14:03:19,285 INFO Team.BLUE team acquired 1 resources.
2018-05-06 14:03:19,285 INFO Team.BLUE team acquired 1 resources.
2018-05-06 14:03:19,285 INFO Team.BLUE team acquired 1 resources.
2018-05-06 14:03:19,286 INFO Team.RED team acquired 1 resources.
2018-05-06 14:03:19,286 INFO Team.RED team acquired 1 resources.
2018-05-06 14:03:19,286 INFO Team.RED team acquired 1 resources.
2018-05-06 14:03:19,286 INFO Team.BLUE team acquired 2 resources.
2018-05-06 14:03:19,286 INFO Team.RED team acquired 2 resources.
2018-05-06 14:03:19,338 INFO = Issue Orders phase begins
2018-05-06 14:03:23,755 INFO BLUE Barracks at tile (15, 1) with 100 HP was assigned the order 'Order: Build a Ranger on tile (14, 1)'
2018-05-06 14:03:23,755 INFO BLUE Colonist at tile (15, 3) with 100 HP was assigned the order 'Order: Build a Generator on tile (15, 4)'
2018-05-06 14:03:23,755 INFO BLUE Trooper at tile (14, 1) with 100 HP was assigned the order 'Order: Move to (12, 1)'
2018-05-06 14:03:23,755 INFO BLUE Colonist at tile (16, 2) with 100 HP was assigned the order 'Order: Build a Barracks on tile (16, 1)'
2018-05-06 14:03:23,755 INFO = Move phase begins
2018-05-06 14:03:23,768 INFO None moved to (12, 1)
2018-05-06 14:03:23,819 INFO = Build phase begins
2018-05-06 14:03:23,832 INFO Team.BLUE PieceType.BARRACKS was built on (16, 1). 
2018-05-06 14:03:23,832 INFO Team.BLUE team spent 5 resources.
2018-05-06 14:03:23,832 INFO Team.BLUE PieceType.GENERATOR was built on (15, 4). 
2018-05-06 14:03:23,832 INFO Team.BLUE team spent 1 resources.
2018-05-06 14:03:23,833 INFO Team.BLUE PieceType.RANGER was built on (14, 1). 
2018-05-06 14:03:23,833 INFO Team.BLUE team spent 3 resources.
2018-05-06 14:03:23,884 INFO = Combat phase begins
2018-05-06 14:03:23,947 INFO = Ranged phase begins
2018-05-06 14:03:24,010 INFO = Special phase begins
2018-05-06 14:03:24,077 INFO = Start Turn phase begins
2018-05-06 14:03:24,077 INFO == TURN 3 BEGIN ==
2018-05-06 14:03:24,090 INFO Team.BLUE team acquired 1 resources.
2018-05-06 14:03:24,091 INFO Team.BLUE team acquired 1 resources.
2018-05-06 14:03:24,091 INFO Team.BLUE team acquired 1 resources.
2018-05-06 14:03:24,091 INFO Team.BLUE team acquired 1 resources.
2018-05-06 14:03:24,091 INFO Team.BLUE team acquired 1 resources.
2018-05-06 14:03:24,091 INFO Team.RED team acquired 1 resources.
2018-05-06 14:03:24,091 INFO Team.RED team acquired 1 resources.
2018-05-06 14:03:24,091 INFO Team.RED team acquired 1 resources.
2018-05-06 14:03:24,091 INFO Team.BLUE team acquired 2 resources.
2018-05-06 14:03:24,092 INFO Team.RED team acquired 2 resources.
2018-05-06 14:03:24,144 INFO = Issue Orders phase begins
2018-05-06 14:03:27,184 INFO BLUE Barracks at tile (15, 1) with 100 HP was assigned the order 'Order: Build a Ghost on tile (14, 1)'
2018-05-06 14:03:27,184 INFO BLUE Colonist at tile (15, 3) with 100 HP was assigned the order 'Order: Move to (12, 3)'
2018-05-06 14:03:27,184 INFO BLUE Colonist at tile (16, 2) with 100 HP was assigned the order 'Order: Move to (13, 2)'
2018-05-06 14:03:27,184 INFO BLUE Trooper at tile (12, 1) with 100 HP was assigned the order 'Order: Move to (10, 1)'
2018-05-06 14:03:27,184 INFO BLUE Barracks at tile (16, 1) with 100 HP was assigned the order 'Order: Build a Banshee on tile (16, 2)'
2018-05-06 14:03:27,185 INFO BLUE Ranger at tile (14, 1) with 90 HP was assigned the order 'Order: Move to (12, 1)'
2018-05-06 14:03:27,185 INFO = Move phase begins
2018-05-06 14:03:27,198 INFO None moved to (12, 1)
2018-05-06 14:03:27,198 INFO None moved to (13, 2)
2018-05-06 14:03:27,198 INFO BLUE Ranger at tile (12, 1) with 90 HP moved to (10, 1)
2018-05-06 14:03:27,198 INFO None moved to (12, 3)
2018-05-06 14:03:27,250 INFO = Build phase begins
2018-05-06 14:03:27,263 INFO Team.BLUE PieceType.BANSHEE was built on (16, 2). 
2018-05-06 14:03:27,263 INFO Team.BLUE team spent 5 resources.
2018-05-06 14:03:27,263 INFO Team.BLUE PieceType.GHOST was built on (14, 1). 
2018-05-06 14:03:27,264 INFO Team.BLUE team spent 3 resources.
2018-05-06 14:03:27,315 INFO = Combat phase begins
2018-05-06 14:03:27,379 INFO = Ranged phase begins
2018-05-06 14:03:27,442 INFO = Special phase begins
2018-05-06 14:03:27,507 INFO = Start Turn phase begins
2018-05-06 14:03:27,507 INFO == TURN 4 BEGIN ==
2018-05-06 14:03:27,520 INFO Team.BLUE team acquired 1 resources.
2018-05-06 14:03:27,520 INFO Team.BLUE team acquired 1 resources.
2018-05-06 14:03:27,520 INFO Team.BLUE team acquired 1 resources.
2018-05-06 14:03:27,520 INFO Team.BLUE team acquired 1 resources.
2018-05-06 14:03:27,521 INFO Team.BLUE team acquired 1 resources.
2018-05-06 14:03:27,521 INFO Team.RED team acquired 1 resources.
2018-05-06 14:03:27,521 INFO Team.RED team acquired 1 resources.
2018-05-06 14:03:27,521 INFO Team.RED team acquired 1 resources.
2018-05-06 14:03:27,521 INFO Team.BLUE team acquired 2 resources.
2018-05-06 14:03:27,521 INFO Team.RED team acquired 2 resources.
2018-05-06 14:03:27,572 INFO = Issue Orders phase begins
2018-05-06 14:03:30,895 INFO BLUE Barracks at tile (15, 1) with 100 HP was assigned the order 'Order: Build a Trooper on tile (14, 1)'
2018-05-06 14:03:30,895 INFO BLUE Ranger at tile (12, 1) with 90 HP was assigned the order 'Order: Move to (10, 1)'
2018-05-06 14:03:30,895 INFO BLUE Barracks at tile (16, 1) with 100 HP was assigned the order 'Order: Build a Guardian on tile (16, 2)'
2018-05-06 14:03:30,895 INFO BLUE Colonist at tile (13, 2) with 100 HP was assigned the order 'Order: Build a Barracks on tile (12, 2)'
2018-05-06 14:03:30,895 INFO BLUE Trooper at tile (10, 1) with 100 HP was assigned the order 'Order: Move to (8, 1)'
2018-05-06 14:03:30,895 INFO BLUE Colonist at tile (12, 3) with 100 HP was assigned the order 'Order: Build a Tech Lab on tile (11, 3)'
2018-05-06 14:03:30,895 INFO BLUE Banshee at tile (16, 2) with 40 HP was assigned the order 'Order: Move to (14, 2)'
2018-05-06 14:03:30,895 INFO BLUE Ghost at tile (14, 1) with 80 HP was assigned the order 'Order: Move to (11, 1)'
2018-05-06 14:03:30,896 INFO = Move phase begins
2018-05-06 14:03:30,908 INFO None moved to (11, 1)
2018-05-06 14:03:30,908 INFO None moved to (14, 2)
2018-05-06 14:03:30,909 INFO None moved to (10, 1)
2018-05-06 14:03:30,909 INFO BLUE Ranger at tile (10, 1) with 90 HP moved to (8, 1)
2018-05-06 14:03:30,957 INFO = Build phase begins
2018-05-06 14:03:30,970 INFO Team.BLUE PieceType.GUARDIAN was built on (16, 2). 
2018-05-06 14:03:30,970 INFO Team.BLUE team spent 5 resources.
2018-05-06 14:03:30,970 INFO Team.BLUE PieceType.BARRACKS was built on (12, 2). 
2018-05-06 14:03:30,970 INFO Team.BLUE team spent 5 resources.
2018-05-06 14:03:30,971 INFO Team.BLUE PieceType.TECHLAB was built on (11, 3). 
2018-05-06 14:03:30,971 INFO Team.BLUE team spent 2 resources.
2018-05-06 14:03:30,971 INFO Team.BLUE PieceType.TROOPER was built on (14, 1). 
2018-05-06 14:03:30,971 INFO Team.BLUE team spent 3 resources.
2018-05-06 14:03:31,023 INFO = Combat phase begins
2018-05-06 14:03:31,086 INFO = Ranged phase begins
2018-05-06 14:03:31,148 INFO = Special phase begins
2018-05-06 14:03:31,211 INFO = Start Turn phase begins
2018-05-06 14:03:31,211 INFO == TURN 5 BEGIN ==
2018-05-06 14:03:31,224 INFO Team.BLUE team acquired 1 resources.
2018-05-06 14:03:31,224 INFO Team.BLUE team acquired 1 resources.
2018-05-06 14:03:31,224 INFO Team.BLUE team acquired 1 resources.
2018-05-06 14:03:31,224 INFO Team.BLUE team acquired 1 resources.
2018-05-06 14:03:31,224 INFO Team.BLUE team acquired 1 resources.
2018-05-06 14:03:31,224 INFO Team.RED team acquired 1 resources.
2018-05-06 14:03:31,225 INFO Team.RED team acquired 1 resources.
2018-05-06 14:03:31,225 INFO Team.RED team acquired 1 resources.
2018-05-06 14:03:31,225 INFO Team.BLUE team acquired 2 resources.
2018-05-06 14:03:31,225 INFO Team.RED team acquired 2 resources.
2018-05-06 14:03:31,275 INFO = Issue Orders phase begins
2018-05-06 14:03:35,357 INFO BLUE Barracks at tile (15, 1) with 100 HP was assigned the order 'Order: Build a Ranger on tile (14, 1)'
2018-05-06 14:03:35,357 INFO BLUE Barracks at tile (16, 1) with 100 HP was assigned the order 'Order: Build a Boltcaster on tile (16, 2)'
2018-05-06 14:03:35,357 INFO BLUE Colonist at tile (13, 2) with 100 HP was assigned the order 'Order: Move to (11, 1)'
2018-05-06 14:03:35,357 INFO BLUE Ranger at tile (10, 1) with 90 HP was assigned the order 'Order: Move to (9, 1)'
2018-05-06 14:03:35,357 INFO BLUE Colonist at tile (12, 3) with 100 HP was assigned the order 'Order: Move to (11, 4)'
2018-05-06 14:03:35,357 INFO BLUE Ghost at tile (11, 1) with 80 HP was assigned the order 'Order: Move to (8, 1)'
2018-05-06 14:03:35,357 INFO BLUE Banshee at tile (14, 2) with 40 HP was assigned the order 'Order: Move to (10, 2)'
2018-05-06 14:03:35,357 INFO BLUE Trooper at tile (8, 1) with 100 HP was assigned the order 'Order: Move to (7, 2)'
2018-05-06 14:03:35,357 INFO BLUE Guardian at tile (16, 2) with 80 HP was assigned the order 'Order: Move to (14, 2)'
2018-05-06 14:03:35,357 INFO BLUE Barracks at tile (12, 2) with 100 HP was assigned the order 'Order: Build a Earthrender on tile (11, 2)'
2018-05-06 14:03:35,357 INFO BLUE Trooper at tile (14, 1) with 100 HP was assigned the order 'Order: Move to (12, 1)'
2018-05-06 14:03:35,357 INFO = Move phase begins
2018-05-06 14:03:35,370 INFO None moved to (12, 1)
2018-05-06 14:03:35,370 INFO None moved to (14, 2)
2018-05-06 14:03:35,370 INFO None moved to (8, 1)
2018-05-06 14:03:35,371 INFO BLUE Guardian at tile (14, 2) with 80 HP moved to (10, 2)
2018-05-06 14:03:35,371 INFO None moved to (9, 1)
2018-05-06 14:03:35,371 INFO None moved to (11, 1)
2018-05-06 14:03:35,371 INFO BLUE Ghost at tile (8, 1) with 80 HP moved to (7, 2)
2018-05-06 14:03:35,371 INFO None moved to (11, 4)
2018-05-06 14:03:35,423 INFO = Build phase begins
2018-05-06 14:03:35,436 INFO Team.BLUE PieceType.EARTHRENDER was built on (11, 2). 
2018-05-06 14:03:35,436 INFO Team.BLUE team spent 12 resources.
2018-05-06 14:03:35,436 INFO Team.BLUE PieceType.BOLTCASTER was built on (16, 2). 
2018-05-06 14:03:35,436 INFO Team.BLUE team spent 5 resources.
2018-05-06 14:03:35,436 INFO Team.BLUE PieceType.RANGER was built on (14, 1). 
2018-05-06 14:03:35,437 INFO Team.BLUE team spent 3 resources.
2018-05-06 14:03:35,488 INFO = Combat phase begins
2018-05-06 14:03:35,553 INFO = Ranged phase begins
2018-05-06 14:03:35,617 INFO = Special phase begins
2018-05-06 14:03:35,682 INFO = Start Turn phase begins
2018-05-06 14:03:35,683 INFO == TURN 6 BEGIN ==
2018-05-06 14:03:35,696 INFO Team.BLUE team acquired 1 resources.
2018-05-06 14:03:35,696 INFO Team.BLUE team acquired 1 resources.
2018-05-06 14:03:35,696 INFO Team.BLUE team acquired 1 resources.
2018-05-06 14:03:35,696 INFO Team.BLUE team acquired 1 resources.
2018-05-06 14:03:35,696 INFO Team.BLUE team acquired 1 resources.
2018-05-06 14:03:35,696 INFO Team.RED team acquired 1 resources.
2018-05-06 14:03:35,696 INFO Team.RED team acquired 1 resources.
2018-05-06 14:03:35,697 INFO Team.RED team acquired 1 resources.
2018-05-06 14:03:35,697 INFO Team.BLUE team acquired 2 resources.
2018-05-06 14:03:35,697 INFO Team.RED team acquired 2 resources.
2018-05-06 14:03:35,750 INFO = Issue Orders phase begins
2018-05-06 14:03:55,525 INFO BLUE Barracks at tile (15, 1) with 100 HP was assigned the order 'Order: Build a Ghost on tile (14, 1)'
2018-05-06 14:03:55,525 INFO BLUE Barracks at tile (16, 1) with 100 HP was assigned the order 'Order: Build a Banshee on tile (16, 2)'
2018-05-06 14:03:55,525 INFO BLUE Guardian at tile (14, 2) with 80 HP was assigned the order 'Order: Move to (13, 3)'
2018-05-06 14:03:55,525 INFO BLUE Ghost at tile (8, 1) with 80 HP was assigned the order 'Order: Move to (7, 2)'
2018-05-06 14:03:55,525 INFO BLUE Barracks at tile (12, 2) with 100 HP was assigned the order 'Order: Build a Demon on tile (11, 2)'
2018-05-06 14:03:55,525 INFO BLUE Trooper at tile (12, 1) with 100 HP was assigned the order 'Order: Move to (12, 1)'
2018-05-06 14:03:55,525 INFO BLUE Banshee at tile (10, 2) with 40 HP was assigned the order 'Order: Move to (6, 2)'
2018-05-06 14:03:55,525 INFO BLUE Ranger at tile (9, 1) with 90 HP was assigned the order 'Order: Move to (7, 1)'
2018-05-06 14:03:55,525 INFO BLUE Colonist at tile (11, 1) with 100 HP was assigned the order 'Order: Build a Generator on tile (10, 1)'
2018-05-06 14:03:55,525 INFO BLUE Trooper at tile (7, 2) with 100 HP was assigned the order 'Order: Move to (6, 3)'
2018-05-06 14:03:55,525 INFO BLUE Colonist at tile (11, 4) with 100 HP was assigned the order 'Order: Build a Generator on tile (11, 5)'
2018-05-06 14:03:55,525 INFO BLUE Earthrender at tile (11, 2) with 80 HP was assigned the order 'Order: Move to (10, 2)'
2018-05-06 14:03:55,525 INFO BLUE Boltcaster at tile (16, 2) with 60 HP was assigned the order 'Order: Move to (15, 2)'
2018-05-06 14:03:55,526 INFO BLUE Ranger at tile (14, 1) with 90 HP was assigned the order 'Order: Move to (13, 1)'
2018-05-06 14:03:55,526 INFO = Move phase begins
2018-05-06 14:03:55,540 INFO None moved to (13, 1)
2018-05-06 14:03:55,540 INFO None moved to (15, 2)
2018-05-06 14:03:55,540 INFO None moved to (10, 2)
2018-05-06 14:03:55,540 INFO BLUE Trooper at tile (12, 1) with 100 HP moved to (12, 1)
2018-05-06 14:03:55,540 INFO None moved to (13, 3)
2018-05-06 14:03:55,541 INFO None moved to (7, 2)
2018-05-06 14:03:55,541 INFO BLUE Earthrender at tile (10, 2) with 80 HP moved to (6, 2)
2018-05-06 14:03:55,541 INFO None moved to (7, 1)
2018-05-06 14:03:55,541 INFO BLUE Ghost at tile (7, 2) with 80 HP moved to (6, 3)
2018-05-06 14:03:55,595 INFO = Build phase begins
2018-05-06 14:03:55,609 INFO Team.BLUE PieceType.DEMON was built on (11, 2). 
2018-05-06 14:03:55,610 INFO Team.BLUE team spent 12 resources.
2018-05-06 14:03:55,610 INFO Team.BLUE PieceType.BANSHEE was built on (16, 2). 
2018-05-06 14:03:55,610 INFO Team.BLUE team spent 5 resources.
2018-05-06 14:03:55,610 INFO Team.BLUE PieceType.GENERATOR was built on (10, 1). 
2018-05-06 14:03:55,610 INFO Team.BLUE team spent 1 resources.
2018-05-06 14:03:55,611 INFO Team.BLUE PieceType.GENERATOR was built on (11, 5). 
2018-05-06 14:03:55,611 INFO Team.BLUE team spent 1 resources.
2018-05-06 14:03:55,611 INFO Team.BLUE PieceType.GHOST was built on (14, 1). 
2018-05-06 14:03:55,611 INFO Team.BLUE team spent 3 resources.
2018-05-06 14:03:55,665 INFO = Combat phase begins
2018-05-06 14:03:55,733 INFO = Ranged phase begins
2018-05-06 14:03:55,801 INFO = Special phase begins
2018-05-06 14:03:55,871 INFO = Start Turn phase begins
2018-05-06 14:03:55,872 INFO == TURN 7 BEGIN ==
2018-05-06 14:03:55,885 INFO Team.BLUE team acquired 1 resources.
2018-05-06 14:03:55,886 INFO Team.BLUE team acquired 1 resources.
2018-05-06 14:03:55,886 INFO Team.BLUE team acquired 1 resources.
2018-05-06 14:03:55,886 INFO Team.BLUE team acquired 1 resources.
2018-05-06 14:03:55,886 INFO Team.BLUE team acquired 1 resources.
2018-05-06 14:03:55,886 INFO Team.BLUE team acquired 1 resources.
2018-05-06 14:03:55,886 INFO Team.BLUE team acquired 1 resources.
2018-05-06 14:03:55,886 INFO Team.RED team acquired 1 resources.
2018-05-06 14:03:55,887 INFO Team.RED team acquired 1 resources.
2018-05-06 14:03:55,887 INFO Team.RED team acquired 1 resources.
2018-05-06 14:03:55,887 INFO Team.BLUE team acquired 2 resources.
2018-05-06 14:03:55,887 INFO Team.RED team acquired 2 resources.
2018-05-06 14:03:55,941 INFO = Issue Orders phase begins
2018-05-06 14:04:36,009 INFO BLUE Barracks at tile (15, 1) with 100 HP was assigned the order 'Order: Build a Trooper on tile (14, 1)'
2018-05-06 14:04:36,009 INFO BLUE Barracks at tile (16, 1) with 100 HP was assigned the order 'Order: Build a Guardian on tile (16, 2)'
2018-05-06 14:04:36,009 INFO BLUE Barracks at tile (12, 2) with 100 HP was assigned the order 'Order: Build a Titan on tile (11, 2)'
2018-05-06 14:04:36,010 INFO BLUE Earthrender at tile (10, 2) with 80 HP was assigned the order 'Order: Move to (9, 2)'
2018-05-06 14:04:36,010 INFO BLUE Colonist at tile (11, 1) with 100 HP was assigned the order 'Order: Move to (9, 1)'
2018-05-06 14:04:36,010 INFO BLUE Ghost at tile (7, 2) with 80 HP was assigned the order 'Order: Move to (5, 3)'
2018-05-06 14:04:36,010 INFO BLUE Colonist at tile (11, 4) with 100 HP was assigned the order 'Order: Move to (12, 5)'
2018-05-06 14:04:36,010 INFO BLUE Ranger at tile (13, 1) with 90 HP was assigned the order 'Order: Move to (13, 1)'
2018-05-06 14:04:36,010 INFO BLUE Boltcaster at tile (15, 2) with 60 HP was assigned the order 'Order: Move to (14, 2)'
2018-05-06 14:04:36,010 INFO BLUE Trooper at tile (12, 1) with 100 HP was assigned the order 'Order: Move to (11, 1)'
2018-05-06 14:04:36,010 INFO BLUE Guardian at tile (13, 3) with 80 HP was assigned the order 'Order: Move to (12, 3)'
2018-05-06 14:04:36,010 INFO BLUE Banshee at tile (6, 2) with 40 HP was assigned the order 'Order: Move to (4, 4)'
2018-05-06 14:04:36,010 INFO BLUE Ranger at tile (7, 1) with 90 HP was assigned the order 'Order: Move to (6, 2)'
2018-05-06 14:04:36,010 INFO BLUE Trooper at tile (6, 3) with 100 HP was assigned the order 'Order: Move to (4, 3)'
2018-05-06 14:04:36,010 INFO BLUE Demon at tile (11, 2) with 60 HP was assigned the order 'Order: Move to (5, 2)'
2018-05-06 14:04:36,010 INFO BLUE Banshee at tile (16, 2) with 40 HP was assigned the order 'Order: Move to (13, 2)'
2018-05-06 14:04:36,010 INFO BLUE Ghost at tile (14, 1) with 80 HP was assigned the order 'Order: Move to (12, 1)'
2018-05-06 14:04:36,010 INFO = Move phase begins
2018-05-06 14:04:36,024 INFO None moved to (12, 1)
2018-05-06 14:04:36,025 INFO None moved to (13, 2)
2018-05-06 14:04:36,025 INFO None moved to (5, 2)
2018-05-06 14:04:36,025 INFO BLUE Ranger at tile (13, 1) with 90 HP moved to (13, 1)
2018-05-06 14:04:36,025 INFO None moved to (14, 2)
2018-05-06 14:04:36,025 INFO None moved to (9, 2)
2018-05-06 14:04:36,026 INFO BLUE Ghost at tile (12, 1) with 80 HP moved to (11, 1)
2018-05-06 14:04:36,026 INFO None moved to (12, 3)
2018-05-06 14:04:36,026 INFO None moved to (5, 3)
2018-05-06 14:04:36,026 INFO None moved to (4, 4)
2018-05-06 14:04:36,027 INFO None moved to (6, 2)
2018-05-06 14:04:36,027 INFO BLUE Trooper at tile (11, 1) with 100 HP moved to (9, 1)
2018-05-06 14:04:36,027 INFO None moved to (4, 3)
2018-05-06 14:04:36,027 INFO None moved to (12, 5)
2018-05-06 14:04:36,081 INFO = Build phase begins
2018-05-06 14:04:36,095 INFO Team.BLUE PieceType.TITAN was built on (11, 2). 
2018-05-06 14:04:36,095 INFO Team.BLUE team spent 12 resources.
2018-05-06 14:04:36,095 INFO Team.BLUE PieceType.GUARDIAN was built on (16, 2). 
2018-05-06 14:04:36,095 INFO Team.BLUE team spent 5 resources.
2018-05-06 14:04:36,095 INFO Team.BLUE PieceType.TROOPER was built on (14, 1). 
2018-05-06 14:04:36,095 INFO Team.BLUE team spent 3 resources.
2018-05-06 14:04:36,148 INFO = Combat phase begins
2018-05-06 14:04:36,212 INFO = Ranged phase begins
2018-05-06 14:04:36,277 INFO = Special phase begins
2018-05-06 14:04:36,342 INFO = Start Turn phase begins
2018-05-06 14:04:36,343 INFO == TURN 8 BEGIN ==
2018-05-06 14:04:36,356 INFO Team.BLUE team acquired 1 resources.
2018-05-06 14:04:36,357 INFO Team.BLUE team acquired 1 resources.
2018-05-06 14:04:36,357 INFO Team.BLUE team acquired 1 resources.
2018-05-06 14:04:36,357 INFO Team.BLUE team acquired 1 resources.
2018-05-06 14:04:36,357 INFO Team.BLUE team acquired 1 resources.
2018-05-06 14:04:36,357 INFO Team.BLUE team acquired 1 resources.
2018-05-06 14:04:36,357 INFO Team.BLUE team acquired 1 resources.
2018-05-06 14:04:36,357 INFO Team.RED team acquired 1 resources.
2018-05-06 14:04:36,358 INFO Team.RED team acquired 1 resources.
2018-05-06 14:04:36,358 INFO Team.RED team acquired 1 resources.
2018-05-06 14:04:36,358 INFO Team.BLUE team acquired 2 resources.
2018-05-06 14:04:36,358 INFO Team.RED team acquired 2 resources.
2018-05-06 14:04:36,409 INFO = Issue Orders phase begins
