2018-05-01 17:51:06,755 INFO == TURN 1 BEGIN ==
2018-05-01 17:51:06,756 INFO = Issue Orders phase begins
2018-05-01 17:51:19,817 INFO RED Colonist at tile (4, 15) with 100 HP was assigned the order 'Order: Move to (7, 15)'
2018-05-01 17:51:19,817 INFO BLUE Colonist at tile (4, 1) with 100 HP was assigned the order 'Order: Build a Tech Lab on tile (4, 2)'
2018-05-01 17:51:19,818 INFO RED Barracks at tile (6, 16) with 100 HP was assigned the order 'Order: Build a Trooper on tile (6, 15)'
2018-05-01 17:51:19,818 INFO BLUE Barracks at tile (6, 0) with 100 HP was assigned the order 'Order: Build a Trooper on tile (7, 0)'
2018-05-01 17:51:19,818 INFO = Move phase begins
2018-05-01 17:51:19,830 INFO None moved to (7, 15)
2018-05-01 17:51:19,879 INFO = Build phase begins
2018-05-01 17:51:19,892 INFO Team.BLUE PieceType.TROOPER was built on (7, 0). 
2018-05-01 17:51:19,892 INFO Team.BLUE team spent 3 resources.
2018-05-01 17:51:19,892 INFO Team.RED PieceType.TROOPER was built on (6, 15). 
2018-05-01 17:51:19,892 INFO Team.RED team spent 3 resources.
2018-05-01 17:51:19,893 INFO Team.BLUE PieceType.TECHLAB was built on (4, 2). 
2018-05-01 17:51:19,893 INFO Team.BLUE team spent 2 resources.
2018-05-01 17:51:19,942 INFO = Combat phase begins
2018-05-01 17:51:20,002 INFO = Ranged phase begins
2018-05-01 17:51:20,068 INFO = Special phase begins
2018-05-01 17:51:20,132 INFO = Start Turn phase begins
2018-05-01 17:51:20,133 INFO == TURN 2 BEGIN ==
2018-05-01 17:51:20,145 INFO Team.RED team acquired 1 resources.
2018-05-01 17:51:20,145 INFO Team.RED team acquired 1 resources.
2018-05-01 17:51:20,146 INFO Team.BLUE team acquired 1 resources.
2018-05-01 17:51:20,146 INFO Team.BLUE team acquired 1 resources.
2018-05-01 17:51:20,146 INFO Team.BLUE team acquired 2 resources.
2018-05-01 17:51:20,146 INFO Team.RED team acquired 2 resources.
2018-05-01 17:51:20,197 INFO = Issue Orders phase begins
2018-05-01 17:51:32,790 INFO BLUE Colonist at tile (4, 1) with 100 HP was assigned the order 'Order: Move to (6, 2)'
2018-05-01 17:51:32,790 INFO RED Barracks at tile (6, 16) with 100 HP was assigned the order 'Order: Build a Ranger on tile (7, 16)'
2018-05-01 17:51:32,790 INFO BLUE Barracks at tile (6, 0) with 100 HP was assigned the order 'Order: Build a Ranger on tile (7, 0)'
2018-05-01 17:51:32,790 INFO RED Colonist at tile (7, 15) with 100 HP was assigned the order 'Order: Move to (9, 15)'
2018-05-01 17:51:32,790 INFO BLUE Trooper at tile (7, 0) with 100 HP was assigned the order 'Order: Move to (7, 2)'
2018-05-01 17:51:32,790 INFO RED Trooper at tile (6, 15) with 100 HP was assigned the order 'Order: Move to (7, 14)'
2018-05-01 17:51:32,790 INFO = Move phase begins
2018-05-01 17:51:32,802 INFO None moved to (7, 14)
2018-05-01 17:51:32,802 INFO None moved to (7, 2)
2018-05-01 17:51:32,802 INFO None moved to (6, 2)
2018-05-01 17:51:32,803 INFO None moved to (9, 15)
2018-05-01 17:51:32,850 INFO = Build phase begins
2018-05-01 17:51:32,863 INFO Team.BLUE PieceType.RANGER was built on (7, 0). 
2018-05-01 17:51:32,863 INFO Team.BLUE team spent 3 resources.
2018-05-01 17:51:32,863 INFO Team.RED PieceType.RANGER was built on (7, 16). 
2018-05-01 17:51:32,863 INFO Team.RED team spent 3 resources.
2018-05-01 17:51:32,913 INFO = Combat phase begins
2018-05-01 17:51:32,974 INFO = Ranged phase begins
2018-05-01 17:51:33,036 INFO = Special phase begins
2018-05-01 17:51:33,103 INFO = Start Turn phase begins
2018-05-01 17:51:33,103 INFO == TURN 3 BEGIN ==
2018-05-01 17:51:33,116 INFO Team.RED team acquired 1 resources.
2018-05-01 17:51:33,116 INFO Team.RED team acquired 1 resources.
2018-05-01 17:51:33,117 INFO Team.BLUE team acquired 1 resources.
2018-05-01 17:51:33,117 INFO Team.BLUE team acquired 1 resources.
2018-05-01 17:51:33,117 INFO Team.BLUE team acquired 2 resources.
2018-05-01 17:51:33,118 INFO Team.RED team acquired 2 resources.
2018-05-01 17:51:33,169 INFO = Issue Orders phase begins
2018-05-01 17:51:55,505 INFO BLUE Barracks at tile (6, 0) with 100 HP was assigned the order 'Order: Build a Ghost on tile (7, 0)'
2018-05-01 17:51:55,505 INFO RED Trooper at tile (7, 14) with 100 HP was assigned the order 'Order: Move to (8, 13)'
2018-05-01 17:51:55,505 INFO BLUE Trooper at tile (7, 2) with 100 HP was assigned the order 'Order: Move to (8, 2)'
2018-05-01 17:51:55,505 INFO BLUE Colonist at tile (6, 2) with 100 HP was assigned the order 'Order: Move to (8, 3)'
2018-05-01 17:51:55,505 INFO RED Colonist at tile (9, 15) with 100 HP was assigned the order 'Order: Build a Barracks on tile (9, 14)'
2018-05-01 17:51:55,505 INFO BLUE Ranger at tile (7, 0) with 90 HP was assigned the order 'Order: Move to (7, 2)'
2018-05-01 17:51:55,505 INFO RED Ranger at tile (7, 16) with 90 HP was assigned the order 'Order: Move to (8, 15)'
2018-05-01 17:51:55,506 INFO = Move phase begins
2018-05-01 17:51:55,518 INFO None moved to (8, 15)
2018-05-01 17:51:55,518 INFO None moved to (7, 2)
2018-05-01 17:51:55,518 INFO None moved to (8, 13)
2018-05-01 17:51:55,519 INFO BLUE Ranger at tile (7, 2) with 90 HP moved to (8, 2)
2018-05-01 17:51:55,519 INFO None moved to (8, 3)
2018-05-01 17:51:55,568 INFO = Build phase begins
2018-05-01 17:51:55,580 INFO Team.BLUE PieceType.GHOST was built on (7, 0). 
2018-05-01 17:51:55,581 INFO Team.BLUE team spent 3 resources.
2018-05-01 17:51:55,581 INFO Team.RED PieceType.BARRACKS was built on (9, 14). 
2018-05-01 17:51:55,581 INFO Team.RED team spent 5 resources.
2018-05-01 17:51:55,643 INFO = Combat phase begins
2018-05-01 17:51:55,712 INFO = Ranged phase begins
2018-05-01 17:51:55,773 INFO = Special phase begins
2018-05-01 17:51:55,835 INFO = Start Turn phase begins
2018-05-01 17:51:55,836 INFO == TURN 4 BEGIN ==
2018-05-01 17:51:55,850 INFO Team.RED team acquired 1 resources.
2018-05-01 17:51:55,850 INFO Team.RED team acquired 1 resources.
2018-05-01 17:51:55,850 INFO Team.BLUE team acquired 1 resources.
2018-05-01 17:51:55,851 INFO Team.BLUE team acquired 1 resources.
2018-05-01 17:51:55,851 INFO Team.BLUE team acquired 2 resources.
2018-05-01 17:51:55,851 INFO Team.RED team acquired 2 resources.
2018-05-01 17:51:55,900 INFO = Issue Orders phase begins
2018-05-01 17:52:13,656 INFO RED Barracks at tile (6, 16) with 100 HP was assigned the order 'Order: Build a Trooper on tile (6, 15)'
2018-05-01 17:52:13,656 INFO BLUE Barracks at tile (6, 0) with 100 HP was assigned the order 'Order: Build a Trooper on tile (7, 0)'
2018-05-01 17:52:13,656 INFO BLUE Tech Lab at tile (4, 2) with 50 HP was assigned the order 'Order: purchase upgrade UpgradeType.COLONIST_MAX_HP'
2018-05-01 17:52:13,656 INFO BLUE Ranger at tile (7, 2) with 90 HP was assigned the order 'Order: Move to (8, 3)'
2018-05-01 17:52:13,656 INFO RED Colonist at tile (9, 15) with 100 HP was assigned the order 'Order: Move to (12, 15)'
2018-05-01 17:52:13,656 INFO RED Ranger at tile (8, 15) with 90 HP was assigned the order 'Order: Move to (8, 13)'
2018-05-01 17:52:13,656 INFO RED Trooper at tile (8, 13) with 100 HP was assigned the order 'Order: Move to (9, 12)'
2018-05-01 17:52:13,656 INFO BLUE Trooper at tile (8, 2) with 100 HP was assigned the order 'Order: Move to (9, 3)'
2018-05-01 17:52:13,656 INFO BLUE Colonist at tile (8, 3) with 100 HP was assigned the order 'Order: Move to (9, 5)'
2018-05-01 17:52:13,656 INFO BLUE Ghost at tile (7, 0) with 80 HP was assigned the order 'Order: Move to (8, 2)'
2018-05-01 17:52:13,656 INFO RED Barracks at tile (9, 14) with 100 HP was assigned the order 'Order: Build a Ghost on tile (9, 13)'
2018-05-01 17:52:13,656 INFO = Move phase begins
2018-05-01 17:52:13,669 INFO None moved to (8, 2)
2018-05-01 17:52:13,669 INFO None moved to (8, 13)
2018-05-01 17:52:13,669 INFO None moved to (8, 3)
2018-05-01 17:52:13,670 INFO RED Ranger at tile (8, 13) with 90 HP moved to (9, 12)
2018-05-01 17:52:13,670 INFO BLUE Ghost at tile (8, 2) with 80 HP moved to (9, 3)
2018-05-01 17:52:13,670 INFO BLUE Ranger at tile (8, 3) with 90 HP moved to (9, 5)
2018-05-01 17:52:13,670 INFO None moved to (12, 15)
2018-05-01 17:52:13,719 INFO = Build phase begins
2018-05-01 17:52:13,733 INFO Team.RED PieceType.GHOST was built on (9, 13). 
2018-05-01 17:52:13,733 INFO Team.RED team spent 3 resources.
2018-05-01 17:52:13,734 INFO Team.BLUE PieceType.TROOPER was built on (7, 0). 
2018-05-01 17:52:13,734 INFO Team.BLUE team spent 3 resources.
2018-05-01 17:52:13,734 INFO Team.RED PieceType.TROOPER was built on (6, 15). 
2018-05-01 17:52:13,734 INFO Team.RED team spent 3 resources.
2018-05-01 17:52:13,784 INFO = Combat phase begins
2018-05-01 17:52:13,845 INFO = Ranged phase begins
2018-05-01 17:52:13,908 INFO = Special phase begins
2018-05-01 17:52:13,922 INFO Team.BLUE team researched the upgrade UpgradeType.COLONIST_MAX_HP
2018-05-01 17:52:13,922 INFO Team.BLUE team spent 2 resources.
2018-05-01 17:52:13,934 INFO BLUE Colonist at tile (9, 5) with 120 HP healed for 20 health.
2018-05-01 17:52:13,972 INFO = Start Turn phase begins
2018-05-01 17:52:13,972 INFO == TURN 5 BEGIN ==
2018-05-01 17:52:13,984 INFO Team.RED team acquired 1 resources.
2018-05-01 17:52:13,985 INFO Team.RED team acquired 1 resources.
2018-05-01 17:52:13,985 INFO Team.BLUE team acquired 1 resources.
2018-05-01 17:52:13,985 INFO Team.BLUE team acquired 1 resources.
2018-05-01 17:52:13,985 INFO Team.BLUE team acquired 2 resources.
2018-05-01 17:52:13,986 INFO Team.RED team acquired 2 resources.
2018-05-01 17:52:14,038 INFO = Issue Orders phase begins
2018-05-01 17:52:49,623 INFO BLUE Barracks at tile (6, 0) with 100 HP was assigned the order 'Order: Build a Ranger on tile (7, 0)'
2018-05-01 17:52:49,623 INFO RED Ranger at tile (8, 13) with 90 HP was assigned the order 'Order: Move to (9, 12)'
2018-05-01 17:52:49,623 INFO BLUE Ghost at tile (8, 2) with 80 HP was assigned the order 'Order: Move to (9, 3)'
2018-05-01 17:52:49,623 INFO BLUE Ranger at tile (8, 3) with 90 HP was assigned the order 'Order: Move to (9, 4)'
2018-05-01 17:52:49,623 INFO RED Barracks at tile (9, 14) with 100 HP was assigned the order 'Order: Build a Ranger on tile (9, 13)'
2018-05-01 17:52:49,623 INFO RED Trooper at tile (9, 12) with 100 HP was assigned the order 'Order: Move to (9, 10)'
2018-05-01 17:52:49,623 INFO BLUE Trooper at tile (9, 3) with 100 HP was assigned the order 'Order: Move to (9, 5)'
2018-05-01 17:52:49,623 INFO BLUE Colonist at tile (9, 5) with 120 HP was assigned the order 'Order: Move to (11, 6)'
2018-05-01 17:52:49,623 INFO RED Colonist at tile (12, 15) with 100 HP was assigned the order 'Order: Build a Generator on tile (13, 15)'
2018-05-01 17:52:49,623 INFO RED Ghost at tile (9, 13) with 80 HP was assigned the order 'Order: Move to (9, 11)'
2018-05-01 17:52:49,623 INFO BLUE Trooper at tile (7, 0) with 100 HP was assigned the order 'Order: Move to (7, 2)'
2018-05-01 17:52:49,623 INFO RED Trooper at tile (6, 15) with 100 HP was assigned the order 'Order: Move to (7, 14)'
2018-05-01 17:52:49,623 INFO = Move phase begins
2018-05-01 17:52:49,636 INFO None moved to (7, 14)
2018-05-01 17:52:49,637 INFO None moved to (7, 2)
2018-05-01 17:52:49,637 INFO None moved to (9, 11)
2018-05-01 17:52:49,637 INFO None moved to (9, 3)
2018-05-01 17:52:49,637 INFO None moved to (9, 12)
2018-05-01 17:52:49,637 INFO None moved to (9, 4)
2018-05-01 17:52:49,637 INFO RED Ranger at tile (9, 12) with 90 HP moved to (9, 10)
2018-05-01 17:52:49,638 INFO BLUE Ghost at tile (9, 3) with 80 HP moved to (9, 5)
2018-05-01 17:52:49,638 INFO BLUE Trooper at tile (9, 5) with 100 HP moved to (11, 6)
2018-05-01 17:52:49,693 INFO = Build phase begins
2018-05-01 17:52:49,706 INFO Team.RED PieceType.RANGER was built on (9, 13). 
2018-05-01 17:52:49,707 INFO Team.RED team spent 3 resources.
2018-05-01 17:52:49,707 INFO Team.BLUE PieceType.RANGER was built on (7, 0). 
2018-05-01 17:52:49,707 INFO Team.BLUE team spent 3 resources.
2018-05-01 17:52:49,707 INFO Team.RED PieceType.GENERATOR was built on (13, 15). 
2018-05-01 17:52:49,707 INFO Team.RED team spent 1 resources.
2018-05-01 17:52:49,773 INFO = Combat phase begins
2018-05-01 17:52:49,882 INFO = Ranged phase begins
2018-05-01 17:52:49,990 INFO = Special phase begins
2018-05-01 17:52:50,077 INFO = Start Turn phase begins
2018-05-01 17:52:50,077 INFO == TURN 6 BEGIN ==
2018-05-01 17:52:50,090 INFO Team.RED team acquired 1 resources.
2018-05-01 17:52:50,090 INFO Team.RED team acquired 1 resources.
2018-05-01 17:52:50,090 INFO Team.RED team acquired 1 resources.
2018-05-01 17:52:50,090 INFO Team.BLUE team acquired 1 resources.
2018-05-01 17:52:50,091 INFO Team.BLUE team acquired 1 resources.
2018-05-01 17:52:50,091 INFO Team.BLUE team acquired 2 resources.
2018-05-01 17:52:50,091 INFO Team.RED team acquired 2 resources.
2018-05-01 17:52:50,161 INFO = Issue Orders phase begins
2018-05-01 17:53:17,745 INFO RED Barracks at tile (6, 16) with 100 HP was assigned the order 'Order: purchase upgrade UpgradeType.TROOPER_ARMOR'
2018-05-01 17:53:17,745 INFO BLUE Barracks at tile (6, 0) with 100 HP was assigned the order 'Order: Build a Ghost on tile (7, 0)'
2018-05-01 17:53:17,745 INFO BLUE Tech Lab at tile (4, 2) with 50 HP was assigned the order 'Order: purchase upgrade UpgradeType.GHOST_STEAL'
2018-05-01 17:53:17,746 INFO RED Barracks at tile (9, 14) with 100 HP was assigned the order 'Order: Build a Trooper on tile (9, 13)'
2018-05-01 17:53:17,746 INFO RED Ranger at tile (9, 12) with 90 HP was assigned the order 'Order: Move to (9, 10)'
2018-05-01 17:53:17,746 INFO BLUE Ghost at tile (9, 3) with 80 HP was assigned the order 'Order: Move to (9, 5)'
2018-05-01 17:53:17,746 INFO BLUE Trooper at tile (9, 5) with 100 HP was assigned the order 'Order: Move to (9, 7)'
2018-05-01 17:53:17,746 INFO RED Colonist at tile (12, 15) with 100 HP was assigned the order 'Order: Move to (13, 14)'
2018-05-01 17:53:17,746 INFO RED Trooper at tile (7, 14) with 100 HP was assigned the order 'Order: Move to (8, 13)'
2018-05-01 17:53:17,746 INFO BLUE Trooper at tile (7, 2) with 100 HP was assigned the order 'Order: Move to (8, 3)'
2018-05-01 17:53:17,746 INFO RED Ghost at tile (9, 11) with 80 HP was assigned the order 'Order: Move to (10, 9)'
2018-05-01 17:53:17,747 INFO BLUE Ranger at tile (9, 4) with 90 HP was assigned the order 'Order: Move to (9, 6)'
2018-05-01 17:53:17,747 INFO RED Trooper at tile (9, 10) with 100 HP was assigned the order 'Order: Move to (8, 9)'
2018-05-01 17:53:17,747 INFO BLUE Colonist at tile (11, 6) with 120 HP was assigned the order 'Order: Move to (11, 5)'
2018-05-01 17:53:17,747 INFO RED Ranger at tile (9, 13) with 90 HP was assigned the order 'Order: Move to (9, 11)'
2018-05-01 17:53:17,747 INFO BLUE Ranger at tile (7, 0) with 90 HP was assigned the order 'Order: Move to (7, 2)'
2018-05-01 17:53:17,747 INFO = Move phase begins
2018-05-01 17:53:17,760 INFO None moved to (7, 2)
2018-05-01 17:53:17,760 INFO None moved to (9, 11)
2018-05-01 17:53:17,760 INFO None moved to (8, 13)
2018-05-01 17:53:17,760 INFO BLUE Ranger at tile (7, 2) with 90 HP moved to (8, 3)
2018-05-01 17:53:17,760 INFO RED Ranger at tile (9, 11) with 90 HP moved to (10, 9)
2018-05-01 17:53:17,761 INFO None moved to (9, 5)
2018-05-01 17:53:17,761 INFO None moved to (9, 10)
2018-05-01 17:53:17,761 INFO None moved to (9, 6)
2018-05-01 17:53:17,761 INFO RED Ranger at tile (9, 10) with 90 HP moved to (8, 9)
2018-05-01 17:53:17,761 INFO BLUE Ghost at tile (9, 5) with 80 HP moved to (9, 7)
2018-05-01 17:53:17,761 INFO None moved to (11, 5)
2018-05-01 17:53:17,762 INFO None moved to (13, 14)
2018-05-01 17:53:17,811 INFO = Build phase begins
2018-05-01 17:53:17,825 INFO Team.RED PieceType.TROOPER was built on (9, 13). 
2018-05-01 17:53:17,825 INFO Team.RED team spent 3 resources.
2018-05-01 17:53:17,825 INFO Team.BLUE PieceType.GHOST was built on (7, 0). 
2018-05-01 17:53:17,825 INFO Team.BLUE team spent 3 resources.
2018-05-01 17:53:17,875 INFO = Combat phase begins
2018-05-01 17:53:17,940 INFO = Ranged phase begins
2018-05-01 17:53:18,003 INFO = Special phase begins
2018-05-01 17:53:18,016 INFO Team.BLUE team researched the upgrade UpgradeType.GHOST_STEAL
2018-05-01 17:53:18,016 INFO Team.BLUE team spent 3 resources.
2018-05-01 17:53:18,016 INFO Team.RED team researched the upgrade UpgradeType.TROOPER_ARMOR
2018-05-01 17:53:18,017 INFO Team.RED team spent 2 resources.
2018-05-01 17:53:18,066 INFO = Start Turn phase begins
2018-05-01 17:53:18,068 INFO == TURN 7 BEGIN ==
2018-05-01 17:53:18,080 INFO Team.RED team acquired 1 resources.
2018-05-01 17:53:18,081 INFO Team.RED team acquired 1 resources.
2018-05-01 17:53:18,081 INFO Team.RED team acquired 1 resources.
2018-05-01 17:53:18,081 INFO Team.BLUE team acquired 1 resources.
2018-05-01 17:53:18,082 INFO Team.BLUE team acquired 1 resources.
2018-05-01 17:53:18,082 INFO Team.BLUE team acquired 2 resources.
2018-05-01 17:53:18,082 INFO Team.RED team acquired 2 resources.
2018-05-01 17:53:18,133 INFO = Issue Orders phase begins
2018-05-01 17:53:49,081 INFO BLUE Barracks at tile (6, 0) with 100 HP was assigned the order 'Order: Build a Trooper on tile (7, 0)'
2018-05-01 17:53:49,081 INFO RED Barracks at tile (9, 14) with 100 HP was assigned the order 'Order: Build a Ghost on tile (9, 13)'
2018-05-01 17:53:49,081 INFO BLUE Ghost at tile (9, 5) with 80 HP was assigned the order 'Order: Move to (9, 8)'
2018-05-01 17:53:49,082 INFO BLUE Ranger at tile (7, 2) with 90 HP was assigned the order 'Order: Move to (8, 3)'
2018-05-01 17:53:49,082 INFO RED Ranger at tile (9, 11) with 90 HP was assigned the order 'Order: Move to (8, 10)'
2018-05-01 17:53:49,082 INFO RED Ranger at tile (9, 10) with 90 HP was assigned the order 'Order: Ranged attack tile (9, 9)'
2018-05-01 17:53:49,082 INFO RED Trooper at tile (8, 13) with 100 HP was assigned the order 'Order: Move to (9, 12)'
2018-05-01 17:53:49,082 INFO BLUE Trooper at tile (8, 3) with 100 HP was assigned the order 'Order: Move to (9, 4)'
2018-05-01 17:53:49,082 INFO RED Ghost at tile (10, 9) with 80 HP was assigned the order 'Order: Move to (11, 7)'
2018-05-01 17:53:49,082 INFO BLUE Ranger at tile (9, 6) with 90 HP was assigned the order 'Order: Move to (8, 7)'
2018-05-01 17:53:49,082 INFO BLUE Trooper at tile (9, 7) with 100 HP was assigned the order 'Order: Move to (9, 9)'
2018-05-01 17:53:49,082 INFO BLUE Colonist at tile (11, 5) with 120 HP was assigned the order 'Order: Build a Generator on tile (11, 6)'
2018-05-01 17:53:49,082 INFO RED Colonist at tile (13, 14) with 100 HP was assigned the order 'Order: Build a Generator on tile (14, 14)'
2018-05-01 17:53:49,082 INFO RED Trooper at tile (9, 13) with 100 HP was assigned the order 'Order: Move to (9, 11)'
2018-05-01 17:53:49,082 INFO BLUE Ghost at tile (7, 0) with 80 HP was assigned the order 'Order: Move to (8, 2)'
2018-05-01 17:53:49,082 INFO = Move phase begins
2018-05-01 17:53:49,095 INFO None moved to (8, 2)
2018-05-01 17:53:49,096 INFO None moved to (9, 11)
2018-05-01 17:53:49,096 INFO None moved to (8, 3)
2018-05-01 17:53:49,096 INFO RED Trooper at tile (9, 11) with 100 HP moved to (8, 10)
2018-05-01 17:53:49,096 INFO None moved to (9, 12)
2018-05-01 17:53:49,096 INFO BLUE Ranger at tile (8, 3) with 90 HP moved to (9, 4)
2018-05-01 17:53:49,097 INFO None moved to (11, 7)
2018-05-01 17:53:49,097 INFO None moved to (9, 8)
2018-05-01 17:53:49,097 INFO None moved to (8, 7)
2018-05-01 17:53:49,097 INFO None moved to (9, 9)
2018-05-01 17:53:49,146 INFO = Build phase begins
2018-05-01 17:53:49,159 INFO Team.RED PieceType.GHOST was built on (9, 13). 
2018-05-01 17:53:49,160 INFO Team.RED team spent 3 resources.
2018-05-01 17:53:49,160 INFO Team.BLUE PieceType.TROOPER was built on (7, 0). 
2018-05-01 17:53:49,161 INFO Team.BLUE team spent 3 resources.
2018-05-01 17:53:49,161 INFO Team.BLUE PieceType.GENERATOR was built on (11, 6). 
2018-05-01 17:53:49,161 INFO Team.BLUE team spent 1 resources.
2018-05-01 17:53:49,162 INFO Team.RED PieceType.GENERATOR was built on (14, 14). 
2018-05-01 17:53:49,162 INFO Team.RED team spent 1 resources.
2018-05-01 17:53:49,210 INFO = Combat phase begins
2018-05-01 17:53:49,274 INFO = Ranged phase begins
2018-05-01 17:53:49,288 INFO RED Ranger at tile (9, 10) with 90 HP conducted a ranged attack on (9, 9)
2018-05-01 17:53:49,301 INFO BLUE Trooper at tile (9, 9) with 40 HP took 60 damage from RED Ranger at tile (9, 10) with 90 HP!
2018-05-01 17:53:49,301 INFO BLUE Ghost at tile (9, 8) with 64 HP took 16 damage from RED Ranger at tile (9, 10) with 90 HP!
2018-05-01 17:53:49,349 INFO = Special phase begins
2018-05-01 17:53:49,429 INFO = Start Turn phase begins
2018-05-01 17:53:49,430 INFO == TURN 8 BEGIN ==
2018-05-01 17:53:49,443 INFO Team.RED team acquired 1 resources.
2018-05-01 17:53:49,444 INFO Team.BLUE team acquired 1 resources.
2018-05-01 17:53:49,445 INFO Team.RED team acquired 1 resources.
2018-05-01 17:53:49,445 INFO Team.RED team acquired 1 resources.
2018-05-01 17:53:49,445 INFO Team.RED team acquired 1 resources.
2018-05-01 17:53:49,446 INFO Team.BLUE team acquired 1 resources.
2018-05-01 17:53:49,446 INFO Team.BLUE team acquired 1 resources.
2018-05-01 17:53:49,446 INFO Team.BLUE team acquired 2 resources.
2018-05-01 17:53:49,446 INFO Team.RED team acquired 2 resources.
2018-05-01 17:53:49,497 INFO = Issue Orders phase begins
2018-05-01 17:54:34,413 INFO RED Base at tile (5, 15) with 150 HP was assigned the order 'Order: purchase upgrade UpgradeType.RESOURCE_PRODUCTION'
2018-05-01 17:54:34,414 INFO BLUE Barracks at tile (6, 0) with 100 HP was assigned the order 'Order: Build a Ranger on tile (7, 0)'
2018-05-01 17:54:34,414 INFO RED Trooper at tile (9, 11) with 100 HP was assigned the order 'Order: Move to (9, 9)'
2018-05-01 17:54:34,414 INFO RED Ranger at tile (9, 10) with 90 HP was assigned the order 'Order: Move to (10, 9)'
2018-05-01 17:54:34,414 INFO BLUE Ranger at tile (8, 3) with 90 HP was assigned the order 'Order: Move to (9, 4)'
2018-05-01 17:54:34,414 INFO RED Trooper at tile (8, 9) with 100 HP was assigned the order 'Order: Move to (8, 7)'
2018-05-01 17:54:34,414 INFO BLUE Colonist at tile (11, 5) with 120 HP was assigned the order 'Order: Build a Generator on tile (12, 5)'
2018-05-01 17:54:34,414 INFO RED Colonist at tile (13, 14) with 100 HP was assigned the order 'Order: Move to (10, 14)'
2018-05-01 17:54:34,414 INFO BLUE Ghost at tile (8, 2) with 80 HP was assigned the order 'Order: Move to (9, 3)'
2018-05-01 17:54:34,414 INFO RED Ranger at tile (8, 10) with 90 HP was assigned the order 'Order: Ranged attack tile (9, 10)'
2018-05-01 17:54:34,414 INFO RED Trooper at tile (9, 12) with 100 HP was assigned the order 'Order: Move to (9, 10)'
2018-05-01 17:54:34,414 INFO BLUE Trooper at tile (9, 4) with 100 HP was assigned the order 'Order: Move to (9, 6)'
2018-05-01 17:54:34,414 INFO RED Ghost at tile (11, 7) with 80 HP was assigned the order 'Order: Move to (11, 5)'
2018-05-01 17:54:34,414 INFO BLUE Ghost at tile (9, 8) with 64 HP was assigned the order 'Order: Move to (9, 10)'
2018-05-01 17:54:34,415 INFO BLUE Ranger at tile (8, 7) with 90 HP was assigned the order 'Order: Ranged attack tile (8, 9)'
2018-05-01 17:54:34,415 INFO BLUE Trooper at tile (9, 9) with 40 HP was assigned the order 'Order: Move to (8, 9)'
2018-05-01 17:54:34,415 INFO RED Ghost at tile (9, 13) with 80 HP was assigned the order 'Order: Move to (9, 11)'
2018-05-01 17:54:34,415 INFO BLUE Trooper at tile (7, 0) with 100 HP was assigned the order 'Order: Move to (7, 2)'
2018-05-01 17:54:34,415 INFO = Move phase begins
2018-05-01 17:54:34,429 INFO None moved to (7, 2)
2018-05-01 17:54:34,429 INFO None moved to (9, 11)
2018-05-01 17:54:34,429 INFO None moved to (9, 3)
2018-05-01 17:54:34,430 INFO RED Ghost at tile (9, 11) with 80 HP moved to (9, 9)
2018-05-01 17:54:34,430 INFO None moved to (9, 4)
2018-05-01 17:54:34,430 INFO None moved to (9, 10)
2018-05-01 17:54:34,430 INFO BLUE Ranger at tile (9, 4) with 90 HP moved to (9, 6)
2018-05-01 17:54:34,430 INFO None moved to (11, 5)
2018-05-01 17:54:34,430 INFO None moved to (9, 10)
2018-05-01 17:54:34,431 INFO RED Trooper at tile (9, 10) with 100 HP moved to (10, 9)
2018-05-01 17:54:34,431 INFO None moved to (8, 7)
2018-05-01 17:54:34,431 INFO None moved to (8, 9)
2018-05-01 17:54:34,431 INFO None moved to (10, 14)
2018-05-01 17:54:34,482 INFO = Build phase begins
2018-05-01 17:54:34,495 INFO Team.BLUE PieceType.RANGER was built on (7, 0). 
2018-05-01 17:54:34,496 INFO Team.BLUE team spent 3 resources.
2018-05-01 17:54:34,496 INFO BLUE Colonist at tile (11, 5) with 120 HP failed to execute its orders!
2018-05-01 17:54:34,546 INFO = Combat phase begins
2018-05-01 17:54:34,561 INFO RED Trooper at tile (9, 10) with 85 HP, BLUE Ghost at tile (9, 10) with -20 HP are contesting the tile at (9, 10)!
2018-05-01 17:54:34,561 INFO RED Trooper at tile (9, 10) with 85 HP took 12 damage from BLUE Ghost at tile (9, 10) with -20 HP!
2018-05-01 17:54:34,562 INFO BLUE Ghost at tile (9, 10) with -20 HP took 45 damage from RED Trooper at tile (9, 10) with 85 HP!
2018-05-01 17:54:34,562 INFO BLUE Ghost at tile (9, 10) with -20 HP took 39 damage from RED Trooper at tile (9, 10) with 85 HP!
2018-05-01 17:54:34,562 INFO RED Trooper at tile (9, 10) with 85 HP took 3 damage from BLUE Ghost at tile (9, 10) with -20 HP!
2018-05-01 17:54:34,563 INFO BLUE Colonist at tile (11, 5) with 36 HP, RED Ghost at tile (11, 5) with 80 HP are contesting the tile at (11, 5)!
2018-05-01 17:54:34,563 INFO BLUE Colonist at tile (11, 5) with 36 HP took 42 damage from RED Ghost at tile (11, 5) with 80 HP!
2018-05-01 17:54:34,563 INFO RED Ghost at tile (11, 5) with 80 HP took 0 damage from BLUE Colonist at tile (11, 5) with 36 HP!
2018-05-01 17:54:34,563 INFO RED Ghost at tile (11, 5) with 80 HP took 0 damage from BLUE Colonist at tile (11, 5) with 36 HP!
2018-05-01 17:54:34,564 INFO BLUE Colonist at tile (11, 5) with 36 HP took 42 damage from RED Ghost at tile (11, 5) with 80 HP!
2018-05-01 17:54:34,564 INFO BLUE Ranger at tile (8, 7) with 42 HP, RED Trooper at tile (8, 7) with 100 HP are contesting the tile at (8, 7)!
2018-05-01 17:54:34,564 INFO BLUE Ranger at tile (8, 7) with 42 HP took 24 damage from RED Trooper at tile (8, 7) with 100 HP!
2018-05-01 17:54:34,564 INFO RED Trooper at tile (8, 7) with 100 HP took 0 damage from BLUE Ranger at tile (8, 7) with 42 HP!
2018-05-01 17:54:34,564 INFO RED Trooper at tile (8, 7) with 100 HP took 0 damage from BLUE Ranger at tile (8, 7) with 42 HP!
2018-05-01 17:54:34,565 INFO BLUE Ranger at tile (8, 7) with 42 HP took 24 damage from RED Trooper at tile (8, 7) with 100 HP!
2018-05-01 17:54:34,616 INFO = Ranged phase begins
2018-05-01 17:54:34,629 INFO RED Ranger at tile (8, 10) with 90 HP conducted a ranged attack on (9, 10)
2018-05-01 17:54:34,629 INFO BLUE Ranger at tile (8, 7) with 42 HP failed to execute its orders!
2018-05-01 17:54:34,642 INFO BLUE Ghost at tile (9, 10) with -50 HP took 30 damage from RED Ranger at tile (8, 10) with 90 HP!
2018-05-01 17:54:34,679 INFO = Special phase begins
2018-05-01 17:54:34,693 INFO Team.RED team researched the upgrade UpgradeType.RESOURCE_PRODUCTION
2018-05-01 17:54:34,694 INFO Team.RED team spent 5 resources.
2018-05-01 17:54:34,744 INFO = Start Turn phase begins
2018-05-01 17:54:34,745 INFO == TURN 9 BEGIN ==
2018-05-01 17:54:34,759 INFO Team.RED team acquired 1 resources.
2018-05-01 17:54:34,760 INFO Team.BLUE team acquired 1 resources.
2018-05-01 17:54:34,760 INFO Team.RED team acquired 1 resources.
2018-05-01 17:54:34,760 INFO Team.RED team acquired 2 resources.
2018-05-01 17:54:34,761 INFO Team.RED team acquired 2 resources.
2018-05-01 17:54:34,761 INFO Team.RED team acquired 1 resources.
2018-05-01 17:54:34,761 INFO Team.RED team acquired 1 resources.
2018-05-01 17:54:34,761 INFO Team.BLUE team acquired 1 resources.
2018-05-01 17:54:34,762 INFO Team.BLUE team acquired 1 resources.
2018-05-01 17:54:34,762 INFO Team.BLUE team acquired 2 resources.
2018-05-01 17:54:34,762 INFO Team.RED team acquired 4 resources.
2018-05-01 17:54:34,811 INFO = Issue Orders phase begins
2018-05-01 17:56:14,321 INFO RED Barracks at tile (6, 16) with 100 HP was assigned the order 'Order: Build a Ranger on tile (6, 15)'
2018-05-01 17:56:14,321 INFO BLUE Barracks at tile (6, 0) with 100 HP was assigned the order 'Order: Build a Ghost on tile (7, 0)'
2018-05-01 17:56:14,321 INFO BLUE Tech Lab at tile (4, 2) with 50 HP was assigned the order 'Order: purchase upgrade UpgradeType.COLONIST_UNCONTESTABLE'
2018-05-01 17:56:14,321 INFO RED Barracks at tile (9, 14) with 100 HP was assigned the order 'Order: Build a Trooper on tile (9, 13)'
2018-05-01 17:56:14,321 INFO RED Ghost at tile (9, 11) with 80 HP was assigned the order 'Order: Move to (9, 8)'
2018-05-01 17:56:14,322 INFO RED Trooper at tile (9, 10) with 85 HP was assigned the order 'Order: Move to (8, 9)'
2018-05-01 17:56:14,322 INFO BLUE Colonist at tile (11, 5) with 36 HP was assigned the order 'Order: Build a Generator on tile (12, 5)'
2018-05-01 17:56:14,322 INFO RED Ranger at tile (8, 10) with 90 HP was assigned the order 'Order: Ranged attack tile (8, 9)'
2018-05-01 17:56:14,322 INFO BLUE Ranger at tile (9, 4) with 90 HP was assigned the order 'Order: Move to (9, 6)'
2018-05-01 17:56:14,322 INFO BLUE Ranger at tile (8, 7) with 42 HP was assigned the order 'Order: Move to (8, 6)'
2018-05-01 17:56:14,322 INFO RED Trooper at tile (9, 9) with 100 HP was assigned the order 'Order: Move to (9, 7)'
2018-05-01 17:56:14,322 INFO BLUE Trooper at tile (7, 2) with 100 HP was assigned the order 'Order: Move to (8, 3)'
2018-05-01 17:56:14,322 INFO BLUE Ghost at tile (9, 3) with 80 HP was assigned the order 'Order: Move to (9, 5)'
2018-05-01 17:56:14,322 INFO BLUE Trooper at tile (9, 6) with 100 HP was assigned the order 'Order: Move to (10, 6)'
2018-05-01 17:56:14,322 INFO RED Ranger at tile (10, 9) with 90 HP was assigned the order 'Order: Ranged attack tile (8, 9)'
2018-05-01 17:56:14,323 INFO BLUE Trooper at tile (8, 9) with 40 HP was assigned the order 'Order: Move to (8, 10)'
2018-05-01 17:56:14,323 INFO RED Colonist at tile (10, 14) with 100 HP was assigned the order 'Order: Build a Tech Lab on tile (11, 14)'
2018-05-01 17:56:14,323 INFO BLUE Ranger at tile (7, 0) with 90 HP was assigned the order 'Order: Move to (7, 2)'
2018-05-01 17:56:14,323 INFO = Move phase begins
2018-05-01 17:56:14,336 INFO None moved to (7, 2)
2018-05-01 17:56:14,336 INFO BLUE Ranger at tile (7, 2) with 90 HP moved to (8, 3)
2018-05-01 17:56:14,336 INFO None moved to (9, 8)
2018-05-01 17:56:14,337 INFO None moved to (9, 5)
2018-05-01 17:56:14,337 INFO None moved to (9, 7)
2018-05-01 17:56:14,337 INFO None moved to (9, 6)
2018-05-01 17:56:14,337 INFO None moved to (8, 9)
2018-05-01 17:56:14,337 INFO BLUE Ranger at tile (9, 6) with 90 HP moved to (10, 6)
2018-05-01 17:56:14,338 INFO None moved to (8, 6)
2018-05-01 17:56:14,338 INFO None moved to (8, 10)
2018-05-01 17:56:14,389 INFO = Build phase begins
2018-05-01 17:56:14,403 INFO Team.RED PieceType.TROOPER was built on (9, 13). 
2018-05-01 17:56:14,403 INFO Team.RED team spent 3 resources.
2018-05-01 17:56:14,403 INFO Team.BLUE PieceType.GHOST was built on (7, 0). 
2018-05-01 17:56:14,403 INFO Team.BLUE team spent 3 resources.
2018-05-01 17:56:14,404 INFO Team.RED PieceType.RANGER was built on (6, 15). 
2018-05-01 17:56:14,404 INFO Team.RED team spent 3 resources.
2018-05-01 17:56:14,404 INFO BLUE Colonist at tile (11, 5) with 36 HP failed to execute its orders!
2018-05-01 17:56:14,404 INFO Team.RED PieceType.TECHLAB was built on (11, 14). 
2018-05-01 17:56:14,405 INFO Team.RED team spent 2 resources.
2018-05-01 17:56:14,457 INFO = Combat phase begins
2018-05-01 17:56:14,471 INFO BLUE Colonist at tile (11, 5) with -48 HP, RED Ghost at tile (11, 5) with 80 HP are contesting the tile at (11, 5)!
2018-05-01 17:56:14,472 INFO BLUE Colonist at tile (11, 5) with -48 HP took 42 damage from RED Ghost at tile (11, 5) with 80 HP!
2018-05-01 17:56:14,473 INFO RED Ghost at tile (11, 5) with 80 HP took 0 damage from BLUE Colonist at tile (11, 5) with -48 HP!
2018-05-01 17:56:14,473 INFO RED Ghost at tile (11, 5) with 80 HP took 0 damage from BLUE Colonist at tile (11, 5) with -48 HP!
2018-05-01 17:56:14,473 INFO BLUE Colonist at tile (11, 5) with -48 HP took 42 damage from RED Ghost at tile (11, 5) with 80 HP!
2018-05-01 17:56:14,473 INFO RED Ranger at tile (8, 10) with 72 HP, BLUE Trooper at tile (8, 10) with 40 HP are contesting the tile at (8, 10)!
2018-05-01 17:56:14,474 INFO RED Ranger at tile (8, 10) with 72 HP took 9 damage from BLUE Trooper at tile (8, 10) with 40 HP!
2018-05-01 17:56:14,474 INFO BLUE Trooper at tile (8, 10) with 40 HP took 0 damage from RED Ranger at tile (8, 10) with 72 HP!
2018-05-01 17:56:14,474 INFO BLUE Trooper at tile (8, 10) with 40 HP took 0 damage from RED Ranger at tile (8, 10) with 72 HP!
2018-05-01 17:56:14,474 INFO RED Ranger at tile (8, 10) with 72 HP took 9 damage from BLUE Trooper at tile (8, 10) with 40 HP!
2018-05-01 17:56:14,527 INFO = Ranged phase begins
2018-05-01 17:56:14,541 INFO RED Ranger at tile (8, 10) with 72 HP failed to execute its orders!
2018-05-01 17:56:14,541 INFO RED Ranger at tile (10, 9) with 90 HP conducted a ranged attack on (8, 9)
2018-05-01 17:56:14,555 INFO BLUE Trooper at tile (8, 10) with 13 HP took 27 damage from RED Ranger at tile (10, 9) with 90 HP!
2018-05-01 17:56:14,594 INFO = Special phase begins
2018-05-01 17:56:14,608 INFO Team.BLUE team researched the upgrade UpgradeType.COLONIST_UNCONTESTABLE
2018-05-01 17:56:14,608 INFO Team.BLUE team spent 3 resources.
2018-05-01 17:56:14,664 INFO = Start Turn phase begins
2018-05-01 17:56:14,665 INFO == TURN 10 BEGIN ==
2018-05-01 17:56:14,679 INFO Team.RED team acquired 1 resources.
2018-05-01 17:56:14,680 INFO Team.BLUE team acquired 1 resources.
2018-05-01 17:56:14,680 INFO Team.RED team acquired 1 resources.
2018-05-01 17:56:14,680 INFO Team.RED team acquired 2 resources.
2018-05-01 17:56:14,680 INFO Team.RED team acquired 2 resources.
2018-05-01 17:56:14,680 INFO Team.RED team acquired 1 resources.
2018-05-01 17:56:14,680 INFO Team.RED team acquired 1 resources.
2018-05-01 17:56:14,680 INFO Team.BLUE team acquired 1 resources.
2018-05-01 17:56:14,681 INFO Team.BLUE team acquired 1 resources.
2018-05-01 17:56:14,681 INFO Team.BLUE team acquired 2 resources.
2018-05-01 17:56:14,681 INFO Team.RED team acquired 4 resources.
2018-05-01 17:56:14,740 INFO = Issue Orders phase begins
