2018-04-17 11:06:38,410 INFO = Move phase begins
2018-04-17 11:06:38,608 INFO = Build phase begins
2018-04-17 11:06:38,818 INFO = Combat phase begins
2018-04-17 11:06:39,023 INFO = Ranged phase begins
2018-04-17 11:06:39,234 INFO = Special phase begins
2018-04-17 11:06:39,435 INFO = Start Turn phase begins
2018-04-17 11:06:39,436 INFO == TURN 2 BEGIN ==
2018-04-17 11:06:39,449 INFO Team.RED team acquired 1 resources.
2018-04-17 11:06:39,449 INFO Team.RED team acquired 1 resources.
2018-04-17 11:06:39,450 INFO Team.RED team acquired 1 resources.
2018-04-17 11:06:39,450 INFO Team.BLUE team acquired 1 resources.
2018-04-17 11:06:39,450 INFO Team.BLUE team acquired 1 resources.
2018-04-17 11:06:39,450 INFO Team.BLUE team acquired 1 resources.
2018-04-17 11:06:39,450 INFO Team.BLUE team acquired 2 resources.
2018-04-17 11:06:39,450 INFO Team.RED team acquired 2 resources.
2018-04-17 11:06:39,635 INFO = Issue Orders phase begins
2018-04-17 11:07:01,455 INFO === BATTLE OVER! ===
2018-04-17 11:07:01,455 INFO Team.RED team has lost.
2018-04-17 11:07:01,456 INFO -- Stats for team Team.RED --
2018-04-17 11:07:01,456 INFO   * Tiles Moved: 0
2018-04-17 11:07:01,456 INFO   * Ranged Attacks: 0
2018-04-17 11:07:01,456 INFO   * Piece Conflicts: 0
2018-04-17 11:07:01,456 INFO   * Pieces Lost: 0
2018-04-17 11:07:01,456 INFO   * Pieces Built: 0
2018-04-17 11:07:01,456 INFO   * Upgrades Researched: 0
2018-04-17 11:07:01,456 INFO Team.BLUE team has won!
2018-04-17 11:07:01,457 INFO -- Stats for team Team.BLUE --
2018-04-17 11:07:01,457 INFO   * Tiles Moved: 0
2018-04-17 11:07:01,457 INFO   * Ranged Attacks: 0
2018-04-17 11:07:01,457 INFO   * Piece Conflicts: 0
2018-04-17 11:07:01,457 INFO   * Pieces Lost: 0
2018-04-17 11:07:01,457 INFO   * Pieces Built: 0
2018-04-17 11:07:01,457 INFO   * Upgrades Researched: 0
2018-04-17 11:10:53,776 INFO = Issue Orders phase begins
