2018-03-26 15:26:45,626 INFO == TURN 1 BEGIN ==
2018-03-26 15:26:45,626 INFO = Issue Orders phase begins
2018-03-26 15:29:02,418 INFO == TURN 1 BEGIN ==
2018-03-26 15:29:02,419 INFO = Issue Orders phase begins
2018-03-26 15:34:20,763 INFO = Move phase begins
2018-03-26 15:34:20,773 INFO = Build phase begins
2018-03-26 15:34:20,784 INFO = Combat phase begins
2018-03-26 15:34:20,794 INFO = Ranged phase begins
2018-03-26 15:34:20,805 INFO = Special phase begins
2018-03-26 15:34:20,816 INFO == TURN 2 BEGIN ==
2018-03-26 15:34:20,817 INFO = Start Turn phase begins
2018-03-26 15:34:20,826 INFO Team.GREEN team acquired 2 resources.
2018-03-26 15:34:20,827 INFO Team.GREEN team acquired 1 resources.
2018-03-26 15:34:20,827 INFO Team.GREEN team acquired 1 resources.
2018-03-26 15:34:20,827 INFO Team.GREEN team acquired 1 resources.
2018-03-26 15:34:20,827 INFO Team.YELLOW team acquired 2 resources.
2018-03-26 15:34:20,827 INFO Team.YELLOW team acquired 1 resources.
2018-03-26 15:34:20,827 INFO Team.YELLOW team acquired 1 resources.
2018-03-26 15:34:20,828 INFO Team.YELLOW team acquired 1 resources.
2018-03-26 15:34:20,828 INFO = Issue Orders phase begins
2018-03-26 15:41:06,445 INFO GREEN Barracks at tile (3, 7) with 100 HP was assigned the order 'Order: Build a Ghost on tile (4, 7)'
2018-03-26 15:41:06,445 INFO YELLOW Barracks at tile (13, 3) with 100 HP was assigned the order 'Order: Build a Trooper on tile (12, 3)'
2018-03-26 15:41:06,445 INFO = Move phase begins
2018-03-26 15:41:06,456 INFO = Build phase begins
2018-03-26 15:41:06,466 INFO GREEN Barracks at tile (3, 7) with 100 HP successfully executed 'Order: Build a Ghost on tile (4, 7)'
2018-03-26 15:41:06,466 INFO Team.GREEN team spent 3 resources.
2018-03-26 15:41:06,466 INFO YELLOW Barracks at tile (13, 3) with 100 HP successfully executed 'Order: Build a Trooper on tile (12, 3)'
2018-03-26 15:41:06,467 INFO Team.YELLOW team spent 3 resources.
2018-03-26 15:41:06,467 INFO = Combat phase begins
2018-03-26 15:41:06,477 INFO = Ranged phase begins
2018-03-26 15:41:06,488 INFO = Special phase begins
2018-03-26 15:41:06,499 INFO == TURN 2 BEGIN ==
2018-03-26 15:41:06,499 INFO = Start Turn phase begins
2018-03-26 15:41:06,510 INFO Team.GREEN team acquired 2 resources.
2018-03-26 15:41:06,510 INFO Team.GREEN team acquired 1 resources.
2018-03-26 15:41:06,511 INFO Team.GREEN team acquired 1 resources.
2018-03-26 15:41:06,511 INFO Team.GREEN team acquired 1 resources.
2018-03-26 15:41:06,511 INFO Team.YELLOW team acquired 2 resources.
2018-03-26 15:41:06,511 INFO Team.YELLOW team acquired 1 resources.
2018-03-26 15:41:06,511 INFO Team.YELLOW team acquired 1 resources.
2018-03-26 15:41:06,511 INFO Team.YELLOW team acquired 1 resources.
2018-03-26 15:41:06,512 INFO = Issue Orders phase begins
2018-03-26 15:41:20,057 INFO GREEN Barracks at tile (3, 7) with 100 HP was assigned the order 'Order: Build a Trooper on tile (3, 6)'
2018-03-26 15:41:20,057 INFO GREEN Ghost at tile (4, 7) with 80 HP was assigned the order 'Order: Move to (7, 7)'
2018-03-26 15:41:20,057 INFO YELLOW Trooper at tile (12, 3) with 100 HP was assigned the order 'Order: Move to (10, 3)'
2018-03-26 15:41:20,057 INFO = Move phase begins
2018-03-26 15:41:20,068 INFO GREEN Ghost at tile (7, 7) with 80 HP successfully executed 'Order: Move to (7, 7)'
2018-03-26 15:41:20,068 INFO YELLOW Trooper at tile (10, 3) with 100 HP successfully executed 'Order: Move to (10, 3)'
2018-03-26 15:41:20,068 INFO = Build phase begins
2018-03-26 15:41:20,078 INFO GREEN Barracks at tile (3, 7) with 100 HP successfully executed 'Order: Build a Trooper on tile (3, 6)'
2018-03-26 15:41:20,078 INFO Team.GREEN team spent 3 resources.
2018-03-26 15:41:20,078 INFO = Combat phase begins
2018-03-26 15:41:20,089 INFO = Ranged phase begins
2018-03-26 15:41:20,099 INFO = Special phase begins
2018-03-26 15:41:20,109 INFO == TURN 3 BEGIN ==
2018-03-26 15:41:20,109 INFO = Start Turn phase begins
2018-03-26 15:41:20,119 INFO Team.GREEN team acquired 2 resources.
2018-03-26 15:41:20,119 INFO Team.GREEN team acquired 1 resources.
2018-03-26 15:41:20,120 INFO Team.GREEN team acquired 1 resources.
2018-03-26 15:41:20,120 INFO Team.GREEN team acquired 1 resources.
2018-03-26 15:41:20,120 INFO Team.YELLOW team acquired 2 resources.
2018-03-26 15:41:20,120 INFO Team.YELLOW team acquired 1 resources.
2018-03-26 15:41:20,120 INFO Team.YELLOW team acquired 1 resources.
2018-03-26 15:41:20,120 INFO Team.YELLOW team acquired 1 resources.
2018-03-26 15:41:20,120 INFO = Issue Orders phase begins
2018-03-26 15:43:17,580 INFO === BATTLE OVER! ===
2018-03-26 15:43:17,580 INFO === BATTLE OVER! ===
2018-03-26 15:43:17,580 INFO Team.GREEN team survived!
2018-03-26 15:43:17,580 INFO Team.GREEN team survived!
2018-03-26 15:43:17,580 INFO -- Stats for team Team.GREEN --
2018-03-26 15:43:17,580 INFO -- Stats for team Team.GREEN --
2018-03-26 15:43:17,580 INFO   * Tiles Moved: 0
2018-03-26 15:43:17,580 INFO   * Tiles Moved: 0
2018-03-26 15:43:17,580 INFO   * Ranged Attacks: 0
2018-03-26 15:43:17,580 INFO   * Ranged Attacks: 0
2018-03-26 15:43:17,581 INFO   * Piece Conflicts: 0
2018-03-26 15:43:17,581 INFO   * Piece Conflicts: 0
2018-03-26 15:43:17,581 INFO   * Pieces Lost: 0
2018-03-26 15:43:17,581 INFO   * Pieces Lost: 0
2018-03-26 15:43:17,581 INFO   * Pieces Built: 0
2018-03-26 15:43:17,581 INFO   * Pieces Built: 0
2018-03-26 15:43:17,581 INFO   * Upgrades Researched: 0
2018-03-26 15:43:17,581 INFO   * Upgrades Researched: 0
2018-03-26 15:43:17,581 INFO Team.YELLOW team has lost their base!
2018-03-26 15:43:17,581 INFO Team.YELLOW team has lost their base!
2018-03-26 15:43:17,581 INFO -- Stats for team Team.YELLOW --
2018-03-26 15:43:17,581 INFO -- Stats for team Team.YELLOW --
2018-03-26 15:43:17,581 INFO   * Tiles Moved: 0
2018-03-26 15:43:17,581 INFO   * Tiles Moved: 0
2018-03-26 15:43:17,581 INFO   * Ranged Attacks: 0
2018-03-26 15:43:17,581 INFO   * Ranged Attacks: 0
2018-03-26 15:43:17,582 INFO   * Piece Conflicts: 0
2018-03-26 15:43:17,582 INFO   * Piece Conflicts: 0
2018-03-26 15:43:17,582 INFO   * Pieces Lost: 0
2018-03-26 15:43:17,582 INFO   * Pieces Lost: 0
2018-03-26 15:43:17,582 INFO   * Pieces Built: 0
2018-03-26 15:43:17,582 INFO   * Pieces Built: 0
2018-03-26 15:43:17,582 INFO   * Upgrades Researched: 0
2018-03-26 15:43:17,582 INFO   * Upgrades Researched: 0
2018-03-26 15:44:04,681 INFO === BATTLE OVER! ===
2018-03-26 15:44:04,681 INFO Team.GREEN team has lost their base!
2018-03-26 15:44:04,681 INFO -- Stats for team Team.GREEN --
2018-03-26 15:44:04,681 INFO   * Tiles Moved: 0
2018-03-26 15:44:04,681 INFO   * Ranged Attacks: 0
2018-03-26 15:44:04,681 INFO   * Piece Conflicts: 0
2018-03-26 15:44:04,681 INFO   * Pieces Lost: 0
2018-03-26 15:44:04,681 INFO   * Pieces Built: 0
2018-03-26 15:44:04,681 INFO   * Upgrades Researched: 0
2018-03-26 15:44:04,681 INFO Team.YELLOW team survived!
2018-03-26 15:44:04,681 INFO -- Stats for team Team.YELLOW --
2018-03-26 15:44:04,681 INFO   * Tiles Moved: 0
2018-03-26 15:44:04,681 INFO   * Ranged Attacks: 0
2018-03-26 15:44:04,681 INFO   * Piece Conflicts: 0
2018-03-26 15:44:04,682 INFO   * Pieces Lost: 0
2018-03-26 15:44:04,682 INFO   * Pieces Built: 0
2018-03-26 15:44:04,682 INFO   * Upgrades Researched: 0
2018-03-26 18:21:43,429 INFO = Move phase begins
2018-03-26 18:21:43,442 INFO = Build phase begins
2018-03-26 18:21:43,455 INFO = Combat phase begins
2018-03-26 18:21:43,467 INFO = Ranged phase begins
2018-03-26 18:21:43,478 INFO = Special phase begins
2018-03-26 18:21:43,491 INFO == TURN 2 BEGIN ==
2018-03-26 18:21:43,492 INFO = Start Turn phase begins
2018-03-26 18:21:43,504 INFO Team.RED team acquired 2 resources.
2018-03-26 18:21:43,504 INFO Team.RED team acquired 1 resources.
2018-03-26 18:21:43,504 INFO Team.RED team acquired 1 resources.
2018-03-26 18:21:43,504 INFO Team.RED team acquired 1 resources.
2018-03-26 18:21:43,505 INFO Team.BLUE team acquired 2 resources.
2018-03-26 18:21:43,505 INFO Team.BLUE team acquired 1 resources.
2018-03-26 18:21:43,505 INFO Team.BLUE team acquired 1 resources.
2018-03-26 18:21:43,505 INFO Team.BLUE team acquired 1 resources.
2018-03-26 18:21:43,505 INFO = Issue Orders phase begins
2018-03-26 18:24:44,606 INFO == TURN 1 BEGIN ==
2018-03-26 18:24:44,606 INFO = Issue Orders phase begins
