== ROUND 1 BEGIN ==
== ROUND 1 BEGIN ==
== ROUND 1 BEGIN ==
== ROUND 1 BEGIN ==
== ROUND 1 BEGIN ==
== ROUND 1 BEGIN ==
== ROUND 1 BEGIN ==
== ROUND 1 BEGIN ==
== ROUND 1 BEGIN ==
RED Base at tile (2, 6) with 150 HP was assigned the order 'Order: Build a Colonist on tile (3, 6)'
= Phase Move begins
= Phase Build begins
RED Base at tile (2, 6) with 150 HP successfully executed 'Order: Build a Colonist on tile (3, 6)'
= Phase Combat begins
= Phase Ranged begins
= Phase Special begins
= Phase Start Turn begins
= Phase Issue Orders begins
RED Colonist at tile (3, 6) with 100 HP was assigned the order 'Order: Build a Tech Lab on tile (3, 5)'
= Phase Move begins
= Phase Build begins
RED Colonist at tile (3, 6) with 100 HP successfully executed 'Order: Build a Tech Lab on tile (3, 5)'
= Phase Combat begins
= Phase Ranged begins
= Phase Special begins
= Phase Start Turn begins
= Phase Issue Orders begins
== ROUND 1 BEGIN ==
== ROUND 1 BEGIN ==
== ROUND 1 BEGIN ==
== ROUND 1 BEGIN ==
== ROUND 1 BEGIN ==
== ROUND 1 BEGIN ==
